19:03:49: Creating resource group General
19:03:49: Creating resource group Internal
19:03:49: Creating resource group Autodetect
19:03:49: SceneManagerFactory for type 'DefaultSceneManager' registered.
19:03:49: Registering ResourceManager for type Material
19:03:49: Registering ResourceManager for type Mesh
19:03:49: Registering ResourceManager for type Skeleton
19:03:49: MovableObjectFactory for type 'ParticleSystem' registered.
19:03:49: OverlayElementFactory for type Panel registered.
19:03:49: OverlayElementFactory for type BorderPanel registered.
19:03:49: OverlayElementFactory for type TextArea registered.
19:03:49: Registering ResourceManager for type Font
19:03:49: ArchiveFactory for archive type FileSystem registered.
19:03:49: ArchiveFactory for archive type Zip registered.
19:03:49: ArchiveFactory for archive type EmbeddedZip registered.
19:03:49: DDS codec registering
19:03:49: FreeImage version: 3.15.3
19:03:49: This program uses FreeImage, a free, open source image library supporting all common bitmap formats. See http://freeimage.sourceforge.net for details
19:03:49: Supported formats: bmp,ico,jpg,jif,jpeg,jpe,jng,koa,iff,lbm,mng,pbm,pbm,pcd,pcx,pgm,pgm,png,ppm,ppm,ras,tga,targa,tif,tiff,wap,wbmp,wbm,psd,cut,xbm,xpm,gif,hdr,g3,sgi,exr,j2k,j2c,jp2,pfm,pct,pict,pic,3fr,arw,bay,bmq,cap,cine,cr2,crw,cs1,dc2,dcr,drf,dsc,dng,erf,fff,ia,iiq,k25,kc2,kdc,mdc,mef,mos,mrw,nef,nrw,orf,pef,ptx,pxn,qtk,raf,raw,rdc,rw2,rwl,rwz,sr2,srf,srw,sti
19:03:49: Registering ResourceManager for type HighLevelGpuProgram
19:03:49: Registering ResourceManager for type Compositor
19:03:49: MovableObjectFactory for type 'Entity' registered.
19:03:49: MovableObjectFactory for type 'Light' registered.
19:03:49: MovableObjectFactory for type 'BillboardSet' registered.
19:03:49: MovableObjectFactory for type 'ManualObject' registered.
19:03:49: MovableObjectFactory for type 'BillboardChain' registered.
19:03:49: MovableObjectFactory for type 'RibbonTrail' registered.
19:03:49: *-*-* OGRE Initialising
19:03:49: *-*-* Version 1.8.1 (Byatis)
19:03:49: Loading library ./RenderSystem_Direct3D9.dll
19:03:49: Installing plugin: D3D9 RenderSystem
19:03:49: D3D9 : Direct3D9 Rendering Subsystem created.
19:03:49: D3D9: Driver Detection Starts
19:03:49: D3D9: Driver Detection Ends
19:03:49: Plugin successfully installed
19:03:49: CPU Identifier & Features
19:03:49: -------------------------
19:03:49:  *   CPU ID: GenuineIntel: Intel(R) Pentium(R) Dual  CPU  E2200  @ 2.20GHz
19:03:49:  *      SSE: yes
19:03:49:  *     SSE2: yes
19:03:49:  *     SSE3: yes
19:03:49:  *      MMX: yes
19:03:49:  *   MMXEXT: yes
19:03:49:  *    3DNOW: no
19:03:49:  * 3DNOWEXT: no
19:03:49:  *     CMOV: yes
19:03:49:  *      TSC: yes
19:03:49:  *      FPU: yes
19:03:49:  *      PRO: yes
19:03:49:  *       HT: no
19:03:49: -------------------------
19:03:49: D3D9 : Subsystem Initialising
19:03:49: Registering ResourceManager for type Texture
19:03:49: Registering ResourceManager for type GpuProgram
19:03:49: ***************************************
19:03:49: *** D3D9 : Subsystem Initialised OK ***
19:03:49: ***************************************
19:03:49: D3D9RenderSystem::_createRenderWindow "QGearsWindow", 1280x720 windowed  miscParams: title=Q-Gears v0.22 (4th alpha Talking Bombing Mission) 
19:03:49: D3D9 : Created D3D9 Rendering Window 'QGearsWindow' : 1280x720, 32bpp
19:03:49: D3D9 : WARNING - disabling VSync in windowed mode can cause timing issues at lower frame rates, turn VSync on if you observe this problem.
19:03:49: D3D9: Vertex texture format supported - PF_L8
19:03:49: D3D9: Vertex texture format supported - PF_L16
19:03:49: D3D9: Vertex texture format supported - PF_A8
19:03:49: D3D9: Vertex texture format supported - PF_A4L4
19:03:49: D3D9: Vertex texture format supported - PF_BYTE_LA
19:03:49: D3D9: Vertex texture format supported - PF_R5G6B5
19:03:49: D3D9: Vertex texture format supported - PF_B5G6R5
19:03:49: D3D9: Vertex texture format supported - PF_A4R4G4B4
19:03:49: D3D9: Vertex texture format supported - PF_A1R5G5B5
19:03:49: D3D9: Vertex texture format supported - PF_A8R8G8B8
19:03:49: D3D9: Vertex texture format supported - PF_B8G8R8A8
19:03:49: D3D9: Vertex texture format supported - PF_A2R10G10B10
19:03:49: D3D9: Vertex texture format supported - PF_A2B10G10R10
19:03:49: D3D9: Vertex texture format supported - PF_DXT1
19:03:49: D3D9: Vertex texture format supported - PF_DXT2
19:03:49: D3D9: Vertex texture format supported - PF_DXT3
19:03:49: D3D9: Vertex texture format supported - PF_DXT4
19:03:49: D3D9: Vertex texture format supported - PF_DXT5
19:03:49: D3D9: Vertex texture format supported - PF_FLOAT16_RGB
19:03:49: D3D9: Vertex texture format supported - PF_FLOAT16_RGBA
19:03:49: D3D9: Vertex texture format supported - PF_FLOAT32_RGB
19:03:49: D3D9: Vertex texture format supported - PF_FLOAT32_RGBA
19:03:49: D3D9: Vertex texture format supported - PF_X8R8G8B8
19:03:49: D3D9: Vertex texture format supported - PF_X8B8G8R8
19:03:49: D3D9: Vertex texture format supported - PF_R8G8B8A8
19:03:49: D3D9: Vertex texture format supported - PF_DEPTH
19:03:49: D3D9: Vertex texture format supported - PF_SHORT_RGBA
19:03:49: D3D9: Vertex texture format supported - PF_FLOAT16_R
19:03:49: D3D9: Vertex texture format supported - PF_FLOAT32_R
19:03:49: D3D9: Vertex texture format supported - PF_SHORT_GR
19:03:49: D3D9: Vertex texture format supported - PF_FLOAT16_GR
19:03:49: D3D9: Vertex texture format supported - PF_FLOAT32_GR
19:03:49: D3D9: Vertex texture format supported - PF_SHORT_RGB
19:03:49: D3D9: Vertex texture format supported - PF_PVRTC_RGB2
19:03:49: D3D9: Vertex texture format supported - PF_PVRTC_RGBA2
19:03:49: D3D9: Vertex texture format supported - PF_PVRTC_RGB4
19:03:49: D3D9: Vertex texture format supported - PF_PVRTC_RGBA4
19:03:49: D3D9: Vertex texture format supported - PF_R8
19:03:49: D3D9: Vertex texture format supported - PF_RG8
19:03:49: RenderSystem capabilities
19:03:49: -------------------------
19:03:49: RenderSystem Name: Direct3D9 Rendering Subsystem
19:03:49: GPU Vendor: ati
19:03:49: Device Name: Monitor-1-ATI Radeon HD 5500 Series
19:03:49: Driver Version: 6.14.10.7279
19:03:49:  * Fixed function pipeline: yes
19:03:49:  * Hardware generation of mipmaps: yes
19:03:49:  * Texture blending: yes
19:03:49:  * Anisotropic texture filtering: yes
19:03:49:  * Dot product texture operation: yes
19:03:49:  * Cube mapping: yes
19:03:49:  * Hardware stencil buffer: yes
19:03:49:    - Stencil depth: 8
19:03:49:    - Two sided stencil support: yes
19:03:49:    - Wrap stencil values: yes
19:03:49:  * Hardware vertex / index buffers: yes
19:03:49:  * Vertex programs: yes
19:03:49:  * Number of floating-point constants for vertex programs: 256
19:03:49:  * Number of integer constants for vertex programs: 16
19:03:49:  * Number of boolean constants for vertex programs: 16
19:03:49:  * Fragment programs: yes
19:03:49:  * Number of floating-point constants for fragment programs: 224
19:03:49:  * Number of integer constants for fragment programs: 16
19:03:49:  * Number of boolean constants for fragment programs: 16
19:03:49:  * Geometry programs: no
19:03:49:  * Number of floating-point constants for geometry programs: 0
19:03:49:  * Number of integer constants for geometry programs: 0
19:03:49:  * Number of boolean constants for geometry programs: 0
19:03:49:  * Supported Shader Profiles: hlsl ps_1_1 ps_1_2 ps_1_3 ps_1_4 ps_2_0 ps_2_a ps_2_b ps_2_x ps_3_0 vs_1_1 vs_2_0 vs_2_a vs_2_x vs_3_0
19:03:49:  * Texture Compression: yes
19:03:49:    - DXT: yes
19:03:49:    - VTC: no
19:03:49:    - PVRTC: no
19:03:49:  * Scissor Rectangle: yes
19:03:49:  * Hardware Occlusion Query: yes
19:03:49:  * User clip planes: yes
19:03:49:  * VET_UBYTE4 vertex element type: yes
19:03:49:  * Infinite far plane projection: yes
19:03:49:  * Hardware render-to-texture: yes
19:03:49:  * Floating point textures: yes
19:03:49:  * Non-power-of-two textures: yes
19:03:49:  * Volume textures: yes
19:03:49:  * Multiple Render Targets: 4
19:03:49:    - With different bit depths: yes
19:03:49:  * Point Sprites: yes
19:03:49:  * Extended point parameters: yes
19:03:49:  * Max Point Size: 256
19:03:49:  * Vertex texture fetch: yes
19:03:49:  * Number of world matrices: 0
19:03:49:  * Number of texture units: 8
19:03:49:  * Stencil buffer depth: 8
19:03:49:  * Number of vertex blend matrices: 0
19:03:49:    - Max vertex textures: 4
19:03:49:    - Vertex textures shared: no
19:03:49:  * Render to Vertex Buffer : no
19:03:49:  * DirectX per stage constants: yes
19:03:49: DefaultWorkQueue('Root') initialising on thread 1778.
19:03:49: DefaultWorkQueue('Root')::WorkerFunc - thread 120c starting.
19:03:49: DefaultWorkQueue('Root')::WorkerFunc - thread c98 starting.
19:03:49: Particle Renderer Type 'billboard' registered
19:03:49: Creating resource group Game
19:03:49: Added resource location './data' of type 'FileSystem' to resource group 'Game' with recursive option
19:03:49: Initialising resource group Game
19:03:49: Parsing scripts for resource group Game
19:03:50: Parsing script screens/shaders/program.program
19:03:50: Parsing script models/ffvii/battle/effects/machinegun_fire.material
19:03:50: Parsing script models/ffvii/battle/effects/machinegun_shell.material
19:03:50: Parsing script models/ffvii/battle/stages/reactor_1.material
19:03:50: Parsing script models/ffvii/battle/stages/reactor_1_core.material
19:03:50: Parsing script models/ffvii/battle/stages/reactor_1_entrance.material
19:03:50: Parsing script models/ffvii/battle/stages/sector_1_train_station.material
19:03:50: Parsing script models/ffvii/battle/units/first_ray.material
19:03:50: Parsing script models/ffvii/battle/units/grunt.material
19:03:50: Parsing script models/ffvii/battle/units/guard_hound.material
19:03:50: Parsing script models/ffvii/battle/units/guard_scorpion.material
19:03:50: Parsing script models/ffvii/battle/units/mono_drive.material
19:03:50: Parsing script models/ffvii/battle/units/mp.material
19:03:50: Parsing script models/ffvii/battle/units/sweeper.material
19:03:50: Parsing script models/ffvii/field/units/barret.material
19:03:50: Parsing script models/ffvii/field/units/biggs.material
19:03:50: Parsing script models/ffvii/field/units/bottle_blue.material
19:03:50: Parsing script models/ffvii/field/units/cloud.material
19:03:50: Parsing script models/ffvii/field/units/door1.material
19:03:50: Parsing script models/ffvii/field/units/door2.material
19:03:50: Parsing script models/ffvii/field/units/door3.material
19:03:50: Parsing script models/ffvii/field/units/door4.material
19:03:50: Parsing script models/ffvii/field/units/guard.material
19:03:50: Parsing script models/ffvii/field/units/jessie.material
19:03:50: Parsing script models/ffvii/field/units/materia_magic.material
19:03:50: Parsing script models/ffvii/field/units/save_point.material
19:03:50: Parsing script models/ffvii/field/units/soldier.material
19:03:50: Parsing script models/ffvii/field/units/treasure_chest.material
19:03:50: Parsing script models/ffvii/field/units/wedge.material
19:03:50: Parsing script models/field/units/zidane.material
19:03:50: Parsing script models/xeno/field/maps/0608/0608.material
19:03:50: Parsing script models/xeno/field/units/robo1.material
19:03:50: Parsing script models/xeno/field/units/weltall.material
19:03:50: Parsing script system/system.material
19:03:50: Parsing script system/system.fontdef
19:03:50: Finished parsing scripts for resource group Game
19:03:50: Creating resources for group Game
19:03:50: All done
19:03:50: Texture: system/courier_new_9_75.png: Loading 1 faces(PF_A8R8G8B8,256x256x1) with 0 generated mipmaps from Image. Internal format is PF_A8R8G8B8,256x256x1.
19:03:50: CameraManager started.
19:03:50: Creating viewport on target 'QGearsWindow', rendering from camera 'Camera', relative dimensions 4L: 0 T: 0 W: 1 H: 1 ZOrder: 0
19:03:50: Viewport for camera 'Camera', actual dimensions 4L: 0 T: 0 W: 1280 H: 720
19:03:50: DialogsManager created.
19:03:50: EntityManager created.
19:03:50: Mesh: Loading system/grid.mesh.
19:03:50: WARNING: system/grid.mesh is an older format ([MeshSerializer_v1.41]); you should upgrade it as soon as possible using the OgreMeshUpgrade tool.
19:03:50: Mesh: Loading system/axis.mesh.
19:03:50: WARNING: system/axis.mesh is an older format ([MeshSerializer_v1.41]); you should upgrade it as soon as possible using the OgreMeshUpgrade tool.
19:03:50: ParticleSystemManager created.
19:03:50: Created console width 1280, height 288
19:03:50: ScriptManager started.
19:03:50: Resized console width to 1280, height to 288
19:03:50: camera_speed changed to "0.05".
19:03:50: [ERROR] C:\Akari\my\svn\q-gears\src\core\UiWidget.cpp 404: Widget 'Picture1' doesn't has animation 'CenterToLeft0'.
19:03:50: [ERROR] C:\Akari\my\svn\q-gears\src\core\UiWidget.cpp 404: Widget 'Picture2' doesn't has animation 'CenterToLeft0'.
19:03:50: [ERROR] C:\Akari\my\svn\q-gears\src\core\UiWidget.cpp 404: Widget 'Picture3' doesn't has animation 'CenterToLeft0'.
19:03:50: [ERROR] C:\Akari\my\svn\q-gears\src\core\UiWidget.cpp 404: Widget 'Picture4' doesn't has animation 'RightToCenter0'.
19:03:50: [ERROR] C:\Akari\my\svn\q-gears\src\core\UiWidget.cpp 404: Widget 'Picture5' doesn't has animation 'RightToCenter0'.
19:03:50: [ERROR] C:\Akari\my\svn\q-gears\src\core\UiWidget.cpp 404: Widget 'Picture6' doesn't has animation 'RightToCenter0'.
19:03:50: [ERROR] C:\Akari\my\svn\q-gears\src\core\UiWidget.cpp 404: Widget 'Picture7' doesn't has animation 'RightToCenter0'.
19:03:50: [ERROR] C:\Akari\my\svn\q-gears\src\core\UiWidget.cpp 404: Widget 'Picture8' doesn't has animation 'RightToCenter0'.
19:04:00: [ERROR] C:\Akari\my\svn\q-gears\src\core\XmlFile.cpp 17: Can't open ./data/. TinyXml Error: Failed to open file
19:04:00: [ERROR] D:\svn\x-gears\src\core\XmlMapFile.cpp 33: ./data/ is not a valid fields map file! No <map> in root.
