Start load field with id "632".
Loading file: data/field/0633.raw2
Load texture:
    texture_header_id     = 0x00001201
    texture_header_vram_x = 0x00000000
    texture_header_vram_y = 0x000001e0
    texture_header_move_x = 0x00000000
    texture_header_move_y = 0x00000000
    texture_header_width  = 0x00000100
Load texture:
    texture_header_id     = 0x00001200
    texture_header_vram_x = 0x00000140
    texture_header_vram_y = 0x00000000
    texture_header_move_x = 0x00000000
    texture_header_move_y = 0x00000000
    texture_header_width  = 0x00000040
Load texture:
    texture_header_id     = 0x00001200
    texture_header_vram_x = 0x00000140
    texture_header_vram_y = 0x00000000
    texture_header_move_x = 0x00000080
    texture_header_move_y = 0x00000000
    texture_header_width  = 0x00000040
Load texture:
    texture_header_id     = 0x00001200
    texture_header_vram_x = 0x00000140
    texture_header_vram_y = 0x00000000
    texture_header_move_x = 0x00000040
    texture_header_move_y = 0x00000000
    texture_header_width  = 0x00000040
Load texture:
    texture_header_id     = 0x00001200
    texture_header_vram_x = 0x00000140
    texture_header_vram_y = 0x00000000
    texture_header_move_x = 0x000000c0
    texture_header_move_y = 0x00000000
    texture_header_width  = 0x00000034
Load texture:
    texture_header_id     = 0x00001200
    texture_header_vram_x = 0x00000140
    texture_header_vram_y = 0x00000000
    texture_header_move_x = 0x00000200
    texture_header_move_y = 0x00000000
    texture_header_width  = 0x00000040
Load texture:
    texture_header_id     = 0x00001200
    texture_header_vram_x = 0x00000140
    texture_header_vram_y = 0x00000000
    texture_header_move_x = 0x00000240
    texture_header_move_y = 0x00000000
    texture_header_width  = 0x00000040
Load texture:
    texture_header_id     = 0x00001200
    texture_header_vram_x = 0x00000140
    texture_header_vram_y = 0x00000000
    texture_header_move_x = 0x00000280
    texture_header_move_y = 0x00000000
    texture_header_width  = 0x00000040
Load texture:
    texture_header_id     = 0x00001200
    texture_header_vram_x = 0x00000140
    texture_header_vram_y = 0x00000000
    texture_header_move_x = 0x000000f4
    texture_header_move_y = 0x00000000
    texture_header_width  = 0x0000007c
Load texture:
    texture_header_id     = 0x00001200
    texture_header_vram_x = 0x00000140
    texture_header_vram_y = 0x00000000
    texture_header_move_x = 0x000000f4
    texture_header_move_y = 0x00000100
    texture_header_width  = 0x0000000c
Load texture:
    texture_header_id     = 0x00001200
    texture_header_vram_x = 0x00000140
    texture_header_vram_y = 0x00000000
    texture_header_move_x = 0x000000f4
    texture_header_move_y = 0x00000026
    texture_header_width  = 0x00000042
Load texture:
    texture_header_id     = 0x00001200
    texture_header_vram_x = 0x00000140
    texture_header_vram_y = 0x00000000
    texture_header_move_x = 0x000000f4
    texture_header_move_y = 0x00000056
    texture_header_width  = 0x0000002c
Load texture:
    texture_header_id     = 0x00001200
    texture_header_vram_x = 0x00000140
    texture_header_vram_y = 0x00000000
    texture_header_move_x = 0x00000100
    texture_header_move_y = 0x00000080
    texture_header_width  = 0x00000020
Load texture:
    texture_header_id     = 0x00001200
    texture_header_vram_x = 0x00000140
    texture_header_vram_y = 0x00000000
    texture_header_move_x = 0x000000f4
    texture_header_move_y = 0x00000046
    texture_header_width  = 0x00000022
Load texture:
    texture_header_id     = 0x00001200
    texture_header_vram_x = 0x00000140
    texture_header_vram_y = 0x00000000
    texture_header_move_x = 0x000000f4
    texture_header_move_y = 0x000000c0
    texture_header_width  = 0x00000004
Load texture:
    texture_header_id     = 0x00001200
    texture_header_vram_x = 0x00000140
    texture_header_vram_y = 0x00000000
    texture_header_move_x = 0x000000f4
    texture_header_move_y = 0x00000080
    texture_header_width  = 0x00000004
Load texture:
    texture_header_id     = 0x00001200
    texture_header_vram_x = 0x00000140
    texture_header_vram_y = 0x00000000
    texture_header_move_x = 0x000000f8
    texture_header_move_y = 0x000000a0
    texture_header_width  = 0x00000002
Loading file: data/field/0632
Assign bones to vertexes
Assign bones to vertexes
Assign bones to vertexes
Assign bones to vertexes
Assign bones to vertexes
Assign bones to vertexes
Assign bones to vertexes
Assign bones to vertexes
Assign bones to vertexes
Assign bones to vertexes
Assign bones to vertexes
Assign bones to vertexes
Assign bones to vertexes
Assign bones to vertexes
Assign bones to vertexes
Assign bones to vertexes
Assign bones to vertexes
Assign bones to vertexes
Assign bones to vertexes
Assign bones to vertexes
Assign bones to vertexes
Assign bones to vertexes
Assign bones to vertexes
Assign bones to vertexes
Assign bones to vertexes
Assign bones to vertexes
Assign bones to vertexes
Assign bones to vertexes
Assign bones to vertexes
Assign bones to vertexes
CreateTexture palette_x="0" palette_y="483" bpp="1".CreateTexture palette_x="0" palette_y="493" bpp="1".CreateTexture palette_x="0" palette_y="491" bpp="0".CreateTexture palette_x="0" palette_y="486" bpp="1".CreateTexture palette_x="0" palette_y="481" bpp="1".CreateTexture palette_x="0" palette_y="490" bpp="1".CreateTexture palette_x="0" palette_y="484" bpp="1".CreateTexture palette_x="0" palette_y="494" bpp="1".CreateTexture palette_x="0" palette_y="489" bpp="1".CreateTexture palette_x="0" palette_y="482" bpp="1".CreateTexture palette_x="0" palette_y="488" bpp="1".CreateTexture palette_x="0" palette_y="487" bpp="1".CreateTexture palette_x="0" palette_y="480" bpp="1".CreateTexture palette_x="0" palette_y="485" bpp="1".CreateTexture palette_x="0" palette_y="492" bpp="1".CreateTexture palette_x="0" palette_y="480" bpp="1".CreateTexture palette_x="0" palette_y="480" bpp="1".CreateTexture palette_x="16" palette_y="491" bpp="0".CreateTexture palette_x="128" palette_y="483" bpp="1".