00:47:05: Creating resource group General
00:47:05: Creating resource group Internal
00:47:05: Creating resource group Autodetect
00:47:05: SceneManagerFactory for type 'DefaultSceneManager' registered.
00:47:05: Registering ResourceManager for type Material
00:47:05: Registering ResourceManager for type Mesh
00:47:05: Registering ResourceManager for type Skeleton
00:47:05: MovableObjectFactory for type 'ParticleSystem' registered.
00:47:05: ArchiveFactory for archive type FileSystem registered.
00:47:05: ArchiveFactory for archive type Zip registered.
00:47:05: ArchiveFactory for archive type EmbeddedZip registered.
00:47:05: DDS codec registering
00:47:05: FreeImage version: 3.15.3
00:47:05: This program uses FreeImage, a free, open source image library supporting all common bitmap formats. See http://freeimage.sourceforge.net for details
00:47:05: Supported formats: bmp,ico,jpg,jif,jpeg,jpe,jng,koa,iff,lbm,mng,pbm,pbm,pcd,pcx,pgm,pgm,png,ppm,ppm,ras,tga,targa,tif,tiff,wap,wbmp,wbm,psd,cut,xbm,xpm,gif,hdr,g3,sgi,exr,j2k,j2c,jp2,pfm,pct,pict,pic,3fr,arw,bay,bmq,cap,cine,cr2,crw,cs1,dc2,dcr,drf,dsc,dng,erf,fff,ia,iiq,k25,kc2,kdc,mdc,mef,mos,mrw,nef,nrw,orf,pef,ptx,pxn,qtk,raf,raw,rdc,rw2,rwl,rwz,sr2,srf,srw,sti
00:47:05: Registering ResourceManager for type HighLevelGpuProgram
00:47:05: Registering ResourceManager for type Compositor
00:47:05: MovableObjectFactory for type 'Entity' registered.
00:47:05: MovableObjectFactory for type 'Light' registered.
00:47:05: MovableObjectFactory for type 'BillboardSet' registered.
00:47:05: MovableObjectFactory for type 'ManualObject' registered.
00:47:05: MovableObjectFactory for type 'BillboardChain' registered.
00:47:05: MovableObjectFactory for type 'RibbonTrail' registered.
00:47:05: *-*-* OGRE Initialising
00:47:05: *-*-* Version 1.9.0 (Ghadamon)
00:47:05: Loading library RenderSystem_Direct3D9.dll
00:47:05: Installing plugin: D3D9 RenderSystem
00:47:05: D3D9 : Direct3D9 Rendering Subsystem created.
00:47:06: D3D9: Driver Detection Starts
00:47:06: D3D9: Driver Detection Ends
00:47:06: Plugin successfully installed
00:47:06: CPU Identifier & Features
00:47:06: -------------------------
00:47:06:  *   CPU ID: GenuineIntel: Intel(R) Celeron(R) CPU G1820 @ 2.70GHz
00:47:06:  *      SSE: yes
00:47:06:  *     SSE2: yes
00:47:06:  *     SSE3: yes
00:47:06:  *      MMX: yes
00:47:06:  *   MMXEXT: yes
00:47:06:  *    3DNOW: no
00:47:06:  * 3DNOWEXT: no
00:47:06:  *     CMOV: yes
00:47:06:  *      TSC: yes
00:47:06:  *      FPU: yes
00:47:06:  *      PRO: yes
00:47:06:  *       HT: no
00:47:06: -------------------------
00:47:06: D3D9 : Subsystem Initialising
00:47:06: Registering ResourceManager for type Texture
00:47:06: Registering ResourceManager for type GpuProgram
00:47:06: ***************************************
00:47:06: *** D3D9 : Subsystem Initialised OK ***
00:47:06: ***************************************
00:47:06: D3D9RenderSystem::_createRenderWindow "QGearsWindow", 800x600 windowed  miscParams: title=Xenogears Exporter 
00:47:06: D3D9 : Created D3D9 Rendering Window 'QGearsWindow' : 800x600, 32bpp
00:47:06: D3D9 : WARNING - disabling VSync in windowed mode can cause timing issues at lower frame rates, turn VSync on if you observe this problem.
00:47:06: D3D9: Vertex texture format supported - PF_A8R8G8B8
00:47:06: D3D9: Vertex texture format supported - PF_B8G8R8A8
00:47:06: D3D9: Vertex texture format supported - PF_FLOAT16_RGB
00:47:06: D3D9: Vertex texture format supported - PF_FLOAT16_RGBA
00:47:06: D3D9: Vertex texture format supported - PF_FLOAT32_RGB
00:47:06: D3D9: Vertex texture format supported - PF_FLOAT32_RGBA
00:47:06: D3D9: Vertex texture format supported - PF_R8G8B8A8
00:47:06: D3D9: Vertex texture format supported - PF_DEPTH
00:47:06: D3D9: Vertex texture format supported - PF_FLOAT16_R
00:47:06: D3D9: Vertex texture format supported - PF_FLOAT32_R
00:47:06: D3D9: Vertex texture format supported - PF_FLOAT16_GR
00:47:06: D3D9: Vertex texture format supported - PF_FLOAT32_GR
00:47:06: D3D9: Vertex texture format supported - PF_PVRTC_RGB2
00:47:06: D3D9: Vertex texture format supported - PF_PVRTC_RGBA2
00:47:06: D3D9: Vertex texture format supported - PF_PVRTC_RGB4
00:47:06: D3D9: Vertex texture format supported - PF_PVRTC_RGBA4
00:47:06: D3D9: Vertex texture format supported - PF_PVRTC2_2BPP
00:47:06: D3D9: Vertex texture format supported - PF_PVRTC2_4BPP
00:47:06: D3D9: Vertex texture format supported - PF_R11G11B10_FLOAT
00:47:06: D3D9: Vertex texture format supported - PF_R8_UINT
00:47:06: D3D9: Vertex texture format supported - PF_R8G8_UINT
00:47:06: D3D9: Vertex texture format supported - PF_R8G8B8_UINT
00:47:06: D3D9: Vertex texture format supported - PF_R8G8B8A8_UINT
00:47:06: D3D9: Vertex texture format supported - PF_R16_UINT
00:47:06: D3D9: Vertex texture format supported - PF_R16G16_UINT
00:47:06: D3D9: Vertex texture format supported - PF_R16G16B16_UINT
00:47:06: D3D9: Vertex texture format supported - PF_R16G16B16A16_UINT
00:47:06: D3D9: Vertex texture format supported - PF_R32_UINT
00:47:06: D3D9: Vertex texture format supported - PF_R32G32_UINT
00:47:06: D3D9: Vertex texture format supported - PF_R32G32B32_UINT
00:47:06: D3D9: Vertex texture format supported - PF_R32G32B32A32_UINT
00:47:06: D3D9: Vertex texture format supported - PF_R8_SINT
00:47:06: D3D9: Vertex texture format supported - PF_R8G8_SINT
00:47:06: D3D9: Vertex texture format supported - PF_R8G8B8_SINT
00:47:06: D3D9: Vertex texture format supported - PF_R8G8B8A8_SINT
00:47:06: D3D9: Vertex texture format supported - PF_R16_SINT
00:47:06: D3D9: Vertex texture format supported - PF_R16G16_SINT
00:47:06: D3D9: Vertex texture format supported - PF_R16G16B16_SINT
00:47:06: D3D9: Vertex texture format supported - PF_R16G16B16A16_SINT
00:47:06: D3D9: Vertex texture format supported - PF_R32_SINT
00:47:06: D3D9: Vertex texture format supported - PF_R32G32_SINT
00:47:06: D3D9: Vertex texture format supported - PF_R32G32B32_SINT
00:47:06: D3D9: Vertex texture format supported - PF_R32G32B32A32_SINT
00:47:06: D3D9: Vertex texture format supported - PF_R9G9B9E5_SHAREDEXP
00:47:06: D3D9: Vertex texture format supported - PF_BC4_UNORM
00:47:06: D3D9: Vertex texture format supported - PF_BC4_SNORM
00:47:06: D3D9: Vertex texture format supported - PF_BC5_UNORM
00:47:06: D3D9: Vertex texture format supported - PF_BC5_SNORM
00:47:06: D3D9: Vertex texture format supported - PF_BC6H_UF16
00:47:06: D3D9: Vertex texture format supported - PF_BC6H_SF16
00:47:06: D3D9: Vertex texture format supported - PF_BC7_UNORM
00:47:06: D3D9: Vertex texture format supported - PF_BC7_UNORM_SRGB
00:47:06: D3D9: Vertex texture format supported - PF_R8
00:47:06: D3D9: Vertex texture format supported - PF_RG8
00:47:06: D3D9: Vertex texture format supported - PF_R8_SNORM
00:47:06: D3D9: Vertex texture format supported - PF_R8G8_SNORM
00:47:06: D3D9: Vertex texture format supported - PF_R8G8B8_SNORM
00:47:06: D3D9: Vertex texture format supported - PF_R8G8B8A8_SNORM
00:47:06: D3D9: Vertex texture format supported - PF_R16_SNORM
00:47:06: D3D9: Vertex texture format supported - PF_R16G16_SNORM
00:47:06: D3D9: Vertex texture format supported - PF_R16G16B16_SNORM
00:47:06: D3D9: Vertex texture format supported - PF_R16G16B16A16_SNORM
00:47:06: D3D9: Vertex texture format supported - PF_ETC1_RGB8
00:47:06: D3D9: Vertex texture format supported - PF_ETC2_RGB8
00:47:06: D3D9: Vertex texture format supported - PF_ETC2_RGBA8
00:47:06: D3D9: Vertex texture format supported - PF_ETC2_RGB8A1
00:47:06: D3D9: Vertex texture format supported - PF_ATC_RGB
00:47:06: D3D9: Vertex texture format supported - PF_ATC_RGBA_EXPLICIT_ALPHA
00:47:06: D3D9: Vertex texture format supported - PF_ATC_RGBA_INTERPOLATED_ALPHA
00:47:06: RenderSystem capabilities
00:47:06: -------------------------
00:47:06: RenderSystem Name: Direct3D9 Rendering Subsystem
00:47:06: GPU Vendor: nvidia
00:47:06: Device Name: Monitor-1-NVIDIA GeForce GTX 750
00:47:06: Driver Version: 10.18.13.5560
00:47:06:  * Fixed function pipeline: yes
00:47:06:  * Hardware generation of mipmaps: yes
00:47:06:  * Texture blending: yes
00:47:06:  * Anisotropic texture filtering: yes
00:47:06:  * Dot product texture operation: yes
00:47:06:  * Cube mapping: yes
00:47:06:  * Hardware stencil buffer: yes
00:47:06:    - Stencil depth: 8
00:47:06:    - Two sided stencil support: yes
00:47:06:    - Wrap stencil values: yes
00:47:06:  * Hardware vertex / index buffers: yes
00:47:06:  * Vertex programs: yes
00:47:06:  * Number of floating-point constants for vertex programs: 256
00:47:06:  * Number of integer constants for vertex programs: 16
00:47:06:  * Number of boolean constants for vertex programs: 16
00:47:06:  * Fragment programs: yes
00:47:06:  * Number of floating-point constants for fragment programs: 224
00:47:06:  * Number of integer constants for fragment programs: 16
00:47:06:  * Number of boolean constants for fragment programs: 16
00:47:06:  * Geometry programs: no
00:47:06:  * Number of floating-point constants for geometry programs: 0
00:47:06:  * Number of integer constants for geometry programs: 0
00:47:06:  * Number of boolean constants for geometry programs: 0
00:47:06:  * Tesselation Hull programs: no
00:47:06:  * Number of floating-point constants for tesselation hull programs: 0
00:47:06:  * Number of integer constants for tesselation hull programs: 0
00:47:06:  * Number of boolean constants for tesselation hull programs: 0
00:47:06:  * Tesselation Domain programs: no
00:47:06:  * Number of floating-point constants for tesselation domain programs: 0
00:47:06:  * Number of integer constants for tesselation domain programs: 0
00:47:06:  * Number of boolean constants for tesselation domain programs: 0
00:47:06:  * Compute programs: no
00:47:06:  * Number of floating-point constants for compute programs: 0
00:47:06:  * Number of integer constants for compute programs: 0
00:47:06:  * Number of boolean constants for compute programs: 0
00:47:06:  * Supported Shader Profiles: hlsl ps_1_1 ps_1_2 ps_1_3 ps_1_4 ps_2_0 ps_2_a ps_2_b ps_2_x ps_3_0 vs_1_1 vs_2_0 vs_2_a vs_2_x vs_3_0
00:47:06:  * Texture Compression: yes
00:47:06:    - DXT: yes
00:47:06:    - VTC: no
00:47:06:    - PVRTC: no
00:47:06:    - ATC: no
00:47:06:    - ETC1: no
00:47:06:    - ETC2: no
00:47:06:    - BC4/BC5: no
00:47:06:    - BC6H/BC7: no
00:47:06:  * Scissor Rectangle: yes
00:47:06:  * Hardware Occlusion Query: yes
00:47:06:  * User clip planes: yes
00:47:06:  * VET_UBYTE4 vertex element type: yes
00:47:06:  * Infinite far plane projection: yes
00:47:06:  * Hardware render-to-texture: yes
00:47:06:  * Floating point textures: yes
00:47:06:  * Non-power-of-two textures: yes
00:47:06:  * 1d textures: yes
00:47:06:  * Volume textures: yes
00:47:06:  * Multiple Render Targets: 4
00:47:06:    - With different bit depths: yes
00:47:06:  * Point Sprites: yes
00:47:06:  * Extended point parameters: yes
00:47:06:  * Max Point Size: 8192
00:47:06:  * Vertex texture fetch: yes
00:47:06:  * Number of world matrices: 0
00:47:06:  * Number of texture units: 8
00:47:06:  * Stencil buffer depth: 8
00:47:06:  * Number of vertex blend matrices: 0
00:47:06:    - Max vertex textures: 4
00:47:06:    - Vertex textures shared: no
00:47:06:  * Render to Vertex Buffer : no
00:47:06:  * Hardware Atomic Counters: no
00:47:06:  * DirectX per stage constants: yes
00:47:06: DefaultWorkQueue('Root') initialising on thread 7a8.
00:47:06: Particle Renderer Type 'billboard' registered
00:47:06: DefaultWorkQueue('Root')::WorkerFunc - thread ecc starting.
00:47:06: DefaultWorkQueue('Root')::WorkerFunc - thread b20 starting.
00:47:06: OverlayElementFactory for type Panel registered.
00:47:06: OverlayElementFactory for type BorderPanel registered.
00:47:06: OverlayElementFactory for type TextArea registered.
00:47:06: Registering ResourceManager for type Font
00:47:06: Added resource location './data' of type 'FileSystem' to resource group 'General'
00:47:06: Added resource location './exported' of type 'FileSystem' to resource group 'General'
00:47:06: Creating resource group Bootstrap
00:47:06: Added resource location './data/OgreCore.zip' of type 'Zip' to resource group 'Bootstrap'
00:47:06: Parsing scripts for resource group Autodetect
00:47:06: Finished parsing scripts for resource group Autodetect
00:47:06: Creating resources for group Autodetect
00:47:06: All done
00:47:06: Parsing scripts for resource group Bootstrap
00:47:06: Parsing script OgreCore.material
00:47:06: Parsing script OgreProfiler.material
00:47:06: Parsing script Ogre.fontdef
00:47:06: Parsing script OgreDebugPanel.overlay
00:47:06: Texture: New_Ogre_Border_Center.png: Loading 1 faces(PF_A8R8G8B8,256x128x1) Internal format is PF_A8R8G8B8,256x128x1.
00:47:06: Texture: New_Ogre_Border.png: Loading 1 faces(PF_A8R8G8B8,256x256x1) Internal format is PF_A8R8G8B8,256x256x1.
00:47:06: Texture: New_Ogre_Border_Break.png: Loading 1 faces(PF_A8R8G8B8,32x32x1) Internal format is PF_A8R8G8B8,32x32x1.
00:47:06: Texture: ogretext.png: Loading 1 faces(PF_A8R8G8B8,256x128x1) Internal format is PF_A8R8G8B8,256x128x1.
00:47:06: Parsing script OgreLoadingPanel.overlay
00:47:06: Finished parsing scripts for resource group Bootstrap
00:47:06: Creating resources for group Bootstrap
00:47:06: All done
00:47:06: Parsing scripts for resource group General
00:47:06: Parsing script debug.material
00:47:06: Parsing script system.fontdef
00:47:06: Finished parsing scripts for resource group General
00:47:06: Creating resources for group General
00:47:06: All done
00:47:06: Parsing scripts for resource group Internal
00:47:06: Finished parsing scripts for resource group Internal
00:47:06: Creating resources for group Internal
00:47:06: All done
00:47:06: Texture: courier_new_9_75.png: Loading 1 faces(PF_A8R8G8B8,256x256x1) with 0 generated mipmaps from Image. Internal format is PF_A8R8G8B8,256x256x1.
00:47:08: Exporting bones..
00:47:08: Bones exported.
00:47:08: Exporting animations, count=1
00:47:08: Exporting animation: Idle
00:47:08: Animation exported.
00:47:08: Skeleton: Loading models/field_maps/0632/0.skeleton
00:47:08: MeshSerializer writing mesh data to stream ...
00:47:08: File header written.
00:47:08: Writing mesh data...
00:47:08: Writing submesh...
00:47:08: Exporting submesh texture aliases...
00:47:08: Submesh texture aliases exported.
00:47:08: Exporting dedicated geometry bone assignments...
00:47:08: Dedicated geometry bone assignments exported.
00:47:08: Submesh exported.
00:47:08: Writing submesh...
00:47:08: Exporting submesh texture aliases...
00:47:08: Submesh texture aliases exported.
00:47:08: Exporting dedicated geometry bone assignments...
00:47:08: Dedicated geometry bone assignments exported.
00:47:08: Submesh exported.
00:47:08: Exporting skeleton link...
00:47:08: Skeleton link exported.
00:47:08: Exporting bounds information....
00:47:08: Bounds information exported.
00:47:08: Exporting submesh name table...
00:47:08: Submesh name table exported.
00:47:08: Mesh data exported.
00:47:08: MeshSerializer export successful.
00:47:08: Exporting bones..
00:47:08: Bones exported.
00:47:08: Exporting animations, count=1
00:47:08: Exporting animation: Idle
00:47:08: Animation exported.
00:47:08: Skeleton: Loading models/field_maps/0632/1.skeleton
00:47:08: MeshSerializer writing mesh data to stream ...
00:47:08: File header written.
00:47:08: Writing mesh data...
00:47:08: Writing submesh...
00:47:08: Exporting submesh texture aliases...
00:47:08: Submesh texture aliases exported.
00:47:08: Exporting dedicated geometry bone assignments...
00:47:08: Dedicated geometry bone assignments exported.
00:47:08: Submesh exported.
00:47:08: Exporting skeleton link...
00:47:08: Skeleton link exported.
00:47:08: Exporting bounds information....
00:47:08: Bounds information exported.
00:47:08: Exporting submesh name table...
00:47:08: Submesh name table exported.
00:47:08: Mesh data exported.
00:47:08: MeshSerializer export successful.
00:47:08: Exporting bones..
00:47:08: Bones exported.
00:47:08: Exporting animations, count=1
00:47:08: Exporting animation: Idle
00:47:08: Animation exported.
00:47:08: Skeleton: Loading models/field_maps/0632/2.skeleton
00:47:08: MeshSerializer writing mesh data to stream ...
00:47:08: File header written.
00:47:08: Writing mesh data...
00:47:08: Writing submesh...
00:47:08: Exporting submesh texture aliases...
00:47:08: Submesh texture aliases exported.
00:47:08: Exporting dedicated geometry bone assignments...
00:47:08: Dedicated geometry bone assignments exported.
00:47:08: Submesh exported.
00:47:08: Exporting skeleton link...
00:47:08: Skeleton link exported.
00:47:08: Exporting bounds information....
00:47:08: Bounds information exported.
00:47:08: Exporting submesh name table...
00:47:08: Submesh name table exported.
00:47:08: Mesh data exported.
00:47:08: MeshSerializer export successful.
00:47:08: Exporting bones..
00:47:08: Bones exported.
00:47:08: Exporting animations, count=1
00:47:08: Exporting animation: Idle
00:47:08: Animation exported.
00:47:08: Skeleton: Loading models/field_maps/0632/3.skeleton
00:47:08: MeshSerializer writing mesh data to stream ...
00:47:08: File header written.
00:47:08: Writing mesh data...
00:47:08: Writing submesh...
00:47:08: Exporting submesh texture aliases...
00:47:08: Submesh texture aliases exported.
00:47:08: Exporting dedicated geometry bone assignments...
00:47:08: Dedicated geometry bone assignments exported.
00:47:08: Submesh exported.
00:47:08: Writing submesh...
00:47:08: Exporting submesh texture aliases...
00:47:08: Submesh texture aliases exported.
00:47:08: Exporting dedicated geometry bone assignments...
00:47:08: Dedicated geometry bone assignments exported.
00:47:08: Submesh exported.
00:47:08: Exporting skeleton link...
00:47:08: Skeleton link exported.
00:47:08: Exporting bounds information....
00:47:08: Bounds information exported.
00:47:08: Exporting submesh name table...
00:47:08: Submesh name table exported.
00:47:08: Mesh data exported.
00:47:08: MeshSerializer export successful.
00:47:08: Exporting bones..
00:47:08: Bones exported.
00:47:08: Exporting animations, count=1
00:47:08: Exporting animation: Idle
00:47:08: Animation exported.
00:47:08: Skeleton: Loading models/field_maps/0632/4.skeleton
00:47:08: MeshSerializer writing mesh data to stream ...
00:47:08: File header written.
00:47:08: Writing mesh data...
00:47:08: Writing submesh...
00:47:08: Exporting submesh texture aliases...
00:47:08: Submesh texture aliases exported.
00:47:08: Exporting dedicated geometry bone assignments...
00:47:08: Dedicated geometry bone assignments exported.
00:47:08: Submesh exported.
00:47:08: Writing submesh...
00:47:08: Exporting submesh texture aliases...
00:47:08: Submesh texture aliases exported.
00:47:08: Exporting dedicated geometry bone assignments...
00:47:08: Dedicated geometry bone assignments exported.
00:47:08: Submesh exported.
00:47:08: Writing submesh...
00:47:08: Exporting submesh texture aliases...
00:47:08: Submesh texture aliases exported.
00:47:08: Exporting dedicated geometry bone assignments...
00:47:08: Dedicated geometry bone assignments exported.
00:47:08: Submesh exported.
00:47:08: Exporting skeleton link...
00:47:08: Skeleton link exported.
00:47:08: Exporting bounds information....
00:47:08: Bounds information exported.
00:47:08: Exporting submesh name table...
00:47:08: Submesh name table exported.
00:47:08: Mesh data exported.
00:47:08: MeshSerializer export successful.
00:47:08: Exporting bones..
00:47:08: Bones exported.
00:47:08: Exporting animations, count=1
00:47:08: Exporting animation: Idle
00:47:08: Animation exported.
00:47:08: Skeleton: Loading models/field_maps/0632/5.skeleton
00:47:08: MeshSerializer writing mesh data to stream ...
00:47:08: File header written.
00:47:08: Writing mesh data...
00:47:08: Writing submesh...
00:47:08: Exporting submesh texture aliases...
00:47:08: Submesh texture aliases exported.
00:47:08: Exporting dedicated geometry bone assignments...
00:47:08: Dedicated geometry bone assignments exported.
00:47:08: Submesh exported.
00:47:08: Exporting skeleton link...
00:47:08: Skeleton link exported.
00:47:08: Exporting bounds information....
00:47:08: Bounds information exported.
00:47:08: Exporting submesh name table...
00:47:08: Submesh name table exported.
00:47:08: Mesh data exported.
00:47:08: MeshSerializer export successful.
00:47:08: Exporting bones..
00:47:08: Bones exported.
00:47:08: Exporting animations, count=1
00:47:08: Exporting animation: Idle
00:47:08: Animation exported.
00:47:08: Skeleton: Loading models/field_maps/0632/6.skeleton
00:47:08: MeshSerializer writing mesh data to stream ...
00:47:08: File header written.
00:47:08: Writing mesh data...
00:47:08: Writing submesh...
00:47:08: Exporting submesh texture aliases...
00:47:08: Submesh texture aliases exported.
00:47:08: Exporting dedicated geometry bone assignments...
00:47:08: Dedicated geometry bone assignments exported.
00:47:08: Submesh exported.
00:47:08: Exporting skeleton link...
00:47:08: Skeleton link exported.
00:47:08: Exporting bounds information....
00:47:08: Bounds information exported.
00:47:08: Exporting submesh name table...
00:47:08: Submesh name table exported.
00:47:08: Mesh data exported.
00:47:08: MeshSerializer export successful.
00:47:08: Exporting bones..
00:47:08: Bones exported.
00:47:08: Exporting animations, count=1
00:47:08: Exporting animation: Idle
00:47:08: Animation exported.
00:47:08: Skeleton: Loading models/field_maps/0632/7.skeleton
00:47:08: MeshSerializer writing mesh data to stream ...
00:47:08: File header written.
00:47:08: Writing mesh data...
00:47:08: Writing submesh...
00:47:08: Exporting submesh texture aliases...
00:47:08: Submesh texture aliases exported.
00:47:08: Exporting dedicated geometry bone assignments...
00:47:08: Dedicated geometry bone assignments exported.
00:47:08: Submesh exported.
00:47:08: Exporting skeleton link...
00:47:08: Skeleton link exported.
00:47:08: Exporting bounds information....
00:47:08: Bounds information exported.
00:47:08: Exporting submesh name table...
00:47:08: Submesh name table exported.
00:47:08: Mesh data exported.
00:47:08: MeshSerializer export successful.
00:47:08: Exporting bones..
00:47:08: Bones exported.
00:47:08: Exporting animations, count=1
00:47:08: Exporting animation: Idle
00:47:08: Animation exported.
00:47:08: Skeleton: Loading models/field_maps/0632/8.skeleton
00:47:08: MeshSerializer writing mesh data to stream ...
00:47:08: File header written.
00:47:08: Writing mesh data...
00:47:08: Writing submesh...
00:47:08: Exporting submesh texture aliases...
00:47:08: Submesh texture aliases exported.
00:47:08: Exporting dedicated geometry bone assignments...
00:47:08: Dedicated geometry bone assignments exported.
00:47:08: Submesh exported.
00:47:08: Exporting skeleton link...
00:47:08: Skeleton link exported.
00:47:08: Exporting bounds information....
00:47:08: Bounds information exported.
00:47:08: Exporting submesh name table...
00:47:08: Submesh name table exported.
00:47:08: Mesh data exported.
00:47:08: MeshSerializer export successful.
00:47:08: Exporting bones..
00:47:08: Bones exported.
00:47:08: Exporting animations, count=1
00:47:08: Exporting animation: Idle
00:47:08: Animation exported.
00:47:08: Skeleton: Loading models/field_maps/0632/9.skeleton
00:47:08: MeshSerializer writing mesh data to stream ...
00:47:08: File header written.
00:47:08: Writing mesh data...
00:47:08: Writing submesh...
00:47:08: Exporting submesh texture aliases...
00:47:08: Submesh texture aliases exported.
00:47:08: Exporting dedicated geometry bone assignments...
00:47:08: Dedicated geometry bone assignments exported.
00:47:08: Submesh exported.
00:47:08: Exporting skeleton link...
00:47:08: Skeleton link exported.
00:47:08: Exporting bounds information....
00:47:08: Bounds information exported.
00:47:08: Exporting submesh name table...
00:47:08: Submesh name table exported.
00:47:08: Mesh data exported.
00:47:08: MeshSerializer export successful.
00:47:08: Exporting bones..
00:47:08: Bones exported.
00:47:08: Exporting animations, count=1
00:47:08: Exporting animation: Idle
00:47:08: Animation exported.
00:47:08: Skeleton: Loading models/field_maps/0632/10.skeleton
00:47:09: MeshSerializer writing mesh data to stream ...
00:47:09: File header written.
00:47:09: Writing mesh data...
00:47:09: Writing submesh...
00:47:09: Exporting submesh texture aliases...
00:47:09: Submesh texture aliases exported.
00:47:09: Exporting dedicated geometry bone assignments...
00:47:09: Dedicated geometry bone assignments exported.
00:47:09: Submesh exported.
00:47:09: Writing submesh...
00:47:09: Exporting submesh texture aliases...
00:47:09: Submesh texture aliases exported.
00:47:09: Exporting dedicated geometry bone assignments...
00:47:09: Dedicated geometry bone assignments exported.
00:47:09: Submesh exported.
00:47:09: Writing submesh...
00:47:09: Exporting submesh texture aliases...
00:47:09: Submesh texture aliases exported.
00:47:09: Exporting dedicated geometry bone assignments...
00:47:09: Dedicated geometry bone assignments exported.
00:47:09: Submesh exported.
00:47:09: Exporting skeleton link...
00:47:09: Skeleton link exported.
00:47:09: Exporting bounds information....
00:47:09: Bounds information exported.
00:47:09: Exporting submesh name table...
00:47:09: Submesh name table exported.
00:47:09: Mesh data exported.
00:47:09: MeshSerializer export successful.
00:47:09: Exporting bones..
00:47:09: Bones exported.
00:47:09: Exporting animations, count=1
00:47:09: Exporting animation: Idle
00:47:09: Animation exported.
00:47:09: Skeleton: Loading models/field_maps/0632/11.skeleton
00:47:09: MeshSerializer writing mesh data to stream ...
00:47:09: File header written.
00:47:09: Writing mesh data...
00:47:09: Writing submesh...
00:47:09: Exporting submesh texture aliases...
00:47:09: Submesh texture aliases exported.
00:47:09: Exporting dedicated geometry bone assignments...
00:47:09: Dedicated geometry bone assignments exported.
00:47:09: Submesh exported.
00:47:09: Writing submesh...
00:47:09: Exporting submesh texture aliases...
00:47:09: Submesh texture aliases exported.
00:47:09: Exporting dedicated geometry bone assignments...
00:47:09: Dedicated geometry bone assignments exported.
00:47:09: Submesh exported.
00:47:09: Exporting skeleton link...
00:47:09: Skeleton link exported.
00:47:09: Exporting bounds information....
00:47:09: Bounds information exported.
00:47:09: Exporting submesh name table...
00:47:09: Submesh name table exported.
00:47:09: Mesh data exported.
00:47:09: MeshSerializer export successful.
00:47:09: Exporting bones..
00:47:09: Bones exported.
00:47:09: Exporting animations, count=1
00:47:09: Exporting animation: Idle
00:47:09: Animation exported.
00:47:09: Skeleton: Loading models/field_maps/0632/12.skeleton
00:47:09: MeshSerializer writing mesh data to stream ...
00:47:09: File header written.
00:47:09: Writing mesh data...
00:47:09: Writing submesh...
00:47:09: Exporting submesh texture aliases...
00:47:09: Submesh texture aliases exported.
00:47:09: Exporting dedicated geometry bone assignments...
00:47:09: Dedicated geometry bone assignments exported.
00:47:09: Submesh exported.
00:47:09: Writing submesh...
00:47:09: Exporting submesh texture aliases...
00:47:09: Submesh texture aliases exported.
00:47:09: Exporting dedicated geometry bone assignments...
00:47:09: Dedicated geometry bone assignments exported.
00:47:09: Submesh exported.
00:47:09: Exporting skeleton link...
00:47:09: Skeleton link exported.
00:47:09: Exporting bounds information....
00:47:09: Bounds information exported.
00:47:09: Exporting submesh name table...
00:47:09: Submesh name table exported.
00:47:09: Mesh data exported.
00:47:09: MeshSerializer export successful.
00:47:09: Exporting bones..
00:47:09: Bones exported.
00:47:09: Exporting animations, count=1
00:47:09: Exporting animation: Idle
00:47:09: Animation exported.
00:47:09: Skeleton: Loading models/field_maps/0632/13.skeleton
00:47:09: MeshSerializer writing mesh data to stream ...
00:47:09: File header written.
00:47:09: Writing mesh data...
00:47:09: Writing submesh...
00:47:09: Exporting submesh texture aliases...
00:47:09: Submesh texture aliases exported.
00:47:09: Exporting dedicated geometry bone assignments...
00:47:09: Dedicated geometry bone assignments exported.
00:47:09: Submesh exported.
00:47:09: Exporting skeleton link...
00:47:09: Skeleton link exported.
00:47:09: Exporting bounds information....
00:47:09: Bounds information exported.
00:47:09: Exporting submesh name table...
00:47:09: Submesh name table exported.
00:47:09: Mesh data exported.
00:47:09: MeshSerializer export successful.
00:47:09: Exporting bones..
00:47:09: Bones exported.
00:47:09: Exporting animations, count=1
00:47:09: Exporting animation: Idle
00:47:09: Animation exported.
00:47:09: Skeleton: Loading models/field_maps/0632/14.skeleton
00:47:09: MeshSerializer writing mesh data to stream ...
00:47:09: File header written.
00:47:09: Writing mesh data...
00:47:09: Writing submesh...
00:47:09: Exporting submesh texture aliases...
00:47:09: Submesh texture aliases exported.
00:47:09: Exporting dedicated geometry bone assignments...
00:47:09: Dedicated geometry bone assignments exported.
00:47:09: Submesh exported.
00:47:09: Exporting skeleton link...
00:47:09: Skeleton link exported.
00:47:09: Exporting bounds information....
00:47:09: Bounds information exported.
00:47:09: Exporting submesh name table...
00:47:09: Submesh name table exported.
00:47:09: Mesh data exported.
00:47:09: MeshSerializer export successful.
00:47:09: Exporting bones..
00:47:09: Bones exported.
00:47:09: Exporting animations, count=1
00:47:09: Exporting animation: Idle
00:47:09: Animation exported.
00:47:09: Skeleton: Loading models/field_maps/0632/15.skeleton
00:47:09: MeshSerializer writing mesh data to stream ...
00:47:09: File header written.
00:47:09: Writing mesh data...
00:47:09: Writing submesh...
00:47:09: Exporting submesh texture aliases...
00:47:09: Submesh texture aliases exported.
00:47:09: Exporting dedicated geometry bone assignments...
00:47:09: Dedicated geometry bone assignments exported.
00:47:09: Submesh exported.
00:47:09: Writing submesh...
00:47:09: Exporting submesh texture aliases...
00:47:09: Submesh texture aliases exported.
00:47:09: Exporting dedicated geometry bone assignments...
00:47:09: Dedicated geometry bone assignments exported.
00:47:09: Submesh exported.
00:47:09: Exporting skeleton link...
00:47:09: Skeleton link exported.
00:47:09: Exporting bounds information....
00:47:09: Bounds information exported.
00:47:09: Exporting submesh name table...
00:47:09: Submesh name table exported.
00:47:09: Mesh data exported.
00:47:09: MeshSerializer export successful.
00:47:09: Exporting bones..
00:47:09: Bones exported.
00:47:09: Exporting animations, count=1
00:47:09: Exporting animation: Idle
00:47:09: Animation exported.
00:47:09: Skeleton: Loading models/field_maps/0632/16.skeleton
00:47:09: MeshSerializer writing mesh data to stream ...
00:47:09: File header written.
00:47:09: Writing mesh data...
00:47:09: Writing submesh...
00:47:09: Exporting submesh texture aliases...
00:47:09: Submesh texture aliases exported.
00:47:09: Exporting dedicated geometry bone assignments...
00:47:09: Dedicated geometry bone assignments exported.
00:47:09: Submesh exported.
00:47:09: Writing submesh...
00:47:09: Exporting submesh texture aliases...
00:47:09: Submesh texture aliases exported.
00:47:09: Exporting dedicated geometry bone assignments...
00:47:09: Dedicated geometry bone assignments exported.
00:47:09: Submesh exported.
00:47:09: Exporting skeleton link...
00:47:09: Skeleton link exported.
00:47:09: Exporting bounds information....
00:47:09: Bounds information exported.
00:47:09: Exporting submesh name table...
00:47:09: Submesh name table exported.
00:47:09: Mesh data exported.
00:47:09: MeshSerializer export successful.
00:47:09: Exporting bones..
00:47:09: Bones exported.
00:47:09: Exporting animations, count=1
00:47:09: Exporting animation: Idle
00:47:09: Animation exported.
00:47:09: Skeleton: Loading models/field_maps/0632/17.skeleton
00:47:09: MeshSerializer writing mesh data to stream ...
00:47:09: File header written.
00:47:09: Writing mesh data...
00:47:09: Writing submesh...
00:47:09: Exporting submesh texture aliases...
00:47:09: Submesh texture aliases exported.
00:47:09: Exporting dedicated geometry bone assignments...
00:47:09: Dedicated geometry bone assignments exported.
00:47:09: Submesh exported.
00:47:09: Writing submesh...
00:47:09: Exporting submesh texture aliases...
00:47:09: Submesh texture aliases exported.
00:47:09: Exporting dedicated geometry bone assignments...
00:47:09: Dedicated geometry bone assignments exported.
00:47:09: Submesh exported.
00:47:09: Exporting skeleton link...
00:47:09: Skeleton link exported.
00:47:09: Exporting bounds information....
00:47:09: Bounds information exported.
00:47:09: Exporting submesh name table...
00:47:09: Submesh name table exported.
00:47:09: Mesh data exported.
00:47:09: MeshSerializer export successful.
00:47:09: Exporting bones..
00:47:09: Bones exported.
00:47:09: Exporting animations, count=1
00:47:09: Exporting animation: Idle
00:47:09: Animation exported.
00:47:09: Skeleton: Loading models/field_maps/0632/18.skeleton
00:47:09: MeshSerializer writing mesh data to stream ...
00:47:09: File header written.
00:47:09: Writing mesh data...
00:47:09: Writing submesh...
00:47:09: Exporting submesh texture aliases...
00:47:09: Submesh texture aliases exported.
00:47:09: Exporting dedicated geometry bone assignments...
00:47:09: Dedicated geometry bone assignments exported.
00:47:09: Submesh exported.
00:47:09: Exporting skeleton link...
00:47:09: Skeleton link exported.
00:47:09: Exporting bounds information....
00:47:09: Bounds information exported.
00:47:09: Exporting submesh name table...
00:47:09: Submesh name table exported.
00:47:09: Mesh data exported.
00:47:09: MeshSerializer export successful.
00:47:10: MaterialSerializer : writing material xeno/model/0632 to queue.
00:47:10: MaterialSerializer : parsing texture layer.
00:47:10: MaterialSerializer : done.
00:47:10: MaterialSerializer : writing material(s) to material script : exported/models/field_maps/0632/0632.material
00:47:10: MaterialSerializer : done.
00:47:10: Mesh: Loading models/field_maps/0632/0.mesh.
00:47:10: Texture: models/field_maps/0632/0632.png: Loading 1 faces(PF_A8R8G8B8,4096x512x1) Internal format is PF_A8R8G8B8,4096x512x1.
00:47:10: Mesh: Loading models/field_maps/0632/1.mesh.
00:47:10: Mesh: Loading models/field_maps/0632/2.mesh.
00:47:10: Mesh: Loading models/field_maps/0632/3.mesh.
00:47:10: Mesh: Loading models/field_maps/0632/4.mesh.
00:47:10: Mesh: Loading models/field_maps/0632/5.mesh.
00:47:10: Mesh: Loading models/field_maps/0632/6.mesh.
00:47:10: Mesh: Loading models/field_maps/0632/7.mesh.
00:47:10: Mesh: Loading models/field_maps/0632/8.mesh.
00:47:10: Mesh: Loading models/field_maps/0632/9.mesh.
00:47:10: Mesh: Loading models/field_maps/0632/10.mesh.
00:47:10: Mesh: Loading models/field_maps/0632/11.mesh.
00:47:10: Mesh: Loading models/field_maps/0632/12.mesh.
00:47:10: Mesh: Loading models/field_maps/0632/13.mesh.
00:47:10: Mesh: Loading models/field_maps/0632/14.mesh.
00:47:10: Mesh: Loading models/field_maps/0632/15.mesh.
00:47:10: Mesh: Loading models/field_maps/0632/16.mesh.
00:47:10: Mesh: Loading models/field_maps/0632/17.mesh.
00:47:10: Mesh: Loading models/field_maps/0632/18.mesh.
00:47:13: MaterialSerializer : writing material xeno/sprite to queue.
00:47:13: MaterialSerializer : parsing texture layer.
00:47:13: MaterialSerializer : done.
00:47:13: MaterialSerializer : writing material(s) to material script : exported/sprites/field/chief_lee.material
00:47:13: MaterialSerializer : done.
00:47:13: MaterialSerializer : writing material xeno/sprite to queue.
00:47:13: MaterialSerializer : parsing texture layer.
00:47:13: MaterialSerializer : done.
00:47:13: MaterialSerializer : writing material(s) to material script : exported/sprites/field/dan.material
00:47:13: MaterialSerializer : done.
00:47:15: MaterialSerializer : writing material xeno/sprite to queue.
00:47:15: MaterialSerializer : parsing texture layer.
00:47:15: MaterialSerializer : done.
00:47:15: MaterialSerializer : writing material(s) to material script : exported/sprites/field/.material
00:47:15: MaterialSerializer : done.
00:47:16: MaterialSerializer : writing material xeno/sprite to queue.
00:47:16: MaterialSerializer : parsing texture layer.
00:47:16: MaterialSerializer : done.
00:47:16: MaterialSerializer : writing material(s) to material script : exported/sprites/field/.material
00:47:16: MaterialSerializer : done.
00:47:16: MaterialSerializer : writing material xeno/sprite to queue.
00:47:16: MaterialSerializer : parsing texture layer.
00:47:16: MaterialSerializer : done.
00:47:16: MaterialSerializer : writing material(s) to material script : exported/sprites/field/.material
00:47:16: MaterialSerializer : done.
00:47:17: MaterialSerializer : writing material xeno/sprite to queue.
00:47:17: MaterialSerializer : parsing texture layer.
00:47:17: MaterialSerializer : done.
00:47:18: MaterialSerializer : writing material(s) to material script : exported/sprites/field/.material
00:47:18: MaterialSerializer : done.
00:47:18: MaterialSerializer : writing material xeno/sprite to queue.
00:47:18: MaterialSerializer : parsing texture layer.
00:47:18: MaterialSerializer : done.
00:47:18: MaterialSerializer : writing material(s) to material script : exported/sprites/field/.material
00:47:18: MaterialSerializer : done.
00:47:19: Font BlueHighway using texture size 512x512
00:47:19: Info: Freetype returned null for character 127 in font BlueHighway
00:47:19: Info: Freetype returned null for character 128 in font BlueHighway
00:47:19: Info: Freetype returned null for character 129 in font BlueHighway
00:47:19: Info: Freetype returned null for character 130 in font BlueHighway
00:47:19: Info: Freetype returned null for character 131 in font BlueHighway
00:47:19: Info: Freetype returned null for character 132 in font BlueHighway
00:47:19: Info: Freetype returned null for character 133 in font BlueHighway
00:47:19: Info: Freetype returned null for character 134 in font BlueHighway
00:47:19: Info: Freetype returned null for character 135 in font BlueHighway
00:47:19: Info: Freetype returned null for character 136 in font BlueHighway
00:47:19: Info: Freetype returned null for character 137 in font BlueHighway
00:47:19: Info: Freetype returned null for character 138 in font BlueHighway
00:47:19: Info: Freetype returned null for character 139 in font BlueHighway
00:47:19: Info: Freetype returned null for character 140 in font BlueHighway
00:47:19: Info: Freetype returned null for character 141 in font BlueHighway
00:47:19: Info: Freetype returned null for character 142 in font BlueHighway
00:47:19: Info: Freetype returned null for character 143 in font BlueHighway
00:47:19: Info: Freetype returned null for character 144 in font BlueHighway
00:47:19: Info: Freetype returned null for character 145 in font BlueHighway
00:47:19: Info: Freetype returned null for character 146 in font BlueHighway
00:47:19: Info: Freetype returned null for character 147 in font BlueHighway
00:47:19: Info: Freetype returned null for character 148 in font BlueHighway
00:47:19: Info: Freetype returned null for character 149 in font BlueHighway
00:47:19: Info: Freetype returned null for character 150 in font BlueHighway
00:47:19: Info: Freetype returned null for character 151 in font BlueHighway
00:47:19: Info: Freetype returned null for character 152 in font BlueHighway
00:47:19: Info: Freetype returned null for character 153 in font BlueHighway
00:47:19: Info: Freetype returned null for character 154 in font BlueHighway
00:47:19: Info: Freetype returned null for character 155 in font BlueHighway
00:47:19: Info: Freetype returned null for character 156 in font BlueHighway
00:47:19: Info: Freetype returned null for character 157 in font BlueHighway
00:47:19: Info: Freetype returned null for character 158 in font BlueHighway
00:47:19: Info: Freetype returned null for character 159 in font BlueHighway
00:47:19: Info: Freetype returned null for character 160 in font BlueHighway
00:47:19: Texture: BlueHighwayTexture: Loading 1 faces(PF_BYTE_LA,512x512x1) with 0 generated mipmaps from Image. Internal format is PF_BYTE_LA,512x512x1.
00:47:19: Texture: sprites/field/chief_lee.png: Loading 1 faces(PF_A8R8G8B8,256x256x1) Internal format is PF_A8R8G8B8,256x256x1.
00:47:21: DefaultWorkQueue('Root') shutting down on thread 7a8.
00:47:21: DefaultWorkQueue('Root')::WorkerFunc - thread ecc stopped.
00:47:21: DefaultWorkQueue('Root')::WorkerFunc - thread b20 stopped.
00:47:21: *-*-* OGRE Shutdown
00:47:21: Unregistering ResourceManager for type Compositor
00:47:21: Unregistering ResourceManager for type Skeleton
00:47:21: Unregistering ResourceManager for type Mesh
00:47:21: Unregistering ResourceManager for type HighLevelGpuProgram
00:47:21: Uninstalling plugin: D3D9 RenderSystem
00:47:21: D3D9 device: 0x[03AAF820] destroy. Releasing D3D9 texture: sprites/field/chief_lee.png
00:47:21: Released D3D9 texture: sprites/field/chief_lee.png
00:47:21: D3D9 device: 0x[03AAF820] destroy. Releasing D3D9 texture: BlueHighwayTexture
00:47:21: Released D3D9 texture: BlueHighwayTexture
00:47:21: D3D9 device: 0x[03AAF820] destroy. Releasing D3D9 texture: New_Ogre_Border_Center.png
00:47:21: Released D3D9 texture: New_Ogre_Border_Center.png
00:47:21: D3D9 device: 0x[03AAF820] destroy. Releasing D3D9 texture: New_Ogre_Border.png
00:47:21: Released D3D9 texture: New_Ogre_Border.png
00:47:21: D3D9 device: 0x[03AAF820] destroy. Releasing D3D9 texture: New_Ogre_Border_Break.png
00:47:21: Released D3D9 texture: New_Ogre_Border_Break.png
00:47:21: D3D9 device: 0x[03AAF820] destroy. Releasing D3D9 texture: ogretext.png
00:47:21: Released D3D9 texture: ogretext.png
00:47:21: D3D9 : Shutting down cleanly.
00:47:21: Unregistering ResourceManager for type Texture
00:47:21: Unregistering ResourceManager for type GpuProgram
00:47:21: D3D9 : Direct3D9 Rendering Subsystem destroyed.
00:47:21: Plugin successfully uninstalled
00:47:21: Unloading library RenderSystem_Direct3D9.dll
00:47:22: Unregistering ResourceManager for type Material
