Loading file: 0035_battling
Loading file: 0036_field
Loading file: 0037_worldmap
Loading file: 0038_battle
Loading file: 0039_menu
Loading file: 0040_movie
Loading file: data/text/11
Loading file: data/text/16
Loading file: data/text/17
Loading file: data/text/18
Loading file: data/text/19
Loading file: data/text/1a
Loading file: data/text/31
Loading file: data/text/32
Loading file: data/text/33
Start load field with id "630".
Loading file: data/field/0631.raw2
Load texture:
    texture_header_id     = 0x00001201
    texture_header_vram_x = 0x00000000
    texture_header_vram_y = 0x000001e0
    texture_header_move_x = 0x00000000
    texture_header_move_y = 0x00000000
    texture_header_width  = 0x00000100
Load texture:
    texture_header_id     = 0x00001200
    texture_header_vram_x = 0x00000140
    texture_header_vram_y = 0x00000000
    texture_header_move_x = 0x00000000
    texture_header_move_y = 0x00000000
    texture_header_width  = 0x0000005c
Load texture:
    texture_header_id     = 0x00001200
    texture_header_vram_x = 0x00000140
    texture_header_vram_y = 0x00000000
    texture_header_move_x = 0x00000240
    texture_header_move_y = 0x00000000
    texture_header_width  = 0x00000040
Load texture:
    texture_header_id     = 0x00001200
    texture_header_vram_x = 0x00000140
    texture_header_vram_y = 0x00000000
    texture_header_move_x = 0x0000005c
    texture_header_move_y = 0x00000047
    texture_header_width  = 0x0000004c
Load texture:
    texture_header_id     = 0x00001200
    texture_header_vram_x = 0x00000140
    texture_header_vram_y = 0x00000000
    texture_header_move_x = 0x00000200
    texture_header_move_y = 0x00000000
    texture_header_width  = 0x00000040
Load texture:
    texture_header_id     = 0x00001200
    texture_header_vram_x = 0x00000140
    texture_header_vram_y = 0x00000000
    texture_header_move_x = 0x0000005c
    texture_header_move_y = 0x00000000
    texture_header_width  = 0x00000037
Load texture:
    texture_header_id     = 0x00001200
    texture_header_vram_x = 0x00000140
    texture_header_vram_y = 0x00000000
    texture_header_move_x = 0x00000080
    texture_header_move_y = 0x00000080
    texture_header_width  = 0x00000028
Load texture:
    texture_header_id     = 0x00001200
    texture_header_vram_x = 0x00000140
    texture_header_vram_y = 0x00000000
    texture_header_move_x = 0x0000005c
    texture_header_move_y = 0x00000080
    texture_header_width  = 0x00000022
Load texture:
    texture_header_id     = 0x00001200
    texture_header_vram_x = 0x00000140
    texture_header_vram_y = 0x00000000
    texture_header_move_x = 0x0000005c
    texture_header_move_y = 0x000000c0
    texture_header_width  = 0x0000001e
Load texture:
    texture_header_id     = 0x00001200
    texture_header_vram_x = 0x00000140
    texture_header_vram_y = 0x00000000
    texture_header_move_x = 0x00000200
    texture_header_move_y = 0x00000030
    texture_header_width  = 0x00000040
Load texture:
    texture_header_id     = 0x00001200
    texture_header_vram_x = 0x00000140
    texture_header_vram_y = 0x00000000
    texture_header_move_x = 0x00000080
    texture_header_move_y = 0x00000030
    texture_header_width  = 0x00000028
Load texture:
    texture_header_id     = 0x00001200
    texture_header_vram_x = 0x00000140
    texture_header_vram_y = 0x00000000
    texture_header_move_x = 0x00000080
    texture_header_move_y = 0x00000074
    texture_header_width  = 0x00000028
Load texture:
    texture_header_id     = 0x00001200
    texture_header_vram_x = 0x00000140
    texture_header_vram_y = 0x00000000
    texture_header_move_x = 0x0000005c
    texture_header_move_y = 0x00000030
    texture_header_width  = 0x00000021
Load texture:
    texture_header_id     = 0x00001200
    texture_header_vram_x = 0x00000140
    texture_header_vram_y = 0x00000000
    texture_header_move_x = 0x0000005c
    texture_header_move_y = 0x00000038
    texture_header_width  = 0x0000001a
Load texture:
    texture_header_id     = 0x00001200
    texture_header_vram_x = 0x00000140
    texture_header_vram_y = 0x00000000
    texture_header_move_x = 0x00000076
    texture_header_move_y = 0x00000040
    texture_header_width  = 0x0000000a
Loading file: data/field/0630
Assign bones to vertexes
Assign bones to vertexes
Assign bones to vertexes
Assign bones to vertexes
Assign bones to vertexes
Assign bones to vertexes
Assign bones to vertexes
Assign bones to vertexes
Assign bones to vertexes
Assign bones to vertexes
Assign bones to vertexes
Assign bones to vertexes
Assign bones to vertexes
Assign bones to vertexes
Assign bones to vertexes
Assign bones to vertexes
Assign bones to vertexes
Assign bones to vertexes
Assign bones to vertexes
Assign bones to vertexes
Assign bones to vertexes
Assign bones to vertexes
CreateTexture palette_x="0" palette_y="484" bpp="1".CreateTexture palette_x="0" palette_y="486" bpp="1".CreateTexture palette_x="0" palette_y="480" bpp="1".CreateTexture palette_x="0" palette_y="485" bpp="1".CreateTexture palette_x="0" palette_y="481" bpp="1".CreateTexture palette_x="0" palette_y="483" bpp="1".CreateTexture palette_x="0" palette_y="488" bpp="1".CreateTexture palette_x="0" palette_y="487" bpp="1".CreateTexture palette_x="0" palette_y="490" bpp="1".CreateTexture palette_x="0" palette_y="489" bpp="1".CreateTexture palette_x="0" palette_y="482" bpp="1".CreateTexture palette_x="256" palette_y="480" bpp="0".CreateTexture palette_x="256" palette_y="480" bpp="0".