01:41:45: Creating resource group General
01:41:45: Creating resource group Internal
01:41:45: Creating resource group Autodetect
01:41:45: SceneManagerFactory for type 'DefaultSceneManager' registered.
01:41:45: Registering ResourceManager for type Material
01:41:45: Registering ResourceManager for type Mesh
01:41:45: Registering ResourceManager for type Skeleton
01:41:45: MovableObjectFactory for type 'ParticleSystem' registered.
01:41:45: ArchiveFactory for archive type FileSystem registered.
01:41:45: ArchiveFactory for archive type Zip registered.
01:41:45: ArchiveFactory for archive type EmbeddedZip registered.
01:41:45: DDS codec registering
01:41:45: FreeImage version: 3.15.3
01:41:45: This program uses FreeImage, a free, open source image library supporting all common bitmap formats. See http://freeimage.sourceforge.net for details
01:41:45: Supported formats: bmp,ico,jpg,jif,jpeg,jpe,jng,koa,iff,lbm,mng,pbm,pbm,pcd,pcx,pgm,pgm,png,ppm,ppm,ras,tga,targa,tif,tiff,wap,wbmp,wbm,psd,cut,xbm,xpm,gif,hdr,g3,sgi,exr,j2k,j2c,jp2,pfm,pct,pict,pic,3fr,arw,bay,bmq,cap,cine,cr2,crw,cs1,dc2,dcr,drf,dsc,dng,erf,fff,ia,iiq,k25,kc2,kdc,mdc,mef,mos,mrw,nef,nrw,orf,pef,ptx,pxn,qtk,raf,raw,rdc,rw2,rwl,rwz,sr2,srf,srw,sti
01:41:45: Registering ResourceManager for type HighLevelGpuProgram
01:41:45: Registering ResourceManager for type Compositor
01:41:45: MovableObjectFactory for type 'Entity' registered.
01:41:45: MovableObjectFactory for type 'Light' registered.
01:41:45: MovableObjectFactory for type 'BillboardSet' registered.
01:41:45: MovableObjectFactory for type 'ManualObject' registered.
01:41:45: MovableObjectFactory for type 'BillboardChain' registered.
01:41:45: MovableObjectFactory for type 'RibbonTrail' registered.
01:41:45: *-*-* OGRE Initialising
01:41:45: *-*-* Version 1.9.0 (Ghadamon)
01:41:45: Loading library RenderSystem_Direct3D9.dll
01:41:45: Installing plugin: D3D9 RenderSystem
01:41:45: D3D9 : Direct3D9 Rendering Subsystem created.
01:41:45: D3D9: Driver Detection Starts
01:41:45: D3D9: Driver Detection Ends
01:41:45: Plugin successfully installed
01:41:45: CPU Identifier & Features
01:41:45: -------------------------
01:41:45:  *   CPU ID: GenuineIntel: Intel(R) Celeron(R) CPU G1820 @ 2.70GHz
01:41:45:  *      SSE: yes
01:41:45:  *     SSE2: yes
01:41:45:  *     SSE3: yes
01:41:45:  *      MMX: yes
01:41:45:  *   MMXEXT: yes
01:41:45:  *    3DNOW: no
01:41:45:  * 3DNOWEXT: no
01:41:45:  *     CMOV: yes
01:41:45:  *      TSC: yes
01:41:45:  *      FPU: yes
01:41:45:  *      PRO: yes
01:41:45:  *       HT: no
01:41:45: -------------------------
01:41:45: D3D9 : Subsystem Initialising
01:41:45: Registering ResourceManager for type Texture
01:41:45: Registering ResourceManager for type GpuProgram
01:41:45: ***************************************
01:41:45: *** D3D9 : Subsystem Initialised OK ***
01:41:45: ***************************************
01:41:45: D3D9RenderSystem::_createRenderWindow "QGearsWindow", 1280x720 windowed  miscParams: title=FFVII Exporter 
01:41:45: D3D9 : Created D3D9 Rendering Window 'QGearsWindow' : 1280x720, 32bpp
01:41:45: D3D9 : WARNING - disabling VSync in windowed mode can cause timing issues at lower frame rates, turn VSync on if you observe this problem.
01:41:45: D3D9: Vertex texture format supported - PF_A8R8G8B8
01:41:45: D3D9: Vertex texture format supported - PF_B8G8R8A8
01:41:45: D3D9: Vertex texture format supported - PF_FLOAT16_RGB
01:41:45: D3D9: Vertex texture format supported - PF_FLOAT16_RGBA
01:41:45: D3D9: Vertex texture format supported - PF_FLOAT32_RGB
01:41:45: D3D9: Vertex texture format supported - PF_FLOAT32_RGBA
01:41:45: D3D9: Vertex texture format supported - PF_R8G8B8A8
01:41:45: D3D9: Vertex texture format supported - PF_DEPTH
01:41:45: D3D9: Vertex texture format supported - PF_FLOAT16_R
01:41:45: D3D9: Vertex texture format supported - PF_FLOAT32_R
01:41:45: D3D9: Vertex texture format supported - PF_FLOAT16_GR
01:41:45: D3D9: Vertex texture format supported - PF_FLOAT32_GR
01:41:45: D3D9: Vertex texture format supported - PF_PVRTC_RGB2
01:41:45: D3D9: Vertex texture format supported - PF_PVRTC_RGBA2
01:41:45: D3D9: Vertex texture format supported - PF_PVRTC_RGB4
01:41:45: D3D9: Vertex texture format supported - PF_PVRTC_RGBA4
01:41:45: D3D9: Vertex texture format supported - PF_PVRTC2_2BPP
01:41:45: D3D9: Vertex texture format supported - PF_PVRTC2_4BPP
01:41:45: D3D9: Vertex texture format supported - PF_R11G11B10_FLOAT
01:41:45: D3D9: Vertex texture format supported - PF_R8_UINT
01:41:45: D3D9: Vertex texture format supported - PF_R8G8_UINT
01:41:45: D3D9: Vertex texture format supported - PF_R8G8B8_UINT
01:41:45: D3D9: Vertex texture format supported - PF_R8G8B8A8_UINT
01:41:45: D3D9: Vertex texture format supported - PF_R16_UINT
01:41:45: D3D9: Vertex texture format supported - PF_R16G16_UINT
01:41:45: D3D9: Vertex texture format supported - PF_R16G16B16_UINT
01:41:45: D3D9: Vertex texture format supported - PF_R16G16B16A16_UINT
01:41:45: D3D9: Vertex texture format supported - PF_R32_UINT
01:41:45: D3D9: Vertex texture format supported - PF_R32G32_UINT
01:41:45: D3D9: Vertex texture format supported - PF_R32G32B32_UINT
01:41:45: D3D9: Vertex texture format supported - PF_R32G32B32A32_UINT
01:41:45: D3D9: Vertex texture format supported - PF_R8_SINT
01:41:45: D3D9: Vertex texture format supported - PF_R8G8_SINT
01:41:45: D3D9: Vertex texture format supported - PF_R8G8B8_SINT
01:41:45: D3D9: Vertex texture format supported - PF_R8G8B8A8_SINT
01:41:45: D3D9: Vertex texture format supported - PF_R16_SINT
01:41:45: D3D9: Vertex texture format supported - PF_R16G16_SINT
01:41:45: D3D9: Vertex texture format supported - PF_R16G16B16_SINT
01:41:45: D3D9: Vertex texture format supported - PF_R16G16B16A16_SINT
01:41:45: D3D9: Vertex texture format supported - PF_R32_SINT
01:41:45: D3D9: Vertex texture format supported - PF_R32G32_SINT
01:41:45: D3D9: Vertex texture format supported - PF_R32G32B32_SINT
01:41:45: D3D9: Vertex texture format supported - PF_R32G32B32A32_SINT
01:41:45: D3D9: Vertex texture format supported - PF_R9G9B9E5_SHAREDEXP
01:41:45: D3D9: Vertex texture format supported - PF_BC4_UNORM
01:41:45: D3D9: Vertex texture format supported - PF_BC4_SNORM
01:41:45: D3D9: Vertex texture format supported - PF_BC5_UNORM
01:41:45: D3D9: Vertex texture format supported - PF_BC5_SNORM
01:41:45: D3D9: Vertex texture format supported - PF_BC6H_UF16
01:41:45: D3D9: Vertex texture format supported - PF_BC6H_SF16
01:41:45: D3D9: Vertex texture format supported - PF_BC7_UNORM
01:41:45: D3D9: Vertex texture format supported - PF_BC7_UNORM_SRGB
01:41:45: D3D9: Vertex texture format supported - PF_R8
01:41:45: D3D9: Vertex texture format supported - PF_RG8
01:41:45: D3D9: Vertex texture format supported - PF_R8_SNORM
01:41:45: D3D9: Vertex texture format supported - PF_R8G8_SNORM
01:41:45: D3D9: Vertex texture format supported - PF_R8G8B8_SNORM
01:41:45: D3D9: Vertex texture format supported - PF_R8G8B8A8_SNORM
01:41:45: D3D9: Vertex texture format supported - PF_R16_SNORM
01:41:45: D3D9: Vertex texture format supported - PF_R16G16_SNORM
01:41:45: D3D9: Vertex texture format supported - PF_R16G16B16_SNORM
01:41:45: D3D9: Vertex texture format supported - PF_R16G16B16A16_SNORM
01:41:45: D3D9: Vertex texture format supported - PF_ETC1_RGB8
01:41:45: D3D9: Vertex texture format supported - PF_ETC2_RGB8
01:41:45: D3D9: Vertex texture format supported - PF_ETC2_RGBA8
01:41:45: D3D9: Vertex texture format supported - PF_ETC2_RGB8A1
01:41:45: D3D9: Vertex texture format supported - PF_ATC_RGB
01:41:45: D3D9: Vertex texture format supported - PF_ATC_RGBA_EXPLICIT_ALPHA
01:41:45: D3D9: Vertex texture format supported - PF_ATC_RGBA_INTERPOLATED_ALPHA
01:41:45: RenderSystem capabilities
01:41:45: -------------------------
01:41:45: RenderSystem Name: Direct3D9 Rendering Subsystem
01:41:45: GPU Vendor: nvidia
01:41:45: Device Name: Monitor-1-NVIDIA GeForce GTX 750
01:41:45: Driver Version: 10.18.13.5560
01:41:45:  * Fixed function pipeline: yes
01:41:45:  * Hardware generation of mipmaps: yes
01:41:45:  * Texture blending: yes
01:41:45:  * Anisotropic texture filtering: yes
01:41:45:  * Dot product texture operation: yes
01:41:45:  * Cube mapping: yes
01:41:45:  * Hardware stencil buffer: yes
01:41:45:    - Stencil depth: 8
01:41:45:    - Two sided stencil support: yes
01:41:45:    - Wrap stencil values: yes
01:41:45:  * Hardware vertex / index buffers: yes
01:41:45:  * Vertex programs: yes
01:41:45:  * Number of floating-point constants for vertex programs: 256
01:41:45:  * Number of integer constants for vertex programs: 16
01:41:45:  * Number of boolean constants for vertex programs: 16
01:41:45:  * Fragment programs: yes
01:41:45:  * Number of floating-point constants for fragment programs: 224
01:41:45:  * Number of integer constants for fragment programs: 16
01:41:45:  * Number of boolean constants for fragment programs: 16
01:41:45:  * Geometry programs: no
01:41:45:  * Number of floating-point constants for geometry programs: 0
01:41:45:  * Number of integer constants for geometry programs: 0
01:41:45:  * Number of boolean constants for geometry programs: 0
01:41:45:  * Tesselation Hull programs: no
01:41:45:  * Number of floating-point constants for tesselation hull programs: 0
01:41:45:  * Number of integer constants for tesselation hull programs: 0
01:41:45:  * Number of boolean constants for tesselation hull programs: 0
01:41:45:  * Tesselation Domain programs: no
01:41:45:  * Number of floating-point constants for tesselation domain programs: 0
01:41:45:  * Number of integer constants for tesselation domain programs: 0
01:41:45:  * Number of boolean constants for tesselation domain programs: 0
01:41:45:  * Compute programs: no
01:41:45:  * Number of floating-point constants for compute programs: 0
01:41:45:  * Number of integer constants for compute programs: 0
01:41:45:  * Number of boolean constants for compute programs: 0
01:41:45:  * Supported Shader Profiles: hlsl ps_1_1 ps_1_2 ps_1_3 ps_1_4 ps_2_0 ps_2_a ps_2_b ps_2_x ps_3_0 vs_1_1 vs_2_0 vs_2_a vs_2_x vs_3_0
01:41:45:  * Texture Compression: yes
01:41:45:    - DXT: yes
01:41:45:    - VTC: no
01:41:45:    - PVRTC: no
01:41:45:    - ATC: no
01:41:45:    - ETC1: no
01:41:45:    - ETC2: no
01:41:45:    - BC4/BC5: no
01:41:45:    - BC6H/BC7: no
01:41:45:  * Scissor Rectangle: yes
01:41:45:  * Hardware Occlusion Query: yes
01:41:45:  * User clip planes: yes
01:41:45:  * VET_UBYTE4 vertex element type: yes
01:41:45:  * Infinite far plane projection: yes
01:41:45:  * Hardware render-to-texture: yes
01:41:45:  * Floating point textures: yes
01:41:45:  * Non-power-of-two textures: yes
01:41:45:  * 1d textures: yes
01:41:45:  * Volume textures: yes
01:41:45:  * Multiple Render Targets: 4
01:41:45:    - With different bit depths: yes
01:41:45:  * Point Sprites: yes
01:41:45:  * Extended point parameters: yes
01:41:45:  * Max Point Size: 8192
01:41:45:  * Vertex texture fetch: yes
01:41:45:  * Number of world matrices: 0
01:41:45:  * Number of texture units: 8
01:41:45:  * Stencil buffer depth: 8
01:41:45:  * Number of vertex blend matrices: 0
01:41:45:    - Max vertex textures: 4
01:41:45:    - Vertex textures shared: no
01:41:45:  * Render to Vertex Buffer : no
01:41:45:  * Hardware Atomic Counters: no
01:41:45:  * DirectX per stage constants: yes
01:41:45: DefaultWorkQueue('Root') initialising on thread 2794.
01:41:45: Particle Renderer Type 'billboard' registered
01:41:45: OverlayElementFactory for type Panel registered.
01:41:45: OverlayElementFactory for type BorderPanel registered.
01:41:45: OverlayElementFactory for type TextArea registered.
01:41:45: Registering ResourceManager for type Font
01:41:45: Added resource location './data' of type 'FileSystem' to resource group 'General'
01:41:45: Added resource location './exported' of type 'FileSystem' to resource group 'General'
01:41:45: Creating resource group Bootstrap
01:41:45: Added resource location './data/OgreCore.zip' of type 'Zip' to resource group 'Bootstrap'
01:41:45: Parsing scripts for resource group Autodetect
01:41:45: Finished parsing scripts for resource group Autodetect
01:41:45: Creating resources for group Autodetect
01:41:45: All done
01:41:45: Parsing scripts for resource group Bootstrap
01:41:45: Parsing script OgreCore.material
01:41:45: Parsing script OgreProfiler.material
01:41:45: Parsing script Ogre.fontdef
01:41:45: Parsing script OgreDebugPanel.overlay
01:41:45: Texture: New_Ogre_Border_Center.png: Loading 1 faces(PF_A8R8G8B8,256x128x1) Internal format is PF_A8R8G8B8,256x128x1.
01:41:45: Texture: New_Ogre_Border.png: Loading 1 faces(PF_A8R8G8B8,256x256x1) Internal format is PF_A8R8G8B8,256x256x1.
01:41:46: Texture: New_Ogre_Border_Break.png: Loading 1 faces(PF_A8R8G8B8,32x32x1) Internal format is PF_A8R8G8B8,32x32x1.
01:41:46: Texture: ogretext.png: Loading 1 faces(PF_A8R8G8B8,256x128x1) Internal format is PF_A8R8G8B8,256x128x1.
01:41:46: Parsing script OgreLoadingPanel.overlay
01:41:46: Finished parsing scripts for resource group Bootstrap
01:41:46: Creating resources for group Bootstrap
01:41:46: All done
01:41:46: Parsing scripts for resource group General
01:41:46: DefaultWorkQueue('Root')::WorkerFunc - thread 13b8 starting.
01:41:46: Parsing script debug.material
01:41:46: DefaultWorkQueue('Root')::WorkerFunc - thread 2ba0 starting.
01:41:46: Parsing script system.fontdef
01:41:46: Finished parsing scripts for resource group General
01:41:46: Creating resources for group General
01:41:46: All done
01:41:46: Parsing scripts for resource group Internal
01:41:46: Finished parsing scripts for resource group Internal
01:41:46: Creating resources for group Internal
01:41:46: All done
01:41:46: Texture: courier_new_9_75.png: Loading 1 faces(PF_A8R8G8B8,256x256x1) with 0 generated mipmaps from Image. Internal format is PF_A8R8G8B8,256x256x1.
01:41:47: Font BlueHighway using texture size 512x512
01:41:47: Info: Freetype returned null for character 127 in font BlueHighway
01:41:47: Info: Freetype returned null for character 128 in font BlueHighway
01:41:47: Info: Freetype returned null for character 129 in font BlueHighway
01:41:47: Info: Freetype returned null for character 130 in font BlueHighway
01:41:47: Info: Freetype returned null for character 131 in font BlueHighway
01:41:47: Info: Freetype returned null for character 132 in font BlueHighway
01:41:47: Info: Freetype returned null for character 133 in font BlueHighway
01:41:47: Info: Freetype returned null for character 134 in font BlueHighway
01:41:47: Info: Freetype returned null for character 135 in font BlueHighway
01:41:47: Info: Freetype returned null for character 136 in font BlueHighway
01:41:47: Info: Freetype returned null for character 137 in font BlueHighway
01:41:47: Info: Freetype returned null for character 138 in font BlueHighway
01:41:47: Info: Freetype returned null for character 139 in font BlueHighway
01:41:47: Info: Freetype returned null for character 140 in font BlueHighway
01:41:47: Info: Freetype returned null for character 141 in font BlueHighway
01:41:47: Info: Freetype returned null for character 142 in font BlueHighway
01:41:47: Info: Freetype returned null for character 143 in font BlueHighway
01:41:47: Info: Freetype returned null for character 144 in font BlueHighway
01:41:47: Info: Freetype returned null for character 145 in font BlueHighway
01:41:47: Info: Freetype returned null for character 146 in font BlueHighway
01:41:47: Info: Freetype returned null for character 147 in font BlueHighway
01:41:47: Info: Freetype returned null for character 148 in font BlueHighway
01:41:47: Info: Freetype returned null for character 149 in font BlueHighway
01:41:47: Info: Freetype returned null for character 150 in font BlueHighway
01:41:47: Info: Freetype returned null for character 151 in font BlueHighway
01:41:47: Info: Freetype returned null for character 152 in font BlueHighway
01:41:47: Info: Freetype returned null for character 153 in font BlueHighway
01:41:47: Info: Freetype returned null for character 154 in font BlueHighway
01:41:47: Info: Freetype returned null for character 155 in font BlueHighway
01:41:47: Info: Freetype returned null for character 156 in font BlueHighway
01:41:47: Info: Freetype returned null for character 157 in font BlueHighway
01:41:47: Info: Freetype returned null for character 158 in font BlueHighway
01:41:47: Info: Freetype returned null for character 159 in font BlueHighway
01:41:47: Info: Freetype returned null for character 160 in font BlueHighway
01:41:47: Texture: BlueHighwayTexture: Loading 1 faces(PF_BYTE_LA,512x512x1) with 0 generated mipmaps from Image. Internal format is PF_BYTE_LA,512x512x1.
01:41:49: DefaultWorkQueue('Root') shutting down on thread 2794.
01:41:49: DefaultWorkQueue('Root')::WorkerFunc - thread 13b8 stopped.
01:41:49: DefaultWorkQueue('Root')::WorkerFunc - thread 2ba0 stopped.
01:41:49: *-*-* OGRE Shutdown
01:41:49: Unregistering ResourceManager for type Compositor
01:41:49: Unregistering ResourceManager for type Skeleton
01:41:49: Unregistering ResourceManager for type Mesh
01:41:49: Unregistering ResourceManager for type HighLevelGpuProgram
01:41:49: Uninstalling plugin: D3D9 RenderSystem
01:41:49: D3D9 device: 0x[0389F820] destroy. Releasing D3D9 texture: BlueHighwayTexture
01:41:49: Released D3D9 texture: BlueHighwayTexture
01:41:49: D3D9 device: 0x[0389F820] destroy. Releasing D3D9 texture: New_Ogre_Border_Center.png
01:41:49: Released D3D9 texture: New_Ogre_Border_Center.png
01:41:49: D3D9 device: 0x[0389F820] destroy. Releasing D3D9 texture: New_Ogre_Border.png
01:41:49: Released D3D9 texture: New_Ogre_Border.png
01:41:49: D3D9 device: 0x[0389F820] destroy. Releasing D3D9 texture: New_Ogre_Border_Break.png
01:41:49: Released D3D9 texture: New_Ogre_Border_Break.png
01:41:49: D3D9 device: 0x[0389F820] destroy. Releasing D3D9 texture: ogretext.png
01:41:49: Released D3D9 texture: ogretext.png
01:41:49: D3D9 : Shutting down cleanly.
01:41:49: Unregistering ResourceManager for type Texture
01:41:49: Unregistering ResourceManager for type GpuProgram
01:41:49: D3D9 : Direct3D9 Rendering Subsystem destroyed.
01:41:49: Plugin successfully uninstalled
01:41:49: Unloading library RenderSystem_Direct3D9.dll
01:41:49: Unregistering ResourceManager for type Material
