20:38:36: Creating resource group General
20:38:36: Creating resource group Internal
20:38:36: Creating resource group Autodetect
20:38:36: SceneManagerFactory for type 'DefaultSceneManager' registered.
20:38:36: Registering ResourceManager for type Material
20:38:36: Registering ResourceManager for type Mesh
20:38:36: Registering ResourceManager for type Skeleton
20:38:36: MovableObjectFactory for type 'ParticleSystem' registered.
20:38:36: OverlayElementFactory for type Panel registered.
20:38:36: OverlayElementFactory for type BorderPanel registered.
20:38:36: OverlayElementFactory for type TextArea registered.
20:38:36: Registering ResourceManager for type Font
20:38:36: ArchiveFactory for archive type FileSystem registered.
20:38:36: ArchiveFactory for archive type Zip registered.
20:38:36: ArchiveFactory for archive type EmbeddedZip registered.
20:38:36: DDS codec registering
20:38:36: FreeImage version: 3.15.3
20:38:36: This program uses FreeImage, a free, open source image library supporting all common bitmap formats. See http://freeimage.sourceforge.net for details
20:38:36: Supported formats: bmp,ico,jpg,jif,jpeg,jpe,jng,koa,iff,lbm,mng,pbm,pbm,pcd,pcx,pgm,pgm,png,ppm,ppm,ras,tga,targa,tif,tiff,wap,wbmp,wbm,psd,cut,xbm,xpm,gif,hdr,g3,sgi,exr,j2k,j2c,jp2,pfm,pct,pict,pic,3fr,arw,bay,bmq,cap,cine,cr2,crw,cs1,dc2,dcr,drf,dsc,dng,erf,fff,ia,iiq,k25,kc2,kdc,mdc,mef,mos,mrw,nef,nrw,orf,pef,ptx,pxn,qtk,raf,raw,rdc,rw2,rwl,rwz,sr2,srf,srw,sti
20:38:36: Registering ResourceManager for type HighLevelGpuProgram
20:38:36: Registering ResourceManager for type Compositor
20:38:36: MovableObjectFactory for type 'Entity' registered.
20:38:36: MovableObjectFactory for type 'Light' registered.
20:38:36: MovableObjectFactory for type 'BillboardSet' registered.
20:38:36: MovableObjectFactory for type 'ManualObject' registered.
20:38:36: MovableObjectFactory for type 'BillboardChain' registered.
20:38:36: MovableObjectFactory for type 'RibbonTrail' registered.
20:38:36: *-*-* OGRE Initialising
20:38:36: *-*-* Version 1.8.0 (Byatis)
20:38:36: Loading library RenderSystem_GL.dll
20:38:36: Installing plugin: GL RenderSystem
20:38:36: OpenGL Rendering Subsystem created.
20:38:37: Plugin successfully installed
20:38:37: CPU Identifier & Features
20:38:37: -------------------------
20:38:37:  *   CPU ID: GenuineIntel: Intel(R) Celeron(R) CPU 1000M @ 1.80GHz
20:38:37:  *      SSE: yes
20:38:37:  *     SSE2: yes
20:38:37:  *     SSE3: yes
20:38:37:  *      MMX: yes
20:38:37:  *   MMXEXT: yes
20:38:37:  *    3DNOW: no
20:38:37:  * 3DNOWEXT: no
20:38:37:  *     CMOV: yes
20:38:37:  *      TSC: yes
20:38:37:  *      FPU: yes
20:38:37:  *      PRO: yes
20:38:37:  *       HT: no
20:38:37: -------------------------
20:38:37: *** Starting Win32GL Subsystem ***
20:38:37: Registering ResourceManager for type Texture
20:38:37: GLRenderSystem::_createRenderWindow "QGearsWindow", 800x600 windowed  miscParams: title=FFVII Battle Model Exporter 
20:38:37: Created Win32Window 'QGearsWindow' : 816x639, 32bpp
20:38:37: GL_VERSION = 4.0.0 - Build 9.17.10.2867
20:38:37: GL_VENDOR = Intel
20:38:37: GL_RENDERER = Intel(R) HD Graphics
20:38:37: GL_EXTENSIONS = GL_EXT_blend_minmax GL_EXT_blend_subtract GL_EXT_blend_color GL_EXT_abgr GL_EXT_texture3D GL_EXT_clip_volume_hint GL_EXT_compiled_vertex_array GL_SGIS_texture_edge_clamp GL_SGIS_generate_mipmap GL_EXT_draw_range_elements GL_SGIS_texture_lod GL_EXT_rescale_normal GL_EXT_packed_pixels GL_EXT_texture_edge_clamp GL_EXT_separate_specular_color GL_ARB_multitexture GL_EXT_texture_env_combine GL_EXT_bgra GL_EXT_blend_func_separate GL_EXT_secondary_color GL_EXT_fog_coord GL_EXT_texture_env_add GL_ARB_texture_cube_map GL_ARB_transpose_matrix GL_ARB_texture_env_add GL_IBM_texture_mirrored_repeat GL_EXT_multi_draw_arrays GL_SUN_multi_draw_arrays GL_NV_blend_square GL_ARB_texture_compression GL_3DFX_texture_compression_FXT1 GL_EXT_texture_filter_anisotropic GL_ARB_texture_border_clamp GL_ARB_point_parameters GL_ARB_texture_env_combine GL_ARB_texture_env_dot3 GL_ARB_texture_env_crossbar GL_EXT_texture_compression_s3tc GL_ARB_shadow GL_ARB_window_pos GL_EXT_shadow_funcs GL_EXT_stencil_wrap GL_ARB_vertex_program GL_EXT_texture_rectangle GL_ARB_fragment_program GL_EXT_stencil_two_side GL_ATI_separate_stencil GL_ARB_vertex_buffer_object GL_EXT_texture_lod_bias GL_ARB_occlusion_query GL_ARB_fragment_shader GL_ARB_shader_objects GL_ARB_shading_language_100 GL_ARB_texture_non_power_of_two GL_ARB_vertex_shader GL_NV_texgen_reflection GL_ARB_point_sprite GL_ARB_fragment_program_shadow GL_EXT_blend_equation_separate GL_ARB_depth_texture GL_ARB_texture_rectangle GL_ARB_draw_buffers GL_ARB_color_buffer_float GL_ARB_half_float_pixel GL_ARB_texture_float GL_ARB_pixel_buffer_object GL_EXT_framebuffer_object GL_ARB_draw_instanced GL_ARB_half_float_vertex GL_ARB_occlusion_query2 GL_EXT_draw_buffers2 GL_WIN_swap_hint GL_EXT_texture_sRGB GL_ARB_multisample GL_EXT_packed_float GL_EXT_texture_shared_exponent GL_ARB_texture_rg GL_ARB_texture_compression_rgtc GL_NV_conditional_render GL_EXT_texture_swizzle GL_ARB_texture_gather GL_ARB_sync GL_ARB_framebuffer_sRGB GL_EXT_packed_depth_stencil GL_ARB_depth_buffer_float GL_EXT_transform_feedback GL_ARB_transform_feedback2 GL_ARB_draw_indirect GL_EXT_framebuffer_blit GL_EXT_framebuffer_multisample GL_ARB_framebuffer_object GL_EXT_texture_array GL_EXT_texture_integer GL_ARB_map_buffer_range GL_EXT_texture_snorm GL_ARB_blend_func_extended GL_INTEL_performance_queries GL_ARB_copy_buffer GL_ARB_sampler_objects GL_NV_primitive_restart GL_ARB_seamless_cube_map GL_ARB_uniform_buffer_object GL_ARB_depth_clamp GL_ARB_vertex_array_bgra GL_ARB_shader_bit_encoding GL_ARB_draw_buffers_blend GL_ARB_geometry_shader4 GL_ARB_texture_query_lod GL_ARB_explicit_attrib_location GL_ARB_draw_elements_base_vertex GL_ARB_instanced_arrays GL_ARB_fragment_coord_conventions GL_EXT_gpu_program_parameters GL_ARB_texture_buffer_object_rgb32 GL_ARB_compatibility GL_ARB_texture_rgb10_a2ui GL_ARB_texture_multisample GL_ARB_vertex_type_2_10_10_10_rev GL_ARB_timer_query GL_INTEL_map_texture GL_ARB_tessellation_shader GL_ARB_vertex_array_object GL_ARB_provoking_vertex GL_ARB_sample_shading GL_ARB_texture_cube_map_array GL_ARB_gpu_shader5 GL_ARB_gpu_shader_fp64 GL_ARB_shader_subroutine GL_ARB_transform_feedback3 
20:38:37: Supported WGL extensions: WGL_EXT_depth_float WGL_ARB_buffer_region WGL_ARB_extensions_string WGL_ARB_make_current_read WGL_ARB_pixel_format WGL_ARB_pbuffer WGL_EXT_extensions_string WGL_EXT_swap_control WGL_EXT_swap_control_tear WGL_ARB_multisample WGL_ARB_pixel_format_float WGL_ARB_framebuffer_sRGB WGL_ARB_create_context WGL_ARB_create_context_profile WGL_EXT_pixel_format_packed_float WGL_EXT_create_context_es2_profile 
20:38:37: ***************************
20:38:37: *** GL Renderer Started ***
20:38:37: ***************************
20:38:37: Registering ResourceManager for type GpuProgram
20:38:37: GLSL support detected
20:38:37: GL: Using GL_EXT_framebuffer_object for rendering to textures (best)
20:38:37: FBO PF_UNKNOWN depth/stencil support: D0S1 D0S4 D0S8 D0S16 D16S0 D24S0 D32S0 Packed-D24S8 
20:38:37: FBO PF_A8 depth/stencil support: D0S0 D0S1 D0S4 D0S8 D0S16 D16S0 D24S0 D32S0 Packed-D24S8 
20:38:37: FBO PF_R5G6B5 depth/stencil support: D0S0 D0S1 D0S4 D0S8 D0S16 D16S0 D24S0 D32S0 Packed-D24S8 
20:38:37: FBO PF_B5G6R5 depth/stencil support: D0S0 D0S1 D0S4 D0S8 D0S16 D16S0 D24S0 D32S0 Packed-D24S8 
20:38:37: FBO PF_R8G8B8 depth/stencil support: D0S0 D0S1 D0S4 D0S8 D0S16 D16S0 D24S0 D32S0 Packed-D24S8 
20:38:37: FBO PF_B8G8R8 depth/stencil support: D0S0 D0S1 D0S4 D0S8 D0S16 D16S0 D24S0 D32S0 Packed-D24S8 
20:38:37: FBO PF_A8R8G8B8 depth/stencil support: D0S0 D0S1 D0S4 D0S8 D0S16 D16S0 D24S0 D32S0 Packed-D24S8 
20:38:37: FBO PF_B8G8R8A8 depth/stencil support: D0S0 D0S1 D0S4 D0S8 D0S16 D16S0 D24S0 D32S0 Packed-D24S8 
20:38:37: FBO PF_A2R10G10B10 depth/stencil support: D0S0 D0S1 D0S4 D0S8 D0S16 D16S0 D24S0 D32S0 Packed-D24S8 
20:38:37: FBO PF_A2B10G10R10 depth/stencil support: D0S0 D0S1 D0S4 D0S8 D0S16 D16S0 D24S0 D32S0 Packed-D24S8 
20:38:37: FBO PF_FLOAT16_RGB depth/stencil support: D0S0 D0S1 D0S4 D0S8 D0S16 D16S0 D24S0 D32S0 Packed-D24S8 
20:38:37: FBO PF_FLOAT16_RGBA depth/stencil support: D0S0 D0S1 D0S4 D0S8 D0S16 D16S0 D24S0 D32S0 Packed-D24S8 
20:38:37: FBO PF_FLOAT32_RGB depth/stencil support: D0S0 D0S1 D0S4 D0S8 D0S16 D16S0 D24S0 D32S0 Packed-D24S8 
20:38:37: FBO PF_FLOAT32_RGBA depth/stencil support: D0S0 D0S1 D0S4 D0S8 D0S16 D16S0 D24S0 D32S0 Packed-D24S8 
20:38:37: FBO PF_X8R8G8B8 depth/stencil support: D0S0 D0S1 D0S4 D0S8 D0S16 D16S0 D24S0 D32S0 Packed-D24S8 
20:38:37: FBO PF_X8B8G8R8 depth/stencil support: D0S0 D0S1 D0S4 D0S8 D0S16 D16S0 D24S0 D32S0 Packed-D24S8 
20:38:37: FBO PF_SHORT_RGBA depth/stencil support: D0S0 D0S1 D0S4 D0S8 D0S16 D16S0 D24S0 D32S0 Packed-D24S8 
20:38:37: FBO PF_R3G3B2 depth/stencil support: D0S0 D0S1 D0S4 D0S8 D0S16 D16S0 D24S0 D32S0 Packed-D24S8 
20:38:37: FBO PF_SHORT_RGB depth/stencil support: D0S0 D0S1 D0S4 D0S8 D0S16 D16S0 D24S0 D32S0 Packed-D24S8 
20:38:37: [GL] : Valid FBO targets PF_UNKNOWN PF_A8 PF_R5G6B5 PF_B5G6R5 PF_R8G8B8 PF_B8G8R8 PF_A8R8G8B8 PF_B8G8R8A8 PF_A2R10G10B10 PF_A2B10G10R10 PF_FLOAT16_RGB PF_FLOAT16_RGBA PF_FLOAT32_RGB PF_FLOAT32_RGBA PF_X8R8G8B8 PF_X8B8G8R8 PF_SHORT_RGBA PF_R3G3B2 PF_SHORT_RGB 
20:38:37: RenderSystem capabilities
20:38:37: -------------------------
20:38:37: RenderSystem Name: OpenGL Rendering Subsystem
20:38:37: GPU Vendor: intel
20:38:37: Device Name: Intel(R) HD Graphics
20:38:37: Driver Version: 4.0.0.0
20:38:37:  * Fixed function pipeline: yes
20:38:37:  * Hardware generation of mipmaps: no
20:38:37:  * Texture blending: yes
20:38:37:  * Anisotropic texture filtering: yes
20:38:37:  * Dot product texture operation: yes
20:38:37:  * Cube mapping: yes
20:38:37:  * Hardware stencil buffer: yes
20:38:37:    - Stencil depth: 8
20:38:37:    - Two sided stencil support: yes
20:38:37:    - Wrap stencil values: yes
20:38:37:  * Hardware vertex / index buffers: yes
20:38:37:  * Vertex programs: yes
20:38:37:  * Number of floating-point constants for vertex programs: 256
20:38:37:  * Number of integer constants for vertex programs: 0
20:38:37:  * Number of boolean constants for vertex programs: 0
20:38:37:  * Fragment programs: yes
20:38:37:  * Number of floating-point constants for fragment programs: 256
20:38:37:  * Number of integer constants for fragment programs: 0
20:38:37:  * Number of boolean constants for fragment programs: 0
20:38:37:  * Geometry programs: no
20:38:37:  * Number of floating-point constants for geometry programs: 0
20:38:37:  * Number of integer constants for geometry programs: 0
20:38:37:  * Number of boolean constants for geometry programs: 0
20:38:37:  * Supported Shader Profiles: arbfp1 arbvp1 glsl
20:38:37:  * Texture Compression: yes
20:38:37:    - DXT: yes
20:38:37:    - VTC: no
20:38:37:    - PVRTC: no
20:38:37:  * Scissor Rectangle: yes
20:38:37:  * Hardware Occlusion Query: yes
20:38:37:  * User clip planes: yes
20:38:37:  * VET_UBYTE4 vertex element type: yes
20:38:37:  * Infinite far plane projection: yes
20:38:37:  * Hardware render-to-texture: yes
20:38:37:  * Floating point textures: yes
20:38:37:  * Non-power-of-two textures: yes
20:38:37:  * Volume textures: yes
20:38:37:  * Multiple Render Targets: 8
20:38:37:    - With different bit depths: yes
20:38:37:  * Point Sprites: yes
20:38:37:  * Extended point parameters: yes
20:38:37:  * Max Point Size: 255
20:38:37:  * Vertex texture fetch: yes
20:38:37:  * Number of world matrices: 0
20:38:37:  * Number of texture units: 16
20:38:37:  * Stencil buffer depth: 8
20:38:37:  * Number of vertex blend matrices: 0
20:38:37:    - Max vertex textures: 16
20:38:37:    - Vertex textures shared: yes
20:38:37:  * Render to Vertex Buffer : no
20:38:37:  * GL 1.5 without VBO workaround: no
20:38:37:  * Frame Buffer objects: yes
20:38:37:  * Frame Buffer objects (ARB extension): no
20:38:37:  * Frame Buffer objects (ATI extension): no
20:38:37:  * PBuffer support: yes
20:38:37:  * GL 1.5 without HW-occlusion workaround: no
20:38:37:  * Separate shader objects: no
20:38:37: DefaultWorkQueue('Root') initialising on thread 0x68d638.
20:38:37: DefaultWorkQueue('Root')::WorkerFunc - thread 0x3267078 starting.
20:38:37: DefaultWorkQueue('Root')::WorkerFunc - thread 0x3266f58 starting.
20:38:37: Particle Renderer Type 'billboard' registered
20:38:37: Added resource location './' of type 'FileSystem' to resource group 'General'
20:38:37: Added resource location './exported' of type 'FileSystem' to resource group 'General'
20:38:37: Creating resource group Bootstrap
20:38:37: Added resource location './data/OgreCore.zip' of type 'Zip' to resource group 'Bootstrap'
20:38:37: Parsing scripts for resource group Autodetect
20:38:37: Finished parsing scripts for resource group Autodetect
20:38:37: Creating resources for group Autodetect
20:38:37: All done
20:38:37: Parsing scripts for resource group Bootstrap
20:38:37: Parsing script OgreCore.material
20:38:37: Parsing script OgreProfiler.material
20:38:37: Parsing script Ogre.fontdef
20:38:37: Parsing script OgreDebugPanel.overlay
20:38:37: Texture: New_Ogre_Border_Center.png: Loading 1 faces(PF_A8R8G8B8,256x128x1) with 8 generated mipmaps from Image. Internal format is PF_A8R8G8B8,256x128x1.
20:38:37: Texture: New_Ogre_Border.png: Loading 1 faces(PF_A8R8G8B8,256x256x1) with 8 generated mipmaps from Image. Internal format is PF_A8R8G8B8,256x256x1.
20:38:37: Texture: New_Ogre_Border_Break.png: Loading 1 faces(PF_A8R8G8B8,32x32x1) with 5 generated mipmaps from Image. Internal format is PF_A8R8G8B8,32x32x1.
20:38:37: Texture: ogretext.png: Loading 1 faces(PF_A8R8G8B8,256x128x1) with 8 generated mipmaps from Image. Internal format is PF_A8R8G8B8,256x128x1.
20:38:37: Parsing script OgreLoadingPanel.overlay
20:38:37: Finished parsing scripts for resource group Bootstrap
20:38:37: Creating resources for group Bootstrap
20:38:37: All done
20:38:37: Parsing scripts for resource group General
20:38:37: Parsing script Ogre.fontdef
20:38:37: Finished parsing scripts for resource group General
20:38:37: Creating resources for group General
20:38:37: All done
20:38:37: Parsing scripts for resource group Internal
20:38:37: Finished parsing scripts for resource group Internal
20:38:37: Creating resources for group Internal
20:38:37: All done
20:38:37: *** Initializing OIS ***
20:38:38: Exporting bones..
20:38:38: Bones exported.
20:38:38: Exporting animations, count=1
20:38:38: Exporting animation: Idle
20:38:38: Animation exported.
20:38:38: Skeleton: Loading models/ffvii/battle/units/cloud.skeleton
20:38:38: MeshSerializer writing mesh data to stream ...
20:38:38: File header written.
20:38:38: Writing mesh data...
20:38:38: Writing submesh...
20:38:38: Exporting submesh texture aliases...
20:38:38: Submesh texture aliases exported.
20:38:38: Exporting dedicated geometry bone assignments...
20:38:38: Dedicated geometry bone assignments exported.
20:38:38: Submesh exported.
20:38:38: Writing submesh...
20:38:38: Exporting submesh texture aliases...
20:38:38: Submesh texture aliases exported.
20:38:38: Exporting dedicated geometry bone assignments...
20:38:38: Dedicated geometry bone assignments exported.
20:38:38: Submesh exported.
20:38:38: Writing submesh...
20:38:38: Exporting submesh texture aliases...
20:38:38: Submesh texture aliases exported.
20:38:38: Exporting dedicated geometry bone assignments...
20:38:38: Dedicated geometry bone assignments exported.
20:38:38: Submesh exported.
20:38:38: Writing submesh...
20:38:38: Exporting submesh texture aliases...
20:38:38: Submesh texture aliases exported.
20:38:38: Exporting dedicated geometry bone assignments...
20:38:38: Dedicated geometry bone assignments exported.
20:38:38: Submesh exported.
20:38:38: Writing submesh...
20:38:38: Exporting submesh texture aliases...
20:38:38: Submesh texture aliases exported.
20:38:38: Exporting dedicated geometry bone assignments...
20:38:38: Dedicated geometry bone assignments exported.
20:38:38: Submesh exported.
20:38:38: Writing submesh...
20:38:38: Exporting submesh texture aliases...
20:38:38: Submesh texture aliases exported.
20:38:38: Exporting dedicated geometry bone assignments...
20:38:38: Dedicated geometry bone assignments exported.
20:38:38: Submesh exported.
20:38:38: Writing submesh...
20:38:38: Exporting submesh texture aliases...
20:38:38: Submesh texture aliases exported.
20:38:38: Exporting dedicated geometry bone assignments...
20:38:38: Dedicated geometry bone assignments exported.
20:38:38: Submesh exported.
20:38:38: Writing submesh...
20:38:38: Exporting submesh texture aliases...
20:38:38: Submesh texture aliases exported.
20:38:38: Exporting dedicated geometry bone assignments...
20:38:38: Dedicated geometry bone assignments exported.
20:38:38: Submesh exported.
20:38:38: Writing submesh...
20:38:38: Exporting submesh texture aliases...
20:38:38: Submesh texture aliases exported.
20:38:38: Exporting dedicated geometry bone assignments...
20:38:38: Dedicated geometry bone assignments exported.
20:38:38: Submesh exported.
20:38:38: Writing submesh...
20:38:38: Exporting submesh texture aliases...
20:38:38: Submesh texture aliases exported.
20:38:38: Exporting dedicated geometry bone assignments...
20:38:38: Dedicated geometry bone assignments exported.
20:38:38: Submesh exported.
20:38:38: Writing submesh...
20:38:38: Exporting submesh texture aliases...
20:38:38: Submesh texture aliases exported.
20:38:38: Exporting dedicated geometry bone assignments...
20:38:38: Dedicated geometry bone assignments exported.
20:38:38: Submesh exported.
20:38:38: Writing submesh...
20:38:38: Exporting submesh texture aliases...
20:38:38: Submesh texture aliases exported.
20:38:38: Exporting dedicated geometry bone assignments...
20:38:38: Dedicated geometry bone assignments exported.
20:38:38: Submesh exported.
20:38:38: Writing submesh...
20:38:38: Exporting submesh texture aliases...
20:38:38: Submesh texture aliases exported.
20:38:38: Exporting dedicated geometry bone assignments...
20:38:38: Dedicated geometry bone assignments exported.
20:38:38: Submesh exported.
20:38:38: Writing submesh...
20:38:38: Exporting submesh texture aliases...
20:38:38: Submesh texture aliases exported.
20:38:38: Exporting dedicated geometry bone assignments...
20:38:38: Dedicated geometry bone assignments exported.
20:38:38: Submesh exported.
20:38:38: Writing submesh...
20:38:38: Exporting submesh texture aliases...
20:38:38: Submesh texture aliases exported.
20:38:38: Exporting dedicated geometry bone assignments...
20:38:38: Dedicated geometry bone assignments exported.
20:38:38: Submesh exported.
20:38:38: Writing submesh...
20:38:38: Exporting submesh texture aliases...
20:38:38: Submesh texture aliases exported.
20:38:38: Exporting dedicated geometry bone assignments...
20:38:38: Dedicated geometry bone assignments exported.
20:38:38: Submesh exported.
20:38:38: Writing submesh...
20:38:38: Exporting submesh texture aliases...
20:38:38: Submesh texture aliases exported.
20:38:38: Exporting dedicated geometry bone assignments...
20:38:38: Dedicated geometry bone assignments exported.
20:38:38: Submesh exported.
20:38:38: Writing submesh...
20:38:38: Exporting submesh texture aliases...
20:38:38: Submesh texture aliases exported.
20:38:38: Exporting dedicated geometry bone assignments...
20:38:38: Dedicated geometry bone assignments exported.
20:38:38: Submesh exported.
20:38:38: Exporting skeleton link...
20:38:38: Skeleton link exported.
20:38:38: Exporting bounds information....
20:38:38: Bounds information exported.
20:38:38: Exporting submesh name table...
20:38:38: Submesh name table exported.
20:38:38: Mesh data exported.
20:38:38: MeshSerializer export successful.
20:38:38: MaterialSerializer : writing material ffvii/battle_model/cloud to queue.
20:38:38: MaterialSerializer : parsing texture layer.
20:38:38: MaterialSerializer : done.
20:38:38: MaterialSerializer : writing material(s) to material script : exported/models/ffvii/battle/units/cloud.material
20:38:38: MaterialSerializer : done.
20:38:38: Mesh: Loading models/ffvii/battle/units/cloud.mesh.
20:38:38: Texture: models/ffvii/battle/units/cloud.png: Loading 1 faces(PF_A8R8G8B8,1024x256x1) with 10 generated mipmaps from Image. Internal format is PF_A8R8G8B8,1024x256x1.
20:38:38: Exporting bones..
20:38:38: Bones exported.
20:38:38: Exporting animations, count=10
20:38:38: Exporting animation: Hurt
20:38:38: Animation exported.
20:38:38: Exporting animation: Idle
20:38:38: Animation exported.
20:38:38: Exporting animation: MachineGun1
20:38:38: Animation exported.
20:38:38: Exporting animation: MachineGun2
20:38:38: Animation exported.
20:38:38: Exporting animation: MachineGun3
20:38:38: Animation exported.
20:38:38: Exporting animation: MachineGun4
20:38:38: Animation exported.
20:38:38: Exporting animation: Tonfa1
20:38:38: Animation exported.
20:38:38: Exporting animation: Tonfa2
20:38:38: Animation exported.
20:38:38: Exporting animation: Tonfa3
20:38:38: Animation exported.
20:38:38: Exporting animation: Tonfa4
20:38:38: Animation exported.
20:38:38: Skeleton: Loading models/ffvii/battle/units/mp.skeleton
20:38:38: MeshSerializer writing mesh data to stream ...
20:38:38: File header written.
20:38:38: Writing mesh data...
20:38:38: Writing submesh...
20:38:38: Exporting submesh texture aliases...
20:38:38: Submesh texture aliases exported.
20:38:38: Exporting dedicated geometry bone assignments...
20:38:38: Dedicated geometry bone assignments exported.
20:38:38: Submesh exported.
20:38:38: Writing submesh...
20:38:38: Exporting submesh texture aliases...
20:38:38: Submesh texture aliases exported.
20:38:38: Exporting dedicated geometry bone assignments...
20:38:38: Dedicated geometry bone assignments exported.
20:38:38: Submesh exported.
20:38:38: Writing submesh...
20:38:38: Exporting submesh texture aliases...
20:38:38: Submesh texture aliases exported.
20:38:38: Exporting dedicated geometry bone assignments...
20:38:38: Dedicated geometry bone assignments exported.
20:38:38: Submesh exported.
20:38:38: Writing submesh...
20:38:38: Exporting submesh texture aliases...
20:38:38: Submesh texture aliases exported.
20:38:38: Exporting dedicated geometry bone assignments...
20:38:38: Dedicated geometry bone assignments exported.
20:38:38: Submesh exported.
20:38:38: Writing submesh...
20:38:38: Exporting submesh texture aliases...
20:38:38: Submesh texture aliases exported.
20:38:38: Exporting dedicated geometry bone assignments...
20:38:38: Dedicated geometry bone assignments exported.
20:38:38: Submesh exported.
20:38:38: Writing submesh...
20:38:38: Exporting submesh texture aliases...
20:38:38: Submesh texture aliases exported.
20:38:38: Exporting dedicated geometry bone assignments...
20:38:38: Dedicated geometry bone assignments exported.
20:38:38: Submesh exported.
20:38:38: Writing submesh...
20:38:38: Exporting submesh texture aliases...
20:38:38: Submesh texture aliases exported.
20:38:38: Exporting dedicated geometry bone assignments...
20:38:38: Dedicated geometry bone assignments exported.
20:38:38: Submesh exported.
20:38:38: Writing submesh...
20:38:38: Exporting submesh texture aliases...
20:38:38: Submesh texture aliases exported.
20:38:38: Exporting dedicated geometry bone assignments...
20:38:38: Dedicated geometry bone assignments exported.
20:38:38: Submesh exported.
20:38:38: Writing submesh...
20:38:38: Exporting submesh texture aliases...
20:38:38: Submesh texture aliases exported.
20:38:38: Exporting dedicated geometry bone assignments...
20:38:38: Dedicated geometry bone assignments exported.
20:38:38: Submesh exported.
20:38:38: Writing submesh...
20:38:38: Exporting submesh texture aliases...
20:38:38: Submesh texture aliases exported.
20:38:38: Exporting dedicated geometry bone assignments...
20:38:38: Dedicated geometry bone assignments exported.
20:38:38: Submesh exported.
20:38:38: Writing submesh...
20:38:38: Exporting submesh texture aliases...
20:38:38: Submesh texture aliases exported.
20:38:38: Exporting dedicated geometry bone assignments...
20:38:38: Dedicated geometry bone assignments exported.
20:38:38: Submesh exported.
20:38:38: Writing submesh...
20:38:38: Exporting submesh texture aliases...
20:38:38: Submesh texture aliases exported.
20:38:38: Exporting dedicated geometry bone assignments...
20:38:38: Dedicated geometry bone assignments exported.
20:38:38: Submesh exported.
20:38:38: Writing submesh...
20:38:38: Exporting submesh texture aliases...
20:38:38: Submesh texture aliases exported.
20:38:38: Exporting dedicated geometry bone assignments...
20:38:38: Dedicated geometry bone assignments exported.
20:38:38: Submesh exported.
20:38:38: Writing submesh...
20:38:38: Exporting submesh texture aliases...
20:38:38: Submesh texture aliases exported.
20:38:38: Exporting dedicated geometry bone assignments...
20:38:38: Dedicated geometry bone assignments exported.
20:38:38: Submesh exported.
20:38:38: Writing submesh...
20:38:38: Exporting submesh texture aliases...
20:38:38: Submesh texture aliases exported.
20:38:38: Exporting dedicated geometry bone assignments...
20:38:38: Dedicated geometry bone assignments exported.
20:38:38: Submesh exported.
20:38:38: Writing submesh...
20:38:38: Exporting submesh texture aliases...
20:38:38: Submesh texture aliases exported.
20:38:38: Exporting dedicated geometry bone assignments...
20:38:38: Dedicated geometry bone assignments exported.
20:38:38: Submesh exported.
20:38:38: Writing submesh...
20:38:38: Exporting submesh texture aliases...
20:38:38: Submesh texture aliases exported.
20:38:38: Exporting dedicated geometry bone assignments...
20:38:38: Dedicated geometry bone assignments exported.
20:38:38: Submesh exported.
20:38:38: Writing submesh...
20:38:38: Exporting submesh texture aliases...
20:38:38: Submesh texture aliases exported.
20:38:38: Exporting dedicated geometry bone assignments...
20:38:38: Dedicated geometry bone assignments exported.
20:38:38: Submesh exported.
20:38:38: Writing submesh...
20:38:38: Exporting submesh texture aliases...
20:38:38: Submesh texture aliases exported.
20:38:38: Exporting dedicated geometry bone assignments...
20:38:38: Dedicated geometry bone assignments exported.
20:38:38: Submesh exported.
20:38:38: Writing submesh...
20:38:38: Exporting submesh texture aliases...
20:38:38: Submesh texture aliases exported.
20:38:38: Exporting dedicated geometry bone assignments...
20:38:38: Dedicated geometry bone assignments exported.
20:38:38: Submesh exported.
20:38:38: Exporting skeleton link...
20:38:38: Skeleton link exported.
20:38:38: Exporting bounds information....
20:38:38: Bounds information exported.
20:38:38: Exporting submesh name table...
20:38:38: Submesh name table exported.
20:38:38: Mesh data exported.
20:38:38: MeshSerializer export successful.
20:38:38: MaterialSerializer : writing material ffvii/battle_model/mp to queue.
20:38:38: MaterialSerializer : parsing texture layer.
20:38:38: MaterialSerializer : done.
20:38:38: MaterialSerializer : writing material(s) to material script : exported/models/ffvii/battle/units/mp.material
20:38:38: MaterialSerializer : done.
20:38:38: Mesh: Loading models/ffvii/battle/units/mp.mesh.
20:38:38: Texture: models/ffvii/battle/units/mp.png: Loading 1 faces(PF_R8G8B8,256x256x1) with 8 generated mipmaps from Image. Internal format is PF_X8R8G8B8,256x256x1.
20:38:38: MeshSerializer writing mesh data to stream ...
20:38:38: File header written.
20:38:38: Writing mesh data...
20:38:38: Writing submesh...
20:38:38: Exporting submesh texture aliases...
20:38:38: Submesh texture aliases exported.
20:38:38: Submesh exported.
20:38:38: Exporting bounds information....
20:38:38: Bounds information exported.
20:38:38: Exporting submesh name table...
20:38:38: Submesh name table exported.
20:38:38: Mesh data exported.
20:38:38: MeshSerializer export successful.
20:38:38: MaterialSerializer : writing material ffvii/battle_effect/machinegun_fire to queue.
20:38:38: MaterialSerializer : parsing texture layer.
20:38:38: MaterialSerializer : done.
20:38:38: MaterialSerializer : writing material(s) to material script : exported/models/ffvii/battle/effects/machinegun_fire.material
20:38:38: MaterialSerializer : done.
20:38:38: Mesh: Loading models/ffvii/battle/effects/machinegun_fire.mesh.
20:38:38: Texture: models/ffvii/battle/effects/machinegun_fire.png: Loading 1 faces(PF_R8G8B8,256x256x1) with 8 generated mipmaps from Image. Internal format is PF_X8R8G8B8,256x256x1.
20:38:38: Font BlueHighway using texture size 512x512
20:38:38: Info: Freetype returned null for character 127 in font BlueHighway
20:38:38: Info: Freetype returned null for character 128 in font BlueHighway
20:38:38: Info: Freetype returned null for character 129 in font BlueHighway
20:38:38: Info: Freetype returned null for character 130 in font BlueHighway
20:38:38: Info: Freetype returned null for character 131 in font BlueHighway
20:38:38: Info: Freetype returned null for character 132 in font BlueHighway
20:38:38: Info: Freetype returned null for character 133 in font BlueHighway
20:38:38: Info: Freetype returned null for character 134 in font BlueHighway
20:38:38: Info: Freetype returned null for character 135 in font BlueHighway
20:38:38: Info: Freetype returned null for character 136 in font BlueHighway
20:38:38: Info: Freetype returned null for character 137 in font BlueHighway
20:38:38: Info: Freetype returned null for character 138 in font BlueHighway
20:38:38: Info: Freetype returned null for character 139 in font BlueHighway
20:38:38: Info: Freetype returned null for character 140 in font BlueHighway
20:38:38: Info: Freetype returned null for character 141 in font BlueHighway
20:38:38: Info: Freetype returned null for character 142 in font BlueHighway
20:38:38: Info: Freetype returned null for character 143 in font BlueHighway
20:38:38: Info: Freetype returned null for character 144 in font BlueHighway
20:38:38: Info: Freetype returned null for character 145 in font BlueHighway
20:38:38: Info: Freetype returned null for character 146 in font BlueHighway
20:38:38: Info: Freetype returned null for character 147 in font BlueHighway
20:38:38: Info: Freetype returned null for character 148 in font BlueHighway
20:38:38: Info: Freetype returned null for character 149 in font BlueHighway
20:38:38: Info: Freetype returned null for character 150 in font BlueHighway
20:38:38: Info: Freetype returned null for character 151 in font BlueHighway
20:38:38: Info: Freetype returned null for character 152 in font BlueHighway
20:38:38: Info: Freetype returned null for character 153 in font BlueHighway
20:38:38: Info: Freetype returned null for character 154 in font BlueHighway
20:38:38: Info: Freetype returned null for character 155 in font BlueHighway
20:38:38: Info: Freetype returned null for character 156 in font BlueHighway
20:38:38: Info: Freetype returned null for character 157 in font BlueHighway
20:38:38: Info: Freetype returned null for character 158 in font BlueHighway
20:38:38: Info: Freetype returned null for character 159 in font BlueHighway
20:38:38: Info: Freetype returned null for character 160 in font BlueHighway
20:38:38: Texture: BlueHighwayTexture: Loading 1 faces(PF_BYTE_LA,512x512x1) with 0 generated mipmaps from Image. Internal format is PF_BYTE_LA,512x512x1.
