01:48:00: Creating resource group General
01:48:00: Creating resource group Internal
01:48:00: Creating resource group Autodetect
01:48:00: SceneManagerFactory for type 'DefaultSceneManager' registered.
01:48:00: Registering ResourceManager for type Material
01:48:00: Registering ResourceManager for type Mesh
01:48:00: Registering ResourceManager for type Skeleton
01:48:00: MovableObjectFactory for type 'ParticleSystem' registered.
01:48:00: OverlayElementFactory for type Panel registered.
01:48:00: OverlayElementFactory for type BorderPanel registered.
01:48:00: OverlayElementFactory for type TextArea registered.
01:48:00: Registering ResourceManager for type Font
01:48:00: ArchiveFactory for archive type FileSystem registered.
01:48:00: ArchiveFactory for archive type Zip registered.
01:48:00: DDS codec registering
01:48:00: FreeImage version: 3.13.1
01:48:00: This program uses FreeImage, a free, open source image library supporting all common bitmap formats. See http://freeimage.sourceforge.net for details
01:48:00: Supported formats: bmp,ico,jpg,jif,jpeg,jpe,jng,koa,iff,lbm,mng,pbm,pbm,pcd,pcx,pgm,pgm,png,ppm,ppm,ras,tga,targa,tif,tiff,wap,wbmp,wbm,psd,cut,xbm,xpm,gif,hdr,g3,sgi,exr,j2k,j2c,jp2,pfm,pct,pict,pic,bay,bmq,cr2,crw,cs1,dc2,dcr,dng,erf,fff,hdr,k25,kdc,mdc,mos,mrw,nef,orf,pef,pxn,raf,raw,rdc,sr2,srf,arw,3fr,cine,ia,kc2,mef,nrw,qtk,rw2,sti,drf,dsc,ptx,cap,iiq,rwz
01:48:00: Registering ResourceManager for type HighLevelGpuProgram
01:48:00: Registering ResourceManager for type Compositor
01:48:00: MovableObjectFactory for type 'Entity' registered.
01:48:00: MovableObjectFactory for type 'Light' registered.
01:48:00: MovableObjectFactory for type 'BillboardSet' registered.
01:48:00: MovableObjectFactory for type 'ManualObject' registered.
01:48:00: MovableObjectFactory for type 'BillboardChain' registered.
01:48:00: MovableObjectFactory for type 'RibbonTrail' registered.
01:48:00: *-*-* OGRE Initialising
01:48:00: *-*-* Version 1.7.2 (Cthugha)
01:48:00: Loading library RenderSystem_GL.dll
01:48:00: Installing plugin: GL RenderSystem
01:48:00: OpenGL Rendering Subsystem created.
01:48:01: Plugin successfully installed
01:48:01: CPU Identifier & Features
01:48:01: -------------------------
01:48:01:  *   CPU ID: GenuineIntel: Intel(R) Pentium(R) Dual  CPU  E2200  @ 2.20GHz
01:48:01:  *      SSE: yes
01:48:01:  *     SSE2: yes
01:48:01:  *     SSE3: yes
01:48:01:  *      MMX: yes
01:48:01:  *   MMXEXT: yes
01:48:01:  *    3DNOW: no
01:48:01:  * 3DNOWEXT: no
01:48:01:  *     CMOV: yes
01:48:01:  *      TSC: yes
01:48:01:  *      FPU: yes
01:48:01:  *      PRO: yes
01:48:01:  *       HT: no
01:48:01: -------------------------
01:48:01: *** Starting Win32GL Subsystem ***
01:48:01: GLRenderSystem::_createRenderWindow "QGearsWindow", 800x600 windowed  miscParams: title=Q-Gears v0.19 (1st alpha renew) 
01:48:01: Created Win32Window 'QGearsWindow' : 808x634, 32bpp
01:48:01: GL_VERSION = 4.2.11927 Compatibility Profile Context
01:48:01: GL_VENDOR = ATI Technologies Inc.
01:48:01: GL_RENDERER = ATI Radeon HD 5500 Series
01:48:01: GL_EXTENSIONS = GL_AMDX_debug_output GL_AMDX_vertex_shader_tessellator GL_AMD_conservative_depth GL_AMD_debug_output GL_AMD_depth_clamp_separate GL_AMD_draw_buffers_blend GL_AMD_multi_draw_indirect GL_AMD_name_gen_delete GL_AMD_performance_monitor GL_AMD_pinned_memory GL_AMD_query_buffer_object GL_AMD_sample_positions GL_AMD_seamless_cubemap_per_texture GL_AMD_shader_stencil_export GL_AMD_shader_trace GL_AMD_texture_cube_map_array GL_AMD_texture_texture4 GL_AMD_transform_feedback3_lines_triangles GL_AMD_vertex_shader_layer GL_AMD_vertex_shader_tessellator GL_AMD_vertex_shader_viewport_index GL_ARB_ES2_compatibility GL_ARB_base_instance GL_ARB_blend_func_extended GL_ARB_color_buffer_float GL_ARB_compressed_texture_pixel_storage GL_ARB_conservative_depth GL_ARB_copy_buffer GL_ARB_depth_buffer_float GL_ARB_depth_clamp GL_ARB_depth_texture GL_ARB_draw_buffers GL_ARB_draw_buffers_blend GL_ARB_draw_elements_base_vertex GL_ARB_draw_indirect GL_ARB_draw_instanced GL_ARB_explicit_attrib_location GL_ARB_fragment_coord_conventions GL_ARB_fragment_program GL_ARB_fragment_program_shadow GL_ARB_fragment_shader GL_ARB_framebuffer_object GL_ARB_framebuffer_sRGB GL_ARB_geometry_shader4 GL_ARB_get_program_binary GL_ARB_gpu_shader5 GL_ARB_gpu_shader_fp64 GL_ARB_half_float_pixel GL_ARB_half_float_vertex GL_ARB_imaging GL_ARB_instanced_arrays GL_ARB_internalformat_query GL_ARB_map_buffer_alignment GL_ARB_map_buffer_range GL_ARB_multisample GL_ARB_multitexture GL_ARB_occlusion_query GL_ARB_occlusion_query2 GL_ARB_pixel_buffer_object GL_ARB_point_parameters GL_ARB_point_sprite GL_ARB_provoking_vertex GL_ARB_sample_shading GL_ARB_sampler_objects GL_ARB_seamless_cube_map GL_ARB_separate_shader_objects GL_ARB_shader_atomic_counters GL_ARB_shader_bit_encoding GL_ARB_shader_image_load_store GL_ARB_shader_objects GL_ARB_shader_precision GL_ARB_shader_stencil_export GL_ARB_shader_subroutine GL_ARB_shader_texture_lod GL_ARB_shading_language_100 GL_ARB_shading_language_420pack GL_ARB_shading_language_packing GL_ARB_shadow GL_ARB_shadow_ambient GL_ARB_sync GL_ARB_tessellation_shader GL_ARB_texture_border_clamp GL_ARB_texture_buffer_object GL_ARB_texture_buffer_object_rgb32 GL_ARB_texture_compression GL_ARB_texture_compression_bptc GL_ARB_texture_compression_rgtc GL_ARB_texture_cube_map GL_ARB_texture_cube_map_array GL_ARB_texture_env_add GL_ARB_texture_env_combine GL_ARB_texture_env_crossbar GL_ARB_texture_env_dot3 GL_ARB_texture_float GL_ARB_texture_gather GL_ARB_texture_mirrored_repeat GL_ARB_texture_multisample GL_ARB_texture_non_power_of_two GL_ARB_texture_query_lod GL_ARB_texture_rectangle GL_ARB_texture_rg GL_ARB_texture_rgb10_a2ui GL_ARB_texture_snorm GL_ARB_texture_storage GL_ARB_timer_query GL_ARB_transform_feedback2 GL_ARB_transform_feedback3 GL_ARB_transform_feedback_instanced GL_ARB_transpose_matrix GL_ARB_uniform_buffer_object GL_ARB_vertex_array_bgra GL_ARB_vertex_array_object GL_ARB_vertex_attrib_64bit GL_ARB_vertex_buffer_object GL_ARB_vertex_program GL_ARB_vertex_shader GL_ARB_vertex_type_2_10_10_10_rev GL_ARB_viewport_array GL_ARB_window_pos GL_ATI_draw_buffers GL_ATI_envmap_bumpmap GL_ATI_fragment_shader GL_ATI_meminfo GL_ATI_separate_stencil GL_ATI_texture_compression_3dc GL_ATI_texture_env_combine3 GL_ATI_texture_float GL_ATI_texture_mirror_once GL_EXT_abgr GL_EXT_bgra GL_EXT_bindable_uniform GL_EXT_blend_color GL_EXT_blend_equation_separate GL_EXT_blend_func_separate GL_EXT_blend_minmax GL_EXT_blend_subtract GL_EXT_compiled_vertex_array GL_EXT_copy_buffer GL_EXT_copy_texture GL_EXT_direct_state_access GL_EXT_draw_buffers2 GL_EXT_draw_instanced GL_EXT_draw_range_elements GL_EXT_fog_coord GL_EXT_framebuffer_blit GL_EXT_framebuffer_multisample GL_EXT_framebuffer_object GL_EXT_framebuffer_sRGB GL_EXT_geometry_shader4 GL_EXT_gpu_program_parameters GL_EXT_gpu_shader4 GL_EXT_histogram GL_EXT_multi_draw_arrays GL_EXT_packed_depth_stencil GL_EXT_packed_float GL_EXT_packed_pixels GL_EXT_pixel_buffer_object GL_EXT_point_parameters GL_EXT_provoking_vertex GL_EXT_rescale_normal GL_EXT_secondary_color GL_EXT_separate_specular_color GL_EXT_shader_image_load_store GL_EXT_shadow_funcs GL_EXT_stencil_wrap GL_EXT_subtexture GL_EXT_texgen_reflection GL_EXT_texture3D GL_EXT_texture_array GL_EXT_texture_buffer_object GL_EXT_texture_compression_bptc GL_EXT_texture_compression_latc GL_EXT_texture_compression_rgtc GL_EXT_texture_compression_s3tc GL_EXT_texture_cube_map GL_EXT_texture_edge_clamp GL_EXT_texture_env_add GL_EXT_texture_env_combine GL_EXT_texture_env_dot3 GL_EXT_texture_filter_anisotropic GL_EXT_texture_integer GL_EXT_texture_lod GL_EXT_texture_lod_bias GL_EXT_texture_mirror_clamp GL_EXT_texture_object GL_EXT_texture_rectangle GL_EXT_texture_sRGB GL_EXT_texture_sRGB_decode GL_EXT_texture_shared_exponent GL_EXT_texture_snorm GL_EXT_texture_storage GL_EXT_texture_swizzle GL_EXT_timer_query GL_EXT_transform_feedback GL_EXT_vertex_array GL_EXT_vertex_array_bgra GL_EXT_vertex_attrib_64bit GL_IBM_texture_mirrored_repeat GL_KTX_buffer_region GL_NV_blend_square GL_NV_conditional_render GL_NV_copy_depth_to_color GL_NV_copy_image GL_NV_explicit_multisample GL_NV_float_buffer GL_NV_half_float GL_NV_primitive_restart GL_NV_texgen_reflection GL_NV_texture_barrier GL_SGIS_generate_mipmap GL_SGIS_texture_edge_clamp GL_SGIS_texture_lod GL_SUN_multi_draw_arrays GL_WIN_swap_hint WGL_EXT_swap_control
01:48:01: Supported WGL extensions: WGL_ARB_extensions_string WGL_ARB_pixel_format WGL_ATI_pixel_format_float WGL_ARB_pixel_format_float WGL_ARB_multisample WGL_EXT_swap_control WGL_ARB_pbuffer WGL_ARB_render_texture WGL_ARB_make_current_read WGL_EXT_extensions_string WGL_ARB_buffer_region WGL_EXT_framebuffer_sRGB WGL_ATI_render_texture_rectangle WGL_EXT_pixel_format_packed_float WGL_I3D_genlock WGL_NV_swap_group WGL_ARB_create_context WGL_AMD_gpu_association WGL_AMDX_gpu_association WGL_ARB_create_context_profile WGL_NV_float_buffer
01:48:01: ***************************
01:48:01: *** GL Renderer Started ***
01:48:01: ***************************
01:48:01: Registering ResourceManager for type GpuProgram
01:48:01: GLSL support detected
01:48:01: GL: Using GL_EXT_framebuffer_object for rendering to textures (best)
01:48:01: FBO PF_UNKNOWN depth/stencil support: D0S1 D0S4 D0S8 D0S16 D16S0 D24S0 D32S0 Packed-D24S8 
01:48:01: FBO PF_L8 depth/stencil support: D0S0 D0S1 D0S4 D0S8 D0S16 D16S0 D24S0 D32S0 Packed-D24S8 
01:48:01: FBO PF_L16 depth/stencil support: D0S0 D0S1 D0S4 D0S8 D0S16 D16S0 D24S0 D32S0 Packed-D24S8 
01:48:01: FBO PF_A8 depth/stencil support: D0S0 D0S1 D0S4 D0S8 D0S16 D16S0 D24S0 D32S0 Packed-D24S8 
01:48:01: FBO PF_A4L4 depth/stencil support: D0S0 D0S1 D0S4 D0S8 D0S16 D16S0 D24S0 D32S0 Packed-D24S8 
01:48:01: FBO PF_BYTE_LA depth/stencil support: D0S0 D0S1 D0S4 D0S8 D0S16 D16S0 D24S0 D32S0 Packed-D24S8 
01:48:01: FBO PF_R5G6B5 depth/stencil support: D0S0 D0S1 D0S4 D0S8 D0S16 D16S0 D24S0 D32S0 Packed-D24S8 
01:48:01: FBO PF_B5G6R5 depth/stencil support: D0S0 D0S1 D0S4 D0S8 D0S16 D16S0 D24S0 D32S0 Packed-D24S8 
01:48:01: FBO PF_A4R4G4B4 depth/stencil support: D0S0 D0S1 D0S4 D0S8 D0S16 D16S0 D24S0 D32S0 Packed-D24S8 
01:48:01: FBO PF_A1R5G5B5 depth/stencil support: D0S0 D0S1 D0S4 D0S8 D0S16 D16S0 D24S0 D32S0 Packed-D24S8 
01:48:01: FBO PF_R8G8B8 depth/stencil support: D0S0 D0S1 D0S4 D0S8 D0S16 D16S0 D24S0 D32S0 Packed-D24S8 
01:48:01: FBO PF_B8G8R8 depth/stencil support: D0S0 D0S1 D0S4 D0S8 D0S16 D16S0 D24S0 D32S0 Packed-D24S8 
01:48:01: FBO PF_A8R8G8B8 depth/stencil support: D0S0 D0S1 D0S4 D0S8 D0S16 D16S0 D24S0 D32S0 Packed-D24S8 
01:48:01: FBO PF_B8G8R8A8 depth/stencil support: D0S0 D0S1 D0S4 D0S8 D0S16 D16S0 D24S0 D32S0 Packed-D24S8 
01:48:01: FBO PF_A2R10G10B10 depth/stencil support: D0S0 D0S1 D0S4 D0S8 D0S16 D16S0 D24S0 D32S0 Packed-D24S8 
01:48:01: FBO PF_A2B10G10R10 depth/stencil support: D0S0 D0S1 D0S4 D0S8 D0S16 D16S0 D24S0 D32S0 Packed-D24S8 
01:48:01: FBO PF_FLOAT16_RGB depth/stencil support: D0S0 D0S1 D0S4 D0S8 D0S16 D16S0 D24S0 D32S0 Packed-D24S8 
01:48:01: FBO PF_FLOAT16_RGBA depth/stencil support: D0S0 D0S1 D0S4 D0S8 D0S16 D16S0 D24S0 D32S0 Packed-D24S8 
01:48:01: FBO PF_FLOAT32_RGB depth/stencil support: D0S0 D0S1 D0S4 D0S8 D0S16 D16S0 D24S0 D32S0 Packed-D24S8 
01:48:01: FBO PF_FLOAT32_RGBA depth/stencil support: D0S0 D0S1 D0S4 D0S8 D0S16 D16S0 D24S0 D32S0 Packed-D24S8 
01:48:01: FBO PF_X8R8G8B8 depth/stencil support: D0S0 D0S1 D0S4 D0S8 D0S16 D16S0 D24S0 D32S0 Packed-D24S8 
01:48:01: FBO PF_X8B8G8R8 depth/stencil support: D0S0 D0S1 D0S4 D0S8 D0S16 D16S0 D24S0 D32S0 Packed-D24S8 
01:48:01: FBO PF_SHORT_RGBA depth/stencil support: D0S0 D0S1 D0S4 D0S8 D0S16 D16S0 D24S0 D32S0 Packed-D24S8 
01:48:01: FBO PF_R3G3B2 depth/stencil support: D0S0 D0S1 D0S4 D0S8 D0S16 D16S0 D24S0 D32S0 Packed-D24S8 
01:48:01: FBO PF_FLOAT16_R depth/stencil support: D0S0 D0S1 D0S4 D0S8 D0S16 D16S0 D24S0 D32S0 Packed-D24S8 
01:48:01: FBO PF_FLOAT32_R depth/stencil support: D0S0 D0S1 D0S4 D0S8 D0S16 D16S0 D24S0 D32S0 Packed-D24S8 
01:48:01: FBO PF_SHORT_GR depth/stencil support: D0S0 D0S1 D0S4 D0S8 D0S16 D16S0 D24S0 D32S0 Packed-D24S8 
01:48:01: FBO PF_FLOAT16_GR depth/stencil support: D0S0 D0S1 D0S4 D0S8 D0S16 D16S0 D24S0 D32S0 Packed-D24S8 
01:48:01: FBO PF_FLOAT32_GR depth/stencil support: D0S0 D0S1 D0S4 D0S8 D0S16 D16S0 D24S0 D32S0 Packed-D24S8 
01:48:01: FBO PF_SHORT_RGB depth/stencil support: D0S0 D0S1 D0S4 D0S8 D0S16 D16S0 D24S0 D32S0 Packed-D24S8 
01:48:01: [GL] : Valid FBO targets PF_UNKNOWN PF_L8 PF_L16 PF_A8 PF_A4L4 PF_BYTE_LA PF_R5G6B5 PF_B5G6R5 PF_A4R4G4B4 PF_A1R5G5B5 PF_R8G8B8 PF_B8G8R8 PF_A8R8G8B8 PF_B8G8R8A8 PF_A2R10G10B10 PF_A2B10G10R10 PF_FLOAT16_RGB PF_FLOAT16_RGBA PF_FLOAT32_RGB PF_FLOAT32_RGBA PF_X8R8G8B8 PF_X8B8G8R8 PF_SHORT_RGBA PF_R3G3B2 PF_FLOAT16_R PF_FLOAT32_R PF_SHORT_GR PF_FLOAT16_GR PF_FLOAT32_GR PF_SHORT_RGB 
01:48:01: RenderSystem capabilities
01:48:01: -------------------------
01:48:01: RenderSystem Name: OpenGL Rendering Subsystem
01:48:01: GPU Vendor: ati
01:48:01: Device Name: ATI Radeon HD 5500 Series
01:48:01: Driver Version: 4.2.11927.0
01:48:01:  * Fixed function pipeline: yes
01:48:01:  * Hardware generation of mipmaps: yes
01:48:01:  * Texture blending: yes
01:48:01:  * Anisotropic texture filtering: yes
01:48:01:  * Dot product texture operation: yes
01:48:01:  * Cube mapping: yes
01:48:01:  * Hardware stencil buffer: yes
01:48:01:    - Stencil depth: 8
01:48:01:    - Two sided stencil support: yes
01:48:01:    - Wrap stencil values: yes
01:48:01:  * Hardware vertex / index buffers: yes
01:48:01:  * Vertex programs: yes
01:48:01:  * Number of floating-point constants for vertex programs: 256
01:48:01:  * Number of integer constants for vertex programs: 0
01:48:01:  * Number of boolean constants for vertex programs: 0
01:48:01:  * Fragment programs: yes
01:48:01:  * Number of floating-point constants for fragment programs: 256
01:48:01:  * Number of integer constants for fragment programs: 0
01:48:01:  * Number of boolean constants for fragment programs: 0
01:48:01:  * Geometry programs: yes
01:48:01:  * Number of floating-point constants for geometry programs: 256
01:48:01:  * Number of integer constants for geometry programs: 0
01:48:01:  * Number of boolean constants for geometry programs: 0
01:48:01:  * Supported Shader Profiles: arbfp1 arbvp1 glsl gp4gp gpu_gp nvgp4 ps_1_1 ps_1_2 ps_1_3 ps_1_4
01:48:01:  * Texture Compression: yes
01:48:01:    - DXT: yes
01:48:01:    - VTC: no
01:48:01:    - PVRTC: no
01:48:01:  * Scissor Rectangle: yes
01:48:01:  * Hardware Occlusion Query: yes
01:48:01:  * User clip planes: yes
01:48:01:  * VET_UBYTE4 vertex element type: yes
01:48:01:  * Infinite far plane projection: yes
01:48:01:  * Hardware render-to-texture: yes
01:48:01:  * Floating point textures: yes
01:48:01:  * Non-power-of-two textures: yes
01:48:01:  * Volume textures: yes
01:48:01:  * Multiple Render Targets: 8
01:48:01:    - With different bit depths: yes
01:48:01:  * Point Sprites: yes
01:48:01:  * Extended point parameters: yes
01:48:01:  * Max Point Size: 8192
01:48:01:  * Vertex texture fetch: yes
01:48:01:  * Number of world matrices: 0
01:48:01:  * Number of texture units: 16
01:48:01:  * Stencil buffer depth: 8
01:48:01:  * Number of vertex blend matrices: 0
01:48:01:    - Max vertex textures: 16
01:48:01:    - Vertex textures shared: yes
01:48:01:  * Render to Vertex Buffer : no
01:48:01:  * GL 1.5 without VBO workaround: no
01:48:01:  * Frame Buffer objects: yes
01:48:01:  * Frame Buffer objects (ARB extension): no
01:48:01:  * Frame Buffer objects (ATI extension): no
01:48:01:  * PBuffer support: yes
01:48:01:  * GL 1.5 without HW-occlusion workaround: no
01:48:01: Registering ResourceManager for type Texture
01:48:01: DefaultWorkQueue('Root') initialising on thread 0x244d80.
01:48:01: DefaultWorkQueue('Root')::WorkerFunc - thread 0x250a60 starting.
01:48:01: Particle Renderer Type 'billboard' registered
01:48:01: DefaultWorkQueue('Root')::WorkerFunc - thread 0x25bfa0 starting.
01:48:01: MovableObjectFactory for type 'QgearsParticleSystem' registered.
01:48:01: ParticleUniverse: Particle Emitter Type 'Point' registered.
01:48:01: ParticleUniverse: Particle Renderer Type 'Entity' registered
01:48:01: Creating resource group Game
01:48:01: Added resource location './data' of type 'FileSystem' to resource group 'Game' with recursive option
01:48:01: Initialising resource group Game
01:48:01: Parsing scripts for resource group Game
01:48:01: Parsing script models/battle/stages/reactor_1.material
01:48:01: Parsing script models/battle/units/first_ray.material
01:48:01: Parsing script models/battle/units/grunt.material
01:48:01: Parsing script models/battle/units/guard_hound.material
01:48:01: Parsing script models/battle/units/guard_scorpion.material
01:48:01: Parsing script models/battle/units/mono_drive.material
01:48:01: Parsing script models/battle/units/mp.material
01:48:01: Parsing script models/battle/units/sweeper.material
01:48:01: Parsing script models/field/units/cloud.material
01:48:01: Parsing script models/field/units/treasure_chest.material
01:48:01: Parsing script system/system.material
01:48:01: Parsing script system/system.fontdef
01:48:01: Finished parsing scripts for resource group Game
01:48:01: Texture: system/courier_new_9_75.png: Loading 1 faces(PF_A8R8G8B8,256x256x1) with  hardware generated mipmaps from Image. Internal format is PF_A8R8G8B8,256x256x1.
01:48:01: CameraManager started.
01:48:01: Creating viewport on target 'QGearsWindow', rendering from camera 'Camera', relative dimensions 4L: 0 T: 0 W: 1 H: 1 ZOrder: 0
01:48:01: Viewport for camera 'Camera', actual dimensions 4L: 0 T: 0 W: 800 H: 600
01:48:01: EntityManager created.
01:48:01: Mesh: Loading system/grid.mesh.
01:48:01: Mesh: Loading system/axis.mesh.
01:48:01: Created console width 800, height 240
01:48:01: Texture: system/console.png: Loading 1 faces(PF_R8G8B8,1x480x1) with 8 hardware generated mipmaps from Image. Internal format is PF_X8R8G8B8,1x480x1.
01:48:01: ScriptManager started.
01:48:01: camera_speed changed to "0.05".
01:48:01: Mesh: Loading models/field/units/cloud.mesh.
01:48:01: Skeleton: Loading models/field/units/cloud.skeleton
01:48:01: Texture: models/field/units/cloud.png: Loading 1 faces(PF_A8R8G8B8,512x256x1) with  hardware generated mipmaps from Image. Internal format is PF_A8R8G8B8,512x256x1.
01:48:01: Mesh: Loading models/field/units/treasure_chest.mesh.
01:48:01: Skeleton: Loading models/field/units/treasure_chest.skeleton
01:48:01: Texture: models/field/units/treasure_chest.png: Loading 1 faces(PF_A8R8G8B8,512x256x1) with  hardware generated mipmaps from Image. Internal format is PF_A8R8G8B8,512x256x1.
01:48:03: DefaultWorkQueue('Root') shutting down on thread 0x244d80.
01:48:03: DefaultWorkQueue('Root')::WorkerFunc - thread 0x25bfa0 stopped.
01:48:03: DefaultWorkQueue('Root')::WorkerFunc - thread 0x250a60 stopped.
01:48:03: *-*-* OGRE Shutdown
01:48:03: Unregistering ResourceManager for type Compositor
01:48:03: Unregistering ResourceManager for type Font
01:48:03: Unregistering ResourceManager for type Skeleton
01:48:03: Unregistering ResourceManager for type Mesh
01:48:03: Unregistering ResourceManager for type HighLevelGpuProgram
01:48:03: Uninstalling plugin: GL RenderSystem
01:48:03: Unregistering ResourceManager for type GpuProgram
01:48:03: *** Stopping Win32GL Subsystem ***
01:48:03: Unregistering ResourceManager for type Texture
01:48:03: Plugin successfully uninstalled
01:48:03: Unloading library RenderSystem_GL.dll
01:48:03: Unregistering ResourceManager for type Material
