01:40:13: Creating resource group General
01:40:13: Creating resource group Internal
01:40:13: Creating resource group Autodetect
01:40:13: SceneManagerFactory for type 'DefaultSceneManager' registered.
01:40:13: Registering ResourceManager for type Material
01:40:13: Registering ResourceManager for type Mesh
01:40:13: Registering ResourceManager for type Skeleton
01:40:13: MovableObjectFactory for type 'ParticleSystem' registered.
01:40:13: OverlayElementFactory for type Panel registered.
01:40:13: OverlayElementFactory for type BorderPanel registered.
01:40:13: OverlayElementFactory for type TextArea registered.
01:40:13: Registering ResourceManager for type Font
01:40:13: ArchiveFactory for archive type FileSystem registered.
01:40:13: ArchiveFactory for archive type Zip registered.
01:40:13: FreeImage version: 3.9.3
01:40:13: This program uses FreeImage, a free, open source image library supporting all common bitmap formats. See http://freeimage.sourceforge.net for details
01:40:13: Supported formats: bmp,ico,jpg,jif,jpeg,jpe,jng,koa,iff,lbm,mng,pbm,pbm,pcd,pcx,pgm,pgm,png,ppm,ppm,ras,tga,targa,tif,tiff,wap,wbmp,wbm,psd,cut,xbm,xpm,gif,hdr,g3,sgi
01:40:13: DDS codec registering
01:40:13: Registering ResourceManager for type HighLevelGpuProgram
01:40:13: Registering ResourceManager for type Compositor
01:40:13: MovableObjectFactory for type 'Entity' registered.
01:40:13: MovableObjectFactory for type 'Light' registered.
01:40:13: MovableObjectFactory for type 'BillboardSet' registered.
01:40:13: MovableObjectFactory for type 'ManualObject' registered.
01:40:13: MovableObjectFactory for type 'BillboardChain' registered.
01:40:13: MovableObjectFactory for type 'RibbonTrail' registered.
01:40:13: Loading library .\RenderSystem_Direct3D9
01:40:13: Installing plugin: D3D9 RenderSystem
01:40:13: D3D9 : Direct3D9 Rendering Subsystem created.
01:40:13: D3D9: Driver Detection Starts
01:40:13: D3D9: Driver Detection Ends
01:40:13: Plugin successfully installed
01:40:13: Loading library .\RenderSystem_GL
01:40:13: Installing plugin: GL RenderSystem
01:40:13: OpenGL Rendering Subsystem created.
01:40:14: Plugin successfully installed
01:40:14: *-*-* OGRE Initialising
01:40:14: *-*-* Version 1.4.0 (Eihort)
01:40:14: OGRE EXCEPTION(6:FileNotFoundException): 'q-gears.cfg' file not found! in ConfigFile::load at C:\SoftwareDevelopment\C++\MinGW\ogrenew_HEAD_clean\OgreMain\src\OgreConfigFile.cpp (line 84)
01:40:14: OGRE EXCEPTION(6:FileNotFoundException): 'q-gears.cfg' file not found! in ConfigFile::load at C:\SoftwareDevelopment\C++\MinGW\ogrenew_HEAD_clean\OgreMain\src\OgreConfigFile.cpp (line 84)
01:40:22: D3D9 : RenderSystem Option: Full Screen = No
01:40:24: CPU Identifier & Features
01:40:24: -------------------------
01:40:24:  *   CPU ID: GenuineIntel: Intel(R) Pentium(R) Dual  CPU  E2200  @ 2.20GHz
01:40:24:  *      SSE: yes
01:40:24:  *     SSE2: yes
01:40:24:  *     SSE3: yes
01:40:24:  *      MMX: yes
01:40:24:  *   MMXEXT: yes
01:40:24:  *    3DNOW: no
01:40:24:  * 3DNOWEXT: no
01:40:24:  *     CMOV: yes
01:40:24:  *      TSC: yes
01:40:24:  *      FPU: yes
01:40:24:  *      PRO: yes
01:40:24:  *       HT: no
01:40:24: -------------------------
01:40:24: D3D9 : Subsystem Initialising
01:40:24: D3D9RenderSystem::createRenderWindow "Test", 800x600 windowed  miscParams: FSAA=0 FSAAQuality=0 colourDepth=32 useNVPerfHUD=false vsync=false 
01:40:24: D3D9 : Created D3D9 Rendering Window 'Test' : 800x600, 32bpp
01:40:24: D3D9 : WARNING - disabling VSync in windowed mode can cause timing issues at lower frame rates, turn VSync on if you observe this problem.
01:40:24: Registering ResourceManager for type Texture
01:40:24: Registering ResourceManager for type GpuProgram
01:40:24: Multiple render targets with independent bit depths supported
01:40:24: D3D9: Vertex texture format supported - PF_L8
01:40:24: D3D9: Vertex texture format supported - PF_L16
01:40:24: D3D9: Vertex texture format supported - PF_A8
01:40:24: D3D9: Vertex texture format supported - PF_A4L4
01:40:24: D3D9: Vertex texture format supported - PF_BYTE_LA
01:40:24: D3D9: Vertex texture format supported - PF_R5G6B5
01:40:24: D3D9: Vertex texture format supported - PF_B5G6R5
01:40:24: D3D9: Vertex texture format supported - PF_A4R4G4B4
01:40:24: D3D9: Vertex texture format supported - PF_A1R5G5B5
01:40:24: D3D9: Vertex texture format supported - PF_A8R8G8B8
01:40:24: D3D9: Vertex texture format supported - PF_B8G8R8A8
01:40:24: D3D9: Vertex texture format supported - PF_A2R10G10B10
01:40:24: D3D9: Vertex texture format supported - PF_A2B10G10R10
01:40:24: D3D9: Vertex texture format supported - PF_DXT1
01:40:24: D3D9: Vertex texture format supported - PF_DXT2
01:40:24: D3D9: Vertex texture format supported - PF_DXT3
01:40:24: D3D9: Vertex texture format supported - PF_DXT4
01:40:24: D3D9: Vertex texture format supported - PF_DXT5
01:40:24: D3D9: Vertex texture format supported - PF_FLOAT16_RGB
01:40:24: D3D9: Vertex texture format supported - PF_FLOAT16_RGBA
01:40:24: D3D9: Vertex texture format supported - PF_FLOAT32_RGB
01:40:24: D3D9: Vertex texture format supported - PF_FLOAT32_RGBA
01:40:24: D3D9: Vertex texture format supported - PF_X8R8G8B8
01:40:24: D3D9: Vertex texture format supported - PF_X8B8G8R8
01:40:24: D3D9: Vertex texture format supported - PF_R8G8B8A8
01:40:24: D3D9: Vertex texture format supported - PF_DEPTH
01:40:24: D3D9: Vertex texture format supported - PF_SHORT_RGBA
01:40:24: D3D9: Vertex texture format supported - PF_FLOAT16_R
01:40:24: D3D9: Vertex texture format supported - PF_FLOAT32_R
01:40:24: D3D9: Vertex texture format supported - PF_SHORT_GR
01:40:24: D3D9: Vertex texture format supported - PF_FLOAT16_GR
01:40:24: D3D9: Vertex texture format supported - PF_FLOAT32_GR
01:40:24: D3D9: Vertex texture format supported - PF_SHORT_RGB
01:40:24: RenderSystem capabilities
01:40:24: -------------------------
01:40:24:  * Hardware generation of mipmaps: yes
01:40:24:  * Texture blending: yes
01:40:24:  * Anisotropic texture filtering: yes
01:40:24:  * Dot product texture operation: yes
01:40:24:  * Cube mapping: yes
01:40:24:  * Hardware stencil buffer: yes
01:40:24:    - Stencil depth: 8
01:40:24:    - Two sided stencil support: yes
01:40:24:    - Wrap stencil values: yes
01:40:24:  * Hardware vertex / index buffers: yes
01:40:24:  * Vertex programs: yes
01:40:24:    - Max vertex program version: vs_3_0
01:40:24:  * Fragment programs: yes
01:40:24:    - Max fragment program version: ps_3_0
01:40:24:  * Texture Compression: yes
01:40:24:    - DXT: yes
01:40:24:    - VTC: no
01:40:24:  * Scissor Rectangle: yes
01:40:24:  * Hardware Occlusion Query: yes
01:40:24:  * User clip planes: yes
01:40:24:  * VET_UBYTE4 vertex element type: yes
01:40:24:  * Infinite far plane projection: yes
01:40:24:  * Hardware render-to-texture: yes
01:40:24:  * Floating point textures: yes
01:40:24:  * Non-power-of-two textures: yes
01:40:24:  * Volume textures: yes
01:40:24:  * Multiple Render Targets: 4
01:40:24:  * Point Sprites: yes
01:40:24:  * Extended point parameters: yes
01:40:24:  * Max Point Size: 256
01:40:24:  * Vertex texture fetch: yes
01:40:24:    - Max vertex textures: 4
01:40:24:    - Vertex textures shared: no
01:40:24: ***************************************
01:40:24: *** D3D9 : Subsystem Initialised OK ***
01:40:24: ***************************************
01:40:24: ResourceBackgroundQueue - threading disabled
01:40:24: Particle Renderer Type 'billboard' registered
01:40:24: Initializing OIS
01:40:24: Creating viewport on target 'Test', rendering from camera 'Camera', relative dimensions L: 0.00 T: 0.00 W: 1.00 H: 1.00 ZOrder: 0
01:40:24: Viewport for camera 'Camera', actual dimensions L: 0 T: 0 W: 800 H: 600
01:40:24: Added resource location './data' of type 'FileSystem' to resource group 'General'
01:40:24: Added resource location './data/battle/map' of type 'FileSystem' to resource group 'General'
01:40:24: Added resource location './data/field' of type 'FileSystem' to resource group 'General'
01:40:24: Creating resource group Bootstrap
01:40:24: Added resource location './data/OgreCore.zip' of type 'Zip' to resource group 'Bootstrap'
01:40:24: Parsing scripts for resource group Autodetect
01:40:24: Finished parsing scripts for resource group Autodetect
01:40:24: Parsing scripts for resource group Bootstrap
01:40:24: Parsing script OgreCore.material
01:40:24: Parsing script OgreProfiler.material
01:40:24: Parsing script Ogre.fontdef
01:40:24: Parsing script OgreDebugPanel.overlay
01:40:24: Texture: New_Ogre_Border_Center.png: Loading 1 faces(PF_A8R8G8B8,256x128x1) with  hardware generated mipmaps from Image. Internal format is PF_A8R8G8B8,256x128x1.
01:40:24: Texture: New_Ogre_Border.png: Loading 1 faces(PF_A8R8G8B8,256x256x1) with  hardware generated mipmaps from Image. Internal format is PF_A8R8G8B8,256x256x1.
01:40:24: Texture: New_Ogre_Border_Break.png: Loading 1 faces(PF_A8R8G8B8,32x32x1) with  hardware generated mipmaps from Image. Internal format is PF_A8R8G8B8,32x32x1.
01:40:24: Font BlueHighwayusing texture size 512x512
01:40:24: Info: Freetype returned null for character 127 in font BlueHighway
01:40:24: Info: Freetype returned null for character 128 in font BlueHighway
01:40:24: Info: Freetype returned null for character 129 in font BlueHighway
01:40:24: Info: Freetype returned null for character 130 in font BlueHighway
01:40:24: Info: Freetype returned null for character 131 in font BlueHighway
01:40:24: Info: Freetype returned null for character 132 in font BlueHighway
01:40:24: Info: Freetype returned null for character 133 in font BlueHighway
01:40:24: Info: Freetype returned null for character 134 in font BlueHighway
01:40:24: Info: Freetype returned null for character 135 in font BlueHighway
01:40:24: Info: Freetype returned null for character 136 in font BlueHighway
01:40:24: Info: Freetype returned null for character 137 in font BlueHighway
01:40:24: Info: Freetype returned null for character 138 in font BlueHighway
01:40:24: Info: Freetype returned null for character 139 in font BlueHighway
01:40:24: Info: Freetype returned null for character 140 in font BlueHighway
01:40:24: Info: Freetype returned null for character 141 in font BlueHighway
01:40:24: Info: Freetype returned null for character 142 in font BlueHighway
01:40:24: Info: Freetype returned null for character 143 in font BlueHighway
01:40:24: Info: Freetype returned null for character 144 in font BlueHighway
01:40:24: Info: Freetype returned null for character 145 in font BlueHighway
01:40:24: Info: Freetype returned null for character 146 in font BlueHighway
01:40:24: Info: Freetype returned null for character 147 in font BlueHighway
01:40:24: Info: Freetype returned null for character 148 in font BlueHighway
01:40:24: Info: Freetype returned null for character 149 in font BlueHighway
01:40:24: Info: Freetype returned null for character 150 in font BlueHighway
01:40:24: Info: Freetype returned null for character 151 in font BlueHighway
01:40:24: Info: Freetype returned null for character 152 in font BlueHighway
01:40:24: Info: Freetype returned null for character 153 in font BlueHighway
01:40:24: Info: Freetype returned null for character 154 in font BlueHighway
01:40:24: Info: Freetype returned null for character 155 in font BlueHighway
01:40:24: Info: Freetype returned null for character 156 in font BlueHighway
01:40:24: Info: Freetype returned null for character 157 in font BlueHighway
01:40:24: Info: Freetype returned null for character 158 in font BlueHighway
01:40:24: Info: Freetype returned null for character 159 in font BlueHighway
01:40:24: Info: Freetype returned null for character 160 in font BlueHighway
01:40:24: Texture: BlueHighwayTexture: Loading 1 faces(PF_BYTE_LA,512x512x1) with 0 generated mipmaps from Image. Internal format is PF_BYTE_LA,512x512x1.
01:40:24: Texture: ogretext.png: Loading 1 faces(PF_A8R8G8B8,256x128x1) with  hardware generated mipmaps from Image. Internal format is PF_A8R8G8B8,256x128x1.
01:40:24: Parsing script OgreLoadingPanel.overlay
01:40:24: Finished parsing scripts for resource group Bootstrap
01:40:24: Parsing scripts for resource group General
01:40:24: Parsing script debug.material
01:40:24: Finished parsing scripts for resource group General
01:40:24: Parsing scripts for resource group Internal
01:40:24: Finished parsing scripts for resource group Internal
01:40:24: StartModule created.
01:40:24: GameState created.
01:40:24: StartModule started.
01:40:24: ScriptManager created.
01:40:24: Walkmesh created.
01:40:24: Finish loading Walkmesh from XML.
01:40:24: FieldModule created.
01:40:24: StartModule running. delta_time 0.001.
01:40:24: StartModule stopped.
01:40:24: StartModule destroyed.
01:40:24: Load script file.
01:40:24: [SCRIPT] Create model for character '1'.
01:40:24: Model created.
01:40:24: [SCRIPT] Position set to '100 100 0' and triangle to '1'.
01:40:24: [SCRIPT] Speed set to '5'.
01:40:24: [SCRIPT] Solidity set to 'true'.
01:40:24: [SCRIPT] Solid range set to '30'.
01:40:24: [SCRIPT] Create model for character '0'.
01:40:24: Model created.
01:40:24: [SCRIPT] Solidity set to 'true'.
01:40:24:          Set as player model.
01:40:24: [SCRIPT] Position set to '-100 -100 0' and triangle to '1'.
01:40:24: [SCRIPT] Speed set to '5'.
01:40:24: [SCRIPT] Solid range set to '30'.
01:40:24: Entity 'Model2' was added.
01:40:24: Entity 'Model1' was added.
01:40:24: FieldModule started.
01:40:24: [SCRIPT] Start script 'setup' for entity 'Model2'.
01:40:24: [SCRIPT] Move to point (10 10).
01:40:24: [SCRIPT] Script not finished yet.
01:40:24: [SCRIPT] end.
01:40:24: [SCRIPT] Start script 'setup' for entity 'Model1'.
01:40:24: [SCRIPT] Turn to model at position '-100 -100 0' with angle '225'.
01:40:24: [SCRIPT] Script not finished yet.
01:40:24: [SCRIPT] end.
01:40:25: [SCRIPT] Continue script for entity 'Model2'.
01:40:25: [SCRIPT] Climb to position '300 0 200' with direction '90'.
01:40:25: [SCRIPT] Script not finished yet.
01:40:25: [SCRIPT] end.
01:40:27: [SCRIPT] Continue script for entity 'Model1'.
01:40:27: [SCRIPT] Move to point (200 0).
01:40:27: [SCRIPT] Script not finished yet.
01:40:27: [SCRIPT] end.
01:40:27: [SCRIPT] Continue script for entity 'Model1'.
01:40:27: [SCRIPT] Script finished.
01:40:27: [SCRIPT] end.
01:40:40: [SCRIPT] Continue script for entity 'Model2'.
01:40:40: [SCRIPT] Jump to position '0 0' with '30' steps.
01:40:40: [SCRIPT] Script not finished yet.
01:40:40: [SCRIPT] end.
01:40:41: [SCRIPT] Continue script for entity 'Model2'.
01:40:41: [SCRIPT] Script finished.
01:40:41: [SCRIPT] end.
