Loading file: data/en/WINDOW.BIN
Load image at offset 0000 to VRAM.
ClutVramPositionX (0100) ClutVramPositionY (01f0) Width (0020) Height (0008)
ImageVramPositionX (0700) ImageVramPositionY (0100) ImageWidth (0080) ImageHeight (00fc)
Loading file: data/jp/WINDOW.BIN
Load image at offset 0000 to VRAM.
ClutVramPositionX (0100) ClutVramPositionY (01f0) Width (0020) Height (0008)
ImageVramPositionX (0700) ImageVramPositionY (0100) ImageWidth (0080) ImageHeight (00fc)
Load image at offset 0000 to VRAM.
ClutVramPositionX (0100) ClutVramPositionY (01f0) Width (0020) Height (0008)
ImageVramPositionX (0680) ImageVramPositionY (0184) ImageWidth (0080) ImageHeight (0078)
Loading file: data/jp/WINDOW.BIN
Load image at offset 0000 to VRAM.
ClutVramPositionX (0100) ClutVramPositionY (01e0) Width (0010) Height (0010)
ImageVramPositionX (0780) ImageVramPositionY (0100) ImageWidth (0080) ImageHeight (0100)
Loading file: data/en/WINDOW.BIN
Load image at offset 0000 to VRAM.
ClutVramPositionX (0100) ClutVramPositionY (01e0) Width (0010) Height (0010)
ImageVramPositionX (0780) ImageVramPositionY (0100) ImageWidth (0080) ImageHeight (0100)
Vram::GetU8: Error: Tried to get byte from Vram x(2049) y(336)
Vram::GetU8: Error: Tried to get byte from Vram x(2050) y(336)
Vram::GetU8: Error: Tried to get byte from Vram x(2051) y(336)
Vram::GetU8: Error: Tried to get byte from Vram x(2052) y(336)
Vram::GetU8: Error: Tried to get byte from Vram x(2053) y(336)
Vram::GetU8: Error: Tried to get byte from Vram x(2054) y(336)
Vram::GetU8: Error: Tried to get byte from Vram x(2055) y(336)
Vram::GetU8: Error: Tried to get byte from Vram x(2049) y(337)
Vram::GetU8: Error: Tried to get byte from Vram x(2050) y(337)
Vram::GetU8: Error: Tried to get byte from Vram x(2051) y(337)
Vram::GetU8: Error: Tried to get byte from Vram x(2052) y(337)
Vram::GetU8: Error: Tried to get byte from Vram x(2053) y(337)
Vram::GetU8: Error: Tried to get byte from Vram x(2054) y(337)
Vram::GetU8: Error: Tried to get byte from Vram x(2055) y(337)
Vram::GetU8: Error: Tried to get byte from Vram x(2049) y(338)
Vram::GetU8: Error: Tried to get byte from Vram x(2050) y(338)
Vram::GetU8: Error: Tried to get byte from Vram x(2051) y(338)
Vram::GetU8: Error: Tried to get byte from Vram x(2052) y(338)
Vram::GetU8: Error: Tried to get byte from Vram x(2053) y(338)
Vram::GetU8: Error: Tried to get byte from Vram x(2054) y(338)
Vram::GetU8: Error: Tried to get byte from Vram x(2055) y(338)
Vram::GetU8: Error: Tried to get byte from Vram x(2049) y(339)
Vram::GetU8: Error: Tried to get byte from Vram x(2050) y(339)
Vram::GetU8: Error: Tried to get byte from Vram x(2051) y(339)
Vram::GetU8: Error: Tried to get byte from Vram x(2052) y(339)
Vram::GetU8: Error: Tried to get byte from Vram x(2053) y(339)
Vram::GetU8: Error: Tried to get byte from Vram x(2054) y(339)
Vram::GetU8: Error: Tried to get byte from Vram x(2055) y(339)
Vram::GetU8: Error: Tried to get byte from Vram x(2049) y(340)
Vram::GetU8: Error: Tried to get byte from Vram x(2050) y(340)
Vram::GetU8: Error: Tried to get byte from Vram x(2051) y(340)
Vram::GetU8: Error: Tried to get byte from Vram x(2052) y(340)
Vram::GetU8: Error: Tried to get byte from Vram x(2053) y(340)
Vram::GetU8: Error: Tried to get byte from Vram x(2054) y(340)
Vram::GetU8: Error: Tried to get byte from Vram x(2055) y(340)
Vram::GetU8: Error: Tried to get byte from Vram x(2049) y(341)
Vram::GetU8: Error: Tried to get byte from Vram x(2050) y(341)
Vram::GetU8: Error: Tried to get byte from Vram x(2051) y(341)
Vram::GetU8: Error: Tried to get byte from Vram x(2052) y(341)
Vram::GetU8: Error: Tried to get byte from Vram x(2053) y(341)
Vram::GetU8: Error: Tried to get byte from Vram x(2054) y(341)
Vram::GetU8: Error: Tried to get byte from Vram x(2055) y(341)
Vram::GetU8: Error: Tried to get byte from Vram x(2049) y(342)
Vram::GetU8: Error: Tried to get byte from Vram x(2050) y(342)
Vram::GetU8: Error: Tried to get byte from Vram x(2051) y(342)
Vram::GetU8: Error: Tried to get byte from Vram x(2052) y(342)
Vram::GetU8: Error: Tried to get byte from Vram x(2053) y(342)
Vram::GetU8: Error: Tried to get byte from Vram x(2054) y(342)
Vram::GetU8: Error: Tried to get byte from Vram x(2055) y(342)
Vram::GetU8: Error: Tried to get byte from Vram x(2049) y(343)
Vram::GetU8: Error: Tried to get byte from Vram x(2050) y(343)
Vram::GetU8: Error: Tried to get byte from Vram x(2051) y(343)
Vram::GetU8: Error: Tried to get byte from Vram x(2052) y(343)
Vram::GetU8: Error: Tried to get byte from Vram x(2053) y(343)
Vram::GetU8: Error: Tried to get byte from Vram x(2054) y(343)
Vram::GetU8: Error: Tried to get byte from Vram x(2055) y(343)
Vram::GetU8: Error: Tried to get byte from Vram x(2049) y(344)
Vram::GetU8: Error: Tried to get byte from Vram x(2050) y(344)
Vram::GetU8: Error: Tried to get byte from Vram x(2051) y(344)
Vram::GetU8: Error: Tried to get byte from Vram x(2052) y(344)
Vram::GetU8: Error: Tried to get byte from Vram x(2053) y(344)
Vram::GetU8: Error: Tried to get byte from Vram x(2054) y(344)
Vram::GetU8: Error: Tried to get byte from Vram x(2055) y(344)
Vram::GetU8: Error: Tried to get byte from Vram x(2049) y(345)
Vram::GetU8: Error: Tried to get byte from Vram x(2050) y(345)
Vram::GetU8: Error: Tried to get byte from Vram x(2051) y(345)
Vram::GetU8: Error: Tried to get byte from Vram x(2052) y(345)
Vram::GetU8: Error: Tried to get byte from Vram x(2053) y(345)
Vram::GetU8: Error: Tried to get byte from Vram x(2054) y(345)
Vram::GetU8: Error: Tried to get byte from Vram x(2055) y(345)
Vram::GetU8: Error: Tried to get byte from Vram x(2049) y(346)
Vram::GetU8: Error: Tried to get byte from Vram x(2050) y(346)
Vram::GetU8: Error: Tried to get byte from Vram x(2051) y(346)
Vram::GetU8: Error: Tried to get byte from Vram x(2052) y(346)
Vram::GetU8: Error: Tried to get byte from Vram x(2053) y(346)
Vram::GetU8: Error: Tried to get byte from Vram x(2054) y(346)
Vram::GetU8: Error: Tried to get byte from Vram x(2055) y(346)
Vram::GetU8: Error: Tried to get byte from Vram x(2049) y(347)
Vram::GetU8: Error: Tried to get byte from Vram x(2050) y(347)
Vram::GetU8: Error: Tried to get byte from Vram x(2051) y(347)
Vram::GetU8: Error: Tried to get byte from Vram x(2052) y(347)
Vram::GetU8: Error: Tried to get byte from Vram x(2053) y(347)
Vram::GetU8: Error: Tried to get byte from Vram x(2054) y(347)
Vram::GetU8: Error: Tried to get byte from Vram x(2055) y(347)
Vram::GetU8: Error: Tried to get byte from Vram x(2049) y(348)
Vram::GetU8: Error: Tried to get byte from Vram x(2050) y(348)
Vram::GetU8: Error: Tried to get byte from Vram x(2051) y(348)
Vram::GetU8: Error: Tried to get byte from Vram x(2052) y(348)
Vram::GetU8: Error: Tried to get byte from Vram x(2053) y(348)
Vram::GetU8: Error: Tried to get byte from Vram x(2054) y(348)
Vram::GetU8: Error: Tried to get byte from Vram x(2055) y(348)
Vram::GetU8: Error: Tried to get byte from Vram x(2049) y(349)
Vram::GetU8: Error: Tried to get byte from Vram x(2050) y(349)
Vram::GetU8: Error: Tried to get byte from Vram x(2051) y(349)
Vram::GetU8: Error: Tried to get byte from Vram x(2052) y(349)
Vram::GetU8: Error: Tried to get byte from Vram x(2053) y(349)
Vram::GetU8: Error: Tried to get byte from Vram x(2054) y(349)
Vram::GetU8: Error: Tried to get byte from Vram x(2055) y(349)
Vram::GetU8: Error: Tried to get byte from Vram x(2049) y(350)
Vram::GetU8: Error: Tried to get byte from Vram x(2050) y(350)
Vram::GetU8: Error: Tried to get byte from Vram x(2051) y(350)
Vram::GetU8: Error: Tried to get byte from Vram x(2052) y(350)
Vram::GetU8: Error: Tried to get byte from Vram x(2053) y(350)
Vram::GetU8: Error: Tried to get byte from Vram x(2054) y(350)
Vram::GetU8: Error: Tried to get byte from Vram x(2055) y(350)
Vram::GetU8: Error: Tried to get byte from Vram x(2049) y(351)
Vram::GetU8: Error: Tried to get byte from Vram x(2050) y(351)
Vram::GetU8: Error: Tried to get byte from Vram x(2051) y(351)
Vram::GetU8: Error: Tried to get byte from Vram x(2052) y(351)
Vram::GetU8: Error: Tried to get byte from Vram x(2053) y(351)
Vram::GetU8: Error: Tried to get byte from Vram x(2054) y(351)
Vram::GetU8: Error: Tried to get byte from Vram x(2055) y(351)
Vram::GetU8: Error: Tried to get byte from Vram x(2049) y(352)
Vram::GetU8: Error: Tried to get byte from Vram x(2050) y(352)
Vram::GetU8: Error: Tried to get byte from Vram x(2051) y(352)
Vram::GetU8: Error: Tried to get byte from Vram x(2052) y(352)
Vram::GetU8: Error: Tried to get byte from Vram x(2053) y(352)
Vram::GetU8: Error: Tried to get byte from Vram x(2054) y(352)
Vram::GetU8: Error: Tried to get byte from Vram x(2055) y(352)
Vram::GetU8: Error: Tried to get byte from Vram x(2049) y(353)
Vram::GetU8: Error: Tried to get byte from Vram x(2050) y(353)
Vram::GetU8: Error: Tried to get byte from Vram x(2051) y(353)
Vram::GetU8: Error: Tried to get byte from Vram x(2052) y(353)
Vram::GetU8: Error: Tried to get byte from Vram x(2053) y(353)
Vram::GetU8: Error: Tried to get byte from Vram x(2054) y(353)
Vram::GetU8: Error: Tried to get byte from Vram x(2055) y(353)
Vram::GetU8: Error: Tried to get byte from Vram x(2049) y(354)
Vram::GetU8: Error: Tried to get byte from Vram x(2050) y(354)
Vram::GetU8: Error: Tried to get byte from Vram x(2051) y(354)
Vram::GetU8: Error: Tried to get byte from Vram x(2052) y(354)
Vram::GetU8: Error: Tried to get byte from Vram x(2053) y(354)
Vram::GetU8: Error: Tried to get byte from Vram x(2054) y(354)
Vram::GetU8: Error: Tried to get byte from Vram x(2055) y(354)
Vram::GetU8: Error: Tried to get byte from Vram x(2049) y(355)
Vram::GetU8: Error: Tried to get byte from Vram x(2050) y(355)
Vram::GetU8: Error: Tried to get byte from Vram x(2051) y(355)
Vram::GetU8: Error: Tried to get byte from Vram x(2052) y(355)
Vram::GetU8: Error: Tried to get byte from Vram x(2053) y(355)
Vram::GetU8: Error: Tried to get byte from Vram x(2054) y(355)
Vram::GetU8: Error: Tried to get byte from Vram x(2055) y(355)
Vram::GetU8: Error: Tried to get byte from Vram x(2049) y(356)
Vram::GetU8: Error: Tried to get byte from Vram x(2050) y(356)
Vram::GetU8: Error: Tried to get byte from Vram x(2051) y(356)
Vram::GetU8: Error: Tried to get byte from Vram x(2052) y(356)
Vram::GetU8: Error: Tried to get byte from Vram x(2053) y(356)
Vram::GetU8: Error: Tried to get byte from Vram x(2054) y(356)
Vram::GetU8: Error: Tried to get byte from Vram x(2055) y(356)
Vram::GetU8: Error: Tried to get byte from Vram x(2049) y(357)
Vram::GetU8: Error: Tried to get byte from Vram x(2050) y(357)
Vram::GetU8: Error: Tried to get byte from Vram x(2051) y(357)
Vram::GetU8: Error: Tried to get byte from Vram x(2052) y(357)
Vram::GetU8: Error: Tried to get byte from Vram x(2053) y(357)
Vram::GetU8: Error: Tried to get byte from Vram x(2054) y(357)
Vram::GetU8: Error: Tried to get byte from Vram x(2055) y(357)
Vram::GetU8: Error: Tried to get byte from Vram x(2049) y(358)
Vram::GetU8: Error: Tried to get byte from Vram x(2050) y(358)
Vram::GetU8: Error: Tried to get byte from Vram x(2051) y(358)
Vram::GetU8: Error: Tried to get byte from Vram x(2052) y(358)
Vram::GetU8: Error: Tried to get byte from Vram x(2053) y(358)
Vram::GetU8: Error: Tried to get byte from Vram x(2054) y(358)
Vram::GetU8: Error: Tried to get byte from Vram x(2055) y(358)
Vram::GetU8: Error: Tried to get byte from Vram x(2049) y(359)
Vram::GetU8: Error: Tried to get byte from Vram x(2050) y(359)
Vram::GetU8: Error: Tried to get byte from Vram x(2051) y(359)
Vram::GetU8: Error: Tried to get byte from Vram x(2052) y(359)
Vram::GetU8: Error: Tried to get byte from Vram x(2053) y(359)
Vram::GetU8: Error: Tried to get byte from Vram x(2054) y(359)
Vram::GetU8: Error: Tried to get byte from Vram x(2055) y(359)
Vram::GetU8: Error: Tried to get byte from Vram x(2049) y(360)
Vram::GetU8: Error: Tried to get byte from Vram x(2050) y(360)
Vram::GetU8: Error: Tried to get byte from Vram x(2051) y(360)
Vram::GetU8: Error: Tried to get byte from Vram x(2052) y(360)
Vram::GetU8: Error: Tried to get byte from Vram x(2053) y(360)
Vram::GetU8: Error: Tried to get byte from Vram x(2054) y(360)
Vram::GetU8: Error: Tried to get byte from Vram x(2055) y(360)
Vram::GetU8: Error: Tried to get byte from Vram x(2049) y(361)
Vram::GetU8: Error: Tried to get byte from Vram x(2050) y(361)
Vram::GetU8: Error: Tried to get byte from Vram x(2051) y(361)
Vram::GetU8: Error: Tried to get byte from Vram x(2052) y(361)
Vram::GetU8: Error: Tried to get byte from Vram x(2053) y(361)
Vram::GetU8: Error: Tried to get byte from Vram x(2054) y(361)
Vram::GetU8: Error: Tried to get byte from Vram x(2055) y(361)
Vram::GetU8: Error: Tried to get byte from Vram x(2049) y(362)
Vram::GetU8: Error: Tried to get byte from Vram x(2050) y(362)
Vram::GetU8: Error: Tried to get byte from Vram x(2051) y(362)
Vram::GetU8: Error: Tried to get byte from Vram x(2052) y(362)
Vram::GetU8: Error: Tried to get byte from Vram x(2053) y(362)
Vram::GetU8: Error: Tried to get byte from Vram x(2054) y(362)
Vram::GetU8: Error: Tried to get byte from Vram x(2055) y(362)
Vram::GetU8: Error: Tried to get byte from Vram x(2049) y(363)
Vram::GetU8: Error: Tried to get byte from Vram x(2050) y(363)
Vram::GetU8: Error: Tried to get byte from Vram x(2051) y(363)
Vram::GetU8: Error: Tried to get byte from Vram x(2052) y(363)
Vram::GetU8: Error: Tried to get byte from Vram x(2053) y(363)
Vram::GetU8: Error: Tried to get byte from Vram x(2054) y(363)
Vram::GetU8: Error: Tried to get byte from Vram x(2055) y(363)
Vram::GetU8: Error: Tried to get byte from Vram x(2049) y(364)
Vram::GetU8: Error: Tried to get byte from Vram x(2050) y(364)
Vram::GetU8: Error: Tried to get byte from Vram x(2051) y(364)
Vram::GetU8: Error: Tried to get byte from Vram x(2052) y(364)
Vram::GetU8: Error: Tried to get byte from Vram x(2053) y(364)
Vram::GetU8: Error: Tried to get byte from Vram x(2054) y(364)
Vram::GetU8: Error: Tried to get byte from Vram x(2055) y(364)
Vram::GetU8: Error: Tried to get byte from Vram x(2049) y(365)
Vram::GetU8: Error: Tried to get byte from Vram x(2050) y(365)
Vram::GetU8: Error: Tried to get byte from Vram x(2051) y(365)
Vram::GetU8: Error: Tried to get byte from Vram x(2052) y(365)
Vram::GetU8: Error: Tried to get byte from Vram x(2053) y(365)
Vram::GetU8: Error: Tried to get byte from Vram x(2054) y(365)
Vram::GetU8: Error: Tried to get byte from Vram x(2055) y(365)
Vram::GetU8: Error: Tried to get byte from Vram x(2049) y(366)
Vram::GetU8: Error: Tried to get byte from Vram x(2050) y(366)
Vram::GetU8: Error: Tried to get byte from Vram x(2051) y(366)
Vram::GetU8: Error: Tried to get byte from Vram x(2052) y(366)
Vram::GetU8: Error: Tried to get byte from Vram x(2053) y(366)
Vram::GetU8: Error: Tried to get byte from Vram x(2054) y(366)
Vram::GetU8: Error: Tried to get byte from Vram x(2055) y(366)
Vram::GetU8: Error: Tried to get byte from Vram x(2049) y(367)
Vram::GetU8: Error: Tried to get byte from Vram x(2050) y(367)
Vram::GetU8: Error: Tried to get byte from Vram x(2051) y(367)
Vram::GetU8: Error: Tried to get byte from Vram x(2052) y(367)
Vram::GetU8: Error: Tried to get byte from Vram x(2053) y(367)
Vram::GetU8: Error: Tried to get byte from Vram x(2054) y(367)
Vram::GetU8: Error: Tried to get byte from Vram x(2055) y(367)
Vram::GetU8: Error: Tried to get byte from Vram x(2049) y(368)
Vram::GetU8: Error: Tried to get byte from Vram x(2050) y(368)
Vram::GetU8: Error: Tried to get byte from Vram x(2051) y(368)
Vram::GetU8: Error: Tried to get byte from Vram x(2052) y(368)
Vram::GetU8: Error: Tried to get byte from Vram x(2053) y(368)
Vram::GetU8: Error: Tried to get byte from Vram x(2054) y(368)
Vram::GetU8: Error: Tried to get byte from Vram x(2055) y(368)
Vram::GetU8: Error: Tried to get byte from Vram x(2049) y(369)
Vram::GetU8: Error: Tried to get byte from Vram x(2050) y(369)
Vram::GetU8: Error: Tried to get byte from Vram x(2051) y(369)
Vram::GetU8: Error: Tried to get byte from Vram x(2052) y(369)
Vram::GetU8: Error: Tried to get byte from Vram x(2053) y(369)
Vram::GetU8: Error: Tried to get byte from Vram x(2054) y(369)
Vram::GetU8: Error: Tried to get byte from Vram x(2055) y(369)
Vram::GetU8: Error: Tried to get byte from Vram x(2049) y(370)
Vram::GetU8: Error: Tried to get byte from Vram x(2050) y(370)
Vram::GetU8: Error: Tried to get byte from Vram x(2051) y(370)
Vram::GetU8: Error: Tried to get byte from Vram x(2052) y(370)
Vram::GetU8: Error: Tried to get byte from Vram x(2053) y(370)
Vram::GetU8: Error: Tried to get byte from Vram x(2054) y(370)
Vram::GetU8: Error: Tried to get byte from Vram x(2055) y(370)
Vram::GetU8: Error: Tried to get byte from Vram x(2049) y(371)
Vram::GetU8: Error: Tried to get byte from Vram x(2050) y(371)
Vram::GetU8: Error: Tried to get byte from Vram x(2051) y(371)
Vram::GetU8: Error: Tried to get byte from Vram x(2052) y(371)
Vram::GetU8: Error: Tried to get byte from Vram x(2053) y(371)
Vram::GetU8: Error: Tried to get byte from Vram x(2054) y(371)
Vram::GetU8: Error: Tried to get byte from Vram x(2055) y(371)
Vram::GetU8: Error: Tried to get byte from Vram x(2049) y(372)
Vram::GetU8: Error: Tried to get byte from Vram x(2050) y(372)
Vram::GetU8: Error: Tried to get byte from Vram x(2051) y(372)
Vram::GetU8: Error: Tried to get byte from Vram x(2052) y(372)
Vram::GetU8: Error: Tried to get byte from Vram x(2053) y(372)
Vram::GetU8: Error: Tried to get byte from Vram x(2054) y(372)
Vram::GetU8: Error: Tried to get byte from Vram x(2055) y(372)
Vram::GetU8: Error: Tried to get byte from Vram x(2049) y(373)
Vram::GetU8: Error: Tried to get byte from Vram x(2050) y(373)
Vram::GetU8: Error: Tried to get byte from Vram x(2051) y(373)
Vram::GetU8: Error: Tried to get byte from Vram x(2052) y(373)
Vram::GetU8: Error: Tried to get byte from Vram x(2053) y(373)
Vram::GetU8: Error: Tried to get byte from Vram x(2054) y(373)
Vram::GetU8: Error: Tried to get byte from Vram x(2055) y(373)
Vram::GetU8: Error: Tried to get byte from Vram x(2049) y(374)
Vram::GetU8: Error: Tried to get byte from Vram x(2050) y(374)
Vram::GetU8: Error: Tried to get byte from Vram x(2051) y(374)
Vram::GetU8: Error: Tried to get byte from Vram x(2052) y(374)
Vram::GetU8: Error: Tried to get byte from Vram x(2053) y(374)
Vram::GetU8: Error: Tried to get byte from Vram x(2054) y(374)
Vram::GetU8: Error: Tried to get byte from Vram x(2055) y(374)
Vram::GetU8: Error: Tried to get byte from Vram x(2049) y(375)
Vram::GetU8: Error: Tried to get byte from Vram x(2050) y(375)
Vram::GetU8: Error: Tried to get byte from Vram x(2051) y(375)
Vram::GetU8: Error: Tried to get byte from Vram x(2052) y(375)
Vram::GetU8: Error: Tried to get byte from Vram x(2053) y(375)
Vram::GetU8: Error: Tried to get byte from Vram x(2054) y(375)
Vram::GetU8: Error: Tried to get byte from Vram x(2055) y(375)
Vram::GetU8: Error: Tried to get byte from Vram x(2049) y(376)
Vram::GetU8: Error: Tried to get byte from Vram x(2050) y(376)
Vram::GetU8: Error: Tried to get byte from Vram x(2051) y(376)
Vram::GetU8: Error: Tried to get byte from Vram x(2052) y(376)
Vram::GetU8: Error: Tried to get byte from Vram x(2053) y(376)
Vram::GetU8: Error: Tried to get byte from Vram x(2054) y(376)
Vram::GetU8: Error: Tried to get byte from Vram x(2055) y(376)
Vram::GetU8: Error: Tried to get byte from Vram x(2049) y(377)
Vram::GetU8: Error: Tried to get byte from Vram x(2050) y(377)
Vram::GetU8: Error: Tried to get byte from Vram x(2051) y(377)
Vram::GetU8: Error: Tried to get byte from Vram x(2052) y(377)
Vram::GetU8: Error: Tried to get byte from Vram x(2053) y(377)
Vram::GetU8: Error: Tried to get byte from Vram x(2054) y(377)
Vram::GetU8: Error: Tried to get byte from Vram x(2055) y(377)
Vram::GetU8: Error: Tried to get byte from Vram x(2049) y(378)
Vram::GetU8: Error: Tried to get byte from Vram x(2050) y(378)
Vram::GetU8: Error: Tried to get byte from Vram x(2051) y(378)
Vram::GetU8: Error: Tried to get byte from Vram x(2052) y(378)
Vram::GetU8: Error: Tried to get byte from Vram x(2053) y(378)
Vram::GetU8: Error: Tried to get byte from Vram x(2054) y(378)
Vram::GetU8: Error: Tried to get byte from Vram x(2055) y(378)
Vram::GetU8: Error: Tried to get byte from Vram x(2049) y(379)
Vram::GetU8: Error: Tried to get byte from Vram x(2050) y(379)
Vram::GetU8: Error: Tried to get byte from Vram x(2051) y(379)
Vram::GetU8: Error: Tried to get byte from Vram x(2052) y(379)
Vram::GetU8: Error: Tried to get byte from Vram x(2053) y(379)
Vram::GetU8: Error: Tried to get byte from Vram x(2054) y(379)
Vram::GetU8: Error: Tried to get byte from Vram x(2055) y(379)
Vram::GetU8: Error: Tried to get byte from Vram x(2049) y(380)
Vram::GetU8: Error: Tried to get byte from Vram x(2050) y(380)
Vram::GetU8: Error: Tried to get byte from Vram x(2051) y(380)
Vram::GetU8: Error: Tried to get byte from Vram x(2052) y(380)
Vram::GetU8: Error: Tried to get byte from Vram x(2053) y(380)
Vram::GetU8: Error: Tried to get byte from Vram x(2054) y(380)
Vram::GetU8: Error: Tried to get byte from Vram x(2055) y(380)
Vram::GetU8: Error: Tried to get byte from Vram x(2049) y(381)
Vram::GetU8: Error: Tried to get byte from Vram x(2050) y(381)
Vram::GetU8: Error: Tried to get byte from Vram x(2051) y(381)
Vram::GetU8: Error: Tried to get byte from Vram x(2052) y(381)
Vram::GetU8: Error: Tried to get byte from Vram x(2053) y(381)
Vram::GetU8: Error: Tried to get byte from Vram x(2054) y(381)
Vram::GetU8: Error: Tried to get byte from Vram x(2055) y(381)
Vram::GetU8: Error: Tried to get byte from Vram x(2049) y(382)
Vram::GetU8: Error: Tried to get byte from Vram x(2050) y(382)
Vram::GetU8: Error: Tried to get byte from Vram x(2051) y(382)
Vram::GetU8: Error: Tried to get byte from Vram x(2052) y(382)
Vram::GetU8: Error: Tried to get byte from Vram x(2053) y(382)
Vram::GetU8: Error: Tried to get byte from Vram x(2054) y(382)
Vram::GetU8: Error: Tried to get byte from Vram x(2055) y(382)
Vram::GetU8: Error: Tried to get byte from Vram x(2049) y(383)
Vram::GetU8: Error: Tried to get byte from Vram x(2050) y(383)
Vram::GetU8: Error: Tried to get byte from Vram x(2051) y(383)
Vram::GetU8: Error: Tried to get byte from Vram x(2052) y(383)
Vram::GetU8: Error: Tried to get byte from Vram x(2053) y(383)
Vram::GetU8: Error: Tried to get byte from Vram x(2054) y(383)
Vram::GetU8: Error: Tried to get byte from Vram x(2055) y(383)
===================== Stop the game!!!