15:25:20: Creating resource group General
15:25:20: Creating resource group Internal
15:25:20: Creating resource group Autodetect
15:25:20: SceneManagerFactory for type 'DefaultSceneManager' registered.
15:25:20: Registering ResourceManager for type Material
15:25:20: Registering ResourceManager for type Mesh
15:25:20: Registering ResourceManager for type Skeleton
15:25:20: MovableObjectFactory for type 'ParticleSystem' registered.
15:25:20: OverlayElementFactory for type Panel registered.
15:25:20: OverlayElementFactory for type BorderPanel registered.
15:25:20: OverlayElementFactory for type TextArea registered.
15:25:20: Registering ResourceManager for type Font
15:25:20: ArchiveFactory for archive type FileSystem registered.
15:25:20: ArchiveFactory for archive type Zip registered.
15:25:20: ArchiveFactory for archive type EmbeddedZip registered.
15:25:20: DDS codec registering
15:25:20: FreeImage version: 3.15.3
15:25:20: This program uses FreeImage, a free, open source image library supporting all common bitmap formats. See http://freeimage.sourceforge.net for details
15:25:20: Supported formats: bmp,ico,jpg,jif,jpeg,jpe,jng,koa,iff,lbm,mng,pbm,pbm,pcd,pcx,pgm,pgm,png,ppm,ppm,ras,tga,targa,tif,tiff,wap,wbmp,wbm,psd,cut,xbm,xpm,gif,hdr,g3,sgi,exr,j2k,j2c,jp2,pfm,pct,pict,pic,3fr,arw,bay,bmq,cap,cine,cr2,crw,cs1,dc2,dcr,drf,dsc,dng,erf,fff,ia,iiq,k25,kc2,kdc,mdc,mef,mos,mrw,nef,nrw,orf,pef,ptx,pxn,qtk,raf,raw,rdc,rw2,rwl,rwz,sr2,srf,srw,sti
15:25:20: Registering ResourceManager for type HighLevelGpuProgram
15:25:20: Registering ResourceManager for type Compositor
15:25:20: MovableObjectFactory for type 'Entity' registered.
15:25:20: MovableObjectFactory for type 'Light' registered.
15:25:20: MovableObjectFactory for type 'BillboardSet' registered.
15:25:20: MovableObjectFactory for type 'ManualObject' registered.
15:25:20: MovableObjectFactory for type 'BillboardChain' registered.
15:25:20: MovableObjectFactory for type 'RibbonTrail' registered.
15:25:20: *-*-* OGRE Initialising
15:25:20: *-*-* Version 1.8.1 (Byatis)
15:25:20: Loading library RenderSystem_GL.dll
15:25:20: Installing plugin: GL RenderSystem
15:25:20: OpenGL Rendering Subsystem created.
15:25:20: Plugin successfully installed
15:25:20: CPU Identifier & Features
15:25:20: -------------------------
15:25:20:  *   CPU ID: GenuineIntel: Intel(R) Celeron(R) CPU 1000M @ 1.80GHz
15:25:20:  *      SSE: yes
15:25:20:  *     SSE2: yes
15:25:20:  *     SSE3: yes
15:25:20:  *      MMX: yes
15:25:20:  *   MMXEXT: yes
15:25:20:  *    3DNOW: no
15:25:20:  * 3DNOWEXT: no
15:25:20:  *     CMOV: yes
15:25:20:  *      TSC: yes
15:25:20:  *      FPU: yes
15:25:20:  *      PRO: yes
15:25:20:  *       HT: no
15:25:20: -------------------------
15:25:20: *** Starting Win32GL Subsystem ***
15:25:20: Registering ResourceManager for type Texture
15:25:20: GLRenderSystem::_createRenderWindow "QGearsWindow", 800x600 windowed  miscParams: title=FFVII Exporter 
15:25:20: Created Win32Window 'QGearsWindow' : 816x639, 32bpp
15:25:20: GL_VERSION = 4.0.0 - Build 9.17.10.2867
15:25:20: GL_VENDOR = Intel
15:25:20: GL_RENDERER = Intel(R) HD Graphics
15:25:20: GL_EXTENSIONS = GL_EXT_blend_minmax GL_EXT_blend_subtract GL_EXT_blend_color GL_EXT_abgr GL_EXT_texture3D GL_EXT_clip_volume_hint GL_EXT_compiled_vertex_array GL_SGIS_texture_edge_clamp GL_SGIS_generate_mipmap GL_EXT_draw_range_elements GL_SGIS_texture_lod GL_EXT_rescale_normal GL_EXT_packed_pixels GL_EXT_texture_edge_clamp GL_EXT_separate_specular_color GL_ARB_multitexture GL_EXT_texture_env_combine GL_EXT_bgra GL_EXT_blend_func_separate GL_EXT_secondary_color GL_EXT_fog_coord GL_EXT_texture_env_add GL_ARB_texture_cube_map GL_ARB_transpose_matrix GL_ARB_texture_env_add GL_IBM_texture_mirrored_repeat GL_EXT_multi_draw_arrays GL_SUN_multi_draw_arrays GL_NV_blend_square GL_ARB_texture_compression GL_3DFX_texture_compression_FXT1 GL_EXT_texture_filter_anisotropic GL_ARB_texture_border_clamp GL_ARB_point_parameters GL_ARB_texture_env_combine GL_ARB_texture_env_dot3 GL_ARB_texture_env_crossbar GL_EXT_texture_compression_s3tc GL_ARB_shadow GL_ARB_window_pos GL_EXT_shadow_funcs GL_EXT_stencil_wrap GL_ARB_vertex_program GL_EXT_texture_rectangle GL_ARB_fragment_program GL_EXT_stencil_two_side GL_ATI_separate_stencil GL_ARB_vertex_buffer_object GL_EXT_texture_lod_bias GL_ARB_occlusion_query GL_ARB_fragment_shader GL_ARB_shader_objects GL_ARB_shading_language_100 GL_ARB_texture_non_power_of_two GL_ARB_vertex_shader GL_NV_texgen_reflection GL_ARB_point_sprite GL_ARB_fragment_program_shadow GL_EXT_blend_equation_separate GL_ARB_depth_texture GL_ARB_texture_rectangle GL_ARB_draw_buffers GL_ARB_color_buffer_float GL_ARB_half_float_pixel GL_ARB_texture_float GL_ARB_pixel_buffer_object GL_EXT_framebuffer_object GL_ARB_draw_instanced GL_ARB_half_float_vertex GL_ARB_occlusion_query2 GL_EXT_draw_buffers2 GL_WIN_swap_hint GL_EXT_texture_sRGB GL_ARB_multisample GL_EXT_packed_float GL_EXT_texture_shared_exponent GL_ARB_texture_rg GL_ARB_texture_compression_rgtc GL_NV_conditional_render GL_EXT_texture_swizzle GL_ARB_texture_gather GL_ARB_sync GL_ARB_framebuffer_sRGB GL_EXT_packed_depth_stencil GL_ARB_depth_buffer_float GL_EXT_transform_feedback GL_ARB_transform_feedback2 GL_ARB_draw_indirect GL_EXT_framebuffer_blit GL_EXT_framebuffer_multisample GL_ARB_framebuffer_object GL_EXT_texture_array GL_EXT_texture_integer GL_ARB_map_buffer_range GL_EXT_texture_snorm GL_ARB_blend_func_extended GL_INTEL_performance_queries GL_ARB_copy_buffer GL_ARB_sampler_objects GL_NV_primitive_restart GL_ARB_seamless_cube_map GL_ARB_uniform_buffer_object GL_ARB_depth_clamp GL_ARB_vertex_array_bgra GL_ARB_shader_bit_encoding GL_ARB_draw_buffers_blend GL_ARB_geometry_shader4 GL_ARB_texture_query_lod GL_ARB_explicit_attrib_location GL_ARB_draw_elements_base_vertex GL_ARB_instanced_arrays GL_ARB_fragment_coord_conventions GL_EXT_gpu_program_parameters GL_ARB_texture_buffer_object_rgb32 GL_ARB_compatibility GL_ARB_texture_rgb10_a2ui GL_ARB_texture_multisample GL_ARB_vertex_type_2_10_10_10_rev GL_ARB_timer_query GL_INTEL_map_texture GL_ARB_tessellation_shader GL_ARB_vertex_array_object GL_ARB_provoking_vertex GL_ARB_sample_shading GL_ARB_texture_cube_map_array GL_ARB_gpu_shader5 GL_ARB_gpu_shader_fp64 GL_ARB_shader_subroutine GL_ARB_transform_feedback3 
15:25:20: Supported WGL extensions: WGL_EXT_depth_float WGL_ARB_buffer_region WGL_ARB_extensions_string WGL_ARB_make_current_read WGL_ARB_pixel_format WGL_ARB_pbuffer WGL_EXT_extensions_string WGL_EXT_swap_control WGL_EXT_swap_control_tear WGL_ARB_multisample WGL_ARB_pixel_format_float WGL_ARB_framebuffer_sRGB WGL_ARB_create_context WGL_ARB_create_context_profile WGL_EXT_pixel_format_packed_float WGL_EXT_create_context_es2_profile 
15:25:20: ***************************
15:25:20: *** GL Renderer Started ***
15:25:20: ***************************
15:25:20: Registering ResourceManager for type GpuProgram
15:25:20: GLSL support detected
15:25:20: GL: Using GL_EXT_framebuffer_object for rendering to textures (best)
15:25:20: FBO PF_UNKNOWN depth/stencil support: D0S1 D0S4 D0S8 D0S16 D16S0 D24S0 D32S0 Packed-D24S8 
15:25:20: FBO PF_A8 depth/stencil support: D0S0 D0S1 D0S4 D0S8 D0S16 D16S0 D24S0 D32S0 Packed-D24S8 
15:25:20: FBO PF_R5G6B5 depth/stencil support: D0S0 D0S1 D0S4 D0S8 D0S16 D16S0 D24S0 D32S0 Packed-D24S8 
15:25:20: FBO PF_B5G6R5 depth/stencil support: D0S0 D0S1 D0S4 D0S8 D0S16 D16S0 D24S0 D32S0 Packed-D24S8 
15:25:20: FBO PF_R8G8B8 depth/stencil support: D0S0 D0S1 D0S4 D0S8 D0S16 D16S0 D24S0 D32S0 Packed-D24S8 
15:25:20: FBO PF_B8G8R8 depth/stencil support: D0S0 D0S1 D0S4 D0S8 D0S16 D16S0 D24S0 D32S0 Packed-D24S8 
15:25:20: FBO PF_A8R8G8B8 depth/stencil support: D0S0 D0S1 D0S4 D0S8 D0S16 D16S0 D24S0 D32S0 Packed-D24S8 
15:25:20: FBO PF_B8G8R8A8 depth/stencil support: D0S0 D0S1 D0S4 D0S8 D0S16 D16S0 D24S0 D32S0 Packed-D24S8 
15:25:20: FBO PF_A2R10G10B10 depth/stencil support: D0S0 D0S1 D0S4 D0S8 D0S16 D16S0 D24S0 D32S0 Packed-D24S8 
15:25:20: FBO PF_A2B10G10R10 depth/stencil support: D0S0 D0S1 D0S4 D0S8 D0S16 D16S0 D24S0 D32S0 Packed-D24S8 
15:25:20: FBO PF_FLOAT16_RGB depth/stencil support: D0S0 D0S1 D0S4 D0S8 D0S16 D16S0 D24S0 D32S0 Packed-D24S8 
15:25:20: FBO PF_FLOAT16_RGBA depth/stencil support: D0S0 D0S1 D0S4 D0S8 D0S16 D16S0 D24S0 D32S0 Packed-D24S8 
15:25:20: FBO PF_FLOAT32_RGB depth/stencil support: D0S0 D0S1 D0S4 D0S8 D0S16 D16S0 D24S0 D32S0 Packed-D24S8 
15:25:20: FBO PF_FLOAT32_RGBA depth/stencil support: D0S0 D0S1 D0S4 D0S8 D0S16 D16S0 D24S0 D32S0 Packed-D24S8 
15:25:20: FBO PF_X8R8G8B8 depth/stencil support: D0S0 D0S1 D0S4 D0S8 D0S16 D16S0 D24S0 D32S0 Packed-D24S8 
15:25:20: FBO PF_X8B8G8R8 depth/stencil support: D0S0 D0S1 D0S4 D0S8 D0S16 D16S0 D24S0 D32S0 Packed-D24S8 
15:25:20: FBO PF_SHORT_RGBA depth/stencil support: D0S0 D0S1 D0S4 D0S8 D0S16 D16S0 D24S0 D32S0 Packed-D24S8 
15:25:20: FBO PF_R3G3B2 depth/stencil support: D0S0 D0S1 D0S4 D0S8 D0S16 D16S0 D24S0 D32S0 Packed-D24S8 
15:25:20: FBO PF_SHORT_RGB depth/stencil support: D0S0 D0S1 D0S4 D0S8 D0S16 D16S0 D24S0 D32S0 Packed-D24S8 
15:25:20: [GL] : Valid FBO targets PF_UNKNOWN PF_A8 PF_R5G6B5 PF_B5G6R5 PF_R8G8B8 PF_B8G8R8 PF_A8R8G8B8 PF_B8G8R8A8 PF_A2R10G10B10 PF_A2B10G10R10 PF_FLOAT16_RGB PF_FLOAT16_RGBA PF_FLOAT32_RGB PF_FLOAT32_RGBA PF_X8R8G8B8 PF_X8B8G8R8 PF_SHORT_RGBA PF_R3G3B2 PF_SHORT_RGB 
15:25:20: RenderSystem capabilities
15:25:20: -------------------------
15:25:20: RenderSystem Name: OpenGL Rendering Subsystem
15:25:20: GPU Vendor: intel
15:25:20: Device Name: Intel(R) HD Graphics
15:25:20: Driver Version: 4.0.0.0
15:25:20:  * Fixed function pipeline: yes
15:25:20:  * Hardware generation of mipmaps: no
15:25:20:  * Texture blending: yes
15:25:20:  * Anisotropic texture filtering: yes
15:25:20:  * Dot product texture operation: yes
15:25:20:  * Cube mapping: yes
15:25:20:  * Hardware stencil buffer: yes
15:25:20:    - Stencil depth: 8
15:25:20:    - Two sided stencil support: yes
15:25:20:    - Wrap stencil values: yes
15:25:20:  * Hardware vertex / index buffers: yes
15:25:20:  * Vertex programs: yes
15:25:20:  * Number of floating-point constants for vertex programs: 256
15:25:20:  * Number of integer constants for vertex programs: 0
15:25:20:  * Number of boolean constants for vertex programs: 0
15:25:20:  * Fragment programs: yes
15:25:20:  * Number of floating-point constants for fragment programs: 256
15:25:20:  * Number of integer constants for fragment programs: 0
15:25:20:  * Number of boolean constants for fragment programs: 0
15:25:20:  * Geometry programs: no
15:25:20:  * Number of floating-point constants for geometry programs: 0
15:25:20:  * Number of integer constants for geometry programs: 0
15:25:20:  * Number of boolean constants for geometry programs: 0
15:25:20:  * Supported Shader Profiles: arbfp1 arbvp1 glsl
15:25:20:  * Texture Compression: yes
15:25:20:    - DXT: yes
15:25:20:    - VTC: no
15:25:20:    - PVRTC: no
15:25:20:  * Scissor Rectangle: yes
15:25:20:  * Hardware Occlusion Query: yes
15:25:20:  * User clip planes: yes
15:25:20:  * VET_UBYTE4 vertex element type: yes
15:25:20:  * Infinite far plane projection: yes
15:25:20:  * Hardware render-to-texture: yes
15:25:20:  * Floating point textures: yes
15:25:20:  * Non-power-of-two textures: yes
15:25:20:  * Volume textures: yes
15:25:20:  * Multiple Render Targets: 8
15:25:20:    - With different bit depths: yes
15:25:20:  * Point Sprites: yes
15:25:20:  * Extended point parameters: yes
15:25:20:  * Max Point Size: 255
15:25:20:  * Vertex texture fetch: yes
15:25:20:  * Number of world matrices: 0
15:25:20:  * Number of texture units: 16
15:25:20:  * Stencil buffer depth: 8
15:25:20:  * Number of vertex blend matrices: 0
15:25:20:    - Max vertex textures: 16
15:25:20:    - Vertex textures shared: yes
15:25:20:  * Render to Vertex Buffer : no
15:25:20:  * GL 1.5 without VBO workaround: no
15:25:20:  * Frame Buffer objects: yes
15:25:20:  * Frame Buffer objects (ARB extension): no
15:25:20:  * Frame Buffer objects (ATI extension): no
15:25:20:  * PBuffer support: yes
15:25:20:  * GL 1.5 without HW-occlusion workaround: no
15:25:20:  * Separate shader objects: no
15:25:20: DefaultWorkQueue('Root') initialising on thread be4.
15:25:20: Particle Renderer Type 'billboard' registered
15:25:20: DefaultWorkQueue('Root')::WorkerFunc - thread 1228 starting.
15:25:20: DefaultWorkQueue('Root')::WorkerFunc - thread 590 starting.
15:25:21: DefaultWorkQueue('Root') shutting down on thread be4.
15:25:21: DefaultWorkQueue('Root')::WorkerFunc - thread 590 stopped.
15:25:21: DefaultWorkQueue('Root')::WorkerFunc - thread 1228 stopped.
15:25:21: *-*-* OGRE Shutdown
15:25:21: Unregistering ResourceManager for type Compositor
15:25:21: Unregistering ResourceManager for type Font
15:25:21: Unregistering ResourceManager for type Skeleton
15:25:21: Unregistering ResourceManager for type Mesh
15:25:21: Unregistering ResourceManager for type HighLevelGpuProgram
15:25:21: Uninstalling plugin: GL RenderSystem
15:25:21: Unregistering ResourceManager for type GpuProgram
15:25:21: *** Stopping Win32GL Subsystem ***
15:25:21: Unregistering ResourceManager for type Texture
15:25:21: Plugin successfully uninstalled
15:25:21: Unloading library RenderSystem_GL.dll
15:25:21: Unregistering ResourceManager for type Material
