Loading file: data/INSTR.ALL
Loading file: data/INSTR.DAT
Loading file: data/music/3_19_Aerith's_Theme.snd
Init channel 0 with offset to AKAO 0032
Init channel 1 with offset to AKAO 00bf
Init channel 2 with offset to AKAO 0126
Init channel 3 with offset to AKAO 01fa
Init channel 4 with offset to AKAO 0262
Init channel 5 with offset to AKAO 02c1
Init channel 6 with offset to AKAO 032e
Init channel 7 with offset to AKAO 0390
Init channel 8 with offset to AKAO 0412
Init channel 9 with offset to AKAO 0480
Init channel 10 with offset to AKAO 05a1
Init channel 11 with offset to AKAO 066f
Init channel 12 with offset to AKAO 0771
Init channel 13 with offset to AKAO 0818
Init channel 14 with offset to AKAO 08a2
    0xE8 Tempo = 0x3be20000, tempo increment counter = 0..
    0xFD Upper timer = 0 (bound 0004), lower timer = 0 (bound 0030)..
    0xFE Top timer = 0001)..
    0xEA Reverb depth = 0x32000000, reverb depth increment counter = 0..
    0xA3 Volume multiplier = 0x7f..
    0xC2 [UNIMPLEMENTED]
    .
    0xAA Set volume pan to 0x3400.
    .
    0xA1 [NOT COMPLETE] Load instrument 46with 0xA1.
    .
    0xB4 Set wave1 refresh interval to 0x0001 , wave1 node index to 0x0006 and wave1 delay (or wave1 modifier) to 0x60.
    .
    0xB5 Set wave modifier to 0x0a00.
    .
    0xFD Upper timer = 0 (bound 0004), lower timer = 0 (bound 0030)..
    0xFE Top timer = 0001)..
    0xA8 Set volume to 0x18800000 and reset volume_level_change_ticks.
    .
    0x8f PLAY.
    0x8f PLAY.
    0x8f PLAY.
    0x8f PLAY.
    0xA5 Set pitch correction to 0x0005.
    .
    0x45 PLAY.
    0x66 PLAY.
    0xA6 Increment pitch correction.
    .
    0x17 PLAY.
    0x86 PLAY.
    0x03 PLAY.
    0xA7 Decrement pitch correction.
    .
    0x66 PLAY.
    0x2d PLAY.
    0x87 PLAY.
    0xCC Set unknown_6e to 1.
    .
    0x1a PLAY.
    0x30 PLAY.
    0x17 PLAY.
    0xCD Do nothing.
    .
    0x3a PLAY.
    0x2f PLAY.
    0x19 PLAY.
    0x2f PLAY.
    0x16 PLAY.
    0x84 PLAY.
    0x85 PLAY.
    0xA9 Set volume tick to 0x0060 and volume_level_add 0xffbeaaab.
    .
    0x85 PLAY.
    0x8f PLAY.
    0x8f PLAY.
    0x8f PLAY.
    0x8f PLAY.
    0x8f PLAY.
    0x8f PLAY.
    0x8f PLAY.
    0x8f PLAY.
    0x8f PLAY.
    0x8f PLAY.
    0x8f PLAY.
    0xA8 Set volume to 0x0e800000 and reset volume_level_change_ticks.
    .
    0xA6 Increment pitch correction.
    .
    0x91 PLAY.
    0xA9 Set volume tick to 0x0018 and volume_level_add 0x006aaaaa.
    .
    0x18 PLAY.
    0x0d PLAY.
    0xA7 Decrement pitch correction.
    .
    0x7b PLAY.
    0x64 PLAY.
    0x43 PLAY.
    0x87 PLAY.
    0x92 PLAY.
    0xA6 Increment pitch correction.
    .
    0x18 PLAY.
    0x0d PLAY.
    0xA7 Decrement pitch correction.
    .
    0x7b PLAY.
    0xA6 Increment pitch correction.
    .
    0x0d PLAY.
    0x87 PLAY.
    0x45 PLAY.
    0x43 PLAY.
    0x87 PLAY.
    0x92 PLAY.
    0x18 PLAY.
    0x0d PLAY.
    0xA7 Decrement pitch correction.
    .
    0x7b PLAY.
    0x64 PLAY.
    0x2d PLAY.
    0x85 PLAY.
    0x91 PLAY.
    0x2f PLAY.
    0x45 PLAY.
    0x50 PLAY.
    0x45 PLAY.
    0x2f PLAY.
    0x17 PLAY.
    0x87 PLAY.
    0x86 PLAY.
    0x87 PLAY.
    0x92 PLAY.
    0x50 PLAY.
    0x45 PLAY.
    0x19 PLAY.
    0x2f PLAY.
    0x17 PLAY.
    0x86 PLAY.
    0xA9 Set volume tick to 0x0048 and volume_level_add 0xffd391c8.
    .
    0x86 PLAY.
    0x87 PLAY.
    0x90 PLAY.
    0x91 PLAY.
    0x92 PLAY.
    0x8f PLAY.
    0x8f PLAY.
    0x8f PLAY.
    0xEE [UNIMPLEMENTED]
    .
    0xA3 Volume multiplier = 0x7f..
    0xC2 [UNIMPLEMENTED]
    .
    0xAA Set volume pan to 0x3e00.
    .
    0xA8 Set volume to 0x13800000 and reset volume_level_change_ticks.
    .
    0xA1 [NOT COMPLETE] Load instrument 46with 0xA1.
    .
    0xB4 Set wave1 refresh interval to 0x0001 , wave1 node index to 0x0006 and wave1 delay (or wave1 modifier) to 0x60.
    .
    0xB5 Set wave modifier to 0x0a00.
    .
    0xA8 Set volume to 0x18800000 and reset volume_level_change_ticks.
    .
    0x8f PLAY.
    0x8f PLAY.
    0x8f PLAY.
    0x8f PLAY.
    0x8f PLAY.
    0x8f PLAY.
    0x8f PLAY.
    0x8f PLAY.
    0x8f PLAY.
    0x8f PLAY.
    0x8f PLAY.
    0x8f PLAY.
    0x8f PLAY.
    0x8f PLAY.
    0x8f PLAY.
    0x8f PLAY.
    0x8f PLAY.
    0x8f PLAY.
    0x8f PLAY.
    0x8f PLAY.
    0x8f PLAY.
    0xA8 Set volume to 0x09800000 and reset volume_level_change_ticks.
    .
    0xA5 Set pitch correction to 0x0005.
    .
    0x91 PLAY.
    0xA9 Set volume tick to 0x0018 and volume_level_add 0x006aaaaa.
    .
    0x7b PLAY.
    0x65 PLAY.
    0x4f PLAY.
    0x43 PLAY.
    0x17 PLAY.
    0x87 PLAY.
    0x92 PLAY.
    0x7b PLAY.
    0x65 PLAY.
    0x4f PLAY.
    0x65 PLAY.
    0x87 PLAY.
    0xA6 Increment pitch correction.
    .
    0x0e PLAY.
    0x0c PLAY.
    0x87 PLAY.
    0x92 PLAY.
    0xA7 Decrement pitch correction.
    .
    0x7b PLAY.
    0x65 PLAY.
    0x4f PLAY.
    0x2d PLAY.
    0x0c PLAY.
    0x85 PLAY.
    0x91 PLAY.
    0x50 PLAY.
    0x66 PLAY.
    0x7c PLAY.
    0x66 PLAY.
    0x50 PLAY.
    0xA6 Increment pitch correction.
    .
    0x17 PLAY.
    0x87 PLAY.
    0x86 PLAY.
    0x87 PLAY.
    0x92 PLAY.
    0xA7 Decrement pitch correction.
    .
    0x7c PLAY.
    0x66 PLAY.
    0x45 PLAY.
    0x50 PLAY.
    0x43 PLAY.
    0x86 PLAY.
    0xA9 Set volume tick to 0x0048 and volume_level_add 0xffdc7556.
    .
    0x86 PLAY.
    0x87 PLAY.
    0x90 PLAY.
    0x91 PLAY.
    0x92 PLAY.
    0x8f PLAY.
    0x8f PLAY.
    0x8f PLAY.
    0xEE [UNIMPLEMENTED]
    .
    0xA3 Volume multiplier = 0x7f..
    0xC2 [UNIMPLEMENTED]
    .
    0xAA Set volume pan to 0x4b00.
    .
    0xA8 Set volume to 0x13800000 and reset volume_level_change_ticks.
    .
    0xA1 [NOT COMPLETE] Load instrument 31with 0xA1.
    .
    0xB4 Set wave1 refresh interval to 0x0001 , wave1 node index to 0x0006 and wave1 delay (or wave1 modifier) to 0x60.
    .
    0xB5 Set wave modifier to 0x0f00.
    .
    0x8f PLAY.
    0x8f PLAY.
    0x8f PLAY.
    0x8f PLAY.
    0x8f PLAY.
    0x8f PLAY.
    0x8f PLAY.
    0x8f PLAY.
    0x8f PLAY.
    0xA5 Set pitch correction to 0x0005.
    .
    0xA8 Set volume to 0x0c000000 and reset volume_level_change_ticks.
    .
    0x90 PLAY.
    0x91 PLAY.
    0xA9 Set volume tick to 0x000c and volume_level_add 0x010aaaaa.
    .
    0x19 PLAY.
    0x2f PLAY.
    0x43 PLAY.
    0x87 PLAY.
    0xA9 Set volume tick to 0x000c and volume_level_add 0xfef56aab.
    .
    0x88 PLAY.
    0x93 PLAY.
    0xA9 Set volume tick to 0x000c and volume_level_add 0x010aaaaa.
    .
    0x45 PLAY.
    0x50 PLAY.
    0x64 PLAY.
    0x87 PLAY.
    0xA9 Set volume tick to 0x000c and volume_level_add 0xfef56aab.
    .
    0x88 PLAY.
    0x93 PLAY.
    0xA9 Set volume tick to 0x000c and volume_level_add 0x010aaaaa.
    .
    0x7c PLAY.
    0xA6 Increment pitch correction.
    .
    0x0e PLAY.
    0x18 PLAY.
    0xA7 Decrement pitch correction.
    .
    0x7a PLAY.
    0x4f PLAY.
    0xCC Set unknown_6e to 1.
    .
    0x67 PLAY.
    0x7d PLAY.
    0xCD Do nothing.
    .
    0x64 PLAY.
    0xA9 Set volume tick to 0x000c and volume_level_add 0xfef56aab.
    .
    0x88 PLAY.
    0x93 PLAY.
    0xA9 Set volume tick to 0x000c and volume_level_add 0x010aaaaa.
    .
    0x66 PLAY.
    0x45 PLAY.
    0x0b PLAY.
    0xA9 Set volume tick to 0x0030 and volume_level_add 0xffbd5aab.
    .
    0x86 PLAY.
    0x91 PLAY.
    0x93 PLAY.
    0x92 PLAY.
    0x93 PLAY.
    0xA9 Set volume tick to 0x000c and volume_level_add 0x010aaaaa.
    .
    0x7c PLAY.
    0x66 PLAY.
    0x16 PLAY.
    0xA9 Set volume tick to 0x0030 and volume_level_add 0xffbd5aab.
    .
    0x86 PLAY.
    0x91 PLAY.
    0x93 PLAY.
    0x92 PLAY.
    0x93 PLAY.
    0xA9 Set volume tick to 0x000c and volume_level_add 0x010aaaaa.
    .
    0x66 PLAY.
    0x45 PLAY.
    0x0b PLAY.
