19:21:54: Creating resource group General
19:21:54: Creating resource group Internal
19:21:54: Creating resource group Autodetect
19:21:54: SceneManagerFactory for type 'DefaultSceneManager' registered.
19:21:54: Registering ResourceManager for type Material
19:21:54: Registering ResourceManager for type Mesh
19:21:54: Registering ResourceManager for type Skeleton
19:21:54: MovableObjectFactory for type 'ParticleSystem' registered.
19:21:54: OverlayElementFactory for type Panel registered.
19:21:54: OverlayElementFactory for type BorderPanel registered.
19:21:54: OverlayElementFactory for type TextArea registered.
19:21:54: Registering ResourceManager for type Font
19:21:54: ArchiveFactory for archive type FileSystem registered.
19:21:54: ArchiveFactory for archive type Zip registered.
19:21:54: ArchiveFactory for archive type EmbeddedZip registered.
19:21:54: DDS codec registering
19:21:54: FreeImage version: 3.15.3
19:21:54: This program uses FreeImage, a free, open source image library supporting all common bitmap formats. See http://freeimage.sourceforge.net for details
19:21:54: Supported formats: bmp,ico,jpg,jif,jpeg,jpe,jng,koa,iff,lbm,mng,pbm,pbm,pcd,pcx,pgm,pgm,png,ppm,ppm,ras,tga,targa,tif,tiff,wap,wbmp,wbm,psd,cut,xbm,xpm,gif,hdr,g3,sgi,exr,j2k,j2c,jp2,pfm,pct,pict,pic,3fr,arw,bay,bmq,cap,cine,cr2,crw,cs1,dc2,dcr,drf,dsc,dng,erf,fff,ia,iiq,k25,kc2,kdc,mdc,mef,mos,mrw,nef,nrw,orf,pef,ptx,pxn,qtk,raf,raw,rdc,rw2,rwl,rwz,sr2,srf,srw,sti
19:21:54: Registering ResourceManager for type HighLevelGpuProgram
19:21:54: Registering ResourceManager for type Compositor
19:21:54: MovableObjectFactory for type 'Entity' registered.
19:21:54: MovableObjectFactory for type 'Light' registered.
19:21:54: MovableObjectFactory for type 'BillboardSet' registered.
19:21:54: MovableObjectFactory for type 'ManualObject' registered.
19:21:54: MovableObjectFactory for type 'BillboardChain' registered.
19:21:54: MovableObjectFactory for type 'RibbonTrail' registered.
19:21:54: *-*-* OGRE Initialising
19:21:54: *-*-* Version 1.8.1 (Byatis)
19:21:54: Loading library RenderSystem_GL.dll
19:21:54: Installing plugin: GL RenderSystem
19:21:54: OpenGL Rendering Subsystem created.
19:21:55: Plugin successfully installed
19:21:55: CPU Identifier & Features
19:21:55: -------------------------
19:21:55:  *   CPU ID: GenuineIntel: Intel(R) Pentium(R) Dual  CPU  E2200  @ 2.20GHz
19:21:55:  *      SSE: yes
19:21:55:  *     SSE2: yes
19:21:55:  *     SSE3: yes
19:21:55:  *      MMX: yes
19:21:55:  *   MMXEXT: yes
19:21:55:  *    3DNOW: no
19:21:55:  * 3DNOWEXT: no
19:21:55:  *     CMOV: yes
19:21:55:  *      TSC: yes
19:21:55:  *      FPU: yes
19:21:55:  *      PRO: yes
19:21:55:  *       HT: no
19:21:55: -------------------------
19:21:55: *** Starting Win32GL Subsystem ***
19:21:55: Registering ResourceManager for type Texture
19:21:55: GLRenderSystem::_createRenderWindow "QGearsWindow", 800x600 windowed  miscParams: title=FFVII Sound Exporter 
19:21:55: Created Win32Window 'QGearsWindow' : 808x634, 32bpp
19:21:55: GL_VERSION = 4.2.11927 Compatibility Profile Context
19:21:55: GL_VENDOR = ATI Technologies Inc.
19:21:55: GL_RENDERER = ATI Radeon HD 5500 Series
19:21:55: GL_EXTENSIONS = GL_AMDX_debug_output GL_AMDX_vertex_shader_tessellator GL_AMD_conservative_depth GL_AMD_debug_output GL_AMD_depth_clamp_separate GL_AMD_draw_buffers_blend GL_AMD_multi_draw_indirect GL_AMD_name_gen_delete GL_AMD_performance_monitor GL_AMD_pinned_memory GL_AMD_query_buffer_object GL_AMD_sample_positions GL_AMD_seamless_cubemap_per_texture GL_AMD_shader_stencil_export GL_AMD_shader_trace GL_AMD_texture_cube_map_array GL_AMD_texture_texture4 GL_AMD_transform_feedback3_lines_triangles GL_AMD_vertex_shader_layer GL_AMD_vertex_shader_tessellator GL_AMD_vertex_shader_viewport_index GL_ARB_ES2_compatibility GL_ARB_base_instance GL_ARB_blend_func_extended GL_ARB_color_buffer_float GL_ARB_compressed_texture_pixel_storage GL_ARB_conservative_depth GL_ARB_copy_buffer GL_ARB_depth_buffer_float GL_ARB_depth_clamp GL_ARB_depth_texture GL_ARB_draw_buffers GL_ARB_draw_buffers_blend GL_ARB_draw_elements_base_vertex GL_ARB_draw_indirect GL_ARB_draw_instanced GL_ARB_explicit_attrib_location GL_ARB_fragment_coord_conventions GL_ARB_fragment_program GL_ARB_fragment_program_shadow GL_ARB_fragment_shader GL_ARB_framebuffer_object GL_ARB_framebuffer_sRGB GL_ARB_geometry_shader4 GL_ARB_get_program_binary GL_ARB_gpu_shader5 GL_ARB_gpu_shader_fp64 GL_ARB_half_float_pixel GL_ARB_half_float_vertex GL_ARB_imaging GL_ARB_instanced_arrays GL_ARB_internalformat_query GL_ARB_map_buffer_alignment GL_ARB_map_buffer_range GL_ARB_multisample GL_ARB_multitexture GL_ARB_occlusion_query GL_ARB_occlusion_query2 GL_ARB_pixel_buffer_object GL_ARB_point_parameters GL_ARB_point_sprite GL_ARB_provoking_vertex GL_ARB_sample_shading GL_ARB_sampler_objects GL_ARB_seamless_cube_map GL_ARB_separate_shader_objects GL_ARB_shader_atomic_counters GL_ARB_shader_bit_encoding GL_ARB_shader_image_load_store GL_ARB_shader_objects GL_ARB_shader_precision GL_ARB_shader_stencil_export GL_ARB_shader_subroutine GL_ARB_shader_texture_lod GL_ARB_shading_language_100 GL_ARB_shading_language_420pack GL_ARB_shading_language_packing GL_ARB_shadow GL_ARB_shadow_ambient GL_ARB_sync GL_ARB_tessellation_shader GL_ARB_texture_border_clamp GL_ARB_texture_buffer_object GL_ARB_texture_buffer_object_rgb32 GL_ARB_texture_compression GL_ARB_texture_compression_bptc GL_ARB_texture_compression_rgtc GL_ARB_texture_cube_map GL_ARB_texture_cube_map_array GL_ARB_texture_env_add GL_ARB_texture_env_combine GL_ARB_texture_env_crossbar GL_ARB_texture_env_dot3 GL_ARB_texture_float GL_ARB_texture_gather GL_ARB_texture_mirrored_repeat GL_ARB_texture_multisample GL_ARB_texture_non_power_of_two GL_ARB_texture_query_lod GL_ARB_texture_rectangle GL_ARB_texture_rg GL_ARB_texture_rgb10_a2ui GL_ARB_texture_snorm GL_ARB_texture_storage GL_ARB_timer_query GL_ARB_transform_feedback2 GL_ARB_transform_feedback3 GL_ARB_transform_feedback_instanced GL_ARB_transpose_matrix GL_ARB_uniform_buffer_object GL_ARB_vertex_array_bgra GL_ARB_vertex_array_object GL_ARB_vertex_attrib_64bit GL_ARB_vertex_buffer_object GL_ARB_vertex_program GL_ARB_vertex_shader GL_ARB_vertex_type_2_10_10_10_rev GL_ARB_viewport_array GL_ARB_window_pos GL_ATI_draw_buffers GL_ATI_envmap_bumpmap GL_ATI_fragment_shader GL_ATI_meminfo GL_ATI_separate_stencil GL_ATI_texture_compression_3dc GL_ATI_texture_env_combine3 GL_ATI_texture_float GL_ATI_texture_mirror_once GL_EXT_abgr GL_EXT_bgra GL_EXT_bindable_uniform GL_EXT_blend_color GL_EXT_blend_equation_separate GL_EXT_blend_func_separate GL_EXT_blend_minmax GL_EXT_blend_subtract GL_EXT_compiled_vertex_array GL_EXT_copy_buffer GL_EXT_copy_texture GL_EXT_direct_state_access GL_EXT_draw_buffers2 GL_EXT_draw_instanced GL_EXT_draw_range_elements GL_EXT_fog_coord GL_EXT_framebuffer_blit GL_EXT_framebuffer_multisample GL_EXT_framebuffer_object GL_EXT_framebuffer_sRGB GL_EXT_geometry_shader4 GL_EXT_gpu_program_parameters GL_EXT_gpu_shader4 GL_EXT_histogram GL_EXT_multi_draw_arrays GL_EXT_packed_depth_stencil GL_EXT_packed_float GL_EXT_packed_pixels GL_EXT_pixel_buffer_object GL_EXT_point_parameters GL_EXT_provoking_vertex GL_EXT_rescale_normal GL_EXT_secondary_color GL_EXT_separate_specular_color GL_EXT_shader_image_load_store GL_EXT_shadow_funcs GL_EXT_stencil_wrap GL_EXT_subtexture GL_EXT_texgen_reflection GL_EXT_texture3D GL_EXT_texture_array GL_EXT_texture_buffer_object GL_EXT_texture_compression_bptc GL_EXT_texture_compression_latc GL_EXT_texture_compression_rgtc GL_EXT_texture_compression_s3tc GL_EXT_texture_cube_map GL_EXT_texture_edge_clamp GL_EXT_texture_env_add GL_EXT_texture_env_combine GL_EXT_texture_env_dot3 GL_EXT_texture_filter_anisotropic GL_EXT_texture_integer GL_EXT_texture_lod GL_EXT_texture_lod_bias GL_EXT_texture_mirror_clamp GL_EXT_texture_object GL_EXT_texture_rectangle GL_EXT_texture_sRGB GL_EXT_texture_sRGB_decode GL_EXT_texture_shared_exponent GL_EXT_texture_snorm GL_EXT_texture_storage GL_EXT_texture_swizzle GL_EXT_timer_query GL_EXT_transform_feedback GL_EXT_vertex_array GL_EXT_vertex_array_bgra GL_EXT_vertex_attrib_64bit GL_IBM_texture_mirrored_repeat GL_KTX_buffer_region GL_NV_blend_square GL_NV_conditional_render GL_NV_copy_depth_to_color GL_NV_copy_image GL_NV_explicit_multisample GL_NV_float_buffer GL_NV_half_float GL_NV_primitive_restart GL_NV_texgen_reflection GL_NV_texture_barrier GL_SGIS_generate_mipmap GL_SGIS_texture_edge_clamp GL_SGIS_texture_lod GL_SUN_multi_draw_arrays GL_WIN_swap_hint WGL_EXT_swap_control
19:21:55: Supported WGL extensions: WGL_ARB_extensions_string WGL_ARB_pixel_format WGL_ATI_pixel_format_float WGL_ARB_pixel_format_float WGL_ARB_multisample WGL_EXT_swap_control WGL_ARB_pbuffer WGL_ARB_render_texture WGL_ARB_make_current_read WGL_EXT_extensions_string WGL_ARB_buffer_region WGL_EXT_framebuffer_sRGB WGL_ATI_render_texture_rectangle WGL_EXT_pixel_format_packed_float WGL_I3D_genlock WGL_NV_swap_group WGL_ARB_create_context WGL_AMD_gpu_association WGL_AMDX_gpu_association WGL_ARB_create_context_profile WGL_NV_float_buffer
19:21:55: ***************************
19:21:55: *** GL Renderer Started ***
19:21:55: ***************************
19:21:55: Registering ResourceManager for type GpuProgram
19:21:55: GLSL support detected
19:21:55: GL: Using GL_EXT_framebuffer_object for rendering to textures (best)
19:21:55: FBO PF_UNKNOWN depth/stencil support: D0S1 D0S4 D0S8 D0S16 D16S0 D24S0 D32S0 Packed-D24S8 
19:21:55: FBO PF_L8 depth/stencil support: D0S0 D0S1 D0S4 D0S8 D0S16 D16S0 D24S0 D32S0 Packed-D24S8 
19:21:55: FBO PF_L16 depth/stencil support: D0S0 D0S1 D0S4 D0S8 D0S16 D16S0 D24S0 D32S0 Packed-D24S8 
19:21:55: FBO PF_A8 depth/stencil support: D0S0 D0S1 D0S4 D0S8 D0S16 D16S0 D24S0 D32S0 Packed-D24S8 
19:21:55: FBO PF_A4L4 depth/stencil support: D0S0 D0S1 D0S4 D0S8 D0S16 D16S0 D24S0 D32S0 Packed-D24S8 
19:21:55: FBO PF_BYTE_LA depth/stencil support: D0S0 D0S1 D0S4 D0S8 D0S16 D16S0 D24S0 D32S0 Packed-D24S8 
19:21:55: FBO PF_R5G6B5 depth/stencil support: D0S0 D0S1 D0S4 D0S8 D0S16 D16S0 D24S0 D32S0 Packed-D24S8 
19:21:55: FBO PF_B5G6R5 depth/stencil support: D0S0 D0S1 D0S4 D0S8 D0S16 D16S0 D24S0 D32S0 Packed-D24S8 
19:21:55: FBO PF_A4R4G4B4 depth/stencil support: D0S0 D0S1 D0S4 D0S8 D0S16 D16S0 D24S0 D32S0 Packed-D24S8 
19:21:55: FBO PF_A1R5G5B5 depth/stencil support: D0S0 D0S1 D0S4 D0S8 D0S16 D16S0 D24S0 D32S0 Packed-D24S8 
19:21:55: FBO PF_R8G8B8 depth/stencil support: D0S0 D0S1 D0S4 D0S8 D0S16 D16S0 D24S0 D32S0 Packed-D24S8 
19:21:55: FBO PF_B8G8R8 depth/stencil support: D0S0 D0S1 D0S4 D0S8 D0S16 D16S0 D24S0 D32S0 Packed-D24S8 
19:21:55: FBO PF_A8R8G8B8 depth/stencil support: D0S0 D0S1 D0S4 D0S8 D0S16 D16S0 D24S0 D32S0 Packed-D24S8 
19:21:55: FBO PF_B8G8R8A8 depth/stencil support: D0S0 D0S1 D0S4 D0S8 D0S16 D16S0 D24S0 D32S0 Packed-D24S8 
19:21:55: FBO PF_A2R10G10B10 depth/stencil support: D0S0 D0S1 D0S4 D0S8 D0S16 D16S0 D24S0 D32S0 Packed-D24S8 
19:21:55: FBO PF_A2B10G10R10 depth/stencil support: D0S0 D0S1 D0S4 D0S8 D0S16 D16S0 D24S0 D32S0 Packed-D24S8 
19:21:55: FBO PF_FLOAT16_RGB depth/stencil support: D0S0 D0S1 D0S4 D0S8 D0S16 D16S0 D24S0 D32S0 Packed-D24S8 
19:21:55: FBO PF_FLOAT16_RGBA depth/stencil support: D0S0 D0S1 D0S4 D0S8 D0S16 D16S0 D24S0 D32S0 Packed-D24S8 
19:21:55: FBO PF_FLOAT32_RGB depth/stencil support: D0S0 D0S1 D0S4 D0S8 D0S16 D16S0 D24S0 D32S0 Packed-D24S8 
19:21:55: FBO PF_FLOAT32_RGBA depth/stencil support: D0S0 D0S1 D0S4 D0S8 D0S16 D16S0 D24S0 D32S0 Packed-D24S8 
19:21:55: FBO PF_X8R8G8B8 depth/stencil support: D0S0 D0S1 D0S4 D0S8 D0S16 D16S0 D24S0 D32S0 Packed-D24S8 
19:21:55: FBO PF_X8B8G8R8 depth/stencil support: D0S0 D0S1 D0S4 D0S8 D0S16 D16S0 D24S0 D32S0 Packed-D24S8 
19:21:55: FBO PF_SHORT_RGBA depth/stencil support: D0S0 D0S1 D0S4 D0S8 D0S16 D16S0 D24S0 D32S0 Packed-D24S8 
19:21:55: FBO PF_R3G3B2 depth/stencil support: D0S0 D0S1 D0S4 D0S8 D0S16 D16S0 D24S0 D32S0 Packed-D24S8 
19:21:55: FBO PF_FLOAT16_R depth/stencil support: D0S0 D0S1 D0S4 D0S8 D0S16 D16S0 D24S0 D32S0 Packed-D24S8 
19:21:55: FBO PF_FLOAT32_R depth/stencil support: D0S0 D0S1 D0S4 D0S8 D0S16 D16S0 D24S0 D32S0 Packed-D24S8 
19:21:55: FBO PF_SHORT_GR depth/stencil support: D0S0 D0S1 D0S4 D0S8 D0S16 D16S0 D24S0 D32S0 Packed-D24S8 
19:21:55: FBO PF_FLOAT16_GR depth/stencil support: D0S0 D0S1 D0S4 D0S8 D0S16 D16S0 D24S0 D32S0 Packed-D24S8 
19:21:55: FBO PF_FLOAT32_GR depth/stencil support: D0S0 D0S1 D0S4 D0S8 D0S16 D16S0 D24S0 D32S0 Packed-D24S8 
19:21:55: FBO PF_SHORT_RGB depth/stencil support: D0S0 D0S1 D0S4 D0S8 D0S16 D16S0 D24S0 D32S0 Packed-D24S8 
19:21:55: [GL] : Valid FBO targets PF_UNKNOWN PF_L8 PF_L16 PF_A8 PF_A4L4 PF_BYTE_LA PF_R5G6B5 PF_B5G6R5 PF_A4R4G4B4 PF_A1R5G5B5 PF_R8G8B8 PF_B8G8R8 PF_A8R8G8B8 PF_B8G8R8A8 PF_A2R10G10B10 PF_A2B10G10R10 PF_FLOAT16_RGB PF_FLOAT16_RGBA PF_FLOAT32_RGB PF_FLOAT32_RGBA PF_X8R8G8B8 PF_X8B8G8R8 PF_SHORT_RGBA PF_R3G3B2 PF_FLOAT16_R PF_FLOAT32_R PF_SHORT_GR PF_FLOAT16_GR PF_FLOAT32_GR PF_SHORT_RGB 
19:21:55: RenderSystem capabilities
19:21:55: -------------------------
19:21:55: RenderSystem Name: OpenGL Rendering Subsystem
19:21:55: GPU Vendor: ati
19:21:55: Device Name: ATI Radeon HD 5500 Series
19:21:55: Driver Version: 4.2.11927.0
19:21:55:  * Fixed function pipeline: yes
19:21:55:  * Hardware generation of mipmaps: yes
19:21:55:  * Texture blending: yes
19:21:55:  * Anisotropic texture filtering: yes
19:21:55:  * Dot product texture operation: yes
19:21:55:  * Cube mapping: yes
19:21:55:  * Hardware stencil buffer: yes
19:21:55:    - Stencil depth: 8
19:21:55:    - Two sided stencil support: yes
19:21:55:    - Wrap stencil values: yes
19:21:55:  * Hardware vertex / index buffers: yes
19:21:55:  * Vertex programs: yes
19:21:55:  * Number of floating-point constants for vertex programs: 256
19:21:55:  * Number of integer constants for vertex programs: 0
19:21:55:  * Number of boolean constants for vertex programs: 0
19:21:55:  * Fragment programs: yes
19:21:55:  * Number of floating-point constants for fragment programs: 256
19:21:55:  * Number of integer constants for fragment programs: 0
19:21:55:  * Number of boolean constants for fragment programs: 0
19:21:55:  * Geometry programs: yes
19:21:55:  * Number of floating-point constants for geometry programs: 16384
19:21:55:  * Number of integer constants for geometry programs: 0
19:21:55:  * Number of boolean constants for geometry programs: 0
19:21:55:  * Supported Shader Profiles: arbfp1 arbvp1 glsl gp4gp gpu_gp nvgp4 ps_1_1 ps_1_2 ps_1_3 ps_1_4
19:21:55:  * Texture Compression: yes
19:21:55:    - DXT: yes
19:21:55:    - VTC: no
19:21:55:    - PVRTC: no
19:21:55:  * Scissor Rectangle: yes
19:21:55:  * Hardware Occlusion Query: yes
19:21:55:  * User clip planes: yes
19:21:55:  * VET_UBYTE4 vertex element type: yes
19:21:55:  * Infinite far plane projection: yes
19:21:55:  * Hardware render-to-texture: yes
19:21:55:  * Floating point textures: yes
19:21:55:  * Non-power-of-two textures: yes
19:21:55:  * Volume textures: yes
19:21:55:  * Multiple Render Targets: 8
19:21:55:    - With different bit depths: yes
19:21:55:  * Point Sprites: yes
19:21:55:  * Extended point parameters: yes
19:21:55:  * Max Point Size: 8192
19:21:55:  * Vertex texture fetch: yes
19:21:55:  * Number of world matrices: 0
19:21:55:  * Number of texture units: 16
19:21:55:  * Stencil buffer depth: 8
19:21:55:  * Number of vertex blend matrices: 0
19:21:55:    - Max vertex textures: 16
19:21:55:    - Vertex textures shared: yes
19:21:55:  * Render to Vertex Buffer : no
19:21:55:  * GL 1.5 without VBO workaround: no
19:21:55:  * Frame Buffer objects: yes
19:21:55:  * Frame Buffer objects (ARB extension): no
19:21:55:  * Frame Buffer objects (ATI extension): no
19:21:55:  * PBuffer support: yes
19:21:55:  * GL 1.5 without HW-occlusion workaround: no
19:21:55:  * Separate shader objects: no
19:21:55: DefaultWorkQueue('Root') initialising on thread 264.
19:21:55: DefaultWorkQueue('Root')::WorkerFunc - thread 1524 starting.
19:21:55: Particle Renderer Type 'billboard' registered
19:21:55: DefaultWorkQueue('Root')::WorkerFunc - thread 8ac starting.
19:21:55: Added resource location './' of type 'FileSystem' to resource group 'General'
19:21:55: Added resource location './exported' of type 'FileSystem' to resource group 'General'
19:21:55: Creating resource group Bootstrap
19:21:55: Added resource location './data/OgreCore.zip' of type 'Zip' to resource group 'Bootstrap'
19:21:55: Parsing scripts for resource group Autodetect
19:21:55: Finished parsing scripts for resource group Autodetect
19:21:55: Creating resources for group Autodetect
19:21:55: All done
19:21:55: Parsing scripts for resource group Bootstrap
19:21:55: Parsing script OgreCore.material
19:21:55: Parsing script OgreProfiler.material
19:21:55: Parsing script Ogre.fontdef
19:21:55: Parsing script OgreDebugPanel.overlay
19:21:56: Texture: New_Ogre_Border_Center.png: Loading 1 faces(PF_A8R8G8B8,256x128x1) with 8 hardware generated mipmaps from Image. Internal format is PF_A8R8G8B8,256x128x1.
19:21:56: Texture: New_Ogre_Border.png: Loading 1 faces(PF_A8R8G8B8,256x256x1) with 8 hardware generated mipmaps from Image. Internal format is PF_A8R8G8B8,256x256x1.
19:21:56: Texture: New_Ogre_Border_Break.png: Loading 1 faces(PF_A8R8G8B8,32x32x1) with 5 hardware generated mipmaps from Image. Internal format is PF_A8R8G8B8,32x32x1.
19:21:56: Texture: ogretext.png: Loading 1 faces(PF_A8R8G8B8,256x128x1) with 8 hardware generated mipmaps from Image. Internal format is PF_A8R8G8B8,256x128x1.
19:21:56: Parsing script OgreLoadingPanel.overlay
19:21:56: Finished parsing scripts for resource group Bootstrap
19:21:56: Creating resources for group Bootstrap
19:21:56: All done
19:21:56: Parsing scripts for resource group General
19:21:56: Finished parsing scripts for resource group General
19:21:56: Creating resources for group General
19:21:56: All done
19:21:56: Parsing scripts for resource group Internal
19:21:56: Finished parsing scripts for resource group Internal
19:21:56: Creating resources for group Internal
19:21:56: All done
19:21:56: Font BlueHighway using texture size 512x512
19:21:56: Info: Freetype returned null for character 127 in font BlueHighway
19:21:56: Info: Freetype returned null for character 128 in font BlueHighway
19:21:56: Info: Freetype returned null for character 129 in font BlueHighway
19:21:56: Info: Freetype returned null for character 130 in font BlueHighway
19:21:56: Info: Freetype returned null for character 131 in font BlueHighway
19:21:56: Info: Freetype returned null for character 132 in font BlueHighway
19:21:56: Info: Freetype returned null for character 133 in font BlueHighway
19:21:56: Info: Freetype returned null for character 134 in font BlueHighway
19:21:56: Info: Freetype returned null for character 135 in font BlueHighway
19:21:56: Info: Freetype returned null for character 136 in font BlueHighway
19:21:56: Info: Freetype returned null for character 137 in font BlueHighway
19:21:56: Info: Freetype returned null for character 138 in font BlueHighway
19:21:56: Info: Freetype returned null for character 139 in font BlueHighway
19:21:56: Info: Freetype returned null for character 140 in font BlueHighway
19:21:56: Info: Freetype returned null for character 141 in font BlueHighway
19:21:56: Info: Freetype returned null for character 142 in font BlueHighway
19:21:56: Info: Freetype returned null for character 143 in font BlueHighway
19:21:56: Info: Freetype returned null for character 144 in font BlueHighway
19:21:56: Info: Freetype returned null for character 145 in font BlueHighway
19:21:56: Info: Freetype returned null for character 146 in font BlueHighway
19:21:56: Info: Freetype returned null for character 147 in font BlueHighway
19:21:56: Info: Freetype returned null for character 148 in font BlueHighway
19:21:56: Info: Freetype returned null for character 149 in font BlueHighway
19:21:56: Info: Freetype returned null for character 150 in font BlueHighway
19:21:56: Info: Freetype returned null for character 151 in font BlueHighway
19:21:56: Info: Freetype returned null for character 152 in font BlueHighway
19:21:56: Info: Freetype returned null for character 153 in font BlueHighway
19:21:56: Info: Freetype returned null for character 154 in font BlueHighway
19:21:56: Info: Freetype returned null for character 155 in font BlueHighway
19:21:56: Info: Freetype returned null for character 156 in font BlueHighway
19:21:56: Info: Freetype returned null for character 157 in font BlueHighway
19:21:56: Info: Freetype returned null for character 158 in font BlueHighway
19:21:56: Info: Freetype returned null for character 159 in font BlueHighway
19:21:56: Info: Freetype returned null for character 160 in font BlueHighway
19:21:56: Texture: BlueHighwayTexture: Loading 1 faces(PF_BYTE_LA,512x512x1) Internal format is PF_BYTE_LA,512x512x1.
