[12:48:16] Set current renderer: OpenGL.
[12:48:16] SDL init begin
[12:48:16] SDL_INIT_VIDEO initialized
[12:48:16] SDL video mode set 640x480, 16 bit SDL_OPENGLBLIT | SDL_HWSURFACE
[12:48:16] Got 32 bpp (8888), 16 depth, 0 stencil
[12:48:16] SDL init complete
[12:48:16] OGL Vendor: Intel
[12:48:16] OGL Renderer: Intel(R) HD Graphics
[12:48:16] OGL Version: 4.0.0 - Build 9.17.10.2867
[12:48:16] OGL Extensions: GL_EXT_blend_minmax GL_EXT_blend_subtract GL_EXT_blend_color GL_EXT_abgr GL_EXT_texture3D GL_EXT_clip_volume_hint GL_EXT_compiled_vertex_array GL_SGIS_texture_edge_clamp GL_SGIS_generate_mipmap GL_EXT_draw_range_elements GL_SGIS_texture_lod GL_EXT_rescale_normal GL_EXT_packed_pixels GL_EXT_texture_edge_clamp GL_EXT_separate_specular_color GL_ARB_multitexture GL_EXT_texture_env_combine GL_EXT_bgra GL_EXT_blend_func_separate GL_EXT_secondary_color GL_EXT_fog_coord GL_EXT_texture_env_add GL_ARB_texture_cube_map GL_ARB_transpose_matrix GL_ARB_texture_env_add GL_IBM_texture_mirrored_repeat GL_EXT_multi_draw_arrays GL_SUN_multi_draw_arrays GL_NV_blend_square GL_ARB_texture_compression GL_3DFX_texture_compression_FXT1 GL_EXT_texture_filter_anisotropic GL_ARB_texture_border_clamp GL_ARB_point_parameters GL_ARB_texture_env_combine GL_ARB_texture_env_dot3 GL_ARB_texture_env_crossbar GL_EXT_texture_compression_s3tc GL_ARB_shadow GL_ARB_window_pos GL_EXT_shadow_funcs GL_EXT_stencil_wrap GL_ARB_vertex_program GL_EXT_texture_rectangle GL_ARB_fragment_program GL_EXT_stencil_two_side GL_ATI_separate_stencil GL_ARB_vertex_buffer_object GL_EXT_texture_lod_bias GL_ARB_occlusion_query GL_ARB_fragment_shader GL_ARB_shader_objects GL_ARB_shading_language_100 GL_ARB_texture_non_power_of_two GL_ARB_vertex_shader GL_NV_texgen_reflection GL_ARB_point_sprite GL_ARB_fragment_program_shadow GL_EXT_blend_equation_separate GL_ARB_depth_texture GL_ARB_texture_rectangle GL_ARB_draw_buffers GL_ARB_color_buffer_float GL_ARB_half_float_pixel GL_ARB_texture_float GL_ARB_pixel_buffer_object GL_EXT_framebuffer_object GL_ARB_draw_instanced GL_ARB_half_float_vertex GL_ARB_occlusion_query2 GL_EXT_draw_buffers2 GL_WIN_swap_hint GL_EXT_texture_sRGB GL_ARB_multisample GL_EXT_packed_float GL_EXT_texture_shared_exponent GL_ARB_texture_rg GL_ARB_texture_compression_rgtc GL_NV_conditional_render GL_EXT_texture_swizzle GL_ARB_texture_gather GL_ARB_sync GL_ARB_framebuffer_sRGB GL_EXT_packed_depth_stencil GL_ARB_depth_buffer_float GL_EXT_transform_feedback GL_ARB_transform_feedback2 GL_ARB_draw_indirect GL_EXT_framebuffer_blit GL_EXT_framebuffer_multisample GL_ARB_framebuffer_object GL_EXT_texture_array GL_EXT_texture_integer GL_ARB_map_buffer_range GL_EXT_texture_snorm GL_ARB_blend_func_extended GL_INTEL_performance_queries GL_ARB_copy_buffer GL_ARB_sampler_objects GL_NV_primitive_restart GL_ARB_seamless_cube_map GL_ARB_uniform_buffer_object GL_ARB_depth_clamp GL_ARB_vertex_array_bgra GL_ARB_shader_bit_encoding GL_ARB_draw_buffers_blend GL_ARB_geometry_shader4 GL_ARB_texture_query_lod GL_ARB_explicit_attrib_location GL_ARB_draw_elements_base_vertex GL_ARB_instanced_arrays GL_ARB_fragment_coord_conventions GL_EXT_gpu_program_parameters GL_ARB_texture_buffer_object_rgb32 GL_ARB_compatibility GL_ARB_texture_rgb10_a2ui GL_ARB_texture_multisample GL_ARB_vertex_type_2_10_10_10_rev GL_ARB_timer_query GL_INTEL_map_texture GL_ARB_tessellation_shader GL_ARB_vertex_array_object GL_ARB_provoking_vertex GL_ARB_sample_shading GL_ARB_texture_cube_map_array GL_ARB_gpu_shader5 GL_ARB_gpu_shader_fp64 GL_ARB_shader_subroutine GL_ARB_transform_feedback3 
[12:48:16] GLU Version: 1.2.2.0 Microsoft Corporation
[12:48:16] Set SDL input handler.
[12:48:16] SDL_INIT_TIMER initialized
[12:48:18] Load field data/FIELD/STARTMAP.DAT
[12:48:18] Row '' incorrect! Must contain space.
[12:48:18] Row '' incorrect! Must contain space.
[12:48:18] Row '' incorrect! Must contain space.
[12:48:18] Row '' incorrect! Must contain space.
[12:48:18] Row '' incorrect! Must contain space.
[12:48:18] Row '' incorrect! Must contain space.
[12:48:18] Opcode SETWORD not found!
[12:48:18] Opcode SPECIAL not found!
[12:48:18] Opcode SPECIAL not found!
[12:48:18] Opcode SPECIAL not found!
[12:48:18] Opcode SPECIAL not found!
[12:48:18] Opcode SPECIAL not found!
[12:48:18] Opcode SPECIAL not found!
[12:48:18] Opcode SPECIAL not found!
[12:48:18] Opcode SPECIAL not found!
[12:48:18] Opcode SPECIAL not found!
[12:48:18] Opcode SPECIAL not found!
[12:48:18] Opcode SPECIAL not found!
[12:48:18] Opcode SPECIAL not found!
[12:48:18] Opcode SPECIAL not found!
[12:48:18] Opcode SPECIAL not found!
[12:48:18] Opcode AKAO not found!
[12:48:18] Opcode AKAO not found!
[12:48:18] Opcode AKAO not found!
[12:48:18] Opcode AKAO not found!
[12:48:18] Opcode AKAO not found!
[12:48:18] Opcode AKAO2 not found!
[12:48:18] Opcode AKAO2 not found!
[12:48:18] Opcode AKAO2 not found!
[12:48:18] Opcode AKAO2 not found!
[12:48:18] Opcode AKAO2 not found!
[12:48:18] Opcode AKAO2 not found!
[12:48:18] Opcode MUSIC not found!
[12:48:18] Opcode AKAO not found!
[12:48:18] Opcode AKAO not found!
[12:48:18] Opcode AKAO not found!
[12:48:18] Opcode AKAO not found!
[12:48:18] Opcode SPECIAL not found!
[12:48:18] Opcode SPECIAL not found!
[12:48:18] Opcode SPECIAL not found!
[12:48:18] Opcode BATTLE not found!
[12:48:18] Opcode MHMMX not found!
[12:48:18] Row '' incorrect! Must contain space.
[12:48:18] Field camera: vxx = -0.999756, vxy = 0.000244, vxz = -0.005127
[12:48:18]               vyx = -0.005127, vyy = 0.014160, vyz = 1.000000
[12:48:18]               vzx = 0.000244, vzy = 1.000000, vzz = -0.013916
[12:48:18] Field camera position:tx = -1.425049, ty = -1321.716553, tz = 38.391846
[12:48:20] point.x = 300.000000, point.z = 20.000017
[12:48:20] point.x = 300.000000, point.z = -19.999998
[12:48:20] point.x = 300.000000, point.z = 20.000017
[12:48:20] point.x = 300.000000, point.z = -19.999998
[12:48:20] point.x = 300.000000, point.z = 20.009995
[12:48:20] point.x = 300.000000, point.z = -19.990004
[12:48:20] point.x = 300.000000, point.z = 20.009995
[12:48:20] point.x = 300.000000, point.z = -19.990004
[12:48:20] point.x = 300.000000, point.z = 20.009995
[12:48:20] point.x = 300.000000, point.z = -19.990004
[12:48:20] point.x = 300.000000, point.z = 20.020008
[12:48:20] point.x = 300.000000, point.z = -19.979990
[12:48:20] point.x = 300.000000, point.z = 20.020008
[12:48:20] point.x = 300.000000, point.z = -19.980007
[12:48:20] point.x = 300.000000, point.z = 20.020008
[12:48:20] point.x = 300.000000, point.z = -19.980007
[12:48:20] point.x = 300.000000, point.z = 20.029985
[12:48:20] point.x = 300.000000, point.z = -19.969994
[12:48:20] point.x = 300.000000, point.z = 20.029985
[12:48:20] point.x = 300.000000, point.z = -19.969994
[12:48:20] point.x = 300.000000, point.z = 20.029985
[12:48:20] point.x = 300.000000, point.z = -19.969994
[12:48:20] point.x = 300.000000, point.z = 20.029985
[12:48:20] point.x = 300.000000, point.z = -19.970030
[12:48:20] point.x = 300.000000, point.z = 20.039999
[12:48:20] point.x = 300.000000, point.z = -19.959999
[12:48:20] point.x = 300.000000, point.z = 20.039999
[12:48:20] point.x = 300.000000, point.z = -19.959999
[12:48:20] point.x = 300.000000, point.z = 20.039999
[12:48:20] point.x = 300.000000, point.z = -19.959999
[12:48:20] point.x = 300.000000, point.z = 20.039999
[12:48:20] point.x = 300.000000, point.z = -19.959999
[12:48:20] point.x = 300.000000, point.z = 20.039999
[12:48:20] point.x = 300.000000, point.z = -19.959999
[12:48:20] point.x = 300.000000, point.z = 20.039999
[12:48:20] point.x = 300.000000, point.z = -19.959999
[12:48:20] point.x = 300.000000, point.z = 20.039999
[12:48:20] point.x = 300.000000, point.z = -19.959999
[12:48:20] point.x = 300.000000, point.z = 20.039999
[12:48:20] point.x = 300.000000, point.z = -19.959999
[12:48:20] point.x = 300.000000, point.z = 20.039999
[12:48:20] point.x = 300.000000, point.z = -19.959999
[12:48:20] point.x = 300.000000, point.z = 20.039999
[12:48:20] point.x = 300.000000, point.z = -19.959999
[12:48:20] point.x = 300.000000, point.z = 20.039999
[12:48:20] point.x = 300.000000, point.z = -19.959999
[12:48:20] point.x = 300.000000, point.z = 20.039999
[12:48:20] point.x = 300.000000, point.z = -19.959999
[12:48:21] point.x = 300.000000, point.z = 0.039983
[12:48:21] point.x = 300.000000, point.z = -39.959995
[12:48:21] point.x = 300.000000, point.z = -19.950003
[12:48:21] point.x = 300.000000, point.z = -59.950001
[12:48:21] point.x = 300.000000, point.z = -39.950001
[12:48:21] point.x = 300.000000, point.z = -79.949997
[12:48:21] point.x = 300.000000, point.z = -59.950001
[12:48:21] point.x = 300.000000, point.z = -99.949997
[12:48:21] point.x = 300.000000, point.z = -79.949997
[12:48:21] point.x = 300.000000, point.z = -119.949997
[12:48:21] point.x = 300.000000, point.z = -99.949997
[12:48:21] point.x = 300.000000, point.z = -139.949997
[12:48:21] point.x = 300.000000, point.z = -119.940002
[12:48:21] point.x = 300.000000, point.z = -159.940002
[12:48:21] point.x = 300.000000, point.z = -139.940002
[12:48:21] point.x = 300.000000, point.z = -179.940002
[12:48:21] point.x = 300.000000, point.z = -159.940002
[12:48:21] point.x = 300.000000, point.z = -199.940002
[12:48:24] point.x = 300.000000, point.z = -139.940002
[12:48:24] point.x = 300.000000, point.z = -179.940002
[12:48:24] point.x = 300.000000, point.z = -119.940002
[12:48:24] point.x = 300.000000, point.z = -159.940002
[12:48:24] point.x = 300.000000, point.z = -99.930008
[12:48:24] point.x = 300.000000, point.z = -139.930008
[12:48:24] point.x = 300.000000, point.z = -79.930008
[12:48:24] point.x = 300.000000, point.z = -119.930008
[12:48:24] point.x = 300.000000, point.z = -59.930008
[12:48:24] point.x = 300.000000, point.z = -99.930008
[12:48:24] point.x = 300.000000, point.z = -39.929993
[12:48:24] point.x = 300.000000, point.z = -79.930008
[12:48:24] point.x = 300.000000, point.z = -19.929993
[12:48:24] point.x = 300.000000, point.z = -59.930008
[12:48:24] point.x = 300.000000, point.z = 0.080001
[12:48:24] point.x = 300.000000, point.z = -39.919998
[12:48:24] point.x = 300.000000, point.z = 20.079983
[12:48:24] point.x = 300.000000, point.z = -19.919998
[12:48:24] point.x = 300.000000, point.z = 40.079998
[12:48:24] point.x = 300.000000, point.z = 0.080001
[12:48:24] point.x = 300.000000, point.z = 40.079998
[12:48:25] point.x = 300.000000, point.z = 0.080001
[12:48:25] point.x = 300.000000, point.z = 40.079998
[12:48:25] point.x = 300.000000, point.z = 0.080001
[12:48:25] point.x = 300.000000, point.z = 40.079998
[12:48:25] point.x = 300.000000, point.z = 0.080001
[12:48:25] point.x = 300.000000, point.z = 40.079998
[12:48:25] point.x = 300.000000, point.z = 0.080001
[12:48:25] point.x = 300.000000, point.z = 40.079998
[12:48:25] point.x = 300.000000, point.z = 0.080001
[12:48:25] point.x = 300.000000, point.z = 40.079998
[12:48:25] point.x = 300.000000, point.z = 0.080001
[12:48:25] point.x = 300.000000, point.z = 40.079998
[12:48:25] point.x = 300.000000, point.z = 0.080001
[12:48:25] point.x = 300.000000, point.z = 40.090012
[12:48:25] point.x = 300.000000, point.z = 0.090015
[12:48:25] point.x = 300.000000, point.z = 40.090012
[12:48:25] point.x = 300.000000, point.z = 0.090015
[12:48:25] point.x = 300.000000, point.z = 40.090012
[12:48:25] point.x = 300.000000, point.z = 0.090015
[12:48:25] point.x = 300.000000, point.z = 40.090012
[12:48:25] point.x = 300.000000, point.z = 0.090015
[12:48:25] point.x = 300.000000, point.z = 40.099991
[12:48:25] point.x = 300.000000, point.z = 0.099993
[12:48:25] point.x = 300.000000, point.z = 40.099991
[12:48:25] point.x = 300.000000, point.z = 0.099993
[12:48:25] point.x = 300.000000, point.z = 40.099991
[12:48:25] point.x = 300.000000, point.z = 0.099993
[12:48:25] point.x = 300.000000, point.z = 40.110004
[12:48:25] point.x = 300.000000, point.z = 0.110006
[12:48:25] point.x = 300.000000, point.z = 40.110004
[12:48:25] point.x = 300.000000, point.z = 0.110006
[12:48:25] point.x = 300.000000, point.z = 40.110004
[12:48:25] point.x = 300.000000, point.z = 0.110006
[12:48:25] point.x = 300.000000, point.z = 40.120018
[12:48:25] point.x = 300.000000, point.z = 0.119984
[12:48:25] point.x = 300.000000, point.z = 40.120018
[12:48:25] point.x = 300.000000, point.z = 0.119984
[12:48:25] point.x = 300.000000, point.z = 40.120018
[12:48:25] point.x = 300.000000, point.z = 0.119984
[12:48:25] point.x = 300.000000, point.z = 40.120018
[12:48:25] point.x = 300.000000, point.z = 0.119984
[12:48:25] point.x = 300.000000, point.z = 40.120018
[12:48:25] point.x = 300.000000, point.z = 0.119984
[12:48:25] point.x = 300.000000, point.z = 40.129997
[12:48:25] point.x = 300.000000, point.z = 0.129998
[12:48:25] point.x = 300.000000, point.z = 40.129997
[12:48:25] point.x = 300.000000, point.z = 0.129998
[12:48:25] point.x = 300.000000, point.z = 40.129997
[12:48:25] point.x = 300.000000, point.z = 0.129998
[12:48:25] point.x = 300.000000, point.z = 40.140007
[12:48:25] point.x = 300.000000, point.z = 0.140011
[12:48:25] point.x = 300.000000, point.z = 40.140007
[12:48:25] point.x = 300.000000, point.z = 0.140011
[12:48:25] point.x = 300.000000, point.z = 40.140007
[12:48:25] point.x = 300.000000, point.z = 0.140011
[12:48:25] point.x = 300.000000, point.z = 40.149986
[12:48:25] point.x = 300.000000, point.z = 0.149989
[12:48:25] point.x = 300.000000, point.z = 40.149986
[12:48:25] point.x = 300.000000, point.z = 0.149989
[12:48:25] point.x = 300.000000, point.z = 40.149986
[12:48:25] point.x = 300.000000, point.z = 0.149989
[12:48:25] point.x = 300.000000, point.z = 40.149986
[12:48:25] point.x = 300.000000, point.z = 0.149989
[12:48:25] point.x = 300.000000, point.z = 40.160000
[12:48:25] point.x = 300.000000, point.z = 0.160003
[12:48:25] point.x = 300.000000, point.z = 40.160000
[12:48:25] point.x = 300.000000, point.z = 0.160003
[12:48:25] point.x = 300.000000, point.z = 40.160000
[12:48:25] point.x = 300.000000, point.z = 0.160003
[12:48:25] point.x = 300.000000, point.z = 40.160000
[12:48:25] point.x = 300.000000, point.z = 0.160003
[12:48:25] point.x = 300.000000, point.z = 40.160000
[12:48:25] point.x = 300.000000, point.z = 0.160003
[12:48:25] point.x = 300.000000, point.z = 40.160000
[12:48:25] point.x = 300.000000, point.z = 0.160003
[12:48:25] point.x = 300.000000, point.z = 40.160000
[12:48:25] point.x = 300.000000, point.z = 0.160003
[12:48:25] point.x = 300.000000, point.z = 40.160000
[12:48:25] point.x = 300.000000, point.z = 0.160003
[12:48:25] point.x = 300.000000, point.z = 40.160000
[12:48:25] point.x = 300.000000, point.z = 0.160003
[12:48:28] point.x = 300.000000, point.z = 20.159985
[12:48:28] point.x = 300.000000, point.z = -19.839996
[12:48:28] point.x = 300.000000, point.z = 0.160003
[12:48:28] point.x = 300.000000, point.z = -39.839996
[12:48:28] point.x = 300.000000, point.z = -19.830000
[12:48:28] point.x = 300.000000, point.z = -59.829998
[12:48:28] point.x = 300.000000, point.z = -39.829998
[12:48:28] point.x = 300.000000, point.z = -79.829994
[12:48:28] point.x = 300.000000, point.z = -59.829998
[12:48:28] point.x = 300.000000, point.z = -99.829994
[12:48:28] point.x = 300.000000, point.z = -79.829994
[12:48:28] point.x = 300.000000, point.z = -119.829994
[12:48:30] point.x = 300.000000, point.z = -79.829994
[12:48:30] point.x = 300.000000, point.z = -119.829994
[12:48:30] point.x = 300.000000, point.z = -79.829994
[12:48:30] point.x = 300.000000, point.z = -119.829994
[12:48:30] point.x = 300.000000, point.z = -79.829994
[12:48:30] point.x = 300.000000, point.z = -119.829994
[12:48:30] point.x = 300.000000, point.z = -79.829994
[12:48:30] point.x = 300.000000, point.z = -119.829994
[12:48:30] point.x = 300.000000, point.z = -79.829994
[12:48:30] point.x = 300.000000, point.z = -119.829994
[12:48:30] point.x = 300.000000, point.z = -79.829994
[12:48:30] point.x = 300.000000, point.z = -119.829994
[12:48:30] point.x = 300.000000, point.z = -79.829994
[12:48:30] point.x = 300.000000, point.z = -119.829994
[12:48:30] point.x = 300.000000, point.z = -79.820023
[12:48:30] point.x = 300.000000, point.z = -119.820015
[12:48:30] point.x = 300.000000, point.z = -79.820000
[12:48:30] point.x = 300.000000, point.z = -119.820000
[12:48:31] point.x = 300.000000, point.z = -79.820000
[12:48:31] point.x = 300.000000, point.z = -119.820000
[12:48:31] point.x = 300.000000, point.z = -79.820000
[12:48:31] point.x = 300.000000, point.z = -119.820000
[12:48:31] point.x = 300.000000, point.z = -79.820000
[12:48:31] point.x = 300.000000, point.z = -119.820000
[12:48:31] point.x = 300.000000, point.z = -79.820000
[12:48:31] point.x = 300.000000, point.z = -119.820000
[12:48:31] point.x = 300.000000, point.z = -79.820000
[12:48:31] point.x = 300.000000, point.z = -119.820000
[12:48:31] point.x = 300.000000, point.z = -79.810005
[12:48:31] point.x = 300.000000, point.z = -119.810005
[12:48:31] point.x = 300.000000, point.z = -79.810005
[12:48:31] point.x = 300.000000, point.z = -119.810005
[12:48:31] point.x = 300.000000, point.z = -79.810005
[12:48:31] point.x = 300.000000, point.z = -119.810005
[12:48:31] point.x = 300.000000, point.z = -79.810005
[12:48:31] point.x = 300.000000, point.z = -119.810005
[12:48:31] point.x = 300.000000, point.z = -79.810005
[12:48:31] point.x = 300.000000, point.z = -119.810005
[12:48:31] point.x = 300.000000, point.z = -79.810005
[12:48:31] point.x = 300.000000, point.z = -119.810005
[12:48:31] point.x = 300.000000, point.z = -79.810005
[12:48:31] point.x = 300.000000, point.z = -119.810005
[12:48:31] point.x = 300.000000, point.z = -79.810005
[12:48:31] point.x = 300.000000, point.z = -119.810005
[12:48:31] point.x = 300.000000, point.z = -79.810005
[12:48:31] point.x = 300.000000, point.z = -119.810005
[12:48:31] point.x = 300.000000, point.z = -79.810005
[12:48:31] point.x = 300.000000, point.z = -119.810005
[12:48:31] point.x = 300.000000, point.z = -79.810005
[12:48:31] point.x = 300.000000, point.z = -119.810005
[12:48:31] point.x = 300.000000, point.z = -79.810005
[12:48:31] point.x = 300.000000, point.z = -119.810005
[12:48:31] point.x = 300.000000, point.z = -79.810005
[12:48:31] point.x = 300.000000, point.z = -119.810005
[12:48:31] point.x = 300.000000, point.z = -79.810005
[12:48:31] point.x = 300.000000, point.z = -119.810005
[12:48:31] point.x = 300.000000, point.z = -79.810005
[12:48:31] point.x = 300.000000, point.z = -119.810005
[12:48:31] point.x = 300.000000, point.z = -79.810005
[12:48:31] point.x = 300.000000, point.z = -119.810005
[12:48:31] point.x = 300.000000, point.z = -79.810005
[12:48:31] point.x = 300.000000, point.z = -119.810005
[12:48:32] point.x = 300.000000, point.z = -79.810005
[12:48:32] point.x = 300.000000, point.z = -119.810005
[12:48:32] point.x = 300.000000, point.z = -79.810005
[12:48:32] point.x = 300.000000, point.z = -119.810005
[12:48:32] point.x = 300.000000, point.z = -79.810005
[12:48:32] point.x = 300.000000, point.z = -119.810005
[12:48:32] point.x = 300.000000, point.z = -79.810005
[12:48:32] point.x = 300.000000, point.z = -119.810005
[12:48:32] point.x = 300.000000, point.z = -79.810005
[12:48:32] point.x = 300.000000, point.z = -119.810005
[12:48:32] point.x = 300.000000, point.z = -79.810005
[12:48:32] point.x = 300.000000, point.z = -119.810005
[12:48:32] point.x = 300.000000, point.z = -79.810005
[12:48:32] point.x = 300.000000, point.z = -119.810005
[12:48:32] point.x = 300.000000, point.z = -79.810005
[12:48:32] point.x = 300.000000, point.z = -119.810005
[12:48:32] point.x = 300.000000, point.z = -79.810005
[12:48:32] point.x = 300.000000, point.z = -119.810005
[12:48:32] point.x = 300.000000, point.z = -79.810005
[12:48:32] point.x = 300.000000, point.z = -119.810005
[12:48:32] point.x = 300.000000, point.z = -79.810005
[12:48:32] point.x = 300.000000, point.z = -119.810005
[12:48:32] point.x = 300.000000, point.z = -79.810005
[12:48:32] point.x = 300.000000, point.z = -119.810005
[12:48:32] point.x = 300.000000, point.z = -79.810005
[12:48:32] point.x = 300.000000, point.z = -119.810005
[12:48:32] point.x = 300.000000, point.z = -79.810005
[12:48:32] point.x = 300.000000, point.z = -119.810005
[12:48:32] point.x = 300.000000, point.z = -79.810005
[12:48:32] point.x = 300.000000, point.z = -119.810005
[12:48:32] point.x = 300.000000, point.z = -79.810005
[12:48:32] point.x = 300.000000, point.z = -119.810005
[12:48:32] point.x = 300.000000, point.z = -79.810005
[12:48:32] point.x = 300.000000, point.z = -119.810005
[12:48:32] point.x = 300.000000, point.z = -79.810005
[12:48:32] point.x = 300.000000, point.z = -119.810005
[12:48:32] point.x = 300.000000, point.z = -79.810005
[12:48:32] point.x = 300.000000, point.z = -119.810005
[12:48:32] point.x = 300.000000, point.z = -79.810005
[12:48:32] point.x = 300.000000, point.z = -119.810005
[12:48:32] point.x = 300.000000, point.z = -79.810005
[12:48:32] point.x = 300.000000, point.z = -119.810005
[12:48:32] point.x = 300.000000, point.z = -79.810005
[12:48:32] point.x = 300.000000, point.z = -119.810005
[12:48:32] point.x = 300.000000, point.z = -79.810005
[12:48:32] point.x = 300.000000, point.z = -119.810005
[12:48:32] point.x = 300.000000, point.z = -79.810005
[12:48:32] point.x = 300.000000, point.z = -119.810005
[12:48:32] point.x = 300.000000, point.z = -79.810005
[12:48:32] point.x = 300.000000, point.z = -119.810005
[12:48:32] point.x = 300.000000, point.z = -79.810005
[12:48:32] point.x = 300.000000, point.z = -119.810005
[12:48:32] point.x = 300.000000, point.z = -79.810005
[12:48:32] point.x = 300.000000, point.z = -119.810005
[12:48:32] point.x = 300.000000, point.z = -79.810005
[12:48:32] point.x = 300.000000, point.z = -119.810005
[12:48:32] point.x = 300.000000, point.z = -79.810005
[12:48:32] point.x = 300.000000, point.z = -119.810005
[12:48:32] point.x = 300.000000, point.z = -79.810005
[12:48:32] point.x = 300.000000, point.z = -119.810005
[12:48:32] point.x = 300.000000, point.z = -79.810005
[12:48:32] point.x = 300.000000, point.z = -119.810005
[12:48:32] point.x = 300.000000, point.z = -79.810005
[12:48:32] point.x = 300.000000, point.z = -119.810005
[12:48:32] point.x = 300.000000, point.z = -79.810005
[12:48:32] point.x = 300.000000, point.z = -119.810005
[12:48:35] point.x = 300.000000, point.z = -99.810005
[12:48:35] point.x = 300.000000, point.z = -139.809998
[12:48:35] point.x = 300.000000, point.z = -119.800011
[12:48:35] point.x = 300.000000, point.z = -159.800003
[12:48:35] point.x = 300.000000, point.z = -139.800003
[12:48:35] point.x = 300.000000, point.z = -179.799988
[12:48:35] point.x = 300.000000, point.z = -159.800003
[12:48:35] point.x = 300.000000, point.z = -199.799988
[12:48:35] point.x = 300.000000, point.z = -179.799988
[12:48:35] point.x = 300.000000, point.z = -219.800003
[12:48:35] point.x = 300.000000, point.z = -199.790009
[12:48:35] point.x = 300.000000, point.z = -239.790009
[12:48:35] point.x = 300.000000, point.z = -219.790009
[12:48:35] point.x = 300.000000, point.z = -259.790009
[12:48:35] point.x = 300.000000, point.z = -239.790009
[12:48:35] point.x = 300.000000, point.z = -279.790009
[12:48:35] point.x = 300.000000, point.z = -259.790009
[12:48:35] point.x = 300.000000, point.z = -299.790009
[12:48:35] point.x = 300.000000, point.z = -279.790009
[12:48:35] point.x = 300.000000, point.z = -299.790009
[12:48:36] point.x = 300.000000, point.z = -299.790009
[12:48:36] point.x = 300.000000, point.z = -279.790009
[12:48:36] point.x = 300.000000, point.z = -259.790009
[12:48:36] point.x = 300.000000, point.z = -299.790009
[12:48:36] point.x = 300.000000, point.z = -239.790009
[12:48:36] point.x = 300.000000, point.z = -279.790009
[12:48:36] point.x = 300.000000, point.z = -219.790009
[12:48:36] point.x = 300.000000, point.z = -259.790009
[12:48:36] point.x = 300.000000, point.z = -199.790009
[12:48:36] point.x = 300.000000, point.z = -239.790009
[12:48:38] Load field data/FIELD/MD1_2.DAT
[12:48:38] Row '' incorrect! Must contain space.
[12:48:38] Field camera: vxx = -0.867676, vxy = 0.000000, vxz = -0.496826
[12:48:38]               vyx = -0.342041, vyy = 0.725586, vyz = 0.597412
[12:48:38]               vzx = 0.360596, vzy = 0.688477, vzz = -0.629395
[12:48:38] Field camera position:tx = -4990.378906, ty = -3384.108398, tz = -29075.076172
[12:48:40] point.x = 3492.872070, point.z = 30537.519531
[12:48:40] point.x = 3512.872070, point.z = 30536.298828
[12:48:40] point.x = 3492.872070, point.z = 30537.519531
[12:48:40] point.x = 3532.872070, point.z = 30535.076172
[12:48:40] point.x = 3512.872070, point.z = 30536.298828
[12:48:40] point.x = 3552.872070, point.z = 30533.855469
[12:48:40] point.x = 3532.872070, point.z = 30535.076172
[12:48:40] point.x = 3572.872070, point.z = 30532.632813
[12:48:40] point.x = 3552.872070, point.z = 30533.855469
[12:48:40] point.x = 3592.872070, point.z = 30531.412109
[12:48:40] point.x = 3572.872070, point.z = 30532.632813
[12:48:40] point.x = 3612.872070, point.z = 30530.191406
[12:48:40] point.x = 3592.872070, point.z = 30531.412109
[12:48:40] point.x = 3612.872070, point.z = 30530.191406
[12:48:43] point.x = 3611.154053, point.z = 30530.296875
[12:48:43] point.x = 3591.164063, point.z = 30531.517578
[12:48:43] point.x = 3571.164063, point.z = 30532.738281
[12:48:43] point.x = 3611.164063, point.z = 30530.294922
[12:48:43] point.x = 3551.164063, point.z = 30533.958984
[12:48:43] point.x = 3591.164063, point.z = 30531.517578
[12:48:43] point.x = 3531.164063, point.z = 30535.181641
[12:48:43] point.x = 3571.164063, point.z = 30532.738281
[12:48:43] point.x = 3531.164063, point.z = 30535.181641
[12:48:43] Load field data/FIELD/MD1_1.DAT
[12:48:43] Row '' incorrect! Must contain space.
[12:48:43] Field camera: vxx = -0.788574, vxy = 0.000244, vxz = -0.614746
[12:48:43]               vyx = -0.413330, vyy = 0.740234, vyz = 0.530518
[12:48:43]               vzx = 0.455078, vzy = 0.672607, vzz = -0.583496
[12:48:43] Field camera position:tx = -2742.156738, ty = -4146.048828, tz = 1892.855469
[12:48:45] point.x = 930.241150, point.z = 489.146942
[12:48:45] point.x = 930.241150, point.z = 489.146942
[12:48:45] point.x = 930.241150, point.z = 489.146942
[12:48:45] point.x = 930.241150, point.z = 489.146942
[12:48:45] point.x = 930.241150, point.z = 489.146942
[12:48:45] point.x = 930.241150, point.z = 489.146942
[12:48:45] point.x = 930.241150, point.z = 489.146942
[12:48:45] point.x = 930.241150, point.z = 489.146942
[12:48:45] point.x = 930.241150, point.z = 489.146942
[12:48:45] point.x = 930.241150, point.z = 489.146942
[12:48:45] point.x = 930.241150, point.z = 489.146942
[12:48:45] point.x = 930.241150, point.z = 489.146942
[12:48:45] point.x = 930.241150, point.z = 489.146942
[12:48:45] point.x = 930.241150, point.z = 489.146942
[12:48:45] point.x = 1284.169189, point.z = 1706.140137
[12:48:45] point.x = 930.241150, point.z = 489.146942
[12:48:45] point.x = 1264.169189, point.z = 1707.788940
[12:48:45] point.x = 930.241150, point.z = 489.146942
[12:48:45] point.x = 1244.169189, point.z = 1709.437622
[12:48:45] point.x = 1284.169189, point.z = 1706.140137
[12:48:45] point.x = 930.241150, point.z = 489.146942
[12:48:45] point.x = 1224.169189, point.z = 1711.086426
[12:48:45] point.x = 1264.169189, point.z = 1707.788940
[12:48:45] point.x = 930.241150, point.z = 489.146942
[12:48:45] point.x = 1204.169189, point.z = 1712.735107
[12:48:45] point.x = 1244.169189, point.z = 1709.437622
[12:48:45] point.x = 930.241150, point.z = 489.146942
[12:48:45] point.x = 1184.169189, point.z = 1714.383911
[12:48:45] point.x = 1224.169189, point.z = 1711.086426
[12:48:45] point.x = 930.241150, point.z = 489.146942
[12:48:45] point.x = 1164.169312, point.z = 1716.032593
[12:48:45] point.x = 1204.169189, point.z = 1712.735107
[12:48:45] point.x = 930.241150, point.z = 489.146942
[12:48:45] point.x = 1144.169189, point.z = 1717.681396
[12:48:45] point.x = 1184.169189, point.z = 1714.383911
[12:48:45] point.x = 930.237915, point.z = 489.156952
[12:48:45] point.x = 1124.179199, point.z = 1719.329346
[12:48:45] point.x = 1164.179199, point.z = 1716.031860
[12:48:45] point.x = 931.745605, point.z = 484.476257
[12:48:45] point.x = 1123.016113, point.z = 1719.425171
[12:48:45] point.x = 1163.016113, point.z = 1716.127686
[12:48:45] point.x = 933.253357, point.z = 479.795563
[12:48:45] point.x = 1121.852905, point.z = 1719.521118
[12:48:45] point.x = 1161.853027, point.z = 1716.223633
[12:48:45] point.x = 934.761047, point.z = 475.114868
[12:48:45] point.x = 1120.689941, point.z = 1719.616943
[12:48:45] point.x = 1160.689941, point.z = 1716.319458
[12:48:45] point.x = 936.268799, point.z = 470.434204
[12:48:45] point.x = 1119.526855, point.z = 1719.712891
[12:48:45] point.x = 1159.526855, point.z = 1716.415405
[12:48:45] point.x = 937.776550, point.z = 465.753479
[12:48:45] point.x = 1118.363770, point.z = 1719.808716
[12:48:45] point.x = 1158.363770, point.z = 1716.511230
[12:48:45] point.x = 939.284241, point.z = 461.072784
[12:48:45] point.x = 1117.200684, point.z = 1719.904663
[12:48:45] point.x = 1157.200562, point.z = 1716.607178
[12:48:45] point.x = 940.791992, point.z = 456.392090
[12:48:45] point.x = 1116.037598, point.z = 1720.000488
[12:48:45] point.x = 1156.037598, point.z = 1716.703003
[12:48:45] point.x = 929.415100, point.z = 491.711395
[12:48:45] point.x = 942.299683, point.z = 451.711395
[12:48:45] point.x = 1114.874512, point.z = 1720.096313
[12:48:45] point.x = 1154.874512, point.z = 1716.798828
[12:48:45] point.x = 929.411865, point.z = 491.721405
[12:48:45] point.x = 942.296448, point.z = 451.721405
[12:48:45] point.x = 1094.884521, point.z = 1721.744263
[12:48:45] point.x = 1134.884521, point.z = 1718.446777
[12:48:45] point.x = 929.411865, point.z = 491.721405
[12:48:45] point.x = 942.296448, point.z = 451.721405
[12:48:45] point.x = 1074.884521, point.z = 1723.393066
[12:48:45] point.x = 1114.884521, point.z = 1720.095581
[12:48:45] point.x = 929.411865, point.z = 491.721405
[12:48:45] point.x = 942.296448, point.z = 451.721405
[12:48:45] point.x = 1054.884521, point.z = 1725.041748
[12:48:45] point.x = 1094.884521, point.z = 1721.744263
[12:48:45] point.x = 929.411865, point.z = 491.721405
[12:48:45] point.x = 942.296448, point.z = 451.721405
[12:48:45] point.x = 1034.884521, point.z = 1726.690552
[12:48:45] point.x = 1074.884521, point.z = 1723.393066
[12:48:45] point.x = 929.411865, point.z = 491.721405
[12:48:45] point.x = 942.296448, point.z = 451.721405
[12:48:45] point.x = 1054.884521, point.z = 1725.041748
[12:48:45] point.x = 929.411865, point.z = 491.721405
[12:48:45] point.x = 942.296448, point.z = 451.721405
[12:48:45] point.x = 994.884521, point.z = 288.463043
[12:48:45] point.x = 1034.884521, point.z = 1726.690552
[12:48:45] point.x = 929.411865, point.z = 491.721405
[12:48:45] point.x = 942.296448, point.z = 451.721405
[12:48:45] point.x = 974.884521, point.z = 350.552612
[12:48:45] point.x = 929.411865, point.z = 491.721405
[12:48:45] point.x = 942.296448, point.z = 451.721405
[12:48:45] point.x = 954.884521, point.z = 412.642151
[12:48:45] point.x = 994.884521, point.z = 288.463043
[12:48:45] point.x = 929.408630, point.z = 491.731415
[12:48:45] point.x = 942.293274, point.z = 451.731415
[12:48:45] Load field data/FIELD/MD1STIN.DAT
[12:48:45] Row '' incorrect! Must contain space.
[12:48:45] Row '' incorrect! Must contain space.
[12:48:45] Row '' incorrect! Must contain space.
[12:48:45] Row '' incorrect! Must contain space.
[12:48:45] Row '' incorrect! Must contain space.
[12:48:45] Row '' incorrect! Must contain space.
[12:48:45] Row '' incorrect! Must contain space.
[12:48:45] Field camera: vxx = -0.992676, vxy = 0.000000, vxz = 0.120850
[12:48:45]               vyx = 0.012939, vyy = 0.994629, vyz = 0.104980
[12:48:45]               vzx = -0.119873, vzy = 0.105713, vzz = -0.987061
[12:48:45] Field camera position:tx = -3645.043457, ty = -403.863037, tz = -26981.355469
[12:48:48] point.x = 3661.994629, point.z = 29269.925781
[12:48:48] point.x = 3664.456299, point.z = 29304.386719
[12:48:48] point.x = 3666.917725, point.z = 29338.847656
[12:48:48] point.x = 3661.377686, point.z = 29261.289063
[12:48:48] point.x = 3663.839111, point.z = 29295.746094
[12:48:49] point.x = 3666.300537, point.z = 29330.207031
[12:48:49] point.x = 3668.761963, point.z = 29364.667969
[12:48:51] point.x = 3662.599121, point.z = 29278.386719
[12:48:51] point.x = 3665.060303, point.z = 29312.843750
[12:48:51] point.x = 3667.521729, point.z = 29347.304688
[12:48:59] point.x = 3662.117676, point.z = 29271.648438
[12:48:59] point.x = 3664.023926, point.z = 29298.335938
[12:48:59] point.x = 3665.930176, point.z = 29325.023438
[12:48:59] point.x = 3667.836426, point.z = 29351.710938
[12:49:00] point.x = 3662.236816, point.z = 29273.314453
[12:49:00] point.x = 3664.125488, point.z = 29299.757813
[12:49:00] point.x = 3666.014160, point.z = 29326.199219
[12:49:00] point.x = 3667.902832, point.z = 29352.638672
[12:49:00] point.x = 3661.717773, point.z = 29266.050781
[12:49:00] point.x = 3663.146484, point.z = 29286.050781
[12:49:00] point.x = 3667.482422, point.z = 29346.755859
[12:49:00] point.x = 3664.574951, point.z = 29306.050781
[12:49:00] Load field data/FIELD/MD1_1.DAT
[12:49:00] Row '' incorrect! Must contain space.
[12:49:00] Field camera: vxx = -0.788574, vxy = 0.000244, vxz = -0.614746
[12:49:00]               vyx = -0.413330, vyy = 0.740234, vyz = 0.530518
[12:49:00]               vzx = 0.455078, vzy = 0.672607, vzz = -0.583496
[12:49:00] Field camera position:tx = -2742.156738, ty = -4146.048828, tz = 1892.855469
[12:49:00] point.x = 1287.563232, point.z = 1705.860352
[12:49:00] point.x = 1265.682007, point.z = 1707.664185
[12:49:00] point.x = 1245.682007, point.z = 1709.312988
[12:49:00] point.x = 1285.682007, point.z = 1706.015503
[12:49:00] point.x = 1225.682007, point.z = 1710.961670
[12:49:00] point.x = 1265.682007, point.z = 1707.664185
[12:49:00] point.x = 1205.682007, point.z = 1712.610474
[12:49:00] point.x = 1245.682007, point.z = 1709.312988
[12:49:00] point.x = 1259.018799, point.z = 1708.213501
[12:49:00] point.x = 1185.682007, point.z = 1714.259155
[12:49:00] point.x = 1225.682007, point.z = 1710.961670
[12:49:00] point.x = 1165.682007, point.z = 1715.907959
[12:49:00] Load field data/FIELD/MD1_2.DAT
[12:49:00] Row '' incorrect! Must contain space.
[12:49:00] Field camera: vxx = -0.867676, vxy = 0.000000, vxz = -0.496826
[12:49:00]               vyx = -0.342041, vyy = 0.725586, vyz = 0.597412
[12:49:00]               vzx = 0.360596, vzy = 0.688477, vzz = -0.629395
[12:49:00] Field camera position:tx = -4990.378906, ty = -3384.108398, tz = -29075.076172
[12:49:01] point.x = 3488.956055, point.z = 30537.757813
[12:49:01] point.x = 3488.956055, point.z = 30537.757813
[12:49:01] point.x = 3488.956055, point.z = 30537.757813
[12:49:01] point.x = 3488.956055, point.z = 30537.757813
[12:49:01] point.x = 3488.956055, point.z = 30537.757813
[12:49:01] point.x = 3488.956055, point.z = 30537.757813
[12:49:02] point.x = 3490.449951, point.z = 30537.667969
[12:49:02] point.x = 3491.943848, point.z = 30537.576172
[12:49:02] point.x = 3493.437744, point.z = 30537.484375
[12:49:02] point.x = 3494.931641, point.z = 30537.392578
[12:49:02] point.x = 3496.425537, point.z = 30537.302734
[12:49:02] point.x = 3497.919434, point.z = 30537.210938
[12:49:02] point.x = 3499.413330, point.z = 30537.119141
[12:49:02] point.x = 3500.907227, point.z = 30537.029297
[12:49:02] point.x = 3507.659424, point.z = 30536.617188
[12:49:02] point.x = 3514.411621, point.z = 30536.203125
[12:49:02] point.x = 3521.163818, point.z = 30535.791016
[12:49:02] point.x = 3487.916016, point.z = 30537.822266
[12:49:02] point.x = 3527.916016, point.z = 30535.378906
[12:49:02] point.x = 3494.668213, point.z = 30537.410156
[12:49:02] point.x = 3534.668213, point.z = 30534.966797
[12:49:02] point.x = 3501.420410, point.z = 30536.998047
[12:49:02] point.x = 3541.420410, point.z = 30534.554688
[12:49:02] point.x = 3508.172607, point.z = 30536.583984
[12:49:02] point.x = 3548.172607, point.z = 30534.142578
[12:49:02] point.x = 3514.924805, point.z = 30536.171875
[12:49:02] point.x = 3554.924805, point.z = 30533.730469
[12:49:02] point.x = 3521.677002, point.z = 30535.759766
[12:49:02] point.x = 3561.677002, point.z = 30533.318359
[12:49:02] point.x = 3541.677002, point.z = 30534.539063
[12:49:02] point.x = 3581.677002, point.z = 30532.095703
[12:49:02] point.x = 3561.677002, point.z = 30533.318359
[12:49:02] point.x = 3601.677002, point.z = 30530.875000
[12:49:02] point.x = 3561.677002, point.z = 30533.318359
[12:49:02] point.x = 3601.677002, point.z = 30530.875000
[12:49:02] point.x = 3561.677002, point.z = 30533.318359
[12:49:02] point.x = 3601.677002, point.z = 30530.875000
[12:49:02] point.x = 3561.677002, point.z = 30533.318359
[12:49:02] point.x = 3601.677002, point.z = 30530.875000
[12:49:02] point.x = 3561.677002, point.z = 30533.318359
[12:49:02] point.x = 3601.677002, point.z = 30530.875000
[12:49:02] point.x = 3561.677002, point.z = 30533.318359
[12:49:02] point.x = 3601.677002, point.z = 30530.875000
[12:49:02] point.x = 3561.677002, point.z = 30533.318359
[12:49:02] point.x = 3601.677002, point.z = 30530.875000
[12:49:02] point.x = 3561.677002, point.z = 30533.318359
[12:49:02] point.x = 3601.677002, point.z = 30530.875000
[12:49:02] point.x = 3561.677002, point.z = 30533.318359
[12:49:02] point.x = 3601.677002, point.z = 30530.875000
[12:49:02] point.x = 3561.677002, point.z = 30533.318359
[12:49:02] point.x = 3601.677002, point.z = 30530.875000
[12:49:02] point.x = 3561.677002, point.z = 30533.318359
[12:49:02] point.x = 3601.677002, point.z = 30530.875000
[12:49:02] point.x = 3561.687012, point.z = 30533.316406
[12:49:02] point.x = 3601.687012, point.z = 30530.875000
[12:49:02] point.x = 3561.687012, point.z = 30533.316406
[12:49:02] point.x = 3601.687012, point.z = 30530.875000
[12:49:02] point.x = 3561.687012, point.z = 30533.316406
[12:49:02] point.x = 3601.687012, point.z = 30530.875000
[12:49:02] point.x = 3581.687012, point.z = 30532.095703
[12:49:02] point.x = 3601.687012, point.z = 30530.875000
[12:49:04] point.x = 3036.487793, point.z = 32323.281250
[12:49:04] point.x = 3035.250488, point.z = 32343.281250
[12:49:04] point.x = 3034.013428, point.z = 32363.281250
[12:49:04] point.x = 3036.487793, point.z = 32323.281250
[12:49:04] point.x = 3032.776367, point.z = 32383.281250
[12:49:04] point.x = 3035.250488, point.z = 32343.281250
[12:49:04] point.x = 3031.539307, point.z = 32403.281250
[12:49:04] point.x = 3034.013428, point.z = 32363.281250
[12:49:04] point.x = 3032.776367, point.z = 32383.281250
[12:49:04] point.x = 3609.948486, point.z = 30530.369141
[12:49:04] point.x = 3031.539307, point.z = 32403.281250
[12:49:04] point.x = 3589.948486, point.z = 30531.591797
[12:49:04] point.x = 3569.948486, point.z = 30532.812500
[12:49:04] point.x = 3609.948486, point.z = 30530.369141
[12:49:04] point.x = 3549.948486, point.z = 30534.033203
[12:49:04] point.x = 3589.948486, point.z = 30531.591797
[12:49:04] point.x = 3529.948486, point.z = 30535.255859
[12:49:04] point.x = 3569.948486, point.z = 30532.812500
[12:49:04] point.x = 3509.948486, point.z = 30536.476563
[12:49:04] point.x = 3549.948486, point.z = 30534.033203
[12:49:04] point.x = 3489.948486, point.z = 30537.697266
[12:49:04] point.x = 3529.948486, point.z = 30535.255859
[12:49:04] point.x = 3492.010742, point.z = 30537.572266
[12:49:04] point.x = 3532.010742, point.z = 30535.128906
[12:49:04] point.x = 3494.072998, point.z = 30537.445313
[12:49:04] point.x = 3534.072998, point.z = 30535.003906
[12:49:04] point.x = 3496.135254, point.z = 30537.320313
[12:49:04] point.x = 3536.135254, point.z = 30534.876953
[12:49:04] point.x = 3492.816650, point.z = 30537.523438
[12:49:04] point.x = 3532.816650, point.z = 30535.080078
[12:49:04] point.x = 3489.498047, point.z = 30537.724609
[12:49:04] point.x = 3529.498047, point.z = 30535.283203
[12:49:04] point.x = 3486.179443, point.z = 30537.927734
[12:49:04] point.x = 3526.179443, point.z = 30535.484375
[12:49:04] point.x = 3486.179443, point.z = 30537.927734
[12:49:04] point.x = 3526.179443, point.z = 30535.484375
[12:49:05] point.x = 3486.179443, point.z = 30537.927734
[12:49:05] point.x = 3526.179443, point.z = 30535.484375
[12:49:05] point.x = 3486.179443, point.z = 30537.927734
[12:49:05] point.x = 3526.179443, point.z = 30535.484375
[12:49:05] point.x = 3486.179443, point.z = 30537.927734
[12:49:05] point.x = 3526.179443, point.z = 30535.484375
[12:49:05] point.x = 3486.179443, point.z = 30537.927734
[12:49:05] point.x = 3526.179443, point.z = 30535.484375
[12:49:05] point.x = 3486.179443, point.z = 30537.927734
[12:49:05] point.x = 3526.179443, point.z = 30535.484375
[12:49:05] point.x = 3486.179443, point.z = 30537.927734
[12:49:05] point.x = 3526.179443, point.z = 30535.484375
[12:49:05] point.x = 3486.179443, point.z = 30537.927734
[12:49:05] point.x = 3526.179443, point.z = 30535.484375
[12:49:05] point.x = 3486.179443, point.z = 30537.927734
[12:49:05] point.x = 3526.179443, point.z = 30535.484375
[12:49:05] point.x = 3486.179443, point.z = 30537.927734
[12:49:05] point.x = 3526.179443, point.z = 30535.484375
[12:49:05] point.x = 3486.179443, point.z = 30537.927734
[12:49:05] point.x = 3526.179443, point.z = 30535.484375
[12:49:05] point.x = 3486.179443, point.z = 30537.927734
[12:49:05] point.x = 3526.179443, point.z = 30535.484375
[12:49:05] point.x = 3486.179443, point.z = 30537.927734
[12:49:05] point.x = 3526.179443, point.z = 30535.484375
[12:49:05] point.x = 3486.179443, point.z = 30537.927734
[12:49:05] point.x = 3526.179443, point.z = 30535.484375
[12:49:05] point.x = 3486.179443, point.z = 30537.927734
[12:49:05] point.x = 3526.179443, point.z = 30535.484375
[12:49:05] point.x = 3486.179443, point.z = 30537.927734
[12:49:05] point.x = 3526.179443, point.z = 30535.484375
[12:49:05] point.x = 3486.179443, point.z = 30537.927734
[12:49:05] point.x = 3526.179443, point.z = 30535.484375
[12:49:05] point.x = 3486.179443, point.z = 30537.927734
[12:49:05] point.x = 3526.179443, point.z = 30535.484375
[12:49:05] point.x = 3486.179443, point.z = 30537.927734
[12:49:05] point.x = 3526.179443, point.z = 30535.484375
[12:49:05] point.x = 3486.179443, point.z = 30537.927734
[12:49:05] point.x = 3526.179443, point.z = 30535.484375
[12:49:05] point.x = 3486.179443, point.z = 30537.927734
[12:49:05] point.x = 3526.179443, point.z = 30535.484375
[12:49:05] point.x = 3486.179443, point.z = 30537.927734
[12:49:05] point.x = 3526.179443, point.z = 30535.484375
[12:49:05] point.x = 3485.752197, point.z = 30537.953125
[12:49:05] point.x = 3525.752197, point.z = 30535.511719
[12:49:05] point.x = 3485.324951, point.z = 30537.980469
[12:49:05] point.x = 3525.324951, point.z = 30535.537109
[12:49:05] point.x = 3524.897705, point.z = 30535.564453
[12:49:05] point.x = 3524.470459, point.z = 30535.589844
[12:49:05] point.x = 3524.043213, point.z = 30535.615234
[12:49:05] point.x = 3524.043213, point.z = 30535.615234
[12:49:05] point.x = 3524.043213, point.z = 30535.615234
[12:49:05] point.x = 3524.043213, point.z = 30535.615234
[12:49:05] point.x = 3524.043213, point.z = 30535.615234
[12:49:05] point.x = 3524.043213, point.z = 30535.615234
[12:49:05] point.x = 3524.043213, point.z = 30535.615234
[12:49:05] point.x = 3524.043213, point.z = 30535.615234
[12:49:05] point.x = 3524.043213, point.z = 30535.615234
[12:49:05] point.x = 3524.043213, point.z = 30535.615234
[12:49:05] point.x = 3524.043213, point.z = 30535.615234
[12:49:05] point.x = 3524.043213, point.z = 30535.615234
[12:49:05] point.x = 3524.043213, point.z = 30535.615234
[12:49:05] point.x = 3524.043213, point.z = 30535.615234
[12:49:05] point.x = 3524.043213, point.z = 30535.615234
[12:49:05] point.x = 3524.043213, point.z = 30535.615234
[12:49:05] point.x = 3524.043213, point.z = 30535.615234
[12:49:05] point.x = 3524.043213, point.z = 30535.615234
[12:49:05] point.x = 3524.043213, point.z = 30535.615234
[12:49:05] point.x = 3524.043213, point.z = 30535.615234
[12:49:05] point.x = 3524.043213, point.z = 30535.615234
[12:49:05] point.x = 3524.043213, point.z = 30535.615234
[12:49:05] point.x = 3486.507568, point.z = 30537.908203
[12:49:05] point.x = 3526.507568, point.z = 30535.464844
[12:49:05] point.x = 3488.971924, point.z = 30537.757813
[12:49:05] point.x = 3528.971924, point.z = 30535.314453
[12:49:05] point.x = 3491.436279, point.z = 30537.607422
[12:49:05] point.x = 3531.436279, point.z = 30535.164063
[12:49:05] point.x = 3493.900635, point.z = 30537.457031
[12:49:05] point.x = 3533.900635, point.z = 30535.013672
[12:49:05] point.x = 3496.364990, point.z = 30537.306641
[12:49:05] point.x = 3536.364990, point.z = 30534.863281
[12:49:05] point.x = 3493.747314, point.z = 30537.464844
[12:49:05] point.x = 3533.747314, point.z = 30535.023438
[12:49:05] point.x = 3491.129639, point.z = 30537.625000
[12:49:05] point.x = 3531.129639, point.z = 30535.183594
[12:49:05] point.x = 3488.511963, point.z = 30537.785156
[12:49:05] point.x = 3528.511963, point.z = 30535.343750
[12:49:05] point.x = 3508.511963, point.z = 30536.564453
[12:49:05] point.x = 3488.511963, point.z = 30537.785156
[12:49:05] point.x = 3031.511475, point.z = 32403.732422
[12:49:05] point.x = 3032.992676, point.z = 32379.783203
[12:49:05] point.x = 3031.755615, point.z = 32399.783203
[12:49:05] point.x = 3034.229736, point.z = 32359.783203
[12:49:05] point.x = 3032.992676, point.z = 32379.783203
[12:49:05] point.x = 3035.467041, point.z = 32339.783203
[12:49:05] point.x = 3034.229736, point.z = 32359.783203
[12:49:05] point.x = 3036.704102, point.z = 32319.783203
[12:49:05] point.x = 3035.467041, point.z = 32339.783203
[12:49:05] point.x = 3036.704102, point.z = 32319.783203
[12:49:06] point.x = 3035.828857, point.z = 32333.931641
[12:49:06] point.x = 3034.591309, point.z = 32353.941406
[12:49:06] point.x = 3033.354004, point.z = 32373.941406
[12:49:06] point.x = 3035.828369, point.z = 32333.941406
[12:49:06] point.x = 3032.116943, point.z = 32393.941406
[12:49:06] point.x = 3034.591309, point.z = 32353.941406
[12:49:06] point.x = 3033.354004, point.z = 32373.941406
[12:49:06] point.x = 3032.116455, point.z = 32393.951172
[12:49:07] point.x = 3031.206055, point.z = 32408.667969
[12:49:07] point.x = 3031.428223, point.z = 32405.076172
[12:49:07] point.x = 3031.650391, point.z = 32401.484375
[12:49:07] point.x = 3031.872559, point.z = 32397.892578
[12:49:07] point.x = 3032.094727, point.z = 32394.300781
[12:49:07] point.x = 3032.317139, point.z = 32390.707031
[12:49:07] point.x = 3032.539063, point.z = 32387.117188
[12:49:07] point.x = 3032.761230, point.z = 32383.525391
[12:49:07] point.x = 3032.761230, point.z = 32383.525391
[12:49:07] point.x = 3032.761230, point.z = 32383.525391
[12:49:07] point.x = 3032.760742, point.z = 32383.535156
[12:49:07] point.x = 3032.760742, point.z = 32383.535156
[12:49:07] Can't open file data/FIELD/NRTHMK.DAT
[12:49:07] Can't open file data/FIELD/NRTHMK.DAT
[12:49:07] Warning: data/FIELD/NRTHMK.DAT not found!
[12:49:07] Warning: extract failed, this is not lzs!
[12:49:07] Load field data/FIELD/NRTHMK.DAT
[12:49:07] Can't open file data/FIELD/NRTHMK.xml
