17:51:18: Creating resource group General
17:51:18: Creating resource group Internal
17:51:18: Creating resource group Autodetect
17:51:18: SceneManagerFactory for type 'DefaultSceneManager' registered.
17:51:18: Registering ResourceManager for type Material
17:51:18: Registering ResourceManager for type Mesh
17:51:18: Registering ResourceManager for type Skeleton
17:51:18: MovableObjectFactory for type 'ParticleSystem' registered.
17:51:18: OverlayElementFactory for type Panel registered.
17:51:18: OverlayElementFactory for type BorderPanel registered.
17:51:18: OverlayElementFactory for type TextArea registered.
17:51:18: Registering ResourceManager for type Font
17:51:18: ArchiveFactory for archive type FileSystem registered.
17:51:18: ArchiveFactory for archive type Zip registered.
17:51:18: ArchiveFactory for archive type EmbeddedZip registered.
17:51:18: DDS codec registering
17:51:18: FreeImage version: 3.15.3
17:51:18: This program uses FreeImage, a free, open source image library supporting all common bitmap formats. See http://freeimage.sourceforge.net for details
17:51:18: Supported formats: bmp,ico,jpg,jif,jpeg,jpe,jng,koa,iff,lbm,mng,pbm,pbm,pcd,pcx,pgm,pgm,png,ppm,ppm,ras,tga,targa,tif,tiff,wap,wbmp,wbm,psd,cut,xbm,xpm,gif,hdr,g3,sgi,exr,j2k,j2c,jp2,pfm,pct,pict,pic,3fr,arw,bay,bmq,cap,cine,cr2,crw,cs1,dc2,dcr,drf,dsc,dng,erf,fff,ia,iiq,k25,kc2,kdc,mdc,mef,mos,mrw,nef,nrw,orf,pef,ptx,pxn,qtk,raf,raw,rdc,rw2,rwl,rwz,sr2,srf,srw,sti
17:51:18: Registering ResourceManager for type HighLevelGpuProgram
17:51:18: Registering ResourceManager for type Compositor
17:51:18: MovableObjectFactory for type 'Entity' registered.
17:51:18: MovableObjectFactory for type 'Light' registered.
17:51:18: MovableObjectFactory for type 'BillboardSet' registered.
17:51:18: MovableObjectFactory for type 'ManualObject' registered.
17:51:18: MovableObjectFactory for type 'BillboardChain' registered.
17:51:18: MovableObjectFactory for type 'RibbonTrail' registered.
17:51:18: *-*-* OGRE Initialising
17:51:18: *-*-* Version 1.8.1 (Byatis)
17:51:18: Loading library RenderSystem_GL.dll
17:51:18: Installing plugin: GL RenderSystem
17:51:18: OpenGL Rendering Subsystem created.
17:51:18: Plugin successfully installed
17:51:18: CPU Identifier & Features
17:51:18: -------------------------
17:51:18:  *   CPU ID: GenuineIntel: Intel(R) Celeron(R) CPU 1000M @ 1.80GHz
17:51:18:  *      SSE: yes
17:51:18:  *     SSE2: yes
17:51:18:  *     SSE3: yes
17:51:18:  *      MMX: yes
17:51:18:  *   MMXEXT: yes
17:51:18:  *    3DNOW: no
17:51:18:  * 3DNOWEXT: no
17:51:18:  *     CMOV: yes
17:51:18:  *      TSC: yes
17:51:18:  *      FPU: yes
17:51:18:  *      PRO: yes
17:51:18:  *       HT: no
17:51:18: -------------------------
17:51:18: *** Starting Win32GL Subsystem ***
17:51:18: Registering ResourceManager for type Texture
17:51:18: GLRenderSystem::_createRenderWindow "QGearsWindow", 800x600 windowed  miscParams: title=Xenogears Walkmesh Exporter 
17:51:18: Created Win32Window 'QGearsWindow' : 816x639, 32bpp
17:51:18: GL_VERSION = 4.0.0 - Build 9.17.10.2867
17:51:18: GL_VENDOR = Intel
17:51:18: GL_RENDERER = Intel(R) HD Graphics
17:51:18: GL_EXTENSIONS = GL_EXT_blend_minmax GL_EXT_blend_subtract GL_EXT_blend_color GL_EXT_abgr GL_EXT_texture3D GL_EXT_clip_volume_hint GL_EXT_compiled_vertex_array GL_SGIS_texture_edge_clamp GL_SGIS_generate_mipmap GL_EXT_draw_range_elements GL_SGIS_texture_lod GL_EXT_rescale_normal GL_EXT_packed_pixels GL_EXT_texture_edge_clamp GL_EXT_separate_specular_color GL_ARB_multitexture GL_EXT_texture_env_combine GL_EXT_bgra GL_EXT_blend_func_separate GL_EXT_secondary_color GL_EXT_fog_coord GL_EXT_texture_env_add GL_ARB_texture_cube_map GL_ARB_transpose_matrix GL_ARB_texture_env_add GL_IBM_texture_mirrored_repeat GL_EXT_multi_draw_arrays GL_SUN_multi_draw_arrays GL_NV_blend_square GL_ARB_texture_compression GL_3DFX_texture_compression_FXT1 GL_EXT_texture_filter_anisotropic GL_ARB_texture_border_clamp GL_ARB_point_parameters GL_ARB_texture_env_combine GL_ARB_texture_env_dot3 GL_ARB_texture_env_crossbar GL_EXT_texture_compression_s3tc GL_ARB_shadow GL_ARB_window_pos GL_EXT_shadow_funcs GL_EXT_stencil_wrap GL_ARB_vertex_program GL_EXT_texture_rectangle GL_ARB_fragment_program GL_EXT_stencil_two_side GL_ATI_separate_stencil GL_ARB_vertex_buffer_object GL_EXT_texture_lod_bias GL_ARB_occlusion_query GL_ARB_fragment_shader GL_ARB_shader_objects GL_ARB_shading_language_100 GL_ARB_texture_non_power_of_two GL_ARB_vertex_shader GL_NV_texgen_reflection GL_ARB_point_sprite GL_ARB_fragment_program_shadow GL_EXT_blend_equation_separate GL_ARB_depth_texture GL_ARB_texture_rectangle GL_ARB_draw_buffers GL_ARB_color_buffer_float GL_ARB_half_float_pixel GL_ARB_texture_float GL_ARB_pixel_buffer_object GL_EXT_framebuffer_object GL_ARB_draw_instanced GL_ARB_half_float_vertex GL_ARB_occlusion_query2 GL_EXT_draw_buffers2 GL_WIN_swap_hint GL_EXT_texture_sRGB GL_ARB_multisample GL_EXT_packed_float GL_EXT_texture_shared_exponent GL_ARB_texture_rg GL_ARB_texture_compression_rgtc GL_NV_conditional_render GL_EXT_texture_swizzle GL_ARB_texture_gather GL_ARB_sync GL_ARB_framebuffer_sRGB GL_EXT_packed_depth_stencil GL_ARB_depth_buffer_float GL_EXT_transform_feedback GL_ARB_transform_feedback2 GL_ARB_draw_indirect GL_EXT_framebuffer_blit GL_EXT_framebuffer_multisample GL_ARB_framebuffer_object GL_EXT_texture_array GL_EXT_texture_integer GL_ARB_map_buffer_range GL_EXT_texture_snorm GL_ARB_blend_func_extended GL_INTEL_performance_queries GL_ARB_copy_buffer GL_ARB_sampler_objects GL_NV_primitive_restart GL_ARB_seamless_cube_map GL_ARB_uniform_buffer_object GL_ARB_depth_clamp GL_ARB_vertex_array_bgra GL_ARB_shader_bit_encoding GL_ARB_draw_buffers_blend GL_ARB_geometry_shader4 GL_ARB_texture_query_lod GL_ARB_explicit_attrib_location GL_ARB_draw_elements_base_vertex GL_ARB_instanced_arrays GL_ARB_fragment_coord_conventions GL_EXT_gpu_program_parameters GL_ARB_texture_buffer_object_rgb32 GL_ARB_compatibility GL_ARB_texture_rgb10_a2ui GL_ARB_texture_multisample GL_ARB_vertex_type_2_10_10_10_rev GL_ARB_timer_query GL_INTEL_map_texture GL_ARB_tessellation_shader GL_ARB_vertex_array_object GL_ARB_provoking_vertex GL_ARB_sample_shading GL_ARB_texture_cube_map_array GL_ARB_gpu_shader5 GL_ARB_gpu_shader_fp64 GL_ARB_shader_subroutine GL_ARB_transform_feedback3 
17:51:18: Supported WGL extensions: WGL_EXT_depth_float WGL_ARB_buffer_region WGL_ARB_extensions_string WGL_ARB_make_current_read WGL_ARB_pixel_format WGL_ARB_pbuffer WGL_EXT_extensions_string WGL_EXT_swap_control WGL_EXT_swap_control_tear WGL_ARB_multisample WGL_ARB_pixel_format_float WGL_ARB_framebuffer_sRGB WGL_ARB_create_context WGL_ARB_create_context_profile WGL_EXT_pixel_format_packed_float WGL_EXT_create_context_es2_profile 
17:51:18: ***************************
17:51:18: *** GL Renderer Started ***
17:51:18: ***************************
17:51:18: Registering ResourceManager for type GpuProgram
17:51:18: GLSL support detected
17:51:18: GL: Using GL_EXT_framebuffer_object for rendering to textures (best)
17:51:18: FBO PF_UNKNOWN depth/stencil support: D0S1 D0S4 D0S8 D0S16 D16S0 D24S0 D32S0 Packed-D24S8 
17:51:18: FBO PF_A8 depth/stencil support: D0S0 D0S1 D0S4 D0S8 D0S16 D16S0 D24S0 D32S0 Packed-D24S8 
17:51:18: FBO PF_R5G6B5 depth/stencil support: D0S0 D0S1 D0S4 D0S8 D0S16 D16S0 D24S0 D32S0 Packed-D24S8 
17:51:18: FBO PF_B5G6R5 depth/stencil support: D0S0 D0S1 D0S4 D0S8 D0S16 D16S0 D24S0 D32S0 Packed-D24S8 
17:51:18: FBO PF_R8G8B8 depth/stencil support: D0S0 D0S1 D0S4 D0S8 D0S16 D16S0 D24S0 D32S0 Packed-D24S8 
17:51:18: FBO PF_B8G8R8 depth/stencil support: D0S0 D0S1 D0S4 D0S8 D0S16 D16S0 D24S0 D32S0 Packed-D24S8 
17:51:18: FBO PF_A8R8G8B8 depth/stencil support: D0S0 D0S1 D0S4 D0S8 D0S16 D16S0 D24S0 D32S0 Packed-D24S8 
17:51:18: FBO PF_B8G8R8A8 depth/stencil support: D0S0 D0S1 D0S4 D0S8 D0S16 D16S0 D24S0 D32S0 Packed-D24S8 
17:51:18: FBO PF_A2R10G10B10 depth/stencil support: D0S0 D0S1 D0S4 D0S8 D0S16 D16S0 D24S0 D32S0 Packed-D24S8 
17:51:18: FBO PF_A2B10G10R10 depth/stencil support: D0S0 D0S1 D0S4 D0S8 D0S16 D16S0 D24S0 D32S0 Packed-D24S8 
17:51:18: FBO PF_FLOAT16_RGB depth/stencil support: D0S0 D0S1 D0S4 D0S8 D0S16 D16S0 D24S0 D32S0 Packed-D24S8 
17:51:19: FBO PF_FLOAT16_RGBA depth/stencil support: D0S0 D0S1 D0S4 D0S8 D0S16 D16S0 D24S0 D32S0 Packed-D24S8 
17:51:19: FBO PF_FLOAT32_RGB depth/stencil support: D0S0 D0S1 D0S4 D0S8 D0S16 D16S0 D24S0 D32S0 Packed-D24S8 
17:51:19: FBO PF_FLOAT32_RGBA depth/stencil support: D0S0 D0S1 D0S4 D0S8 D0S16 D16S0 D24S0 D32S0 Packed-D24S8 
17:51:19: FBO PF_X8R8G8B8 depth/stencil support: D0S0 D0S1 D0S4 D0S8 D0S16 D16S0 D24S0 D32S0 Packed-D24S8 
17:51:19: FBO PF_X8B8G8R8 depth/stencil support: D0S0 D0S1 D0S4 D0S8 D0S16 D16S0 D24S0 D32S0 Packed-D24S8 
17:51:19: FBO PF_SHORT_RGBA depth/stencil support: D0S0 D0S1 D0S4 D0S8 D0S16 D16S0 D24S0 D32S0 Packed-D24S8 
17:51:19: FBO PF_R3G3B2 depth/stencil support: D0S0 D0S1 D0S4 D0S8 D0S16 D16S0 D24S0 D32S0 Packed-D24S8 
17:51:19: FBO PF_SHORT_RGB depth/stencil support: D0S0 D0S1 D0S4 D0S8 D0S16 D16S0 D24S0 D32S0 Packed-D24S8 
17:51:19: [GL] : Valid FBO targets PF_UNKNOWN PF_A8 PF_R5G6B5 PF_B5G6R5 PF_R8G8B8 PF_B8G8R8 PF_A8R8G8B8 PF_B8G8R8A8 PF_A2R10G10B10 PF_A2B10G10R10 PF_FLOAT16_RGB PF_FLOAT16_RGBA PF_FLOAT32_RGB PF_FLOAT32_RGBA PF_X8R8G8B8 PF_X8B8G8R8 PF_SHORT_RGBA PF_R3G3B2 PF_SHORT_RGB 
17:51:19: RenderSystem capabilities
17:51:19: -------------------------
17:51:19: RenderSystem Name: OpenGL Rendering Subsystem
17:51:19: GPU Vendor: intel
17:51:19: Device Name: Intel(R) HD Graphics
17:51:19: Driver Version: 4.0.0.0
17:51:19:  * Fixed function pipeline: yes
17:51:19:  * Hardware generation of mipmaps: no
17:51:19:  * Texture blending: yes
17:51:19:  * Anisotropic texture filtering: yes
17:51:19:  * Dot product texture operation: yes
17:51:19:  * Cube mapping: yes
17:51:19:  * Hardware stencil buffer: yes
17:51:19:    - Stencil depth: 8
17:51:19:    - Two sided stencil support: yes
17:51:19:    - Wrap stencil values: yes
17:51:19:  * Hardware vertex / index buffers: yes
17:51:19:  * Vertex programs: yes
17:51:19:  * Number of floating-point constants for vertex programs: 256
17:51:19:  * Number of integer constants for vertex programs: 0
17:51:19:  * Number of boolean constants for vertex programs: 0
17:51:19:  * Fragment programs: yes
17:51:19:  * Number of floating-point constants for fragment programs: 256
17:51:19:  * Number of integer constants for fragment programs: 0
17:51:19:  * Number of boolean constants for fragment programs: 0
17:51:19:  * Geometry programs: no
17:51:19:  * Number of floating-point constants for geometry programs: 0
17:51:19:  * Number of integer constants for geometry programs: 0
17:51:19:  * Number of boolean constants for geometry programs: 0
17:51:19:  * Supported Shader Profiles: arbfp1 arbvp1 glsl
17:51:19:  * Texture Compression: yes
17:51:19:    - DXT: yes
17:51:19:    - VTC: no
17:51:19:    - PVRTC: no
17:51:19:  * Scissor Rectangle: yes
17:51:19:  * Hardware Occlusion Query: yes
17:51:19:  * User clip planes: yes
17:51:19:  * VET_UBYTE4 vertex element type: yes
17:51:19:  * Infinite far plane projection: yes
17:51:19:  * Hardware render-to-texture: yes
17:51:19:  * Floating point textures: yes
17:51:19:  * Non-power-of-two textures: yes
17:51:19:  * Volume textures: yes
17:51:19:  * Multiple Render Targets: 8
17:51:19:    - With different bit depths: yes
17:51:19:  * Point Sprites: yes
17:51:19:  * Extended point parameters: yes
17:51:19:  * Max Point Size: 255
17:51:19:  * Vertex texture fetch: yes
17:51:19:  * Number of world matrices: 0
17:51:19:  * Number of texture units: 16
17:51:19:  * Stencil buffer depth: 8
17:51:19:  * Number of vertex blend matrices: 0
17:51:19:    - Max vertex textures: 16
17:51:19:    - Vertex textures shared: yes
17:51:19:  * Render to Vertex Buffer : no
17:51:19:  * GL 1.5 without VBO workaround: no
17:51:19:  * Frame Buffer objects: yes
17:51:19:  * Frame Buffer objects (ARB extension): no
17:51:19:  * Frame Buffer objects (ATI extension): no
17:51:19:  * PBuffer support: yes
17:51:19:  * GL 1.5 without HW-occlusion workaround: no
17:51:19:  * Separate shader objects: no
17:51:19: DefaultWorkQueue('Root') initialising on thread 908.
17:51:19: Particle Renderer Type 'billboard' registered
17:51:19: Added resource location './data' of type 'FileSystem' to resource group 'General'
17:51:19: Added resource location './exported' of type 'FileSystem' to resource group 'General'
17:51:19: Creating resource group Bootstrap
17:51:19: DefaultWorkQueue('Root')::WorkerFunc - thread 91c starting.
17:51:19: DefaultWorkQueue('Root')::WorkerFunc - thread 15b4 starting.
17:51:19: Added resource location './data/OgreCore.zip' of type 'Zip' to resource group 'Bootstrap'
17:51:19: Parsing scripts for resource group Autodetect
17:51:19: Finished parsing scripts for resource group Autodetect
17:51:19: Creating resources for group Autodetect
17:51:19: All done
17:51:19: Parsing scripts for resource group Bootstrap
17:51:19: Parsing script OgreCore.material
17:51:19: Parsing script OgreProfiler.material
17:51:19: Parsing script Ogre.fontdef
17:51:19: Parsing script OgreDebugPanel.overlay
17:51:19: Texture: New_Ogre_Border_Center.png: Loading 1 faces(PF_A8R8G8B8,256x128x1) with 8 generated mipmaps from Image. Internal format is PF_A8R8G8B8,256x128x1.
17:51:19: Texture: New_Ogre_Border.png: Loading 1 faces(PF_A8R8G8B8,256x256x1) with 8 generated mipmaps from Image. Internal format is PF_A8R8G8B8,256x256x1.
17:51:19: Texture: New_Ogre_Border_Break.png: Loading 1 faces(PF_A8R8G8B8,32x32x1) with 5 generated mipmaps from Image. Internal format is PF_A8R8G8B8,32x32x1.
17:51:19: Texture: ogretext.png: Loading 1 faces(PF_A8R8G8B8,256x128x1) with 8 generated mipmaps from Image. Internal format is PF_A8R8G8B8,256x128x1.
17:51:19: Parsing script OgreLoadingPanel.overlay
17:51:19: Finished parsing scripts for resource group Bootstrap
17:51:19: Creating resources for group Bootstrap
17:51:19: All done
17:51:19: Parsing scripts for resource group General
17:51:19: Parsing script debug.material
17:51:19: Parsing script system.fontdef
17:51:19: Finished parsing scripts for resource group General
17:51:19: Creating resources for group General
17:51:19: All done
17:51:19: Parsing scripts for resource group Internal
17:51:19: Finished parsing scripts for resource group Internal
17:51:19: Creating resources for group Internal
17:51:19: All done
17:51:19: Texture: courier_new_9_75.png: Loading 1 faces(PF_A8R8G8B8,256x256x1) with 0 generated mipmaps from Image. Internal format is PF_A8R8G8B8,256x256x1.
17:51:19: Font BlueHighway using texture size 512x512
17:51:19: Info: Freetype returned null for character 127 in font BlueHighway
17:51:19: Info: Freetype returned null for character 128 in font BlueHighway
17:51:19: Info: Freetype returned null for character 129 in font BlueHighway
17:51:19: Info: Freetype returned null for character 130 in font BlueHighway
17:51:19: Info: Freetype returned null for character 131 in font BlueHighway
17:51:19: Info: Freetype returned null for character 132 in font BlueHighway
17:51:19: Info: Freetype returned null for character 133 in font BlueHighway
17:51:19: Info: Freetype returned null for character 134 in font BlueHighway
17:51:19: Info: Freetype returned null for character 135 in font BlueHighway
17:51:19: Info: Freetype returned null for character 136 in font BlueHighway
17:51:19: Info: Freetype returned null for character 137 in font BlueHighway
17:51:19: Info: Freetype returned null for character 138 in font BlueHighway
17:51:19: Info: Freetype returned null for character 139 in font BlueHighway
17:51:19: Info: Freetype returned null for character 140 in font BlueHighway
17:51:19: Info: Freetype returned null for character 141 in font BlueHighway
17:51:19: Info: Freetype returned null for character 142 in font BlueHighway
17:51:19: Info: Freetype returned null for character 143 in font BlueHighway
17:51:19: Info: Freetype returned null for character 144 in font BlueHighway
17:51:19: Info: Freetype returned null for character 145 in font BlueHighway
17:51:19: Info: Freetype returned null for character 146 in font BlueHighway
17:51:19: Info: Freetype returned null for character 147 in font BlueHighway
17:51:19: Info: Freetype returned null for character 148 in font BlueHighway
17:51:19: Info: Freetype returned null for character 149 in font BlueHighway
17:51:19: Info: Freetype returned null for character 150 in font BlueHighway
17:51:19: Info: Freetype returned null for character 151 in font BlueHighway
17:51:19: Info: Freetype returned null for character 152 in font BlueHighway
17:51:19: Info: Freetype returned null for character 153 in font BlueHighway
17:51:19: Info: Freetype returned null for character 154 in font BlueHighway
17:51:19: Info: Freetype returned null for character 155 in font BlueHighway
17:51:19: Info: Freetype returned null for character 156 in font BlueHighway
17:51:19: Info: Freetype returned null for character 157 in font BlueHighway
17:51:19: Info: Freetype returned null for character 158 in font BlueHighway
17:51:19: Info: Freetype returned null for character 159 in font BlueHighway
17:51:19: Info: Freetype returned null for character 160 in font BlueHighway
17:51:19: Texture: BlueHighwayTexture: Loading 1 faces(PF_BYTE_LA,512x512x1) with 0 generated mipmaps from Image. Internal format is PF_BYTE_LA,512x512x1.
17:51:35: DefaultWorkQueue('Root') shutting down on thread 908.
17:51:35: DefaultWorkQueue('Root')::WorkerFunc - thread 91c stopped.
17:51:35: DefaultWorkQueue('Root')::WorkerFunc - thread 15b4 stopped.
17:51:35: *-*-* OGRE Shutdown
17:51:35: Unregistering ResourceManager for type Compositor
17:51:35: Unregistering ResourceManager for type Font
17:51:35: Unregistering ResourceManager for type Skeleton
17:51:35: Unregistering ResourceManager for type Mesh
17:51:35: Unregistering ResourceManager for type HighLevelGpuProgram
17:51:35: Uninstalling plugin: GL RenderSystem
17:51:35: Unregistering ResourceManager for type GpuProgram
17:51:35: *** Stopping Win32GL Subsystem ***
17:51:35: Unregistering ResourceManager for type Texture
17:51:35: Plugin successfully uninstalled
17:51:35: Unloading library RenderSystem_GL.dll
17:51:35: Unregistering ResourceManager for type Material
