23:16:53: Creating resource group General
23:16:53: Creating resource group Internal
23:16:53: Creating resource group Autodetect
23:16:53: SceneManagerFactory for type 'DefaultSceneManager' registered.
23:16:53: Registering ResourceManager for type Material
23:16:53: Registering ResourceManager for type Mesh
23:16:53: Registering ResourceManager for type Skeleton
23:16:53: MovableObjectFactory for type 'ParticleSystem' registered.
23:16:53: ArchiveFactory for archive type FileSystem registered.
23:16:53: ArchiveFactory for archive type Zip registered.
23:16:53: ArchiveFactory for archive type EmbeddedZip registered.
23:16:53: DDS codec registering
23:16:53: FreeImage version: 3.15.3
23:16:53: This program uses FreeImage, a free, open source image library supporting all common bitmap formats. See http://freeimage.sourceforge.net for details
23:16:53: Supported formats: bmp,ico,jpg,jif,jpeg,jpe,jng,koa,iff,lbm,mng,pbm,pbm,pcd,pcx,pgm,pgm,png,ppm,ppm,ras,tga,targa,tif,tiff,wap,wbmp,wbm,psd,cut,xbm,xpm,gif,hdr,g3,sgi,exr,j2k,j2c,jp2,pfm,pct,pict,pic,3fr,arw,bay,bmq,cap,cine,cr2,crw,cs1,dc2,dcr,drf,dsc,dng,erf,fff,ia,iiq,k25,kc2,kdc,mdc,mef,mos,mrw,nef,nrw,orf,pef,ptx,pxn,qtk,raf,raw,rdc,rw2,rwl,rwz,sr2,srf,srw,sti
23:16:53: Registering ResourceManager for type HighLevelGpuProgram
23:16:53: Registering ResourceManager for type Compositor
23:16:53: MovableObjectFactory for type 'Entity' registered.
23:16:53: MovableObjectFactory for type 'Light' registered.
23:16:53: MovableObjectFactory for type 'BillboardSet' registered.
23:16:53: MovableObjectFactory for type 'ManualObject' registered.
23:16:53: MovableObjectFactory for type 'BillboardChain' registered.
23:16:53: MovableObjectFactory for type 'RibbonTrail' registered.
23:16:53: *-*-* OGRE Initialising
23:16:53: *-*-* Version 1.9.0 (Ghadamon)
23:16:53: Loading library RenderSystem_Direct3D9.dll
23:16:53: Installing plugin: D3D9 RenderSystem
23:16:53: D3D9 : Direct3D9 Rendering Subsystem created.
23:16:53: D3D9: Driver Detection Starts
23:16:53: D3D9: Driver Detection Ends
23:16:53: Plugin successfully installed
23:16:53: CPU Identifier & Features
23:16:53: -------------------------
23:16:53:  *   CPU ID: GenuineIntel: Intel(R) Celeron(R) CPU G1820 @ 2.70GHz
23:16:53:  *      SSE: yes
23:16:53:  *     SSE2: yes
23:16:53:  *     SSE3: yes
23:16:53:  *      MMX: yes
23:16:53:  *   MMXEXT: yes
23:16:53:  *    3DNOW: no
23:16:53:  * 3DNOWEXT: no
23:16:53:  *     CMOV: yes
23:16:53:  *      TSC: yes
23:16:53:  *      FPU: yes
23:16:53:  *      PRO: yes
23:16:53:  *       HT: no
23:16:53: -------------------------
23:16:53: D3D9 : Subsystem Initialising
23:16:53: Registering ResourceManager for type Texture
23:16:53: Registering ResourceManager for type GpuProgram
23:16:53: ***************************************
23:16:53: *** D3D9 : Subsystem Initialised OK ***
23:16:53: ***************************************
23:16:53: D3D9RenderSystem::_createRenderWindow "QGearsWindow", 1280x720 windowed  miscParams: title=Xenogears Exporter 
23:16:53: D3D9 : Created D3D9 Rendering Window 'QGearsWindow' : 1280x720, 32bpp
23:16:53: D3D9 : WARNING - disabling VSync in windowed mode can cause timing issues at lower frame rates, turn VSync on if you observe this problem.
23:16:53: D3D9: Vertex texture format supported - PF_A8R8G8B8
23:16:53: D3D9: Vertex texture format supported - PF_B8G8R8A8
23:16:53: D3D9: Vertex texture format supported - PF_FLOAT16_RGB
23:16:53: D3D9: Vertex texture format supported - PF_FLOAT16_RGBA
23:16:53: D3D9: Vertex texture format supported - PF_FLOAT32_RGB
23:16:53: D3D9: Vertex texture format supported - PF_FLOAT32_RGBA
23:16:53: D3D9: Vertex texture format supported - PF_R8G8B8A8
23:16:53: D3D9: Vertex texture format supported - PF_DEPTH
23:16:53: D3D9: Vertex texture format supported - PF_FLOAT16_R
23:16:53: D3D9: Vertex texture format supported - PF_FLOAT32_R
23:16:53: D3D9: Vertex texture format supported - PF_FLOAT16_GR
23:16:53: D3D9: Vertex texture format supported - PF_FLOAT32_GR
23:16:53: D3D9: Vertex texture format supported - PF_PVRTC_RGB2
23:16:53: D3D9: Vertex texture format supported - PF_PVRTC_RGBA2
23:16:53: D3D9: Vertex texture format supported - PF_PVRTC_RGB4
23:16:53: D3D9: Vertex texture format supported - PF_PVRTC_RGBA4
23:16:53: D3D9: Vertex texture format supported - PF_PVRTC2_2BPP
23:16:53: D3D9: Vertex texture format supported - PF_PVRTC2_4BPP
23:16:53: D3D9: Vertex texture format supported - PF_R11G11B10_FLOAT
23:16:53: D3D9: Vertex texture format supported - PF_R8_UINT
23:16:53: D3D9: Vertex texture format supported - PF_R8G8_UINT
23:16:53: D3D9: Vertex texture format supported - PF_R8G8B8_UINT
23:16:53: D3D9: Vertex texture format supported - PF_R8G8B8A8_UINT
23:16:53: D3D9: Vertex texture format supported - PF_R16_UINT
23:16:53: D3D9: Vertex texture format supported - PF_R16G16_UINT
23:16:53: D3D9: Vertex texture format supported - PF_R16G16B16_UINT
23:16:53: D3D9: Vertex texture format supported - PF_R16G16B16A16_UINT
23:16:53: D3D9: Vertex texture format supported - PF_R32_UINT
23:16:53: D3D9: Vertex texture format supported - PF_R32G32_UINT
23:16:53: D3D9: Vertex texture format supported - PF_R32G32B32_UINT
23:16:53: D3D9: Vertex texture format supported - PF_R32G32B32A32_UINT
23:16:53: D3D9: Vertex texture format supported - PF_R8_SINT
23:16:53: D3D9: Vertex texture format supported - PF_R8G8_SINT
23:16:53: D3D9: Vertex texture format supported - PF_R8G8B8_SINT
23:16:53: D3D9: Vertex texture format supported - PF_R8G8B8A8_SINT
23:16:53: D3D9: Vertex texture format supported - PF_R16_SINT
23:16:53: D3D9: Vertex texture format supported - PF_R16G16_SINT
23:16:53: D3D9: Vertex texture format supported - PF_R16G16B16_SINT
23:16:53: D3D9: Vertex texture format supported - PF_R16G16B16A16_SINT
23:16:53: D3D9: Vertex texture format supported - PF_R32_SINT
23:16:53: D3D9: Vertex texture format supported - PF_R32G32_SINT
23:16:53: D3D9: Vertex texture format supported - PF_R32G32B32_SINT
23:16:53: D3D9: Vertex texture format supported - PF_R32G32B32A32_SINT
23:16:53: D3D9: Vertex texture format supported - PF_R9G9B9E5_SHAREDEXP
23:16:53: D3D9: Vertex texture format supported - PF_BC4_UNORM
23:16:53: D3D9: Vertex texture format supported - PF_BC4_SNORM
23:16:53: D3D9: Vertex texture format supported - PF_BC5_UNORM
23:16:53: D3D9: Vertex texture format supported - PF_BC5_SNORM
23:16:53: D3D9: Vertex texture format supported - PF_BC6H_UF16
23:16:53: D3D9: Vertex texture format supported - PF_BC6H_SF16
23:16:53: D3D9: Vertex texture format supported - PF_BC7_UNORM
23:16:53: D3D9: Vertex texture format supported - PF_BC7_UNORM_SRGB
23:16:53: D3D9: Vertex texture format supported - PF_R8
23:16:53: D3D9: Vertex texture format supported - PF_RG8
23:16:53: D3D9: Vertex texture format supported - PF_R8_SNORM
23:16:53: D3D9: Vertex texture format supported - PF_R8G8_SNORM
23:16:53: D3D9: Vertex texture format supported - PF_R8G8B8_SNORM
23:16:53: D3D9: Vertex texture format supported - PF_R8G8B8A8_SNORM
23:16:53: D3D9: Vertex texture format supported - PF_R16_SNORM
23:16:53: D3D9: Vertex texture format supported - PF_R16G16_SNORM
23:16:53: D3D9: Vertex texture format supported - PF_R16G16B16_SNORM
23:16:53: D3D9: Vertex texture format supported - PF_R16G16B16A16_SNORM
23:16:53: D3D9: Vertex texture format supported - PF_ETC1_RGB8
23:16:53: D3D9: Vertex texture format supported - PF_ETC2_RGB8
23:16:53: D3D9: Vertex texture format supported - PF_ETC2_RGBA8
23:16:53: D3D9: Vertex texture format supported - PF_ETC2_RGB8A1
23:16:53: D3D9: Vertex texture format supported - PF_ATC_RGB
23:16:53: D3D9: Vertex texture format supported - PF_ATC_RGBA_EXPLICIT_ALPHA
23:16:53: D3D9: Vertex texture format supported - PF_ATC_RGBA_INTERPOLATED_ALPHA
23:16:53: RenderSystem capabilities
23:16:53: -------------------------
23:16:53: RenderSystem Name: Direct3D9 Rendering Subsystem
23:16:53: GPU Vendor: nvidia
23:16:53: Device Name: Monitor-1-NVIDIA GeForce GTX 750
23:16:53: Driver Version: 10.18.13.5560
23:16:53:  * Fixed function pipeline: yes
23:16:53:  * Hardware generation of mipmaps: yes
23:16:53:  * Texture blending: yes
23:16:53:  * Anisotropic texture filtering: yes
23:16:53:  * Dot product texture operation: yes
23:16:53:  * Cube mapping: yes
23:16:53:  * Hardware stencil buffer: yes
23:16:53:    - Stencil depth: 8
23:16:53:    - Two sided stencil support: yes
23:16:53:    - Wrap stencil values: yes
23:16:53:  * Hardware vertex / index buffers: yes
23:16:53:  * Vertex programs: yes
23:16:53:  * Number of floating-point constants for vertex programs: 256
23:16:53:  * Number of integer constants for vertex programs: 16
23:16:53:  * Number of boolean constants for vertex programs: 16
23:16:53:  * Fragment programs: yes
23:16:53:  * Number of floating-point constants for fragment programs: 224
23:16:54:  * Number of integer constants for fragment programs: 16
23:16:54:  * Number of boolean constants for fragment programs: 16
23:16:54:  * Geometry programs: no
23:16:54:  * Number of floating-point constants for geometry programs: 0
23:16:54:  * Number of integer constants for geometry programs: 0
23:16:54:  * Number of boolean constants for geometry programs: 0
23:16:54:  * Tesselation Hull programs: no
23:16:54:  * Number of floating-point constants for tesselation hull programs: 0
23:16:54:  * Number of integer constants for tesselation hull programs: 0
23:16:54:  * Number of boolean constants for tesselation hull programs: 0
23:16:54:  * Tesselation Domain programs: no
23:16:54:  * Number of floating-point constants for tesselation domain programs: 0
23:16:54:  * Number of integer constants for tesselation domain programs: 0
23:16:54:  * Number of boolean constants for tesselation domain programs: 0
23:16:54:  * Compute programs: no
23:16:54:  * Number of floating-point constants for compute programs: 0
23:16:54:  * Number of integer constants for compute programs: 0
23:16:54:  * Number of boolean constants for compute programs: 0
23:16:54:  * Supported Shader Profiles: hlsl ps_1_1 ps_1_2 ps_1_3 ps_1_4 ps_2_0 ps_2_a ps_2_b ps_2_x ps_3_0 vs_1_1 vs_2_0 vs_2_a vs_2_x vs_3_0
23:16:54:  * Texture Compression: yes
23:16:54:    - DXT: yes
23:16:54:    - VTC: no
23:16:54:    - PVRTC: no
23:16:54:    - ATC: no
23:16:54:    - ETC1: no
23:16:54:    - ETC2: no
23:16:54:    - BC4/BC5: no
23:16:54:    - BC6H/BC7: no
23:16:54:  * Scissor Rectangle: yes
23:16:54:  * Hardware Occlusion Query: yes
23:16:54:  * User clip planes: yes
23:16:54:  * VET_UBYTE4 vertex element type: yes
23:16:54:  * Infinite far plane projection: yes
23:16:54:  * Hardware render-to-texture: yes
23:16:54:  * Floating point textures: yes
23:16:54:  * Non-power-of-two textures: yes
23:16:54:  * 1d textures: yes
23:16:54:  * Volume textures: yes
23:16:54:  * Multiple Render Targets: 4
23:16:54:    - With different bit depths: yes
23:16:54:  * Point Sprites: yes
23:16:54:  * Extended point parameters: yes
23:16:54:  * Max Point Size: 8192
23:16:54:  * Vertex texture fetch: yes
23:16:54:  * Number of world matrices: 0
23:16:54:  * Number of texture units: 8
23:16:54:  * Stencil buffer depth: 8
23:16:54:  * Number of vertex blend matrices: 0
23:16:54:    - Max vertex textures: 4
23:16:54:    - Vertex textures shared: no
23:16:54:  * Render to Vertex Buffer : no
23:16:54:  * Hardware Atomic Counters: no
23:16:54:  * DirectX per stage constants: yes
23:16:54: DefaultWorkQueue('Root') initialising on thread 1ec0.
23:16:54: DefaultWorkQueue('Root')::WorkerFunc - thread 1eac starting.
23:16:54: DefaultWorkQueue('Root')::WorkerFunc - thread 1e20 starting.
23:16:54: Particle Renderer Type 'billboard' registered
23:16:54: OverlayElementFactory for type Panel registered.
23:16:54: OverlayElementFactory for type BorderPanel registered.
23:16:54: OverlayElementFactory for type TextArea registered.
23:16:54: Registering ResourceManager for type Font
23:16:54: Added resource location './data' of type 'FileSystem' to resource group 'General'
23:16:54: Added resource location './exported' of type 'FileSystem' to resource group 'General'
23:16:54: Creating resource group Bootstrap
23:16:54: Added resource location './data/OgreCore.zip' of type 'Zip' to resource group 'Bootstrap'
23:16:54: Parsing scripts for resource group Autodetect
23:16:54: Finished parsing scripts for resource group Autodetect
23:16:54: Creating resources for group Autodetect
23:16:54: All done
23:16:54: Parsing scripts for resource group Bootstrap
23:16:54: Parsing script OgreCore.material
23:16:54: Parsing script OgreProfiler.material
23:16:54: Parsing script Ogre.fontdef
23:16:54: Parsing script OgreDebugPanel.overlay
23:16:54: Texture: New_Ogre_Border_Center.png: Loading 1 faces(PF_A8R8G8B8,256x128x1) Internal format is PF_A8R8G8B8,256x128x1.
23:16:54: Texture: New_Ogre_Border.png: Loading 1 faces(PF_A8R8G8B8,256x256x1) Internal format is PF_A8R8G8B8,256x256x1.
23:16:54: Texture: New_Ogre_Border_Break.png: Loading 1 faces(PF_A8R8G8B8,32x32x1) Internal format is PF_A8R8G8B8,32x32x1.
23:16:54: Texture: ogretext.png: Loading 1 faces(PF_A8R8G8B8,256x128x1) Internal format is PF_A8R8G8B8,256x128x1.
23:16:54: Parsing script OgreLoadingPanel.overlay
23:16:54: Finished parsing scripts for resource group Bootstrap
23:16:54: Creating resources for group Bootstrap
23:16:54: All done
23:16:54: Parsing scripts for resource group General
23:16:54: Parsing script debug.material
23:16:54: Parsing script system.fontdef
23:16:54: Finished parsing scripts for resource group General
23:16:54: Creating resources for group General
23:16:54: All done
23:16:54: Parsing scripts for resource group Internal
23:16:54: Finished parsing scripts for resource group Internal
23:16:54: Creating resources for group Internal
23:16:54: All done
23:16:54: Texture: courier_new_9_75.png: Loading 1 faces(PF_A8R8G8B8,256x256x1) with 0 generated mipmaps from Image. Internal format is PF_A8R8G8B8,256x256x1.
23:16:54: Font BlueHighway using texture size 512x512
23:16:54: Info: Freetype returned null for character 127 in font BlueHighway
23:16:54: Info: Freetype returned null for character 128 in font BlueHighway
23:16:54: Info: Freetype returned null for character 129 in font BlueHighway
23:16:54: Info: Freetype returned null for character 130 in font BlueHighway
23:16:54: Info: Freetype returned null for character 131 in font BlueHighway
23:16:54: Info: Freetype returned null for character 132 in font BlueHighway
23:16:54: Info: Freetype returned null for character 133 in font BlueHighway
23:16:54: Info: Freetype returned null for character 134 in font BlueHighway
23:16:54: Info: Freetype returned null for character 135 in font BlueHighway
23:16:54: Info: Freetype returned null for character 136 in font BlueHighway
23:16:54: Info: Freetype returned null for character 137 in font BlueHighway
23:16:54: Info: Freetype returned null for character 138 in font BlueHighway
23:16:54: Info: Freetype returned null for character 139 in font BlueHighway
23:16:54: Info: Freetype returned null for character 140 in font BlueHighway
23:16:54: Info: Freetype returned null for character 141 in font BlueHighway
23:16:54: Info: Freetype returned null for character 142 in font BlueHighway
23:16:54: Info: Freetype returned null for character 143 in font BlueHighway
23:16:54: Info: Freetype returned null for character 144 in font BlueHighway
23:16:54: Info: Freetype returned null for character 145 in font BlueHighway
23:16:54: Info: Freetype returned null for character 146 in font BlueHighway
23:16:54: Info: Freetype returned null for character 147 in font BlueHighway
23:16:54: Info: Freetype returned null for character 148 in font BlueHighway
23:16:54: Info: Freetype returned null for character 149 in font BlueHighway
23:16:54: Info: Freetype returned null for character 150 in font BlueHighway
23:16:54: Info: Freetype returned null for character 151 in font BlueHighway
23:16:54: Info: Freetype returned null for character 152 in font BlueHighway
23:16:54: Info: Freetype returned null for character 153 in font BlueHighway
23:16:54: Info: Freetype returned null for character 154 in font BlueHighway
23:16:54: Info: Freetype returned null for character 155 in font BlueHighway
23:16:54: Info: Freetype returned null for character 156 in font BlueHighway
23:16:54: Info: Freetype returned null for character 157 in font BlueHighway
23:16:54: Info: Freetype returned null for character 158 in font BlueHighway
23:16:54: Info: Freetype returned null for character 159 in font BlueHighway
23:16:54: Info: Freetype returned null for character 160 in font BlueHighway
23:16:54: Texture: BlueHighwayTexture: Loading 1 faces(PF_BYTE_LA,512x512x1) with 0 generated mipmaps from Image. Internal format is PF_BYTE_LA,512x512x1.
23:17:47: D3D9 Device 0x[0381F820] entered lost state
23:17:47: D3D9 : WARNING - disabling VSync in windowed mode can cause timing issues at lower frame rates, turn VSync on if you observe this problem.
23:17:47: !!! Direct3D Device successfully restored.
23:17:47: D3D9 device: 0x[0381F820] was reset
23:17:49: D3D9 Device 0x[0381F820] entered lost state
23:17:49: D3D9 : WARNING - disabling VSync in windowed mode can cause timing issues at lower frame rates, turn VSync on if you observe this problem.
23:17:49: !!! Direct3D Device successfully restored.
23:17:49: D3D9 device: 0x[0381F820] was reset
23:17:51: D3D9 Device 0x[0381F820] entered lost state
23:17:51: D3D9 : WARNING - disabling VSync in windowed mode can cause timing issues at lower frame rates, turn VSync on if you observe this problem.
23:17:51: !!! Direct3D Device successfully restored.
23:17:51: D3D9 device: 0x[0381F820] was reset
23:19:32: DefaultWorkQueue('Root') shutting down on thread 1ec0.
23:19:32: DefaultWorkQueue('Root')::WorkerFunc - thread 1eac stopped.
23:19:32: DefaultWorkQueue('Root')::WorkerFunc - thread 1e20 stopped.
23:19:32: *-*-* OGRE Shutdown
23:19:32: Unregistering ResourceManager for type Compositor
23:19:32: Unregistering ResourceManager for type Skeleton
23:19:32: Unregistering ResourceManager for type Mesh
23:19:32: Unregistering ResourceManager for type HighLevelGpuProgram
23:19:32: Uninstalling plugin: D3D9 RenderSystem
23:19:32: D3D9 device: 0x[0381F820] destroy. Releasing D3D9 texture: BlueHighwayTexture
23:19:32: Released D3D9 texture: BlueHighwayTexture
23:19:32: D3D9 device: 0x[0381F820] destroy. Releasing D3D9 texture: New_Ogre_Border_Center.png
23:19:32: Released D3D9 texture: New_Ogre_Border_Center.png
23:19:32: D3D9 device: 0x[0381F820] destroy. Releasing D3D9 texture: New_Ogre_Border.png
23:19:32: Released D3D9 texture: New_Ogre_Border.png
23:19:32: D3D9 device: 0x[0381F820] destroy. Releasing D3D9 texture: New_Ogre_Border_Break.png
23:19:32: Released D3D9 texture: New_Ogre_Border_Break.png
23:19:32: D3D9 device: 0x[0381F820] destroy. Releasing D3D9 texture: ogretext.png
23:19:32: Released D3D9 texture: ogretext.png
23:19:32: D3D9 : Shutting down cleanly.
23:19:32: Unregistering ResourceManager for type Texture
23:19:32: Unregistering ResourceManager for type GpuProgram
23:19:32: D3D9 : Direct3D9 Rendering Subsystem destroyed.
23:19:32: Plugin successfully uninstalled
23:19:32: Unloading library RenderSystem_Direct3D9.dll
23:19:32: Unregistering ResourceManager for type Material
