01:44:42: Creating resource group General
01:44:42: Creating resource group Internal
01:44:42: Creating resource group Autodetect
01:44:42: SceneManagerFactory for type 'DefaultSceneManager' registered.
01:44:42: Registering ResourceManager for type Material
01:44:42: Registering ResourceManager for type Mesh
01:44:42: Registering ResourceManager for type Skeleton
01:44:42: MovableObjectFactory for type 'ParticleSystem' registered.
01:44:42: OverlayElementFactory for type Panel registered.
01:44:42: OverlayElementFactory for type BorderPanel registered.
01:44:42: OverlayElementFactory for type TextArea registered.
01:44:42: Registering ResourceManager for type Font
01:44:42: ArchiveFactory for archive type FileSystem registered.
01:44:42: ArchiveFactory for archive type Zip registered.
01:44:42: DDS codec registering
01:44:42: FreeImage version: 3.13.1
01:44:42: This program uses FreeImage, a free, open source image library supporting all common bitmap formats. See http://freeimage.sourceforge.net for details
01:44:42: Supported formats: bmp,ico,jpg,jif,jpeg,jpe,jng,koa,iff,lbm,mng,pbm,pbm,pcd,pcx,pgm,pgm,png,ppm,ppm,ras,tga,targa,tif,tiff,wap,wbmp,wbm,psd,cut,xbm,xpm,gif,hdr,g3,sgi,exr,j2k,j2c,jp2,pfm,pct,pict,pic,bay,bmq,cr2,crw,cs1,dc2,dcr,dng,erf,fff,hdr,k25,kdc,mdc,mos,mrw,nef,orf,pef,pxn,raf,raw,rdc,sr2,srf,arw,3fr,cine,ia,kc2,mef,nrw,qtk,rw2,sti,drf,dsc,ptx,cap,iiq,rwz
01:44:42: Registering ResourceManager for type HighLevelGpuProgram
01:44:42: Registering ResourceManager for type Compositor
01:44:42: MovableObjectFactory for type 'Entity' registered.
01:44:42: MovableObjectFactory for type 'Light' registered.
01:44:42: MovableObjectFactory for type 'BillboardSet' registered.
01:44:42: MovableObjectFactory for type 'ManualObject' registered.
01:44:42: MovableObjectFactory for type 'BillboardChain' registered.
01:44:42: MovableObjectFactory for type 'RibbonTrail' registered.
01:44:42: *-*-* OGRE Initialising
01:44:42: *-*-* Version 1.7.2 (Cthugha)
01:44:42: Loading library ./RenderSystem_GL.dll
01:44:43: Installing plugin: GL RenderSystem
01:44:43: OpenGL Rendering Subsystem created.
01:44:43: Plugin successfully installed
01:44:43: CPU Identifier & Features
01:44:43: -------------------------
01:44:43:  *   CPU ID: GenuineIntel: Intel(R) Pentium(R) Dual  CPU  E2200  @ 2.20GHz
01:44:43:  *      SSE: yes
01:44:43:  *     SSE2: yes
01:44:43:  *     SSE3: yes
01:44:43:  *      MMX: yes
01:44:43:  *   MMXEXT: yes
01:44:43:  *    3DNOW: no
01:44:43:  * 3DNOWEXT: no
01:44:43:  *     CMOV: yes
01:44:43:  *      TSC: yes
01:44:43:  *      FPU: yes
01:44:43:  *      PRO: yes
01:44:43:  *       HT: no
01:44:43: -------------------------
01:44:43: *** Starting Win32GL Subsystem ***
01:44:43: GLRenderSystem::_createRenderWindow "QGearsWindow", 1280x720 windowed  miscParams: title=Q-Gears v0.20 (2nd alpha ui) 
01:44:43: Created Win32Window 'QGearsWindow' : 1288x754, 32bpp
01:44:43: GL_VERSION = 4.2.11927 Compatibility Profile Context
01:44:43: GL_VENDOR = ATI Technologies Inc.
01:44:43: GL_RENDERER = ATI Radeon HD 5500 Series
01:44:43: GL_EXTENSIONS = GL_AMDX_debug_output GL_AMDX_vertex_shader_tessellator GL_AMD_conservative_depth GL_AMD_debug_output GL_AMD_depth_clamp_separate GL_AMD_draw_buffers_blend GL_AMD_multi_draw_indirect GL_AMD_name_gen_delete GL_AMD_performance_monitor GL_AMD_pinned_memory GL_AMD_query_buffer_object GL_AMD_sample_positions GL_AMD_seamless_cubemap_per_texture GL_AMD_shader_stencil_export GL_AMD_shader_trace GL_AMD_texture_cube_map_array GL_AMD_texture_texture4 GL_AMD_transform_feedback3_lines_triangles GL_AMD_vertex_shader_layer GL_AMD_vertex_shader_tessellator GL_AMD_vertex_shader_viewport_index GL_ARB_ES2_compatibility GL_ARB_base_instance GL_ARB_blend_func_extended GL_ARB_color_buffer_float GL_ARB_compressed_texture_pixel_storage GL_ARB_conservative_depth GL_ARB_copy_buffer GL_ARB_depth_buffer_float GL_ARB_depth_clamp GL_ARB_depth_texture GL_ARB_draw_buffers GL_ARB_draw_buffers_blend GL_ARB_draw_elements_base_vertex GL_ARB_draw_indirect GL_ARB_draw_instanced GL_ARB_explicit_attrib_location GL_ARB_fragment_coord_conventions GL_ARB_fragment_program GL_ARB_fragment_program_shadow GL_ARB_fragment_shader GL_ARB_framebuffer_object GL_ARB_framebuffer_sRGB GL_ARB_geometry_shader4 GL_ARB_get_program_binary GL_ARB_gpu_shader5 GL_ARB_gpu_shader_fp64 GL_ARB_half_float_pixel GL_ARB_half_float_vertex GL_ARB_imaging GL_ARB_instanced_arrays GL_ARB_internalformat_query GL_ARB_map_buffer_alignment GL_ARB_map_buffer_range GL_ARB_multisample GL_ARB_multitexture GL_ARB_occlusion_query GL_ARB_occlusion_query2 GL_ARB_pixel_buffer_object GL_ARB_point_parameters GL_ARB_point_sprite GL_ARB_provoking_vertex GL_ARB_sample_shading GL_ARB_sampler_objects GL_ARB_seamless_cube_map GL_ARB_separate_shader_objects GL_ARB_shader_atomic_counters GL_ARB_shader_bit_encoding GL_ARB_shader_image_load_store GL_ARB_shader_objects GL_ARB_shader_precision GL_ARB_shader_stencil_export GL_ARB_shader_subroutine GL_ARB_shader_texture_lod GL_ARB_shading_language_100 GL_ARB_shading_language_420pack GL_ARB_shading_language_packing GL_ARB_shadow GL_ARB_shadow_ambient GL_ARB_sync GL_ARB_tessellation_shader GL_ARB_texture_border_clamp GL_ARB_texture_buffer_object GL_ARB_texture_buffer_object_rgb32 GL_ARB_texture_compression GL_ARB_texture_compression_bptc GL_ARB_texture_compression_rgtc GL_ARB_texture_cube_map GL_ARB_texture_cube_map_array GL_ARB_texture_env_add GL_ARB_texture_env_combine GL_ARB_texture_env_crossbar GL_ARB_texture_env_dot3 GL_ARB_texture_float GL_ARB_texture_gather GL_ARB_texture_mirrored_repeat GL_ARB_texture_multisample GL_ARB_texture_non_power_of_two GL_ARB_texture_query_lod GL_ARB_texture_rectangle GL_ARB_texture_rg GL_ARB_texture_rgb10_a2ui GL_ARB_texture_snorm GL_ARB_texture_storage GL_ARB_timer_query GL_ARB_transform_feedback2 GL_ARB_transform_feedback3 GL_ARB_transform_feedback_instanced GL_ARB_transpose_matrix GL_ARB_uniform_buffer_object GL_ARB_vertex_array_bgra GL_ARB_vertex_array_object GL_ARB_vertex_attrib_64bit GL_ARB_vertex_buffer_object GL_ARB_vertex_program GL_ARB_vertex_shader GL_ARB_vertex_type_2_10_10_10_rev GL_ARB_viewport_array GL_ARB_window_pos GL_ATI_draw_buffers GL_ATI_envmap_bumpmap GL_ATI_fragment_shader GL_ATI_meminfo GL_ATI_separate_stencil GL_ATI_texture_compression_3dc GL_ATI_texture_env_combine3 GL_ATI_texture_float GL_ATI_texture_mirror_once GL_EXT_abgr GL_EXT_bgra GL_EXT_bindable_uniform GL_EXT_blend_color GL_EXT_blend_equation_separate GL_EXT_blend_func_separate GL_EXT_blend_minmax GL_EXT_blend_subtract GL_EXT_compiled_vertex_array GL_EXT_copy_buffer GL_EXT_copy_texture GL_EXT_direct_state_access GL_EXT_draw_buffers2 GL_EXT_draw_instanced GL_EXT_draw_range_elements GL_EXT_fog_coord GL_EXT_framebuffer_blit GL_EXT_framebuffer_multisample GL_EXT_framebuffer_object GL_EXT_framebuffer_sRGB GL_EXT_geometry_shader4 GL_EXT_gpu_program_parameters GL_EXT_gpu_shader4 GL_EXT_histogram GL_EXT_multi_draw_arrays GL_EXT_packed_depth_stencil GL_EXT_packed_float GL_EXT_packed_pixels GL_EXT_pixel_buffer_object GL_EXT_point_parameters GL_EXT_provoking_vertex GL_EXT_rescale_normal GL_EXT_secondary_color GL_EXT_separate_specular_color GL_EXT_shader_image_load_store GL_EXT_shadow_funcs GL_EXT_stencil_wrap GL_EXT_subtexture GL_EXT_texgen_reflection GL_EXT_texture3D GL_EXT_texture_array GL_EXT_texture_buffer_object GL_EXT_texture_compression_bptc GL_EXT_texture_compression_latc GL_EXT_texture_compression_rgtc GL_EXT_texture_compression_s3tc GL_EXT_texture_cube_map GL_EXT_texture_edge_clamp GL_EXT_texture_env_add GL_EXT_texture_env_combine GL_EXT_texture_env_dot3 GL_EXT_texture_filter_anisotropic GL_EXT_texture_integer GL_EXT_texture_lod GL_EXT_texture_lod_bias GL_EXT_texture_mirror_clamp GL_EXT_texture_object GL_EXT_texture_rectangle GL_EXT_texture_sRGB GL_EXT_texture_sRGB_decode GL_EXT_texture_shared_exponent GL_EXT_texture_snorm GL_EXT_texture_storage GL_EXT_texture_swizzle GL_EXT_timer_query GL_EXT_transform_feedback GL_EXT_vertex_array GL_EXT_vertex_array_bgra GL_EXT_vertex_attrib_64bit GL_IBM_texture_mirrored_repeat GL_KTX_buffer_region GL_NV_blend_square GL_NV_conditional_render GL_NV_copy_depth_to_color GL_NV_copy_image GL_NV_explicit_multisample GL_NV_float_buffer GL_NV_half_float GL_NV_primitive_restart GL_NV_texgen_reflection GL_NV_texture_barrier GL_SGIS_generate_mipmap GL_SGIS_texture_edge_clamp GL_SGIS_texture_lod GL_SUN_multi_draw_arrays GL_WIN_swap_hint WGL_EXT_swap_control
01:44:43: Supported WGL extensions: WGL_ARB_extensions_string WGL_ARB_pixel_format WGL_ATI_pixel_format_float WGL_ARB_pixel_format_float WGL_ARB_multisample WGL_EXT_swap_control WGL_ARB_pbuffer WGL_ARB_render_texture WGL_ARB_make_current_read WGL_EXT_extensions_string WGL_ARB_buffer_region WGL_EXT_framebuffer_sRGB WGL_ATI_render_texture_rectangle WGL_EXT_pixel_format_packed_float WGL_I3D_genlock WGL_NV_swap_group WGL_ARB_create_context WGL_AMD_gpu_association WGL_AMDX_gpu_association WGL_ARB_create_context_profile WGL_NV_float_buffer
01:44:43: ***************************
01:44:43: *** GL Renderer Started ***
01:44:43: ***************************
01:44:43: Registering ResourceManager for type GpuProgram
01:44:43: GLSL support detected
01:44:43: GL: Using GL_EXT_framebuffer_object for rendering to textures (best)
01:44:43: FBO PF_UNKNOWN depth/stencil support: D0S1 D0S4 D0S8 D0S16 D16S0 D24S0 D32S0 Packed-D24S8 
01:44:43: FBO PF_L8 depth/stencil support: D0S0 D0S1 D0S4 D0S8 D0S16 D16S0 D24S0 D32S0 Packed-D24S8 
01:44:43: FBO PF_L16 depth/stencil support: D0S0 D0S1 D0S4 D0S8 D0S16 D16S0 D24S0 D32S0 Packed-D24S8 
01:44:43: FBO PF_A8 depth/stencil support: D0S0 D0S1 D0S4 D0S8 D0S16 D16S0 D24S0 D32S0 Packed-D24S8 
01:44:43: FBO PF_A4L4 depth/stencil support: D0S0 D0S1 D0S4 D0S8 D0S16 D16S0 D24S0 D32S0 Packed-D24S8 
01:44:43: FBO PF_BYTE_LA depth/stencil support: D0S0 D0S1 D0S4 D0S8 D0S16 D16S0 D24S0 D32S0 Packed-D24S8 
01:44:43: FBO PF_R5G6B5 depth/stencil support: D0S0 D0S1 D0S4 D0S8 D0S16 D16S0 D24S0 D32S0 Packed-D24S8 
01:44:43: FBO PF_B5G6R5 depth/stencil support: D0S0 D0S1 D0S4 D0S8 D0S16 D16S0 D24S0 D32S0 Packed-D24S8 
01:44:43: FBO PF_A4R4G4B4 depth/stencil support: D0S0 D0S1 D0S4 D0S8 D0S16 D16S0 D24S0 D32S0 Packed-D24S8 
01:44:43: FBO PF_A1R5G5B5 depth/stencil support: D0S0 D0S1 D0S4 D0S8 D0S16 D16S0 D24S0 D32S0 Packed-D24S8 
01:44:43: FBO PF_R8G8B8 depth/stencil support: D0S0 D0S1 D0S4 D0S8 D0S16 D16S0 D24S0 D32S0 Packed-D24S8 
01:44:43: FBO PF_B8G8R8 depth/stencil support: D0S0 D0S1 D0S4 D0S8 D0S16 D16S0 D24S0 D32S0 Packed-D24S8 
01:44:43: FBO PF_A8R8G8B8 depth/stencil support: D0S0 D0S1 D0S4 D0S8 D0S16 D16S0 D24S0 D32S0 Packed-D24S8 
01:44:43: FBO PF_B8G8R8A8 depth/stencil support: D0S0 D0S1 D0S4 D0S8 D0S16 D16S0 D24S0 D32S0 Packed-D24S8 
01:44:43: FBO PF_A2R10G10B10 depth/stencil support: D0S0 D0S1 D0S4 D0S8 D0S16 D16S0 D24S0 D32S0 Packed-D24S8 
01:44:43: FBO PF_A2B10G10R10 depth/stencil support: D0S0 D0S1 D0S4 D0S8 D0S16 D16S0 D24S0 D32S0 Packed-D24S8 
01:44:43: FBO PF_FLOAT16_RGB depth/stencil support: D0S0 D0S1 D0S4 D0S8 D0S16 D16S0 D24S0 D32S0 Packed-D24S8 
01:44:43: FBO PF_FLOAT16_RGBA depth/stencil support: D0S0 D0S1 D0S4 D0S8 D0S16 D16S0 D24S0 D32S0 Packed-D24S8 
01:44:43: FBO PF_FLOAT32_RGB depth/stencil support: D0S0 D0S1 D0S4 D0S8 D0S16 D16S0 D24S0 D32S0 Packed-D24S8 
01:44:43: FBO PF_FLOAT32_RGBA depth/stencil support: D0S0 D0S1 D0S4 D0S8 D0S16 D16S0 D24S0 D32S0 Packed-D24S8 
01:44:43: FBO PF_X8R8G8B8 depth/stencil support: D0S0 D0S1 D0S4 D0S8 D0S16 D16S0 D24S0 D32S0 Packed-D24S8 
01:44:43: FBO PF_X8B8G8R8 depth/stencil support: D0S0 D0S1 D0S4 D0S8 D0S16 D16S0 D24S0 D32S0 Packed-D24S8 
01:44:43: FBO PF_SHORT_RGBA depth/stencil support: D0S0 D0S1 D0S4 D0S8 D0S16 D16S0 D24S0 D32S0 Packed-D24S8 
01:44:43: FBO PF_R3G3B2 depth/stencil support: D0S0 D0S1 D0S4 D0S8 D0S16 D16S0 D24S0 D32S0 Packed-D24S8 
01:44:43: FBO PF_FLOAT16_R depth/stencil support: D0S0 D0S1 D0S4 D0S8 D0S16 D16S0 D24S0 D32S0 Packed-D24S8 
01:44:43: FBO PF_FLOAT32_R depth/stencil support: D0S0 D0S1 D0S4 D0S8 D0S16 D16S0 D24S0 D32S0 Packed-D24S8 
01:44:43: FBO PF_SHORT_GR depth/stencil support: D0S0 D0S1 D0S4 D0S8 D0S16 D16S0 D24S0 D32S0 Packed-D24S8 
01:44:43: FBO PF_FLOAT16_GR depth/stencil support: D0S0 D0S1 D0S4 D0S8 D0S16 D16S0 D24S0 D32S0 Packed-D24S8 
01:44:43: FBO PF_FLOAT32_GR depth/stencil support: D0S0 D0S1 D0S4 D0S8 D0S16 D16S0 D24S0 D32S0 Packed-D24S8 
01:44:43: FBO PF_SHORT_RGB depth/stencil support: D0S0 D0S1 D0S4 D0S8 D0S16 D16S0 D24S0 D32S0 Packed-D24S8 
01:44:43: [GL] : Valid FBO targets PF_UNKNOWN PF_L8 PF_L16 PF_A8 PF_A4L4 PF_BYTE_LA PF_R5G6B5 PF_B5G6R5 PF_A4R4G4B4 PF_A1R5G5B5 PF_R8G8B8 PF_B8G8R8 PF_A8R8G8B8 PF_B8G8R8A8 PF_A2R10G10B10 PF_A2B10G10R10 PF_FLOAT16_RGB PF_FLOAT16_RGBA PF_FLOAT32_RGB PF_FLOAT32_RGBA PF_X8R8G8B8 PF_X8B8G8R8 PF_SHORT_RGBA PF_R3G3B2 PF_FLOAT16_R PF_FLOAT32_R PF_SHORT_GR PF_FLOAT16_GR PF_FLOAT32_GR PF_SHORT_RGB 
01:44:43: RenderSystem capabilities
01:44:43: -------------------------
01:44:43: RenderSystem Name: OpenGL Rendering Subsystem
01:44:43: GPU Vendor: ati
01:44:43: Device Name: ATI Radeon HD 5500 Series
01:44:43: Driver Version: 4.2.11927.0
01:44:43:  * Fixed function pipeline: yes
01:44:43:  * Hardware generation of mipmaps: yes
01:44:43:  * Texture blending: yes
01:44:43:  * Anisotropic texture filtering: yes
01:44:43:  * Dot product texture operation: yes
01:44:43:  * Cube mapping: yes
01:44:43:  * Hardware stencil buffer: yes
01:44:43:    - Stencil depth: 8
01:44:43:    - Two sided stencil support: yes
01:44:43:    - Wrap stencil values: yes
01:44:43:  * Hardware vertex / index buffers: yes
01:44:43:  * Vertex programs: yes
01:44:43:  * Number of floating-point constants for vertex programs: 256
01:44:43:  * Number of integer constants for vertex programs: 0
01:44:43:  * Number of boolean constants for vertex programs: 0
01:44:43:  * Fragment programs: yes
01:44:43:  * Number of floating-point constants for fragment programs: 256
01:44:43:  * Number of integer constants for fragment programs: 0
01:44:43:  * Number of boolean constants for fragment programs: 0
01:44:43:  * Geometry programs: yes
01:44:43:  * Number of floating-point constants for geometry programs: 256
01:44:43:  * Number of integer constants for geometry programs: 0
01:44:43:  * Number of boolean constants for geometry programs: 0
01:44:43:  * Supported Shader Profiles: arbfp1 arbvp1 glsl gp4gp gpu_gp nvgp4 ps_1_1 ps_1_2 ps_1_3 ps_1_4
01:44:43:  * Texture Compression: yes
01:44:43:    - DXT: yes
01:44:43:    - VTC: no
01:44:43:    - PVRTC: no
01:44:43:  * Scissor Rectangle: yes
01:44:43:  * Hardware Occlusion Query: yes
01:44:43:  * User clip planes: yes
01:44:43:  * VET_UBYTE4 vertex element type: yes
01:44:43:  * Infinite far plane projection: yes
01:44:43:  * Hardware render-to-texture: yes
01:44:43:  * Floating point textures: yes
01:44:43:  * Non-power-of-two textures: yes
01:44:43:  * Volume textures: yes
01:44:43:  * Multiple Render Targets: 8
01:44:43:    - With different bit depths: yes
01:44:43:  * Point Sprites: yes
01:44:43:  * Extended point parameters: yes
01:44:43:  * Max Point Size: 8192
01:44:43:  * Vertex texture fetch: yes
01:44:43:  * Number of world matrices: 0
01:44:43:  * Number of texture units: 16
01:44:43:  * Stencil buffer depth: 8
01:44:43:  * Number of vertex blend matrices: 0
01:44:43:    - Max vertex textures: 16
01:44:43:    - Vertex textures shared: yes
01:44:43:  * Render to Vertex Buffer : no
01:44:43:  * GL 1.5 without VBO workaround: no
01:44:43:  * Frame Buffer objects: yes
01:44:43:  * Frame Buffer objects (ARB extension): no
01:44:43:  * Frame Buffer objects (ATI extension): no
01:44:43:  * PBuffer support: yes
01:44:43:  * GL 1.5 without HW-occlusion workaround: no
01:44:43: Registering ResourceManager for type Texture
01:44:43: DefaultWorkQueue('Root') initialising on thread 0x244d80.
01:44:43: DefaultWorkQueue('Root')::WorkerFunc - thread 0x250a60 starting.
01:44:43: Particle Renderer Type 'billboard' registered
01:44:43: DefaultWorkQueue('Root')::WorkerFunc - thread 0x25bfa0 starting.
01:44:43: MovableObjectFactory for type 'QgearsParticleSystem' registered.
01:44:43: ParticleUniverse: Particle Emitter Type 'Point' registered.
01:44:43: ParticleUniverse: Particle Renderer Type 'Entity' registered
01:44:43: Creating resource group Game
01:44:43: Added resource location './data' of type 'FileSystem' to resource group 'Game' with recursive option
01:44:43: Initialising resource group Game
01:44:43: Parsing scripts for resource group Game
01:44:43: Parsing script screens/shaders/program.program
01:44:43: Parsing script models/battle/effects/machinegun_fire.material
01:44:43: Parsing script models/battle/effects/machinegun_shell.material
01:44:43: Parsing script models/battle/stages/reactor_1.material
01:44:43: Parsing script models/battle/stages/reactor_1_core.material
01:44:43: Parsing script models/battle/stages/reactor_1_entrance.material
01:44:43: Parsing script models/battle/stages/sector_1_train_station.material
01:44:43: Parsing script models/battle/units/first_ray.material
01:44:43: Parsing script models/battle/units/grunt.material
01:44:43: Parsing script models/battle/units/guard_hound.material
01:44:43: Parsing script models/battle/units/guard_scorpion.material
01:44:43: Parsing script models/battle/units/mono_drive.material
01:44:43: Parsing script models/battle/units/mp.material
01:44:43: Parsing script models/battle/units/sweeper.material
01:44:43: Parsing script models/field/units/bottle_blue.material
01:44:43: Parsing script models/field/units/cloud.material
01:44:43: Parsing script models/field/units/treasure_chest.material
01:44:43: Parsing script system/system.material
01:44:43: Parsing script system/system.fontdef
01:44:43: Finished parsing scripts for resource group Game
01:44:43: Texture: system/courier_new_9_75.png: Loading 1 faces(PF_A8R8G8B8,256x256x1) with  hardware generated mipmaps from Image. Internal format is PF_A8R8G8B8,256x256x1.
01:44:43: CameraManager started.
01:44:43: Creating viewport on target 'QGearsWindow', rendering from camera 'Camera', relative dimensions 4L: 0 T: 0 W: 1 H: 1 ZOrder: 0
01:44:43: Viewport for camera 'Camera', actual dimensions 4L: 0 T: 0 W: 1280 H: 720
01:44:43: EntityManager created.
01:44:43: Mesh: Loading system/grid.mesh.
01:44:43: Mesh: Loading system/axis.mesh.
01:44:43: Created console width 1280, height 288
01:44:43: ScriptManager started.
01:44:43: Resized console width to 1280, height to 288
01:44:43: camera_speed changed to "0.05".
01:44:44: [WARNING] d:\My\1\svn\q-gears\src\core\ScriptManager.cpp 359: Tables for entity "Ui.BeginMenu.Container" doesn't exist.
01:44:44: [WARNING] d:\My\1\svn\q-gears\src\core\ScriptManager.cpp 359: Tables for entity "Ui.BeginMenu.Container.Sword" doesn't exist.
01:44:44: [WARNING] d:\My\1\svn\q-gears\src\core\ScriptManager.cpp 359: Tables for entity "Ui.BeginMenu.Container.Cursor" doesn't exist.
01:44:44: [WARNING] d:\My\1\svn\q-gears\src\core\ScriptManager.cpp 359: Tables for entity "Ui.BeginMenu.Container.Text1" doesn't exist.
01:44:44: [WARNING] d:\My\1\svn\q-gears\src\core\ScriptManager.cpp 359: Tables for entity "Ui.BeginMenu.Container.Text2" doesn't exist.
01:44:44: [WARNING] d:\My\1\svn\q-gears\src\core\ScriptManager.cpp 359: Tables for entity "Ui.MainMenu.Container" doesn't exist.
01:44:44: [WARNING] d:\My\1\svn\q-gears\src\core\ScriptManager.cpp 359: Tables for entity "Ui.MainMenu.Container.Characters" doesn't exist.
01:44:44: [WARNING] d:\My\1\svn\q-gears\src\core\ScriptManager.cpp 359: Tables for entity "Ui.MainMenu.Container.Characters.Top" doesn't exist.
01:44:44: [WARNING] d:\My\1\svn\q-gears\src\core\ScriptManager.cpp 359: Tables for entity "Ui.MainMenu.Container.Characters.Bottom" doesn't exist.
01:44:44: [WARNING] d:\My\1\svn\q-gears\src\core\ScriptManager.cpp 359: Tables for entity "Ui.MainMenu.Container.Characters.Left" doesn't exist.
01:44:44: [WARNING] d:\My\1\svn\q-gears\src\core\ScriptManager.cpp 359: Tables for entity "Ui.MainMenu.Container.Characters.Right" doesn't exist.
01:44:44: [WARNING] d:\My\1\svn\q-gears\src\core\ScriptManager.cpp 359: Tables for entity "Ui.MainMenu.Container.Characters.TopLeft" doesn't exist.
01:44:44: [WARNING] d:\My\1\svn\q-gears\src\core\ScriptManager.cpp 359: Tables for entity "Ui.MainMenu.Container.Characters.TopRight" doesn't exist.
01:44:44: [WARNING] d:\My\1\svn\q-gears\src\core\ScriptManager.cpp 359: Tables for entity "Ui.MainMenu.Container.Characters.BottomLeft" doesn't exist.
01:44:44: [WARNING] d:\My\1\svn\q-gears\src\core\ScriptManager.cpp 359: Tables for entity "Ui.MainMenu.Container.Characters.BottomRight" doesn't exist.
01:44:44: [WARNING] d:\My\1\svn\q-gears\src\core\ScriptManager.cpp 359: Tables for entity "Ui.MainMenu.Container.Characters.Center" doesn't exist.
01:44:44: [WARNING] d:\My\1\svn\q-gears\src\core\ScriptManager.cpp 359: Tables for entity "Ui.MainMenu.Container.Characters.Character1" doesn't exist.
01:44:44: [WARNING] d:\My\1\svn\q-gears\src\core\ScriptManager.cpp 359: Tables for entity "Ui.MainMenu.Container.Characters.Character1.Portrait" doesn't exist.
01:44:44: [WARNING] d:\My\1\svn\q-gears\src\core\ScriptManager.cpp 359: Tables for entity "Ui.MainMenu.Container.Characters.Character1.Data" doesn't exist.
01:44:44: [WARNING] d:\My\1\svn\q-gears\src\core\ScriptManager.cpp 359: Tables for entity "Ui.MainMenu.Container.Characters.Character1.Data.Name" doesn't exist.
01:44:44: [WARNING] d:\My\1\svn\q-gears\src\core\ScriptManager.cpp 359: Tables for entity "Ui.MainMenu.Container.Characters.Character1.Data.Lv" doesn't exist.
01:44:44: [WARNING] d:\My\1\svn\q-gears\src\core\ScriptManager.cpp 359: Tables for entity "Ui.MainMenu.Container.Characters.Character1.Data.LvNumber" doesn't exist.
01:44:44: [WARNING] d:\My\1\svn\q-gears\src\core\ScriptManager.cpp 359: Tables for entity "Ui.MainMenu.Container.Characters.Character1.Data.Hp" doesn't exist.
01:44:44: [WARNING] d:\My\1\svn\q-gears\src\core\ScriptManager.cpp 359: Tables for entity "Ui.MainMenu.Container.Characters.Character1.Data.HpCurrent" doesn't exist.
01:44:44: [WARNING] d:\My\1\svn\q-gears\src\core\ScriptManager.cpp 359: Tables for entity "Ui.MainMenu.Container.Characters.Character1.Data.HpSlash" doesn't exist.
01:44:44: [WARNING] d:\My\1\svn\q-gears\src\core\ScriptManager.cpp 359: Tables for entity "Ui.MainMenu.Container.Characters.Character1.Data.HpMax" doesn't exist.
01:44:44: [WARNING] d:\My\1\svn\q-gears\src\core\ScriptManager.cpp 359: Tables for entity "Ui.MainMenu.Container.Characters.Character1.Data.HpLine" doesn't exist.
01:44:44: [WARNING] d:\My\1\svn\q-gears\src\core\ScriptManager.cpp 359: Tables for entity "Ui.MainMenu.Container.Characters.Character1.Data.HpLineCurrent" doesn't exist.
01:44:44: [WARNING] d:\My\1\svn\q-gears\src\core\ScriptManager.cpp 359: Tables for entity "Ui.MainMenu.Container.Characters.Character1.Data.HpLineShadow" doesn't exist.
01:44:44: [WARNING] d:\My\1\svn\q-gears\src\core\ScriptManager.cpp 359: Tables for entity "Ui.MainMenu.Container.Characters.Character1.Data.Mp" doesn't exist.
01:44:44: [WARNING] d:\My\1\svn\q-gears\src\core\ScriptManager.cpp 359: Tables for entity "Ui.MainMenu.Container.Characters.Character1.Data.MpCurrent" doesn't exist.
01:44:44: [WARNING] d:\My\1\svn\q-gears\src\core\ScriptManager.cpp 359: Tables for entity "Ui.MainMenu.Container.Characters.Character1.Data.MpSlash" doesn't exist.
01:44:44: [WARNING] d:\My\1\svn\q-gears\src\core\ScriptManager.cpp 359: Tables for entity "Ui.MainMenu.Container.Characters.Character1.Data.MpMax" doesn't exist.
01:44:44: [WARNING] d:\My\1\svn\q-gears\src\core\ScriptManager.cpp 359: Tables for entity "Ui.MainMenu.Container.Characters.Character1.Data.MpLine" doesn't exist.
01:44:44: [WARNING] d:\My\1\svn\q-gears\src\core\ScriptManager.cpp 359: Tables for entity "Ui.MainMenu.Container.Characters.Character1.Data.MpLineCurrent" doesn't exist.
01:44:44: [WARNING] d:\My\1\svn\q-gears\src\core\ScriptManager.cpp 359: Tables for entity "Ui.MainMenu.Container.Characters.Character1.Data.MpLineShadow" doesn't exist.
01:44:44: [WARNING] d:\My\1\svn\q-gears\src\core\ScriptManager.cpp 359: Tables for entity "Ui.MainMenu.Container.Characters.Character1.Data.Status" doesn't exist.
01:44:44: [WARNING] d:\My\1\svn\q-gears\src\core\ScriptManager.cpp 359: Tables for entity "Ui.MainMenu.Container.Characters.Character1.NextLevelText" doesn't exist.
01:44:44: [WARNING] d:\My\1\svn\q-gears\src\core\ScriptManager.cpp 359: Tables for entity "Ui.MainMenu.Container.Characters.Character1.NextLevelBar" doesn't exist.
01:44:44: [WARNING] d:\My\1\svn\q-gears\src\core\ScriptManager.cpp 359: Tables for entity "Ui.MainMenu.Container.Characters.Character1.NextLevelLinePart1" doesn't exist.
01:44:44: [WARNING] d:\My\1\svn\q-gears\src\core\ScriptManager.cpp 359: Tables for entity "Ui.MainMenu.Container.Characters.Character1.NextLevelLinePart2" doesn't exist.
01:44:44: [WARNING] d:\My\1\svn\q-gears\src\core\ScriptManager.cpp 359: Tables for entity "Ui.MainMenu.Container.Characters.Character1.LimitLevelText" doesn't exist.
01:44:44: [WARNING] d:\My\1\svn\q-gears\src\core\ScriptManager.cpp 359: Tables for entity "Ui.MainMenu.Container.Characters.Character1.LimitLevelBar" doesn't exist.
01:44:44: [WARNING] d:\My\1\svn\q-gears\src\core\ScriptManager.cpp 359: Tables for entity "Ui.MainMenu.Container.Characters.Character1.LimitLevel" doesn't exist.
01:44:44: [WARNING] d:\My\1\svn\q-gears\src\core\ScriptManager.cpp 359: Tables for entity "Ui.MainMenu.Container.Characters.Character1.LimitLinePart1" doesn't exist.
01:44:44: [WARNING] d:\My\1\svn\q-gears\src\core\ScriptManager.cpp 359: Tables for entity "Ui.MainMenu.Container.Characters.Character1.LimitLinePart2" doesn't exist.
01:44:44: [WARNING] d:\My\1\svn\q-gears\src\core\ScriptManager.cpp 359: Tables for entity "Ui.MainMenu.Container.Menu" doesn't exist.
01:44:44: [WARNING] d:\My\1\svn\q-gears\src\core\ScriptManager.cpp 359: Tables for entity "Ui.MainMenu.Container.Menu.Top" doesn't exist.
01:44:44: [WARNING] d:\My\1\svn\q-gears\src\core\ScriptManager.cpp 359: Tables for entity "Ui.MainMenu.Container.Menu.Bottom" doesn't exist.
01:44:44: [WARNING] d:\My\1\svn\q-gears\src\core\ScriptManager.cpp 359: Tables for entity "Ui.MainMenu.Container.Menu.Left" doesn't exist.
01:44:44: [WARNING] d:\My\1\svn\q-gears\src\core\ScriptManager.cpp 359: Tables for entity "Ui.MainMenu.Container.Menu.Right" doesn't exist.
01:44:44: [WARNING] d:\My\1\svn\q-gears\src\core\ScriptManager.cpp 359: Tables for entity "Ui.MainMenu.Container.Menu.TopLeft" doesn't exist.
01:44:44: [WARNING] d:\My\1\svn\q-gears\src\core\ScriptManager.cpp 359: Tables for entity "Ui.MainMenu.Container.Menu.TopRight" doesn't exist.
01:44:44: [WARNING] d:\My\1\svn\q-gears\src\core\ScriptManager.cpp 359: Tables for entity "Ui.MainMenu.Container.Menu.BottomLeft" doesn't exist.
01:44:44: [WARNING] d:\My\1\svn\q-gears\src\core\ScriptManager.cpp 359: Tables for entity "Ui.MainMenu.Container.Menu.BottomRight" doesn't exist.
01:44:44: [WARNING] d:\My\1\svn\q-gears\src\core\ScriptManager.cpp 359: Tables for entity "Ui.MainMenu.Container.Menu.Center" doesn't exist.
01:44:44: [WARNING] d:\My\1\svn\q-gears\src\core\ScriptManager.cpp 359: Tables for entity "Ui.MainMenu.Container.Menu.ItemText" doesn't exist.
01:44:44: [WARNING] d:\My\1\svn\q-gears\src\core\ScriptManager.cpp 359: Tables for entity "Ui.MainMenu.Container.Menu.MagicText" doesn't exist.
01:44:44: [WARNING] d:\My\1\svn\q-gears\src\core\ScriptManager.cpp 359: Tables for entity "Ui.MainMenu.Container.Menu.MateriaText" doesn't exist.
01:44:44: [WARNING] d:\My\1\svn\q-gears\src\core\ScriptManager.cpp 359: Tables for entity "Ui.MainMenu.Container.Menu.EquipText" doesn't exist.
01:44:44: [WARNING] d:\My\1\svn\q-gears\src\core\ScriptManager.cpp 359: Tables for entity "Ui.MainMenu.Container.Menu.StatusText" doesn't exist.
01:44:44: [WARNING] d:\My\1\svn\q-gears\src\core\ScriptManager.cpp 359: Tables for entity "Ui.MainMenu.Container.Menu.OrderText" doesn't exist.
01:44:44: [WARNING] d:\My\1\svn\q-gears\src\core\ScriptManager.cpp 359: Tables for entity "Ui.MainMenu.Container.Menu.LimitText" doesn't exist.
01:44:44: [WARNING] d:\My\1\svn\q-gears\src\core\ScriptManager.cpp 359: Tables for entity "Ui.MainMenu.Container.Menu.ConfigText" doesn't exist.
01:44:44: [WARNING] d:\My\1\svn\q-gears\src\core\ScriptManager.cpp 359: Tables for entity "Ui.MainMenu.Container.Menu.PHSText" doesn't exist.
01:44:44: [WARNING] d:\My\1\svn\q-gears\src\core\ScriptManager.cpp 359: Tables for entity "Ui.MainMenu.Container.Menu.SaveText" doesn't exist.
01:44:44: [WARNING] d:\My\1\svn\q-gears\src\core\ScriptManager.cpp 359: Tables for entity "Ui.MainMenu.Container.Menu.Cursor" doesn't exist.
01:44:44: [WARNING] d:\My\1\svn\q-gears\src\core\ScriptManager.cpp 359: Tables for entity "Ui.MainMenu.Container.TimeGil" doesn't exist.
01:44:44: [WARNING] d:\My\1\svn\q-gears\src\core\ScriptManager.cpp 359: Tables for entity "Ui.MainMenu.Container.TimeGil.Top" doesn't exist.
01:44:44: [WARNING] d:\My\1\svn\q-gears\src\core\ScriptManager.cpp 359: Tables for entity "Ui.MainMenu.Container.TimeGil.Bottom" doesn't exist.
01:44:44: [WARNING] d:\My\1\svn\q-gears\src\core\ScriptManager.cpp 359: Tables for entity "Ui.MainMenu.Container.TimeGil.Left" doesn't exist.
01:44:44: [WARNING] d:\My\1\svn\q-gears\src\core\ScriptManager.cpp 359: Tables for entity "Ui.MainMenu.Container.TimeGil.Right" doesn't exist.
01:44:44: [WARNING] d:\My\1\svn\q-gears\src\core\ScriptManager.cpp 359: Tables for entity "Ui.MainMenu.Container.TimeGil.TopLeft" doesn't exist.
01:44:44: [WARNING] d:\My\1\svn\q-gears\src\core\ScriptManager.cpp 359: Tables for entity "Ui.MainMenu.Container.TimeGil.TopRight" doesn't exist.
01:44:44: [WARNING] d:\My\1\svn\q-gears\src\core\ScriptManager.cpp 359: Tables for entity "Ui.MainMenu.Container.TimeGil.BottomLeft" doesn't exist.
01:44:44: [WARNING] d:\My\1\svn\q-gears\src\core\ScriptManager.cpp 359: Tables for entity "Ui.MainMenu.Container.TimeGil.BottomRight" doesn't exist.
01:44:44: [WARNING] d:\My\1\svn\q-gears\src\core\ScriptManager.cpp 359: Tables for entity "Ui.MainMenu.Container.TimeGil.Center" doesn't exist.
01:44:44: [WARNING] d:\My\1\svn\q-gears\src\core\ScriptManager.cpp 359: Tables for entity "Ui.MainMenu.Container.TimeGil.TimeText" doesn't exist.
01:44:44: [WARNING] d:\My\1\svn\q-gears\src\core\ScriptManager.cpp 359: Tables for entity "Ui.MainMenu.Container.TimeGil.TimeHours" doesn't exist.
01:44:44: [WARNING] d:\My\1\svn\q-gears\src\core\ScriptManager.cpp 359: Tables for entity "Ui.MainMenu.Container.TimeGil.TimeSemicolon1" doesn't exist.
01:44:44: [WARNING] d:\My\1\svn\q-gears\src\core\ScriptManager.cpp 359: Tables for entity "Ui.MainMenu.Container.TimeGil.TimeMinutes" doesn't exist.
01:44:44: [WARNING] d:\My\1\svn\q-gears\src\core\ScriptManager.cpp 359: Tables for entity "Ui.MainMenu.Container.TimeGil.TimeSemicolon2" doesn't exist.
01:44:44: [WARNING] d:\My\1\svn\q-gears\src\core\ScriptManager.cpp 359: Tables for entity "Ui.MainMenu.Container.TimeGil.TimeSeconds" doesn't exist.
01:44:44: [WARNING] d:\My\1\svn\q-gears\src\core\ScriptManager.cpp 359: Tables for entity "Ui.MainMenu.Container.TimeGil.GilText" doesn't exist.
01:44:44: [WARNING] d:\My\1\svn\q-gears\src\core\ScriptManager.cpp 359: Tables for entity "Ui.MainMenu.Container.TimeGil.GilText" doesn't exist.
01:44:44: [WARNING] d:\My\1\svn\q-gears\src\core\ScriptManager.cpp 359: Tables for entity "Ui.MainMenu.Container.Location" doesn't exist.
01:44:44: [WARNING] d:\My\1\svn\q-gears\src\core\ScriptManager.cpp 359: Tables for entity "Ui.MainMenu.Container.Location.Top" doesn't exist.
01:44:44: [WARNING] d:\My\1\svn\q-gears\src\core\ScriptManager.cpp 359: Tables for entity "Ui.MainMenu.Container.Location.Bottom" doesn't exist.
01:44:44: [WARNING] d:\My\1\svn\q-gears\src\core\ScriptManager.cpp 359: Tables for entity "Ui.MainMenu.Container.Location.Left" doesn't exist.
01:44:44: [WARNING] d:\My\1\svn\q-gears\src\core\ScriptManager.cpp 359: Tables for entity "Ui.MainMenu.Container.Location.Right" doesn't exist.
01:44:44: [WARNING] d:\My\1\svn\q-gears\src\core\ScriptManager.cpp 359: Tables for entity "Ui.MainMenu.Container.Location.TopLeft" doesn't exist.
01:44:44: [WARNING] d:\My\1\svn\q-gears\src\core\ScriptManager.cpp 359: Tables for entity "Ui.MainMenu.Container.Location.TopRight" doesn't exist.
01:44:44: [WARNING] d:\My\1\svn\q-gears\src\core\ScriptManager.cpp 359: Tables for entity "Ui.MainMenu.Container.Location.BottomLeft" doesn't exist.
01:44:44: [WARNING] d:\My\1\svn\q-gears\src\core\ScriptManager.cpp 359: Tables for entity "Ui.MainMenu.Container.Location.BottomRight" doesn't exist.
01:44:44: [WARNING] d:\My\1\svn\q-gears\src\core\ScriptManager.cpp 359: Tables for entity "Ui.MainMenu.Container.Location.Center" doesn't exist.
01:44:44: [WARNING] d:\My\1\svn\q-gears\src\core\ScriptManager.cpp 359: Tables for entity "Ui.MainMenu.Container.Location.Text" doesn't exist.
01:44:44: [WARNING] d:\My\1\svn\q-gears\src\core\ScriptManager.cpp 359: Tables for entity "Ui.Idol.ArrowLeft" doesn't exist.
01:44:44: [WARNING] d:\My\1\svn\q-gears\src\core\ScriptManager.cpp 359: Tables for entity "Ui.Idol.ArrowRight" doesn't exist.
01:44:44: [WARNING] d:\My\1\svn\q-gears\src\core\ScriptManager.cpp 359: Tables for entity "Ui.Idol.Picture1" doesn't exist.
01:44:44: [WARNING] d:\My\1\svn\q-gears\src\core\ScriptManager.cpp 359: Tables for entity "Ui.Idol.Name1" doesn't exist.
01:44:44: [WARNING] d:\My\1\svn\q-gears\src\core\ScriptManager.cpp 359: Tables for entity "Ui.Idol.Picture2" doesn't exist.
01:44:44: [WARNING] d:\My\1\svn\q-gears\src\core\ScriptManager.cpp 359: Tables for entity "Ui.Idol.Name2" doesn't exist.
01:44:44: [WARNING] d:\My\1\svn\q-gears\src\core\ScriptManager.cpp 359: Tables for entity "Ui.Idol.Picture3" doesn't exist.
01:44:44: [WARNING] d:\My\1\svn\q-gears\src\core\ScriptManager.cpp 359: Tables for entity "Ui.Idol.Name3" doesn't exist.
01:44:44: [WARNING] d:\My\1\svn\q-gears\src\core\ScriptManager.cpp 359: Tables for entity "Ui.Idol.Picture4" doesn't exist.
01:44:44: [WARNING] d:\My\1\svn\q-gears\src\core\ScriptManager.cpp 359: Tables for entity "Ui.Idol.Name4" doesn't exist.
01:44:44: [WARNING] d:\My\1\svn\q-gears\src\core\ScriptManager.cpp 359: Tables for entity "Ui.Idol.Picture5" doesn't exist.
01:44:44: [WARNING] d:\My\1\svn\q-gears\src\core\ScriptManager.cpp 359: Tables for entity "Ui.Idol.Name5" doesn't exist.
01:44:44: [WARNING] d:\My\1\svn\q-gears\src\core\ScriptManager.cpp 359: Tables for entity "Ui.Idol.Picture6" doesn't exist.
01:44:44: [WARNING] d:\My\1\svn\q-gears\src\core\ScriptManager.cpp 359: Tables for entity "Ui.Idol.Name6" doesn't exist.
01:44:44: [WARNING] d:\My\1\svn\q-gears\src\core\ScriptManager.cpp 359: Tables for entity "Ui.Idol.Picture7" doesn't exist.
01:44:44: [WARNING] d:\My\1\svn\q-gears\src\core\ScriptManager.cpp 359: Tables for entity "Ui.Idol.Name7" doesn't exist.
01:44:44: [WARNING] d:\My\1\svn\q-gears\src\core\ScriptManager.cpp 359: Tables for entity "Ui.Idol.Picture8" doesn't exist.
01:44:44: [WARNING] d:\My\1\svn\q-gears\src\core\ScriptManager.cpp 359: Tables for entity "Ui.Idol.Name8" doesn't exist.
01:44:44: Texture: screens/images/sword.png: Loading 1 faces(PF_R8G8B8,150x150x1) with 7 hardware generated mipmaps from Image. Internal format is PF_X8R8G8B8,150x150x1.
01:44:44: Texture: screens/images/cursor.png: Loading 1 faces(PF_A8R8G8B8,24x16x1) with 4 hardware generated mipmaps from Image. Internal format is PF_A8R8G8B8,24x16x1.
01:44:44: Texture: fonts/ffvii_en.png: Loading 1 faces(PF_A8R8G8B8,256x256x1) with 8 hardware generated mipmaps from Image. Internal format is PF_A8R8G8B8,256x256x1.
01:44:48: Texture: screens/idol/arrow_left.png: Loading 1 faces(PF_A8R8G8B8,70x50x1) with 6 hardware generated mipmaps from Image. Internal format is PF_A8R8G8B8,70x50x1.
01:44:48: Texture: screens/idol/arrow_right.png: Loading 1 faces(PF_A8R8G8B8,70x50x1) with 6 hardware generated mipmaps from Image. Internal format is PF_A8R8G8B8,70x50x1.
01:44:48: Texture: screens/idol/01.jpg: Loading 1 faces(PF_R8G8B8,300x400x1) with 8 hardware generated mipmaps from Image. Internal format is PF_X8R8G8B8,300x400x1.
01:44:48: Texture: screens/idol/02.jpg: Loading 1 faces(PF_R8G8B8,300x400x1) with 8 hardware generated mipmaps from Image. Internal format is PF_X8R8G8B8,300x400x1.
01:44:48: Texture: screens/idol/03.jpg: Loading 1 faces(PF_R8G8B8,300x400x1) with 8 hardware generated mipmaps from Image. Internal format is PF_X8R8G8B8,300x400x1.
01:44:48: Texture: screens/idol/04.jpg: Loading 1 faces(PF_R8G8B8,300x400x1) with 8 hardware generated mipmaps from Image. Internal format is PF_X8R8G8B8,300x400x1.
01:44:48: Texture: screens/idol/05.jpg: Loading 1 faces(PF_R8G8B8,300x400x1) with 8 hardware generated mipmaps from Image. Internal format is PF_X8R8G8B8,300x400x1.
01:44:48: Texture: screens/idol/06.jpg: Loading 1 faces(PF_R8G8B8,300x400x1) with 8 hardware generated mipmaps from Image. Internal format is PF_X8R8G8B8,300x400x1.
01:44:48: Texture: screens/idol/07.jpg: Loading 1 faces(PF_R8G8B8,300x400x1) with 8 hardware generated mipmaps from Image. Internal format is PF_X8R8G8B8,300x400x1.
01:44:48: Texture: screens/idol/08.jpg: Loading 1 faces(PF_R8G8B8,300x400x1) with 8 hardware generated mipmaps from Image. Internal format is PF_X8R8G8B8,300x400x1.
01:44:49: [WARNING] d:\My\1\svn\q-gears\src\core\ScriptManager.cpp 199: ./data/screens/idol/idol.lua:76: attempt to call method 'anymation_sync' (a nil value)
01:44:49: [WARNING] d:\My\1\svn\q-gears\src\core\ScriptManager.cpp 199: ./data/screens/idol/idol.lua:76: attempt to call method 'anymation_sync' (a nil value)
01:44:50: [WARNING] d:\My\1\svn\q-gears\src\core\ScriptManager.cpp 199: ./data/screens/idol/idol.lua:76: attempt to call method 'anymation_sync' (a nil value)
01:44:50: [WARNING] d:\My\1\svn\q-gears\src\core\ScriptManager.cpp 199: ./data/screens/idol/idol.lua:76: attempt to call method 'anymation_sync' (a nil value)
01:44:52: [WARNING] d:\My\1\svn\q-gears\src\core\ScriptManager.cpp 199: ./data/screens/idol/idol.lua:109: attempt to call method 'anymation_sync' (a nil value)
01:44:53: [WARNING] d:\My\1\svn\q-gears\src\core\ScriptManager.cpp 199: ./data/screens/idol/idol.lua:109: attempt to call method 'anymation_sync' (a nil value)
01:44:55: [WARNING] d:\My\1\svn\q-gears\src\core\ScriptManager.cpp 199: ./data/screens/idol/idol.lua:109: attempt to call method 'anymation_sync' (a nil value)
01:44:56: [WARNING] d:\My\1\svn\q-gears\src\core\ScriptManager.cpp 199: ./data/screens/idol/idol.lua:76: attempt to call method 'anymation_sync' (a nil value)
01:44:57: [WARNING] d:\My\1\svn\q-gears\src\core\ScriptManager.cpp 199: ./data/screens/idol/idol.lua:109: attempt to call method 'anymation_sync' (a nil value)
01:44:58: [WARNING] d:\My\1\svn\q-gears\src\core\ScriptManager.cpp 199: ./data/screens/idol/idol.lua:109: attempt to call method 'anymation_sync' (a nil value)
01:44:58: [WARNING] d:\My\1\svn\q-gears\src\core\ScriptManager.cpp 199: ./data/screens/idol/idol.lua:109: attempt to call method 'anymation_sync' (a nil value)
01:44:59: [WARNING] d:\My\1\svn\q-gears\src\core\ScriptManager.cpp 199: ./data/screens/idol/idol.lua:109: attempt to call method 'anymation_sync' (a nil value)
01:45:01: [WARNING] d:\My\1\svn\q-gears\src\core\ScriptManager.cpp 199: ./data/screens/idol/idol.lua:109: attempt to call method 'anymation_sync' (a nil value)
01:45:03: Texture: screens/images/border_t.png: Loading 1 faces(PF_A8R8G8B8,16x8x1) with 4 hardware generated mipmaps from Image. Internal format is PF_A8R8G8B8,16x8x1.
01:45:03: Texture: screens/images/border_b.png: Loading 1 faces(PF_A8R8G8B8,16x8x1) with 4 hardware generated mipmaps from Image. Internal format is PF_A8R8G8B8,16x8x1.
01:45:03: Texture: screens/images/border_l.png: Loading 1 faces(PF_A8R8G8B8,8x16x1) with 4 hardware generated mipmaps from Image. Internal format is PF_A8R8G8B8,8x16x1.
01:45:03: Texture: screens/images/border_r.png: Loading 1 faces(PF_A8R8G8B8,8x16x1) with 4 hardware generated mipmaps from Image. Internal format is PF_A8R8G8B8,8x16x1.
01:45:04: Texture: screens/images/border_tl.png: Loading 1 faces(PF_A8R8G8B8,8x7x1) with 3 hardware generated mipmaps from Image. Internal format is PF_A8R8G8B8,8x7x1.
01:45:04: Texture: screens/images/border_tr.png: Loading 1 faces(PF_A8R8G8B8,8x8x1) with 3 hardware generated mipmaps from Image. Internal format is PF_A8R8G8B8,8x8x1.
01:45:04: Texture: screens/images/border_bl.png: Loading 1 faces(PF_A8R8G8B8,8x8x1) with 3 hardware generated mipmaps from Image. Internal format is PF_A8R8G8B8,8x8x1.
01:45:04: Texture: screens/images/border_br.png: Loading 1 faces(PF_A8R8G8B8,8x8x1) with 3 hardware generated mipmaps from Image. Internal format is PF_A8R8G8B8,8x8x1.
01:45:04: Texture: system/blank.png: Loading 1 faces(PF_A8R8G8B8,10x10x1) with 3 hardware generated mipmaps from Image. Internal format is PF_A8R8G8B8,10x10x1.
01:45:04: Texture: screens/images/cloud.png: Loading 1 faces(PF_A8R8G8B8,84x96x1) with 6 hardware generated mipmaps from Image. Internal format is PF_A8R8G8B8,84x96x1.
01:45:04: Texture: fonts/ffvii_menu.png: Loading 1 faces(PF_A8R8G8B8,128x256x1) with 8 hardware generated mipmaps from Image. Internal format is PF_A8R8G8B8,128x256x1.
01:45:04: Texture: fonts/ffvii_digits.png: Loading 1 faces(PF_A8R8G8B8,128x8x1) with 7 hardware generated mipmaps from Image. Internal format is PF_A8R8G8B8,128x8x1.
01:45:04: Texture: screens/images/slash.png: Loading 1 faces(PF_A8R8G8B8,4x8x1) with 3 hardware generated mipmaps from Image. Internal format is PF_A8R8G8B8,4x8x1.
01:45:04: Texture: screens/images/menu_bar.png: Loading 1 faces(PF_A8R8G8B8,64x8x1) with 6 hardware generated mipmaps from Image. Internal format is PF_A8R8G8B8,64x8x1.
01:45:16: [WARNING] d:\My\1\svn\q-gears\src\core\XmlMapsFile.cpp 44: Can't find map "1" in ./data/maps.xml.
01:45:16: [ERROR] d:\My\1\svn\q-gears\src\core\XmlFile.cpp 17: Can't open ./data/. TinyXml Error: Failed to open file
01:45:16: [ERROR] d:\My\1\svn\q-gears\src\core\XmlMapFile.cpp 30: ./data/ is not a valid fields map file! No <map> in root.
01:45:30: Mesh: Loading models/field/units/cloud.mesh.
01:45:30: Skeleton: Loading models/field/units/cloud.skeleton
01:45:30: Texture: models/field/units/cloud.png: Loading 1 faces(PF_A8R8G8B8,512x256x1) with  hardware generated mipmaps from Image. Internal format is PF_A8R8G8B8,512x256x1.
01:45:30: Mesh: Loading models/field/units/treasure_chest.mesh.
01:45:30: Skeleton: Loading models/field/units/treasure_chest.skeleton
01:45:30: Texture: models/field/units/treasure_chest.png: Loading 1 faces(PF_A8R8G8B8,512x256x1) with  hardware generated mipmaps from Image. Internal format is PF_A8R8G8B8,512x256x1.
01:46:07: [WARNING] d:\My\1\svn\q-gears\src\core\ScriptManager.cpp 359: Tables for entity "Entity.Cloud" doesn't exist.
01:46:07: [ERROR] d:\My\1\svn\q-gears\src\core\EntityManager.cpp 223: Can't find any triangle to place entity "Cloud" on walkmesh. Entity will not be added.
01:46:07: Mesh: Loading models/battle/stages/reactor_1.mesh.
01:46:07: Skeleton: Loading models/battle/stages/reactor_1.skeleton
01:46:07: Texture: models/battle/stages/reactor_1.png: Loading 1 faces(PF_A8R8G8B8,2048x256x1) with 11 hardware generated mipmaps from Image. Internal format is PF_A8R8G8B8,2048x256x1.
01:46:07: [WARNING] d:\My\1\svn\q-gears\src\core\ScriptManager.cpp 359: Tables for entity "Entity.Background" doesn't exist.
01:46:07: [ERROR] d:\My\1\svn\q-gears\src\core\EntityManager.cpp 223: Can't find any triangle to place entity "Background" on walkmesh. Entity will not be added.
01:46:07: Mesh: Loading models/battle/units/guard_scorpion.mesh.
01:46:07: Skeleton: Loading models/battle/units/guard_scorpion.skeleton
01:46:07: Texture: models/battle/units/guard_scorpion.png: Loading 1 faces(PF_R8G8B8,256x256x1) with 8 hardware generated mipmaps from Image. Internal format is PF_X8R8G8B8,256x256x1.
01:46:07: [WARNING] d:\My\1\svn\q-gears\src\core\ScriptManager.cpp 359: Tables for entity "Entity.GuardScorpion" doesn't exist.
01:46:07: [ERROR] d:\My\1\svn\q-gears\src\core\EntityManager.cpp 223: Can't find any triangle to place entity "GuardScorpion" on walkmesh. Entity will not be added.
01:46:07: Mesh: Loading models/battle/units/grunt.mesh.
01:46:08: Skeleton: Loading models/battle/units/grunt.skeleton
01:46:08: Texture: models/battle/units/grunt.png: Loading 1 faces(PF_A8R8G8B8,1024x256x1) with 10 hardware generated mipmaps from Image. Internal format is PF_A8R8G8B8,1024x256x1.
01:46:08: [WARNING] d:\My\1\svn\q-gears\src\core\ScriptManager.cpp 359: Tables for entity "Entity.Grunt" doesn't exist.
01:46:08: [ERROR] d:\My\1\svn\q-gears\src\core\EntityManager.cpp 223: Can't find any triangle to place entity "Grunt" on walkmesh. Entity will not be added.
01:46:08: Mesh: Loading models/battle/units/first_ray.mesh.
01:46:08: Skeleton: Loading models/battle/units/first_ray.skeleton
01:46:08: Texture: models/battle/units/first_ray.png: Loading 1 faces(PF_R8G8B8,256x256x1) with 8 hardware generated mipmaps from Image. Internal format is PF_X8R8G8B8,256x256x1.
01:46:08: [WARNING] d:\My\1\svn\q-gears\src\core\ScriptManager.cpp 359: Tables for entity "Entity.FirstRay" doesn't exist.
01:46:08: [ERROR] d:\My\1\svn\q-gears\src\core\EntityManager.cpp 223: Can't find any triangle to place entity "FirstRay" on walkmesh. Entity will not be added.
01:46:08: Mesh: Loading models/battle/units/guard_hound.mesh.
01:46:08: Skeleton: Loading models/battle/units/guard_hound.skeleton
01:46:08: Texture: models/battle/units/guard_hound.png: Loading 1 faces(PF_R8G8B8,256x256x1) with 8 hardware generated mipmaps from Image. Internal format is PF_X8R8G8B8,256x256x1.
01:46:08: [WARNING] d:\My\1\svn\q-gears\src\core\ScriptManager.cpp 359: Tables for entity "Entity.GuardHound" doesn't exist.
01:46:08: [ERROR] d:\My\1\svn\q-gears\src\core\EntityManager.cpp 223: Can't find any triangle to place entity "GuardHound" on walkmesh. Entity will not be added.
01:46:08: Mesh: Loading models/battle/units/mono_drive.mesh.
01:46:08: Skeleton: Loading models/battle/units/mono_drive.skeleton
01:46:08: Texture: models/battle/units/mono_drive.png: Loading 1 faces(PF_R8G8B8,256x256x1) with 8 hardware generated mipmaps from Image. Internal format is PF_X8R8G8B8,256x256x1.
01:46:08: [WARNING] d:\My\1\svn\q-gears\src\core\ScriptManager.cpp 359: Tables for entity "Entity.MonoDrive" doesn't exist.
01:46:08: [ERROR] d:\My\1\svn\q-gears\src\core\EntityManager.cpp 223: Can't find any triangle to place entity "MonoDrive" on walkmesh. Entity will not be added.
01:46:08: Mesh: Loading models/battle/units/mp.mesh.
01:46:08: Skeleton: Loading models/battle/units/mp.skeleton
01:46:08: Texture: models/battle/units/mp.png: Loading 1 faces(PF_R8G8B8,256x256x1) with 8 hardware generated mipmaps from Image. Internal format is PF_X8R8G8B8,256x256x1.
01:46:08: [WARNING] d:\My\1\svn\q-gears\src\core\ScriptManager.cpp 359: Tables for entity "Entity.Mp" doesn't exist.
01:46:08: [ERROR] d:\My\1\svn\q-gears\src\core\EntityManager.cpp 223: Can't find any triangle to place entity "Mp" on walkmesh. Entity will not be added.
01:46:08: Mesh: Loading models/battle/units/sweeper.mesh.
01:46:08: Skeleton: Loading models/battle/units/sweeper.skeleton
01:46:08: Texture: models/battle/units/sweeper.png: Loading 1 faces(PF_R8G8B8,256x256x1) with 8 hardware generated mipmaps from Image. Internal format is PF_X8R8G8B8,256x256x1.
01:46:08: [WARNING] d:\My\1\svn\q-gears\src\core\ScriptManager.cpp 359: Tables for entity "Entity.Sweeper" doesn't exist.
01:46:08: [ERROR] d:\My\1\svn\q-gears\src\core\EntityManager.cpp 223: Can't find any triangle to place entity "Sweeper" on walkmesh. Entity will not be added.
01:47:25: [WARNING] d:\My\1\svn\q-gears\src\core\ScriptManager.cpp 383: Entity "Entity.Cloud" not found in script manager.
01:47:25: [WARNING] d:\My\1\svn\q-gears\src\core\ScriptManager.cpp 383: Entity "Entity.Background" not found in script manager.
01:47:25: [WARNING] d:\My\1\svn\q-gears\src\core\ScriptManager.cpp 383: Entity "Entity.GuardScorpion" not found in script manager.
01:47:25: [WARNING] d:\My\1\svn\q-gears\src\core\ScriptManager.cpp 383: Entity "Entity.Grunt" not found in script manager.
01:47:25: [WARNING] d:\My\1\svn\q-gears\src\core\ScriptManager.cpp 383: Entity "Entity.FirstRay" not found in script manager.
01:47:25: [WARNING] d:\My\1\svn\q-gears\src\core\ScriptManager.cpp 383: Entity "Entity.GuardHound" not found in script manager.
01:47:25: [WARNING] d:\My\1\svn\q-gears\src\core\ScriptManager.cpp 383: Entity "Entity.MonoDrive" not found in script manager.
01:47:25: [WARNING] d:\My\1\svn\q-gears\src\core\ScriptManager.cpp 383: Entity "Entity.Mp" not found in script manager.
01:47:25: [WARNING] d:\My\1\svn\q-gears\src\core\ScriptManager.cpp 383: Entity "Entity.Sweeper" not found in script manager.
01:47:25: [WARNING] d:\My\1\svn\q-gears\src\core\ScriptManager.cpp 383: Entity "Entity.Manager" not found in script manager.
01:47:25: [WARNING] d:\My\1\svn\q-gears\src\core\ScriptManager.cpp 383: Entity "Ui.BeginMenu.Container" not found in script manager.
01:47:25: [WARNING] d:\My\1\svn\q-gears\src\core\ScriptManager.cpp 383: Entity "Ui.BeginMenu.Container.Sword" not found in script manager.
01:47:25: [WARNING] d:\My\1\svn\q-gears\src\core\ScriptManager.cpp 383: Entity "Ui.BeginMenu.Container.Cursor" not found in script manager.
01:47:25: [WARNING] d:\My\1\svn\q-gears\src\core\ScriptManager.cpp 383: Entity "Ui.BeginMenu.Container.Text1" not found in script manager.
01:47:25: [WARNING] d:\My\1\svn\q-gears\src\core\ScriptManager.cpp 383: Entity "Ui.BeginMenu.Container.Text2" not found in script manager.
01:47:25: [WARNING] d:\My\1\svn\q-gears\src\core\ScriptManager.cpp 383: Entity "Ui.MainMenu.Container" not found in script manager.
01:47:25: [WARNING] d:\My\1\svn\q-gears\src\core\ScriptManager.cpp 383: Entity "Ui.MainMenu.Container.Characters" not found in script manager.
01:47:25: [WARNING] d:\My\1\svn\q-gears\src\core\ScriptManager.cpp 383: Entity "Ui.MainMenu.Container.Characters.Top" not found in script manager.
01:47:25: [WARNING] d:\My\1\svn\q-gears\src\core\ScriptManager.cpp 383: Entity "Ui.MainMenu.Container.Characters.Bottom" not found in script manager.
01:47:25: [WARNING] d:\My\1\svn\q-gears\src\core\ScriptManager.cpp 383: Entity "Ui.MainMenu.Container.Characters.Left" not found in script manager.
01:47:25: [WARNING] d:\My\1\svn\q-gears\src\core\ScriptManager.cpp 383: Entity "Ui.MainMenu.Container.Characters.Right" not found in script manager.
01:47:25: [WARNING] d:\My\1\svn\q-gears\src\core\ScriptManager.cpp 383: Entity "Ui.MainMenu.Container.Characters.TopLeft" not found in script manager.
01:47:25: [WARNING] d:\My\1\svn\q-gears\src\core\ScriptManager.cpp 383: Entity "Ui.MainMenu.Container.Characters.TopRight" not found in script manager.
01:47:25: [WARNING] d:\My\1\svn\q-gears\src\core\ScriptManager.cpp 383: Entity "Ui.MainMenu.Container.Characters.BottomLeft" not found in script manager.
01:47:25: [WARNING] d:\My\1\svn\q-gears\src\core\ScriptManager.cpp 383: Entity "Ui.MainMenu.Container.Characters.BottomRight" not found in script manager.
01:47:25: [WARNING] d:\My\1\svn\q-gears\src\core\ScriptManager.cpp 383: Entity "Ui.MainMenu.Container.Characters.Center" not found in script manager.
01:47:25: [WARNING] d:\My\1\svn\q-gears\src\core\ScriptManager.cpp 383: Entity "Ui.MainMenu.Container.Characters.Character1" not found in script manager.
01:47:25: [WARNING] d:\My\1\svn\q-gears\src\core\ScriptManager.cpp 383: Entity "Ui.MainMenu.Container.Characters.Character1.Portrait" not found in script manager.
01:47:25: [WARNING] d:\My\1\svn\q-gears\src\core\ScriptManager.cpp 383: Entity "Ui.MainMenu.Container.Characters.Character1.Data" not found in script manager.
01:47:25: [WARNING] d:\My\1\svn\q-gears\src\core\ScriptManager.cpp 383: Entity "Ui.MainMenu.Container.Characters.Character1.Data.Name" not found in script manager.
01:47:25: [WARNING] d:\My\1\svn\q-gears\src\core\ScriptManager.cpp 383: Entity "Ui.MainMenu.Container.Characters.Character1.Data.Lv" not found in script manager.
01:47:25: [WARNING] d:\My\1\svn\q-gears\src\core\ScriptManager.cpp 383: Entity "Ui.MainMenu.Container.Characters.Character1.Data.LvNumber" not found in script manager.
01:47:25: [WARNING] d:\My\1\svn\q-gears\src\core\ScriptManager.cpp 383: Entity "Ui.MainMenu.Container.Characters.Character1.Data.Hp" not found in script manager.
01:47:25: [WARNING] d:\My\1\svn\q-gears\src\core\ScriptManager.cpp 383: Entity "Ui.MainMenu.Container.Characters.Character1.Data.HpCurrent" not found in script manager.
01:47:25: [WARNING] d:\My\1\svn\q-gears\src\core\ScriptManager.cpp 383: Entity "Ui.MainMenu.Container.Characters.Character1.Data.HpSlash" not found in script manager.
01:47:25: [WARNING] d:\My\1\svn\q-gears\src\core\ScriptManager.cpp 383: Entity "Ui.MainMenu.Container.Characters.Character1.Data.HpMax" not found in script manager.
01:47:25: [WARNING] d:\My\1\svn\q-gears\src\core\ScriptManager.cpp 383: Entity "Ui.MainMenu.Container.Characters.Character1.Data.HpLine" not found in script manager.
01:47:25: [WARNING] d:\My\1\svn\q-gears\src\core\ScriptManager.cpp 383: Entity "Ui.MainMenu.Container.Characters.Character1.Data.HpLineCurrent" not found in script manager.
01:47:25: [WARNING] d:\My\1\svn\q-gears\src\core\ScriptManager.cpp 383: Entity "Ui.MainMenu.Container.Characters.Character1.Data.HpLineShadow" not found in script manager.
01:47:25: [WARNING] d:\My\1\svn\q-gears\src\core\ScriptManager.cpp 383: Entity "Ui.MainMenu.Container.Characters.Character1.Data.Mp" not found in script manager.
01:47:25: [WARNING] d:\My\1\svn\q-gears\src\core\ScriptManager.cpp 383: Entity "Ui.MainMenu.Container.Characters.Character1.Data.MpCurrent" not found in script manager.
01:47:25: [WARNING] d:\My\1\svn\q-gears\src\core\ScriptManager.cpp 383: Entity "Ui.MainMenu.Container.Characters.Character1.Data.MpSlash" not found in script manager.
01:47:25: [WARNING] d:\My\1\svn\q-gears\src\core\ScriptManager.cpp 383: Entity "Ui.MainMenu.Container.Characters.Character1.Data.MpMax" not found in script manager.
01:47:25: [WARNING] d:\My\1\svn\q-gears\src\core\ScriptManager.cpp 383: Entity "Ui.MainMenu.Container.Characters.Character1.Data.MpLine" not found in script manager.
01:47:25: [WARNING] d:\My\1\svn\q-gears\src\core\ScriptManager.cpp 383: Entity "Ui.MainMenu.Container.Characters.Character1.Data.MpLineCurrent" not found in script manager.
01:47:25: [WARNING] d:\My\1\svn\q-gears\src\core\ScriptManager.cpp 383: Entity "Ui.MainMenu.Container.Characters.Character1.Data.MpLineShadow" not found in script manager.
01:47:25: [WARNING] d:\My\1\svn\q-gears\src\core\ScriptManager.cpp 383: Entity "Ui.MainMenu.Container.Characters.Character1.Data.Status" not found in script manager.
01:47:25: [WARNING] d:\My\1\svn\q-gears\src\core\ScriptManager.cpp 383: Entity "Ui.MainMenu.Container.Characters.Character1.NextLevelText" not found in script manager.
01:47:25: [WARNING] d:\My\1\svn\q-gears\src\core\ScriptManager.cpp 383: Entity "Ui.MainMenu.Container.Characters.Character1.NextLevelBar" not found in script manager.
01:47:25: [WARNING] d:\My\1\svn\q-gears\src\core\ScriptManager.cpp 383: Entity "Ui.MainMenu.Container.Characters.Character1.NextLevelLinePart1" not found in script manager.
01:47:25: [WARNING] d:\My\1\svn\q-gears\src\core\ScriptManager.cpp 383: Entity "Ui.MainMenu.Container.Characters.Character1.NextLevelLinePart2" not found in script manager.
01:47:25: [WARNING] d:\My\1\svn\q-gears\src\core\ScriptManager.cpp 383: Entity "Ui.MainMenu.Container.Characters.Character1.LimitLevelText" not found in script manager.
01:47:25: [WARNING] d:\My\1\svn\q-gears\src\core\ScriptManager.cpp 383: Entity "Ui.MainMenu.Container.Characters.Character1.LimitLevelBar" not found in script manager.
01:47:25: [WARNING] d:\My\1\svn\q-gears\src\core\ScriptManager.cpp 383: Entity "Ui.MainMenu.Container.Characters.Character1.LimitLevel" not found in script manager.
01:47:25: [WARNING] d:\My\1\svn\q-gears\src\core\ScriptManager.cpp 383: Entity "Ui.MainMenu.Container.Characters.Character1.LimitLinePart1" not found in script manager.
01:47:25: [WARNING] d:\My\1\svn\q-gears\src\core\ScriptManager.cpp 383: Entity "Ui.MainMenu.Container.Characters.Character1.LimitLinePart2" not found in script manager.
01:47:25: [WARNING] d:\My\1\svn\q-gears\src\core\ScriptManager.cpp 383: Entity "Ui.MainMenu.Container.Menu" not found in script manager.
01:47:25: [WARNING] d:\My\1\svn\q-gears\src\core\ScriptManager.cpp 383: Entity "Ui.MainMenu.Container.Menu.Top" not found in script manager.
01:47:25: [WARNING] d:\My\1\svn\q-gears\src\core\ScriptManager.cpp 383: Entity "Ui.MainMenu.Container.Menu.Bottom" not found in script manager.
01:47:25: [WARNING] d:\My\1\svn\q-gears\src\core\ScriptManager.cpp 383: Entity "Ui.MainMenu.Container.Menu.Left" not found in script manager.
01:47:25: [WARNING] d:\My\1\svn\q-gears\src\core\ScriptManager.cpp 383: Entity "Ui.MainMenu.Container.Menu.Right" not found in script manager.
01:47:25: [WARNING] d:\My\1\svn\q-gears\src\core\ScriptManager.cpp 383: Entity "Ui.MainMenu.Container.Menu.TopLeft" not found in script manager.
01:47:25: [WARNING] d:\My\1\svn\q-gears\src\core\ScriptManager.cpp 383: Entity "Ui.MainMenu.Container.Menu.TopRight" not found in script manager.
01:47:25: [WARNING] d:\My\1\svn\q-gears\src\core\ScriptManager.cpp 383: Entity "Ui.MainMenu.Container.Menu.BottomLeft" not found in script manager.
01:47:25: [WARNING] d:\My\1\svn\q-gears\src\core\ScriptManager.cpp 383: Entity "Ui.MainMenu.Container.Menu.BottomRight" not found in script manager.
01:47:25: [WARNING] d:\My\1\svn\q-gears\src\core\ScriptManager.cpp 383: Entity "Ui.MainMenu.Container.Menu.Center" not found in script manager.
01:47:25: [WARNING] d:\My\1\svn\q-gears\src\core\ScriptManager.cpp 383: Entity "Ui.MainMenu.Container.Menu.ItemText" not found in script manager.
01:47:25: [WARNING] d:\My\1\svn\q-gears\src\core\ScriptManager.cpp 383: Entity "Ui.MainMenu.Container.Menu.MagicText" not found in script manager.
01:47:25: [WARNING] d:\My\1\svn\q-gears\src\core\ScriptManager.cpp 383: Entity "Ui.MainMenu.Container.Menu.MateriaText" not found in script manager.
01:47:25: [WARNING] d:\My\1\svn\q-gears\src\core\ScriptManager.cpp 383: Entity "Ui.MainMenu.Container.Menu.EquipText" not found in script manager.
01:47:25: [WARNING] d:\My\1\svn\q-gears\src\core\ScriptManager.cpp 383: Entity "Ui.MainMenu.Container.Menu.StatusText" not found in script manager.
01:47:25: [WARNING] d:\My\1\svn\q-gears\src\core\ScriptManager.cpp 383: Entity "Ui.MainMenu.Container.Menu.OrderText" not found in script manager.
01:47:25: [WARNING] d:\My\1\svn\q-gears\src\core\ScriptManager.cpp 383: Entity "Ui.MainMenu.Container.Menu.LimitText" not found in script manager.
01:47:25: [WARNING] d:\My\1\svn\q-gears\src\core\ScriptManager.cpp 383: Entity "Ui.MainMenu.Container.Menu.ConfigText" not found in script manager.
01:47:25: [WARNING] d:\My\1\svn\q-gears\src\core\ScriptManager.cpp 383: Entity "Ui.MainMenu.Container.Menu.PHSText" not found in script manager.
01:47:25: [WARNING] d:\My\1\svn\q-gears\src\core\ScriptManager.cpp 383: Entity "Ui.MainMenu.Container.Menu.SaveText" not found in script manager.
01:47:25: [WARNING] d:\My\1\svn\q-gears\src\core\ScriptManager.cpp 383: Entity "Ui.MainMenu.Container.Menu.Cursor" not found in script manager.
01:47:25: [WARNING] d:\My\1\svn\q-gears\src\core\ScriptManager.cpp 383: Entity "Ui.MainMenu.Container.TimeGil" not found in script manager.
01:47:25: [WARNING] d:\My\1\svn\q-gears\src\core\ScriptManager.cpp 383: Entity "Ui.MainMenu.Container.TimeGil.Top" not found in script manager.
01:47:25: [WARNING] d:\My\1\svn\q-gears\src\core\ScriptManager.cpp 383: Entity "Ui.MainMenu.Container.TimeGil.Bottom" not found in script manager.
01:47:25: [WARNING] d:\My\1\svn\q-gears\src\core\ScriptManager.cpp 383: Entity "Ui.MainMenu.Container.TimeGil.Left" not found in script manager.
01:47:25: [WARNING] d:\My\1\svn\q-gears\src\core\ScriptManager.cpp 383: Entity "Ui.MainMenu.Container.TimeGil.Right" not found in script manager.
01:47:25: [WARNING] d:\My\1\svn\q-gears\src\core\ScriptManager.cpp 383: Entity "Ui.MainMenu.Container.TimeGil.TopLeft" not found in script manager.
01:47:25: [WARNING] d:\My\1\svn\q-gears\src\core\ScriptManager.cpp 383: Entity "Ui.MainMenu.Container.TimeGil.TopRight" not found in script manager.
01:47:25: [WARNING] d:\My\1\svn\q-gears\src\core\ScriptManager.cpp 383: Entity "Ui.MainMenu.Container.TimeGil.BottomLeft" not found in script manager.
01:47:25: [WARNING] d:\My\1\svn\q-gears\src\core\ScriptManager.cpp 383: Entity "Ui.MainMenu.Container.TimeGil.BottomRight" not found in script manager.
01:47:25: [WARNING] d:\My\1\svn\q-gears\src\core\ScriptManager.cpp 383: Entity "Ui.MainMenu.Container.TimeGil.Center" not found in script manager.
01:47:25: [WARNING] d:\My\1\svn\q-gears\src\core\ScriptManager.cpp 383: Entity "Ui.MainMenu.Container.TimeGil.TimeText" not found in script manager.
01:47:25: [WARNING] d:\My\1\svn\q-gears\src\core\ScriptManager.cpp 383: Entity "Ui.MainMenu.Container.TimeGil.TimeHours" not found in script manager.
01:47:25: [WARNING] d:\My\1\svn\q-gears\src\core\ScriptManager.cpp 383: Entity "Ui.MainMenu.Container.TimeGil.TimeSemicolon1" not found in script manager.
01:47:25: [WARNING] d:\My\1\svn\q-gears\src\core\ScriptManager.cpp 383: Entity "Ui.MainMenu.Container.TimeGil.TimeMinutes" not found in script manager.
01:47:25: [WARNING] d:\My\1\svn\q-gears\src\core\ScriptManager.cpp 383: Entity "Ui.MainMenu.Container.TimeGil.TimeSemicolon2" not found in script manager.
01:47:25: [WARNING] d:\My\1\svn\q-gears\src\core\ScriptManager.cpp 383: Entity "Ui.MainMenu.Container.TimeGil.TimeSeconds" not found in script manager.
01:47:25: [WARNING] d:\My\1\svn\q-gears\src\core\ScriptManager.cpp 383: Entity "Ui.MainMenu.Container.TimeGil.GilText" not found in script manager.
01:47:25: [WARNING] d:\My\1\svn\q-gears\src\core\ScriptManager.cpp 383: Entity "Ui.MainMenu.Container.TimeGil.GilText" not found in script manager.
01:47:25: [WARNING] d:\My\1\svn\q-gears\src\core\ScriptManager.cpp 383: Entity "Ui.MainMenu.Container.Location" not found in script manager.
01:47:25: [WARNING] d:\My\1\svn\q-gears\src\core\ScriptManager.cpp 383: Entity "Ui.MainMenu.Container.Location.Top" not found in script manager.
01:47:25: [WARNING] d:\My\1\svn\q-gears\src\core\ScriptManager.cpp 383: Entity "Ui.MainMenu.Container.Location.Bottom" not found in script manager.
01:47:25: [WARNING] d:\My\1\svn\q-gears\src\core\ScriptManager.cpp 383: Entity "Ui.MainMenu.Container.Location.Left" not found in script manager.
01:47:25: [WARNING] d:\My\1\svn\q-gears\src\core\ScriptManager.cpp 383: Entity "Ui.MainMenu.Container.Location.Right" not found in script manager.
01:47:25: [WARNING] d:\My\1\svn\q-gears\src\core\ScriptManager.cpp 383: Entity "Ui.MainMenu.Container.Location.TopLeft" not found in script manager.
01:47:25: [WARNING] d:\My\1\svn\q-gears\src\core\ScriptManager.cpp 383: Entity "Ui.MainMenu.Container.Location.TopRight" not found in script manager.
01:47:25: [WARNING] d:\My\1\svn\q-gears\src\core\ScriptManager.cpp 383: Entity "Ui.MainMenu.Container.Location.BottomLeft" not found in script manager.
01:47:25: [WARNING] d:\My\1\svn\q-gears\src\core\ScriptManager.cpp 383: Entity "Ui.MainMenu.Container.Location.BottomRight" not found in script manager.
01:47:25: [WARNING] d:\My\1\svn\q-gears\src\core\ScriptManager.cpp 383: Entity "Ui.MainMenu.Container.Location.Center" not found in script manager.
01:47:25: [WARNING] d:\My\1\svn\q-gears\src\core\ScriptManager.cpp 383: Entity "Ui.MainMenu.Container.Location.Text" not found in script manager.
01:47:25: [WARNING] d:\My\1\svn\q-gears\src\core\ScriptManager.cpp 383: Entity "Ui.Idol.ArrowLeft" not found in script manager.
01:47:25: [WARNING] d:\My\1\svn\q-gears\src\core\ScriptManager.cpp 383: Entity "Ui.Idol.ArrowRight" not found in script manager.
01:47:25: [WARNING] d:\My\1\svn\q-gears\src\core\ScriptManager.cpp 383: Entity "Ui.Idol.Picture1" not found in script manager.
01:47:25: [WARNING] d:\My\1\svn\q-gears\src\core\ScriptManager.cpp 383: Entity "Ui.Idol.Name1" not found in script manager.
01:47:25: [WARNING] d:\My\1\svn\q-gears\src\core\ScriptManager.cpp 383: Entity "Ui.Idol.Picture2" not found in script manager.
01:47:25: [WARNING] d:\My\1\svn\q-gears\src\core\ScriptManager.cpp 383: Entity "Ui.Idol.Name2" not found in script manager.
01:47:25: [WARNING] d:\My\1\svn\q-gears\src\core\ScriptManager.cpp 383: Entity "Ui.Idol.Picture3" not found in script manager.
01:47:25: [WARNING] d:\My\1\svn\q-gears\src\core\ScriptManager.cpp 383: Entity "Ui.Idol.Name3" not found in script manager.
01:47:25: [WARNING] d:\My\1\svn\q-gears\src\core\ScriptManager.cpp 383: Entity "Ui.Idol.Picture4" not found in script manager.
01:47:25: [WARNING] d:\My\1\svn\q-gears\src\core\ScriptManager.cpp 383: Entity "Ui.Idol.Name4" not found in script manager.
01:47:25: [WARNING] d:\My\1\svn\q-gears\src\core\ScriptManager.cpp 383: Entity "Ui.Idol.Picture5" not found in script manager.
01:47:25: [WARNING] d:\My\1\svn\q-gears\src\core\ScriptManager.cpp 383: Entity "Ui.Idol.Name5" not found in script manager.
01:47:25: [WARNING] d:\My\1\svn\q-gears\src\core\ScriptManager.cpp 383: Entity "Ui.Idol.Picture6" not found in script manager.
01:47:25: [WARNING] d:\My\1\svn\q-gears\src\core\ScriptManager.cpp 383: Entity "Ui.Idol.Name6" not found in script manager.
01:47:25: [WARNING] d:\My\1\svn\q-gears\src\core\ScriptManager.cpp 383: Entity "Ui.Idol.Picture7" not found in script manager.
01:47:25: [WARNING] d:\My\1\svn\q-gears\src\core\ScriptManager.cpp 383: Entity "Ui.Idol.Name7" not found in script manager.
01:47:25: [WARNING] d:\My\1\svn\q-gears\src\core\ScriptManager.cpp 383: Entity "Ui.Idol.Picture8" not found in script manager.
01:47:25: [WARNING] d:\My\1\svn\q-gears\src\core\ScriptManager.cpp 383: Entity "Ui.Idol.Name8" not found in script manager.
01:47:25: DefaultWorkQueue('Root') shutting down on thread 0x244d80.
01:47:25: DefaultWorkQueue('Root')::WorkerFunc - thread 0x250a60 stopped.
01:47:25: DefaultWorkQueue('Root')::WorkerFunc - thread 0x25bfa0 stopped.
01:47:25: *-*-* OGRE Shutdown
01:47:25: Unregistering ResourceManager for type Compositor
01:47:25: Unregistering ResourceManager for type Font
01:47:25: Unregistering ResourceManager for type Skeleton
01:47:25: Unregistering ResourceManager for type Mesh
01:47:25: Unregistering ResourceManager for type HighLevelGpuProgram
01:47:25: Uninstalling plugin: GL RenderSystem
01:47:25: Unregistering ResourceManager for type GpuProgram
01:47:25: *** Stopping Win32GL Subsystem ***
01:47:25: Unregistering ResourceManager for type Texture
01:47:25: Plugin successfully uninstalled
01:47:25: Unloading library ./RenderSystem_GL.dll
01:47:25: Unregistering ResourceManager for type Material
